# JRE version: OpenJDK Runtime Environment (8.0_242-b01) (build 1.8.0_242-release-1644-b01)
# Java VM: OpenJDK 64-Bit Server VM (25.242-b01 mixed mode windows-amd64 compressed oops)
Heap:
 PSYoungGen      total 873984K, used 834702K [0x000000076b100000, 0x00000007b2d80000, 0x00000007c0000000)
  eden space 675328K, 95% used [0x000000076b100000,0x00000007929b3900,0x0000000794480000)
  from space 198656K, 94% used [0x00000007a2280000,0x00000007ad8f0000,0x00000007ae480000)
  to   space 227328K, 0% used [0x0000000794480000,0x0000000794480000,0x00000007a2280000)
 ParOldGen       total 433152K, used 117083K [0x00000006c1200000, 0x00000006db900000, 0x000000076b100000)
  object space 433152K, 27% used [0x00000006c1200000,0x00000006c8456ec0,0x00000006db900000)
 Metaspace       used 62720K, capacity 74266K, committed 74496K, reserved 1114112K
  class space    used 7090K, capacity 9929K, committed 9984K, reserved 1048576K
GC Heap History (10 events):
Event: 18.857 GC heap before
{Heap before GC invocations=24 (full 4):
 PSYoungGen      total 594432K, used 594432K [0x000000076b100000, 0x000000079a880000, 0x00000007c0000000)
  eden space 502272K, 100% used [0x000000076b100000,0x0000000789b80000,0x0000000789b80000)
  from space 92160K, 100% used [0x0000000789b80000,0x000000078f580000,0x000000078f580000)
  to   space 108544K, 0% used [0x0000000793e80000,0x0000000793e80000,0x000000079a880000)
 ParOldGen       total 433152K, used 115330K [0x00000006c1200000, 0x00000006db900000, 0x000000076b100000)
  object space 433152K, 26% used [0x00000006c1200000,0x00000006c82a0950,0x00000006db900000)
 Metaspace       used 62070K, capacity 73482K, committed 73728K, reserved 1114112K
  class space    used 7066K, capacity 9909K, committed 9984K, reserved 1048576K
Event: 18.906 GC heap after
Heap after GC invocations=24 (full 4):
 PSYoungGen      total 650752K, used 108544K [0x000000076b100000, 0x000000079d700000, 0x00000007c0000000)
  eden space 542208K, 0% used [0x000000076b100000,0x000000076b100000,0x000000078c280000)
  from space 108544K, 100% used [0x0000000793e80000,0x000000079a880000,0x000000079a880000)
  to   space 126976K, 0% used [0x000000078c280000,0x000000078c280000,0x0000000793e80000)
 ParOldGen       total 433152K, used 117005K [0x00000006c1200000, 0x00000006db900000, 0x000000076b100000)
  object space 433152K, 27% used [0x00000006c1200000,0x00000006c84436e8,0x00000006db900000)
 Metaspace       used 62070K, capacity 73482K, committed 73728K, reserved 1114112K
  class space    used 7066K, capacity 9909K, committed 9984K, reserved 1048576K
}
Event: 19.780 GC heap before
{Heap before GC invocations=25 (full 4):
 PSYoungGen      total 650752K, used 650752K [0x000000076b100000, 0x000000079d700000, 0x00000007c0000000)
  eden space 542208K, 100% used [0x000000076b100000,0x000000078c280000,0x000000078c280000)
  from space 108544K, 100% used [0x0000000793e80000,0x000000079a880000,0x000000079a880000)
  to   space 126976K, 0% used [0x000000078c280000,0x000000078c280000,0x0000000793e80000)
 ParOldGen       total 433152K, used 117005K [0x00000006c1200000, 0x00000006db900000, 0x000000076b100000)
  object space 433152K, 27% used [0x00000006c1200000,0x00000006c84436e8,0x00000006db900000)
 Metaspace       used 62202K, capacity 73618K, committed 73728K, reserved 1114112K
  class space    used 7070K, capacity 9913K, committed 9984K, reserved 1048576K
Event: 19.810 GC heap after
Heap after GC invocations=25 (full 4):
 PSYoungGen      total 669184K, used 126976K [0x000000076b100000, 0x00000007a2f00000, 0x00000007c0000000)
  eden space 542208K, 0% used [0x000000076b100000,0x000000076b100000,0x000000078c280000)
  from space 126976K, 100% used [0x000000078c280000,0x0000000793e80000,0x0000000793e80000)
  to   space 147968K, 0% used [0x0000000799e80000,0x0000000799e80000,0x00000007a2f00000)
 ParOldGen       total 433152K, used 117067K [0x00000006c1200000, 0x00000006db900000, 0x000000076b100000)
  object space 433152K, 27% used [0x00000006c1200000,0x00000006c8452ec0,0x00000006db900000)
 Metaspace       used 62202K, capacity 73618K, committed 73728K, reserved 1114112K
  class space    used 7070K, capacity 9913K, committed 9984K, reserved 1048576K
}
Event: 20.549 GC heap before
{Heap before GC invocations=26 (full 4):
 PSYoungGen      total 669184K, used 669184K [0x000000076b100000, 0x00000007a2f00000, 0x00000007c0000000)
  eden space 542208K, 100% used [0x000000076b100000,0x000000078c280000,0x000000078c280000)
  from space 126976K, 100% used [0x000000078c280000,0x0000000793e80000,0x0000000793e80000)
  to   space 147968K, 0% used [0x0000000799e80000,0x0000000799e80000,0x00000007a2f00000)
 ParOldGen       total 433152K, used 117067K [0x00000006c1200000, 0x00000006db900000, 0x000000076b100000)
  object space 433152K, 27% used [0x00000006c1200000,0x00000006c8452ec0,0x00000006db900000)
 Metaspace       used 62337K, capacity 73838K, committed 73984K, reserved 1114112K
  class space    used 7075K, capacity 9917K, committed 9984K, reserved 1048576K
Event: 20.607 GC heap after
Heap after GC invocations=26 (full 4):
 PSYoungGen      total 743424K, used 146304K [0x000000076b100000, 0x00000007a6e80000, 0x00000007c0000000)
  eden space 595456K, 0% used [0x000000076b100000,0x000000076b100000,0x000000078f680000)
  from space 147968K, 98% used [0x0000000799e80000,0x00000007a2d60000,0x00000007a2f00000)
  to   space 172032K, 0% used [0x000000078f680000,0x000000078f680000,0x0000000799e80000)
 ParOldGen       total 433152K, used 117067K [0x00000006c1200000, 0x00000006db900000, 0x000000076b100000)
  object space 433152K, 27% used [0x00000006c1200000,0x00000006c8452ec0,0x00000006db900000)
 Metaspace       used 62337K, capacity 73838K, committed 73984K, reserved 1114112K
  class space    used 7075K, capacity 9917K, committed 9984K, reserved 1048576K
}
Event: 21.551 GC heap before
{Heap before GC invocations=27 (full 4):
 PSYoungGen      total 743424K, used 741760K [0x000000076b100000, 0x00000007a6e80000, 0x00000007c0000000)
  eden space 595456K, 100% used [0x000000076b100000,0x000000078f680000,0x000000078f680000)
  from space 147968K, 98% used [0x0000000799e80000,0x00000007a2d60000,0x00000007a2f00000)
  to   space 172032K, 0% used [0x000000078f680000,0x000000078f680000,0x0000000799e80000)
 ParOldGen       total 433152K, used 117067K [0x00000006c1200000, 0x00000006db900000, 0x000000076b100000)
  object space 433152K, 27% used [0x00000006c1200000,0x00000006c8452ec0,0x00000006db900000)
 Metaspace       used 62523K, capacity 73990K, committed 74240K, reserved 1114112K
  class space    used 7080K, capacity 9921K, committed 9984K, reserved 1048576K
Event: 21.604 GC heap after
Heap after GC invocations=27 (full 4):
 PSYoungGen      total 767488K, used 167040K [0x000000076b100000, 0x00000007ae480000, 0x00000007c0000000)
  eden space 595456K, 0% used [0x000000076b100000,0x000000076b100000,0x000000078f680000)
  from space 172032K, 97% used [0x000000078f680000,0x00000007999a0000,0x0000000799e80000)
  to   space 198656K, 0% used [0x00000007a2280000,0x00000007a2280000,0x00000007ae480000)
 ParOldGen       total 433152K, used 117075K [0x00000006c1200000, 0x00000006db900000, 0x000000076b100000)
  object space 433152K, 27% used [0x00000006c1200000,0x00000006c8454ec0,0x00000006db900000)
 Metaspace       used 62523K, capacity 73990K, committed 74240K, reserved 1114112K
  class space    used 7080K, capacity 9921K, committed 9984K, reserved 1048576K
}
Event: 22.322 GC heap before
{Heap before GC invocations=28 (full 4):
 PSYoungGen      total 767488K, used 762496K [0x000000076b100000, 0x00000007ae480000, 0x00000007c0000000)
  eden space 595456K, 100% used [0x000000076b100000,0x000000078f680000,0x000000078f680000)
  from space 172032K, 97% used [0x000000078f680000,0x00000007999a0000,0x0000000799e80000)
  to   space 198656K, 0% used [0x00000007a2280000,0x00000007a2280000,0x00000007ae480000)
 ParOldGen       total 433152K, used 117075K [0x00000006c1200000, 0x00000006db900000, 0x000000076b100000)
  object space 433152K, 27% used [0x00000006c1200000,0x00000006c8454ec0,0x00000006db900000)
 Metaspace       used 62646K, capacity 74170K, committed 74240K, reserved 1114112K
  class space    used 7085K, capacity 9925K, committed 9984K, reserved 1048576K
Event: 22.401 GC heap after
Heap after GC invocations=28 (full 4):
 PSYoungGen      total 873984K, used 186816K [0x000000076b100000, 0x00000007b2d80000, 0x00000007c0000000)
  eden space 675328K, 0% used [0x000000076b100000,0x000000076b100000,0x0000000794480000)
  from space 198656K, 94% used [0x00000007a2280000,0x00000007ad8f0000,0x00000007ae480000)
  to   space 227328K, 0% used [0x0000000794480000,0x0000000794480000,0x00000007a2280000)
 ParOldGen       total 433152K, used 117083K [0x00000006c1200000, 0x00000006db900000, 0x000000076b100000)
  object space 433152K, 27% used [0x00000006c1200000,0x00000006c8456ec0,0x00000006db900000)
 Metaspace       used 62646K, capacity 74170K, committed 74240K, reserved 1114112K
  class space    used 7085K, capacity 9925K, committed 9984K, reserved 1048576K
}

