# JRE version: OpenJDK Runtime Environment (8.0_242-b01) (build 1.8.0_242-release-1644-b01)
# Java VM: OpenJDK 64-Bit Server VM (25.242-b01 mixed mode windows-amd64 compressed oops)
Heap:
 PSYoungGen      total 1132032K, used 215333K [0x000000076b100000, 0x00000007c0000000, 0x00000007c0000000)
  eden space 1001984K, 13% used [0x000000076b100000,0x00000007739f9620,0x00000007a8380000)
  from space 130048K, 57% used [0x00000007a8380000,0x00000007accd0000,0x00000007b0280000)
  to   space 130560K, 0% used [0x00000007b8080000,0x00000007b8080000,0x00000007c0000000)
 ParOldGen       total 542720K, used 267996K [0x00000006c1200000, 0x00000006e2400000, 0x000000076b100000)
  object space 542720K, 49% used [0x00000006c1200000,0x00000006d17b7070,0x00000006e2400000)
 Metaspace       used 58510K, capacity 69130K, committed 69208K, reserved 1110016K
  class space    used 6749K, capacity 9332K, committed 9344K, reserved 1048576K
GC Heap History (10 events):
Event: 15.981 GC heap before
{Heap before GC invocations=21 (full 3):
 PSYoungGen      total 858112K, used 858112K [0x000000076b100000, 0x00000007acb80000, 0x00000007c0000000)
  eden space 780800K, 100% used [0x000000076b100000,0x000000079ab80000,0x000000079ab80000)
  from space 77312K, 100% used [0x000000079ab80000,0x000000079f700000,0x000000079f700000)
  to   space 93696K, 0% used [0x00000007a7000000,0x00000007a7000000,0x00000007acb80000)
 ParOldGen       total 268288K, used 166322K [0x00000006c1200000, 0x00000006d1800000, 0x000000076b100000)
  object space 268288K, 61% used [0x00000006c1200000,0x00000006cb46ca88,0x00000006d1800000)
 Metaspace       used 58077K, capacity 68578K, committed 68696K, reserved 1107968K
  class space    used 6737K, capacity 9292K, committed 9344K, reserved 1048576K
Event: 16.028 GC heap after
Heap after GC invocations=21 (full 3):
 PSYoungGen      total 972800K, used 78432K [0x000000076b100000, 0x00000007ae900000, 0x00000007c0000000)
  eden space 879104K, 0% used [0x000000076b100000,0x000000076b100000,0x00000007a0b80000)
  from space 93696K, 83% used [0x00000007a7000000,0x00000007abc98000,0x00000007acb80000)
  to   space 102912K, 0% used [0x00000007a0b80000,0x00000007a0b80000,0x00000007a7000000)
 ParOldGen       total 268288K, used 194519K [0x00000006c1200000, 0x00000006d1800000, 0x000000076b100000)
  object space 268288K, 72% used [0x00000006c1200000,0x00000006ccff5d70,0x00000006d1800000)
 Metaspace       used 58077K, capacity 68578K, committed 68696K, reserved 1107968K
  class space    used 6737K, capacity 9292K, committed 9344K, reserved 1048576K
}
Event: 17.292 GC heap before
{Heap before GC invocations=22 (full 3):
 PSYoungGen      total 972800K, used 957536K [0x000000076b100000, 0x00000007ae900000, 0x00000007c0000000)
  eden space 879104K, 100% used [0x000000076b100000,0x00000007a0b80000,0x00000007a0b80000)
  from space 93696K, 83% used [0x00000007a7000000,0x00000007abc98000,0x00000007acb80000)
  to   space 102912K, 0% used [0x00000007a0b80000,0x00000007a0b80000,0x00000007a7000000)
 ParOldGen       total 268288K, used 194519K [0x00000006c1200000, 0x00000006d1800000, 0x000000076b100000)
  object space 268288K, 72% used [0x00000006c1200000,0x00000006ccff5d70,0x00000006d1800000)
 Metaspace       used 58196K, capacity 68688K, committed 68952K, reserved 1110016K
  class space    used 6739K, capacity 9293K, committed 9344K, reserved 1048576K
Event: 17.324 GC heap after
Heap after GC invocations=22 (full 3):
 PSYoungGen      total 982016K, used 102912K [0x000000076b100000, 0x00000007b7880000, 0x00000007c0000000)
  eden space 879104K, 0% used [0x000000076b100000,0x000000076b100000,0x00000007a0b80000)
  from space 102912K, 100% used [0x00000007a0b80000,0x00000007a7000000,0x00000007a7000000)
  to   space 120832K, 0% used [0x00000007b0280000,0x00000007b0280000,0x00000007b7880000)
 ParOldGen       total 268288K, used 199223K [0x00000006c1200000, 0x00000006d1800000, 0x000000076b100000)
  object space 268288K, 74% used [0x00000006c1200000,0x00000006cd48df78,0x00000006d1800000)
 Metaspace       used 58196K, capacity 68688K, committed 68952K, reserved 1110016K
  class space    used 6739K, capacity 9293K, committed 9344K, reserved 1048576K
}
Event: 18.341 GC heap before
{Heap before GC invocations=23 (full 3):
 PSYoungGen      total 982016K, used 982016K [0x000000076b100000, 0x00000007b7880000, 0x00000007c0000000)
  eden space 879104K, 100% used [0x000000076b100000,0x00000007a0b80000,0x00000007a0b80000)
  from space 102912K, 100% used [0x00000007a0b80000,0x00000007a7000000,0x00000007a7000000)
  to   space 120832K, 0% used [0x00000007b0280000,0x00000007b0280000,0x00000007b7880000)
 ParOldGen       total 268288K, used 199223K [0x00000006c1200000, 0x00000006d1800000, 0x000000076b100000)
  object space 268288K, 74% used [0x00000006c1200000,0x00000006cd48df78,0x00000006d1800000)
 Metaspace       used 58256K, capacity 68798K, committed 68952K, reserved 1110016K
  class space    used 6740K, capacity 9294K, committed 9344K, reserved 1048576K
Event: 18.388 GC heap after
Heap after GC invocations=23 (full 3):
 PSYoungGen      total 1122816K, used 94208K [0x000000076b100000, 0x00000007b9680000, 0x00000007c0000000)
  eden space 1001984K, 0% used [0x000000076b100000,0x000000076b100000,0x00000007a8380000)
  from space 120832K, 77% used [0x00000007b0280000,0x00000007b5e80000,0x00000007b7880000)
  to   space 130048K, 0% used [0x00000007a8380000,0x00000007a8380000,0x00000007b0280000)
 ParOldGen       total 268288K, used 237451K [0x00000006c1200000, 0x00000006d1800000, 0x000000076b100000)
  object space 268288K, 88% used [0x00000006c1200000,0x00000006cf9e2da0,0x00000006d1800000)
 Metaspace       used 58256K, capacity 68798K, committed 68952K, reserved 1110016K
  class space    used 6740K, capacity 9294K, committed 9344K, reserved 1048576K
}
Event: 18.388 GC heap before
{Heap before GC invocations=24 (full 4):
 PSYoungGen      total 1122816K, used 94208K [0x000000076b100000, 0x00000007b9680000, 0x00000007c0000000)
  eden space 1001984K, 0% used [0x000000076b100000,0x000000076b100000,0x00000007a8380000)
  from space 120832K, 77% used [0x00000007b0280000,0x00000007b5e80000,0x00000007b7880000)
  to   space 130048K, 0% used [0x00000007a8380000,0x00000007a8380000,0x00000007b0280000)
 ParOldGen       total 268288K, used 237451K [0x00000006c1200000, 0x00000006d1800000, 0x000000076b100000)
  object space 268288K, 88% used [0x00000006c1200000,0x00000006cf9e2da0,0x00000006d1800000)
 Metaspace       used 58256K, capacity 68798K, committed 68952K, reserved 1110016K
  class space    used 6740K, capacity 9294K, committed 9344K, reserved 1048576K
Event: 18.816 GC heap after
Heap after GC invocations=24 (full 4):
 PSYoungGen      total 1122816K, used 28929K [0x000000076b100000, 0x00000007b9680000, 0x00000007c0000000)
  eden space 1001984K, 0% used [0x000000076b100000,0x000000076b100000,0x00000007a8380000)
  from space 120832K, 23% used [0x00000007b0280000,0x00000007b1ec0630,0x00000007b7880000)
  to   space 130048K, 0% used [0x00000007a8380000,0x00000007a8380000,0x00000007b0280000)
 ParOldGen       total 542720K, used 267988K [0x00000006c1200000, 0x00000006e2400000, 0x000000076b100000)
  object space 542720K, 49% used [0x00000006c1200000,0x00000006d17b5070,0x00000006e2400000)
 Metaspace       used 58256K, capacity 68798K, committed 68952K, reserved 1110016K
  class space    used 6740K, capacity 9294K, committed 9344K, reserved 1048576K
}
Event: 20.100 GC heap before
{Heap before GC invocations=25 (full 4):
 PSYoungGen      total 1122816K, used 1030913K [0x000000076b100000, 0x00000007b9680000, 0x00000007c0000000)
  eden space 1001984K, 100% used [0x000000076b100000,0x00000007a8380000,0x00000007a8380000)
  from space 120832K, 23% used [0x00000007b0280000,0x00000007b1ec0630,0x00000007b7880000)
  to   space 130048K, 0% used [0x00000007a8380000,0x00000007a8380000,0x00000007b0280000)
 ParOldGen       total 542720K, used 267988K [0x00000006c1200000, 0x00000006e2400000, 0x000000076b100000)
  object space 542720K, 49% used [0x00000006c1200000,0x00000006d17b5070,0x00000006e2400000)
 Metaspace       used 58467K, capacity 69118K, committed 69208K, reserved 1110016K
  class space    used 6745K, capacity 9330K, committed 9344K, reserved 1048576K
Event: 20.137 GC heap after
Heap after GC invocations=25 (full 4):
 PSYoungGen      total 1132032K, used 75072K [0x000000076b100000, 0x00000007c0000000, 0x00000007c0000000)
  eden space 1001984K, 0% used [0x000000076b100000,0x000000076b100000,0x00000007a8380000)
  from space 130048K, 57% used [0x00000007a8380000,0x00000007accd0000,0x00000007b0280000)
  to   space 130560K, 0% used [0x00000007b8080000,0x00000007b8080000,0x00000007c0000000)
 ParOldGen       total 542720K, used 267996K [0x00000006c1200000, 0x00000006e2400000, 0x000000076b100000)
  object space 542720K, 49% used [0x00000006c1200000,0x00000006d17b7070,0x00000006e2400000)
 Metaspace       used 58467K, capacity 69118K, committed 69208K, reserved 1110016K
  class space    used 6745K, capacity 9330K, committed 9344K, reserved 1048576K
}

