# JRE version: OpenJDK Runtime Environment (8.0_242-b01) (build 1.8.0_242-release-1644-b01)
# Java VM: OpenJDK 64-Bit Server VM (25.242-b01 mixed mode windows-amd64 compressed oops)
Heap:
 PSYoungGen      total 813568K, used 335634K [0x000000076b100000, 0x00000007ae280000, 0x00000007c0000000)
  eden space 663552K, 27% used [0x000000076b100000,0x000000077664c7e0,0x0000000793900000)
  from space 150016K, 99% used [0x0000000793900000,0x000000079cb78020,0x000000079cb80000)
  to   space 175616K, 0% used [0x00000007a3700000,0x00000007a3700000,0x00000007ae280000)
 ParOldGen       total 479232K, used 197242K [0x00000006c1200000, 0x00000006de600000, 0x000000076b100000)
  object space 479232K, 41% used [0x00000006c1200000,0x00000006cd29e828,0x00000006de600000)
 Metaspace       used 62545K, capacity 74088K, committed 74240K, reserved 1114112K
  class space    used 7079K, capacity 9886K, committed 9984K, reserved 1048576K
GC Heap History (10 events):
Event: 15.780 GC heap before
{Heap before GC invocations=25 (full 4):
 PSYoungGen      total 608768K, used 608768K [0x000000076b100000, 0x0000000797880000, 0x00000007c0000000)
  eden space 535040K, 100% used [0x000000076b100000,0x000000078bb80000,0x000000078bb80000)
  from space 73728K, 100% used [0x0000000791100000,0x0000000795900000,0x0000000795900000)
  to   space 87552K, 0% used [0x000000078bb80000,0x000000078bb80000,0x0000000791100000)
 ParOldGen       total 479232K, used 157888K [0x00000006c1200000, 0x00000006de600000, 0x000000076b100000)
  object space 479232K, 32% used [0x00000006c1200000,0x00000006cac300e8,0x00000006de600000)
 Metaspace       used 61903K, capacity 73230K, committed 73472K, reserved 1112064K
  class space    used 7054K, capacity 9865K, committed 9984K, reserved 1048576K
Event: 15.806 GC heap after
Heap after GC invocations=25 (full 4):
 PSYoungGen      total 622592K, used 87552K [0x000000076b100000, 0x000000079cb80000, 0x00000007c0000000)
  eden space 535040K, 0% used [0x000000076b100000,0x000000076b100000,0x000000078bb80000)
  from space 87552K, 100% used [0x000000078bb80000,0x0000000791100000,0x0000000791100000)
  to   space 104960K, 0% used [0x0000000796500000,0x0000000796500000,0x000000079cb80000)
 ParOldGen       total 479232K, used 167825K [0x00000006c1200000, 0x00000006de600000, 0x000000076b100000)
  object space 479232K, 35% used [0x00000006c1200000,0x00000006cb5e4510,0x00000006de600000)
 Metaspace       used 61903K, capacity 73230K, committed 73472K, reserved 1112064K
  class space    used 7054K, capacity 9865K, committed 9984K, reserved 1048576K
}
Event: 16.624 GC heap before
{Heap before GC invocations=26 (full 4):
 PSYoungGen      total 622592K, used 622592K [0x000000076b100000, 0x000000079cb80000, 0x00000007c0000000)
  eden space 535040K, 100% used [0x000000076b100000,0x000000078bb80000,0x000000078bb80000)
  from space 87552K, 100% used [0x000000078bb80000,0x0000000791100000,0x0000000791100000)
  to   space 104960K, 0% used [0x0000000796500000,0x0000000796500000,0x000000079cb80000)
 ParOldGen       total 479232K, used 167825K [0x00000006c1200000, 0x00000006de600000, 0x000000076b100000)
  object space 479232K, 35% used [0x00000006c1200000,0x00000006cb5e4510,0x00000006de600000)
 Metaspace       used 62054K, capacity 73426K, committed 73728K, reserved 1114112K
  class space    used 7060K, capacity 9869K, committed 9984K, reserved 1048576K
Event: 16.675 GC heap after
Heap after GC invocations=26 (full 4):
 PSYoungGen      total 699392K, used 83808K [0x000000076b100000, 0x000000079e980000, 0x00000007c0000000)
  eden space 594432K, 0% used [0x000000076b100000,0x000000076b100000,0x000000078f580000)
  from space 104960K, 79% used [0x0000000796500000,0x000000079b6d8000,0x000000079cb80000)
  to   space 114176K, 0% used [0x000000078f580000,0x000000078f580000,0x0000000796500000)
 ParOldGen       total 479232K, used 193242K [0x00000006c1200000, 0x00000006de600000, 0x000000076b100000)
  object space 479232K, 40% used [0x00000006c1200000,0x00000006cceb6bb8,0x00000006de600000)
 Metaspace       used 62054K, capacity 73426K, committed 73728K, reserved 1114112K
  class space    used 7060K, capacity 9869K, committed 9984K, reserved 1048576K
}
Event: 17.488 GC heap before
{Heap before GC invocations=27 (full 4):
 PSYoungGen      total 699392K, used 678240K [0x000000076b100000, 0x000000079e980000, 0x00000007c0000000)
  eden space 594432K, 100% used [0x000000076b100000,0x000000078f580000,0x000000078f580000)
  from space 104960K, 79% used [0x0000000796500000,0x000000079b6d8000,0x000000079cb80000)
  to   space 114176K, 0% used [0x000000078f580000,0x000000078f580000,0x0000000796500000)
 ParOldGen       total 479232K, used 193242K [0x00000006c1200000, 0x00000006de600000, 0x000000076b100000)
  object space 479232K, 40% used [0x00000006c1200000,0x00000006cceb6bb8,0x00000006de600000)
 Metaspace       used 62195K, capacity 73626K, committed 73984K, reserved 1114112K
  class space    used 7064K, capacity 9873K, committed 9984K, reserved 1048576K
Event: 17.516 GC heap after
Heap after GC invocations=27 (full 4):
 PSYoungGen      total 708608K, used 106336K [0x000000076b100000, 0x00000007a4a00000, 0x00000007c0000000)
  eden space 594432K, 0% used [0x000000076b100000,0x000000076b100000,0x000000078f580000)
  from space 114176K, 93% used [0x000000078f580000,0x0000000795d58000,0x0000000796500000)
  to   space 129536K, 0% used [0x000000079cb80000,0x000000079cb80000,0x00000007a4a00000)
 ParOldGen       total 479232K, used 193250K [0x00000006c1200000, 0x00000006de600000, 0x000000076b100000)
  object space 479232K, 40% used [0x00000006c1200000,0x00000006cceb8bb8,0x00000006de600000)
 Metaspace       used 62195K, capacity 73626K, committed 73984K, reserved 1114112K
  class space    used 7064K, capacity 9873K, committed 9984K, reserved 1048576K
}
Event: 18.232 GC heap before
{Heap before GC invocations=28 (full 4):
 PSYoungGen      total 708608K, used 700768K [0x000000076b100000, 0x00000007a4a00000, 0x00000007c0000000)
  eden space 594432K, 100% used [0x000000076b100000,0x000000078f580000,0x000000078f580000)
  from space 114176K, 93% used [0x000000078f580000,0x0000000795d58000,0x0000000796500000)
  to   space 129536K, 0% used [0x000000079cb80000,0x000000079cb80000,0x00000007a4a00000)
 ParOldGen       total 479232K, used 193250K [0x00000006c1200000, 0x00000006de600000, 0x000000076b100000)
  object space 479232K, 40% used [0x00000006c1200000,0x00000006cceb8bb8,0x00000006de600000)
 Metaspace       used 62306K, capacity 73798K, committed 73984K, reserved 1114112K
  class space    used 7069K, capacity 9877K, committed 9984K, reserved 1048576K
Event: 18.276 GC heap after
Heap after GC invocations=28 (full 4):
 PSYoungGen      total 793088K, used 128960K [0x000000076b100000, 0x00000007a7a80000, 0x00000007c0000000)
  eden space 663552K, 0% used [0x000000076b100000,0x000000076b100000,0x0000000793900000)
  from space 129536K, 99% used [0x000000079cb80000,0x00000007a4970000,0x00000007a4a00000)
  to   space 150016K, 0% used [0x0000000793900000,0x0000000793900000,0x000000079cb80000)
 ParOldGen       total 479232K, used 193250K [0x00000006c1200000, 0x00000006de600000, 0x000000076b100000)
  object space 479232K, 40% used [0x00000006c1200000,0x00000006cceb8bb8,0x00000006de600000)
 Metaspace       used 62306K, capacity 73798K, committed 73984K, reserved 1114112K
  class space    used 7069K, capacity 9877K, committed 9984K, reserved 1048576K
}
Event: 19.070 GC heap before
{Heap before GC invocations=29 (full 4):
 PSYoungGen      total 793088K, used 792512K [0x000000076b100000, 0x00000007a7a80000, 0x00000007c0000000)
  eden space 663552K, 100% used [0x000000076b100000,0x0000000793900000,0x0000000793900000)
  from space 129536K, 99% used [0x000000079cb80000,0x00000007a4970000,0x00000007a4a00000)
  to   space 150016K, 0% used [0x0000000793900000,0x0000000793900000,0x000000079cb80000)
 ParOldGen       total 479232K, used 193250K [0x00000006c1200000, 0x00000006de600000, 0x000000076b100000)
  object space 479232K, 40% used [0x00000006c1200000,0x00000006cceb8bb8,0x00000006de600000)
 Metaspace       used 62464K, capacity 73972K, committed 74240K, reserved 1114112K
  class space    used 7074K, capacity 9882K, committed 9984K, reserved 1048576K
Event: 19.110 GC heap after
Heap after GC invocations=29 (full 4):
 PSYoungGen      total 813568K, used 149984K [0x000000076b100000, 0x00000007ae280000, 0x00000007c0000000)
  eden space 663552K, 0% used [0x000000076b100000,0x000000076b100000,0x0000000793900000)
  from space 150016K, 99% used [0x0000000793900000,0x000000079cb78020,0x000000079cb80000)
  to   space 175616K, 0% used [0x00000007a3700000,0x00000007a3700000,0x00000007ae280000)
 ParOldGen       total 479232K, used 197242K [0x00000006c1200000, 0x00000006de600000, 0x000000076b100000)
  object space 479232K, 41% used [0x00000006c1200000,0x00000006cd29e828,0x00000006de600000)
 Metaspace       used 62464K, capacity 73972K, committed 74240K, reserved 1114112K
  class space    used 7074K, capacity 9882K, committed 9984K, reserved 1048576K
}

