# JRE version: OpenJDK Runtime Environment (8.0_242-b01) (build 1.8.0_242-release-1644-b01)
# Java VM: OpenJDK 64-Bit Server VM (25.242-b01 mixed mode windows-amd64 compressed oops)
Heap:
 PSYoungGen      total 921600K, used 664655K [0x000000076b100000, 0x00000007b7380000, 0x00000007c0000000)
  eden space 702976K, 64% used [0x000000076b100000,0x0000000786eabcc0,0x0000000795f80000)
  from space 218624K, 95% used [0x00000007a5500000,0x00000007b2068000,0x00000007b2a80000)
  to   space 251392K, 0% used [0x0000000795f80000,0x0000000795f80000,0x00000007a5500000)
 ParOldGen       total 441856K, used 124934K [0x00000006c1200000, 0x00000006dc180000, 0x000000076b100000)
  object space 441856K, 28% used [0x00000006c1200000,0x00000006c8c01a00,0x00000006dc180000)
 Metaspace       used 63237K, capacity 74972K, committed 75136K, reserved 1114112K
  class space    used 7116K, capacity 10005K, committed 10112K, reserved 1048576K
GC Heap History (10 events):
Event: 15.834 GC heap before
{Heap before GC invocations=24 (full 4):
 PSYoungGen      total 607744K, used 607744K [0x000000076b100000, 0x000000079c580000, 0x00000007c0000000)
  eden space 506880K, 100% used [0x000000076b100000,0x000000078a000000,0x000000078a000000)
  from space 100864K, 100% used [0x000000078a000000,0x0000000790280000,0x0000000790280000)
  to   space 118272K, 0% used [0x0000000795200000,0x0000000795200000,0x000000079c580000)
 ParOldGen       total 441856K, used 120852K [0x00000006c1200000, 0x00000006dc180000, 0x000000076b100000)
  object space 441856K, 27% used [0x00000006c1200000,0x00000006c8805150,0x00000006dc180000)
 Metaspace       used 61977K, capacity 73340K, committed 73472K, reserved 1112064K
  class space    used 7058K, capacity 9876K, committed 9984K, reserved 1048576K
Event: 15.875 GC heap after
Heap after GC invocations=24 (full 4):
 PSYoungGen      total 668160K, used 118272K [0x000000076b100000, 0x000000079f880000, 0x00000007c0000000)
  eden space 549888K, 0% used [0x000000076b100000,0x000000076b100000,0x000000078ca00000)
  from space 118272K, 100% used [0x0000000795200000,0x000000079c580000,0x000000079c580000)
  to   space 139264K, 0% used [0x000000078ca00000,0x000000078ca00000,0x0000000795200000)
 ParOldGen       total 441856K, used 124748K [0x00000006c1200000, 0x00000006dc180000, 0x000000076b100000)
  object space 441856K, 28% used [0x00000006c1200000,0x00000006c8bd3278,0x00000006dc180000)
 Metaspace       used 61977K, capacity 73340K, committed 73472K, reserved 1112064K
  class space    used 7058K, capacity 9876K, committed 9984K, reserved 1048576K
}
Event: 16.663 GC heap before
{Heap before GC invocations=25 (full 4):
 PSYoungGen      total 668160K, used 668160K [0x000000076b100000, 0x000000079f880000, 0x00000007c0000000)
  eden space 549888K, 100% used [0x000000076b100000,0x000000078ca00000,0x000000078ca00000)
  from space 118272K, 100% used [0x0000000795200000,0x000000079c580000,0x000000079c580000)
  to   space 139264K, 0% used [0x000000078ca00000,0x000000078ca00000,0x0000000795200000)
 ParOldGen       total 441856K, used 124748K [0x00000006c1200000, 0x00000006dc180000, 0x000000076b100000)
  object space 441856K, 28% used [0x00000006c1200000,0x00000006c8bd3278,0x00000006dc180000)
 Metaspace       used 62097K, capacity 73432K, committed 73728K, reserved 1114112K
  class space    used 7063K, capacity 9880K, committed 9984K, reserved 1048576K
Event: 16.718 GC heap after
Heap after GC invocations=25 (full 4):
 PSYoungGen      total 689152K, used 139264K [0x000000076b100000, 0x00000007a6200000, 0x00000007c0000000)
  eden space 549888K, 0% used [0x000000076b100000,0x000000076b100000,0x000000078ca00000)
  from space 139264K, 100% used [0x000000078ca00000,0x0000000795200000,0x0000000795200000)
  to   space 162816K, 0% used [0x000000079c300000,0x000000079c300000,0x00000007a6200000)
 ParOldGen       total 441856K, used 124910K [0x00000006c1200000, 0x00000006dc180000, 0x000000076b100000)
  object space 441856K, 28% used [0x00000006c1200000,0x00000006c8bfba00,0x00000006dc180000)
 Metaspace       used 62097K, capacity 73432K, committed 73728K, reserved 1114112K
  class space    used 7063K, capacity 9880K, committed 9984K, reserved 1048576K
}
Event: 17.514 GC heap before
{Heap before GC invocations=26 (full 4):
 PSYoungGen      total 689152K, used 689152K [0x000000076b100000, 0x00000007a6200000, 0x00000007c0000000)
  eden space 549888K, 100% used [0x000000076b100000,0x000000078ca00000,0x000000078ca00000)
  from space 139264K, 100% used [0x000000078ca00000,0x0000000795200000,0x0000000795200000)
  to   space 162816K, 0% used [0x000000079c300000,0x000000079c300000,0x00000007a6200000)
 ParOldGen       total 441856K, used 124910K [0x00000006c1200000, 0x00000006dc180000, 0x000000076b100000)
  object space 441856K, 28% used [0x00000006c1200000,0x00000006c8bfba00,0x00000006dc180000)
 Metaspace       used 62287K, capacity 73716K, committed 73984K, reserved 1114112K
  class space    used 7067K, capacity 9884K, committed 9984K, reserved 1048576K
Event: 17.564 GC heap after
Heap after GC invocations=26 (full 4):
 PSYoungGen      total 778752K, used 159488K [0x000000076b100000, 0x00000007a9b00000, 0x00000007c0000000)
  eden space 615936K, 0% used [0x000000076b100000,0x000000076b100000,0x0000000790a80000)
  from space 162816K, 97% used [0x000000079c300000,0x00000007a5ec0000,0x00000007a6200000)
  to   space 188928K, 0% used [0x0000000790a80000,0x0000000790a80000,0x000000079c300000)
 ParOldGen       total 441856K, used 124918K [0x00000006c1200000, 0x00000006dc180000, 0x000000076b100000)
  object space 441856K, 28% used [0x00000006c1200000,0x00000006c8bfda00,0x00000006dc180000)
 Metaspace       used 62287K, capacity 73716K, committed 73984K, reserved 1114112K
  class space    used 7067K, capacity 9884K, committed 9984K, reserved 1048576K
}
Event: 18.400 GC heap before
{Heap before GC invocations=27 (full 4):
 PSYoungGen      total 778752K, used 775424K [0x000000076b100000, 0x00000007a9b00000, 0x00000007c0000000)
  eden space 615936K, 100% used [0x000000076b100000,0x0000000790a80000,0x0000000790a80000)
  from space 162816K, 97% used [0x000000079c300000,0x00000007a5ec0000,0x00000007a6200000)
  to   space 188928K, 0% used [0x0000000790a80000,0x0000000790a80000,0x000000079c300000)
 ParOldGen       total 441856K, used 124918K [0x00000006c1200000, 0x00000006dc180000, 0x000000076b100000)
  object space 441856K, 28% used [0x00000006c1200000,0x00000006c8bfda00,0x00000006dc180000)
 Metaspace       used 62425K, capacity 73838K, committed 73984K, reserved 1114112K
  class space    used 7073K, capacity 9889K, committed 9984K, reserved 1048576K
Event: 18.468 GC heap after
Heap after GC invocations=27 (full 4):
 PSYoungGen      total 804864K, used 183840K [0x000000076b100000, 0x00000007b2a80000, 0x00000007c0000000)
  eden space 615936K, 0% used [0x000000076b100000,0x000000076b100000,0x0000000790a80000)
  from space 188928K, 97% used [0x0000000790a80000,0x000000079be08000,0x000000079c300000)
  to   space 218624K, 0% used [0x00000007a5500000,0x00000007a5500000,0x00000007b2a80000)
 ParOldGen       total 441856K, used 124926K [0x00000006c1200000, 0x00000006dc180000, 0x000000076b100000)
  object space 441856K, 28% used [0x00000006c1200000,0x00000006c8bffa00,0x00000006dc180000)
 Metaspace       used 62425K, capacity 73838K, committed 73984K, reserved 1114112K
  class space    used 7073K, capacity 9889K, committed 9984K, reserved 1048576K
}
Event: 19.261 GC heap before
{Heap before GC invocations=28 (full 4):
 PSYoungGen      total 804864K, used 799776K [0x000000076b100000, 0x00000007b2a80000, 0x00000007c0000000)
  eden space 615936K, 100% used [0x000000076b100000,0x0000000790a80000,0x0000000790a80000)
  from space 188928K, 97% used [0x0000000790a80000,0x000000079be08000,0x000000079c300000)
  to   space 218624K, 0% used [0x00000007a5500000,0x00000007a5500000,0x00000007b2a80000)
 ParOldGen       total 441856K, used 124926K [0x00000006c1200000, 0x00000006dc180000, 0x000000076b100000)
  object space 441856K, 28% used [0x00000006c1200000,0x00000006c8bffa00,0x00000006dc180000)
 Metaspace       used 62527K, capacity 73942K, committed 74240K, reserved 1114112K
  class space    used 7078K, capacity 9893K, committed 9984K, reserved 1048576K
Event: 19.335 GC heap after
Heap after GC invocations=28 (full 4):
 PSYoungGen      total 921600K, used 208288K [0x000000076b100000, 0x00000007b7380000, 0x00000007c0000000)
  eden space 702976K, 0% used [0x000000076b100000,0x000000076b100000,0x0000000795f80000)
  from space 218624K, 95% used [0x00000007a5500000,0x00000007b2068000,0x00000007b2a80000)
  to   space 251392K, 0% used [0x0000000795f80000,0x0000000795f80000,0x00000007a5500000)
 ParOldGen       total 441856K, used 124934K [0x00000006c1200000, 0x00000006dc180000, 0x000000076b100000)
  object space 441856K, 28% used [0x00000006c1200000,0x00000006c8c01a00,0x00000006dc180000)
 Metaspace       used 62527K, capacity 73942K, committed 74240K, reserved 1114112K
  class space    used 7078K, capacity 9893K, committed 9984K, reserved 1048576K
}

