# JRE version: OpenJDK Runtime Environment (8.0_242-b01) (build 1.8.0_242-release-1644-b01)
# Java VM: OpenJDK 64-Bit Server VM (25.242-b01 mixed mode windows-amd64 compressed oops)
Heap:
 PSYoungGen      total 765952K, used 250676K [0x000000076b100000, 0x000000079ff80000, 0x00000007c0000000)
  eden space 682496K, 27% used [0x000000076b100000,0x00000007769d5220,0x0000000794b80000)
  from space 83456K, 73% used [0x000000079a200000,0x000000079ddf8000,0x000000079f380000)
  to   space 88576K, 0% used [0x0000000794b80000,0x0000000794b80000,0x000000079a200000)
 ParOldGen       total 410624K, used 165172K [0x00000006c1200000, 0x00000006da300000, 0x000000076b100000)
  object space 410624K, 40% used [0x00000006c1200000,0x00000006cb34d2c0,0x00000006da300000)
 Metaspace       used 63306K, capacity 75330K, committed 75520K, reserved 1114112K
  class space    used 7180K, capacity 10181K, committed 10240K, reserved 1048576K
GC Heap History (10 events):
Event: 11.304 GC heap before
{Heap before GC invocations=20 (full 4):
 PSYoungGen      total 466944K, used 453440K [0x000000076b100000, 0x0000000790b00000, 0x00000007c0000000)
  eden space 430080K, 100% used [0x000000076b100000,0x0000000785500000,0x0000000785500000)
  from space 36864K, 63% used [0x0000000785500000,0x0000000786bd0000,0x0000000787900000)
  to   space 36864K, 0% used [0x000000078e700000,0x000000078e700000,0x0000000790b00000)
 ParOldGen       total 410624K, used 101433K [0x00000006c1200000, 0x00000006da300000, 0x000000076b100000)
  object space 410624K, 24% used [0x00000006c1200000,0x00000006c750e7c8,0x00000006da300000)
 Metaspace       used 59298K, capacity 69590K, committed 70912K, reserved 1110016K
  class space    used 6938K, capacity 9530K, committed 9728K, reserved 1048576K
Event: 11.319 GC heap after
Heap after GC invocations=20 (full 4):
 PSYoungGen      total 569856K, used 36864K [0x000000076b100000, 0x0000000790f80000, 0x00000007c0000000)
  eden space 532992K, 0% used [0x000000076b100000,0x000000076b100000,0x000000078b980000)
  from space 36864K, 100% used [0x000000078e700000,0x0000000790b00000,0x0000000790b00000)
  to   space 44032K, 0% used [0x000000078b980000,0x000000078b980000,0x000000078e480000)
 ParOldGen       total 410624K, used 106794K [0x00000006c1200000, 0x00000006da300000, 0x000000076b100000)
  object space 410624K, 26% used [0x00000006c1200000,0x00000006c7a4aad8,0x00000006da300000)
 Metaspace       used 59298K, capacity 69590K, committed 70912K, reserved 1110016K
  class space    used 6938K, capacity 9530K, committed 9728K, reserved 1048576K
}
Event: 12.387 GC heap before
{Heap before GC invocations=21 (full 4):
 PSYoungGen      total 569856K, used 569856K [0x000000076b100000, 0x0000000790f80000, 0x00000007c0000000)
  eden space 532992K, 100% used [0x000000076b100000,0x000000078b980000,0x000000078b980000)
  from space 36864K, 100% used [0x000000078e700000,0x0000000790b00000,0x0000000790b00000)
  to   space 44032K, 0% used [0x000000078b980000,0x000000078b980000,0x000000078e480000)
 ParOldGen       total 410624K, used 106794K [0x00000006c1200000, 0x00000006da300000, 0x000000076b100000)
  object space 410624K, 26% used [0x00000006c1200000,0x00000006c7a4aad8,0x00000006da300000)
 Metaspace       used 59593K, capacity 69954K, committed 70912K, reserved 1110016K
  class space    used 6943K, capacity 9536K, committed 9728K, reserved 1048576K
Event: 12.410 GC heap after
Heap after GC invocations=21 (full 4):
 PSYoungGen      total 577024K, used 44032K [0x000000076b100000, 0x0000000797480000, 0x00000007c0000000)
  eden space 532992K, 0% used [0x000000076b100000,0x000000076b100000,0x000000078b980000)
  from space 44032K, 100% used [0x000000078b980000,0x000000078e480000,0x000000078e480000)
  to   space 55808K, 0% used [0x0000000793e00000,0x0000000793e00000,0x0000000797480000)
 ParOldGen       total 410624K, used 121518K [0x00000006c1200000, 0x00000006da300000, 0x000000076b100000)
  object space 410624K, 29% used [0x00000006c1200000,0x00000006c88aba60,0x00000006da300000)
 Metaspace       used 59593K, capacity 69954K, committed 70912K, reserved 1110016K
  class space    used 6943K, capacity 9536K, committed 9728K, reserved 1048576K
}
Event: 13.273 GC heap before
{Heap before GC invocations=22 (full 4):
 PSYoungGen      total 577024K, used 577024K [0x000000076b100000, 0x0000000797480000, 0x00000007c0000000)
  eden space 532992K, 100% used [0x000000076b100000,0x000000078b980000,0x000000078b980000)
  from space 44032K, 100% used [0x000000078b980000,0x000000078e480000,0x000000078e480000)
  to   space 55808K, 0% used [0x0000000793e00000,0x0000000793e00000,0x0000000797480000)
 ParOldGen       total 410624K, used 121518K [0x00000006c1200000, 0x00000006da300000, 0x000000076b100000)
  object space 410624K, 29% used [0x00000006c1200000,0x00000006c88aba60,0x00000006da300000)
 Metaspace       used 60352K, capacity 71016K, committed 71168K, reserved 1110016K
  class space    used 6981K, capacity 9646K, committed 9728K, reserved 1048576K
Event: 13.297 GC heap after
Heap after GC invocations=22 (full 4):
 PSYoungGen      total 657408K, used 55808K [0x000000076b100000, 0x0000000798880000, 0x00000007c0000000)
  eden space 601600K, 0% used [0x000000076b100000,0x000000076b100000,0x000000078fc80000)
  from space 55808K, 100% used [0x0000000793e00000,0x0000000797480000,0x0000000797480000)
  to   space 67072K, 0% used [0x000000078fc80000,0x000000078fc80000,0x0000000793e00000)
 ParOldGen       total 410624K, used 129498K [0x00000006c1200000, 0x00000006da300000, 0x000000076b100000)
  object space 410624K, 31% used [0x00000006c1200000,0x00000006c9076848,0x00000006da300000)
 Metaspace       used 60352K, capacity 71016K, committed 71168K, reserved 1110016K
  class space    used 6981K, capacity 9646K, committed 9728K, reserved 1048576K
}
Event: 14.384 GC heap before
{Heap before GC invocations=23 (full 4):
 PSYoungGen      total 657408K, used 657408K [0x000000076b100000, 0x0000000798880000, 0x00000007c0000000)
  eden space 601600K, 100% used [0x000000076b100000,0x000000078fc80000,0x000000078fc80000)
  from space 55808K, 100% used [0x0000000793e00000,0x0000000797480000,0x0000000797480000)
  to   space 67072K, 0% used [0x000000078fc80000,0x000000078fc80000,0x0000000793e00000)
 ParOldGen       total 410624K, used 129498K [0x00000006c1200000, 0x00000006da300000, 0x000000076b100000)
  object space 410624K, 31% used [0x00000006c1200000,0x00000006c9076848,0x00000006da300000)
 Metaspace       used 62995K, capacity 74922K, committed 75008K, reserved 1114112K
  class space    used 7170K, capacity 10173K, committed 10240K, reserved 1048576K
Event: 14.415 GC heap after
Heap after GC invocations=23 (full 4):
 PSYoungGen      total 668672K, used 67072K [0x000000076b100000, 0x000000079f380000, 0x00000007c0000000)
  eden space 601600K, 0% used [0x000000076b100000,0x000000076b100000,0x000000078fc80000)
  from space 67072K, 100% used [0x000000078fc80000,0x0000000793e00000,0x0000000793e00000)
  to   space 83456K, 0% used [0x000000079a200000,0x000000079a200000,0x000000079f380000)
 ParOldGen       total 410624K, used 145542K [0x00000006c1200000, 0x00000006da300000, 0x000000076b100000)
  object space 410624K, 35% used [0x00000006c1200000,0x00000006ca021ae8,0x00000006da300000)
 Metaspace       used 62995K, capacity 74922K, committed 75008K, reserved 1114112K
  class space    used 7170K, capacity 10173K, committed 10240K, reserved 1048576K
}
Event: 15.247 GC heap before
{Heap before GC invocations=24 (full 4):
 PSYoungGen      total 668672K, used 668672K [0x000000076b100000, 0x000000079f380000, 0x00000007c0000000)
  eden space 601600K, 100% used [0x000000076b100000,0x000000078fc80000,0x000000078fc80000)
  from space 67072K, 100% used [0x000000078fc80000,0x0000000793e00000,0x0000000793e00000)
  to   space 83456K, 0% used [0x000000079a200000,0x000000079a200000,0x000000079f380000)
 ParOldGen       total 410624K, used 145542K [0x00000006c1200000, 0x00000006da300000, 0x000000076b100000)
  object space 410624K, 35% used [0x00000006c1200000,0x00000006ca021ae8,0x00000006da300000)
 Metaspace       used 63200K, capacity 75236K, committed 75520K, reserved 1114112K
  class space    used 7176K, capacity 10178K, committed 10240K, reserved 1048576K
Event: 15.276 GC heap after
Heap after GC invocations=24 (full 4):
 PSYoungGen      total 765952K, used 61408K [0x000000076b100000, 0x000000079ff80000, 0x00000007c0000000)
  eden space 682496K, 0% used [0x000000076b100000,0x000000076b100000,0x0000000794b80000)
  from space 83456K, 73% used [0x000000079a200000,0x000000079ddf8000,0x000000079f380000)
  to   space 88576K, 0% used [0x0000000794b80000,0x0000000794b80000,0x000000079a200000)
 ParOldGen       total 410624K, used 165172K [0x00000006c1200000, 0x00000006da300000, 0x000000076b100000)
  object space 410624K, 40% used [0x00000006c1200000,0x00000006cb34d2c0,0x00000006da300000)
 Metaspace       used 63200K, capacity 75236K, committed 75520K, reserved 1114112K
  class space    used 7176K, capacity 10178K, committed 10240K, reserved 1048576K
}

