# JRE version: OpenJDK Runtime Environment (8.0_242-b01) (build 1.8.0_242-release-1644-b01)
# Java VM: OpenJDK 64-Bit Server VM (25.242-b01 mixed mode windows-amd64 compressed oops)
Heap:
 PSYoungGen      total 677376K, used 217258K [0x000000076b100000, 0x00000007a5c80000, 0x00000007c0000000)
  eden space 527360K, 14% used [0x000000076b100000,0x000000076f91d988,0x000000078b400000)
  from space 150016K, 95% used [0x000000078b400000,0x000000079400d010,0x0000000794680000)
  to   space 173056K, 0% used [0x000000079b380000,0x000000079b380000,0x00000007a5c80000)
 ParOldGen       total 300544K, used 84217K [0x00000006c1200000, 0x00000006d3780000, 0x000000076b100000)
  object space 300544K, 28% used [0x00000006c1200000,0x00000006c643e6d0,0x00000006d3780000)
 Metaspace       used 58087K, capacity 68614K, committed 68736K, reserved 1107968K
  class space    used 6745K, capacity 9332K, committed 9344K, reserved 1048576K
GC Heap History (10 events):
Event: 13.185 GC heap before
{Heap before GC invocations=18 (full 3):
 PSYoungGen      total 486400K, used 486368K [0x000000076b100000, 0x000000078f980000, 0x00000007c0000000)
  eden space 419840K, 100% used [0x000000076b100000,0x0000000784b00000,0x0000000784b00000)
  from space 66560K, 99% used [0x0000000789880000,0x000000078d978010,0x000000078d980000)
  to   space 79360K, 0% used [0x0000000784b00000,0x0000000784b00000,0x0000000789880000)
 ParOldGen       total 300544K, used 67623K [0x00000006c1200000, 0x00000006d3780000, 0x000000076b100000)
  object space 300544K, 22% used [0x00000006c1200000,0x00000006c5409e18,0x00000006d3780000)
 Metaspace       used 57431K, capacity 67724K, committed 67968K, reserved 1107968K
  class space    used 6733K, capacity 9287K, committed 9344K, reserved 1048576K
Event: 13.213 GC heap after
Heap after GC invocations=18 (full 3):
 PSYoungGen      total 499200K, used 79348K [0x000000076b100000, 0x0000000794680000, 0x00000007c0000000)
  eden space 419840K, 0% used [0x000000076b100000,0x000000076b100000,0x0000000784b00000)
  from space 79360K, 99% used [0x0000000784b00000,0x000000078987d020,0x0000000789880000)
  to   space 94208K, 0% used [0x000000078ea80000,0x000000078ea80000,0x0000000794680000)
 ParOldGen       total 300544K, used 71844K [0x00000006c1200000, 0x00000006d3780000, 0x000000076b100000)
  object space 300544K, 23% used [0x00000006c1200000,0x00000006c58291e8,0x00000006d3780000)
 Metaspace       used 57431K, capacity 67724K, committed 67968K, reserved 1107968K
  class space    used 6733K, capacity 9287K, committed 9344K, reserved 1048576K
}
Event: 13.959 GC heap before
{Heap before GC invocations=19 (full 3):
 PSYoungGen      total 499200K, used 499188K [0x000000076b100000, 0x0000000794680000, 0x00000007c0000000)
  eden space 419840K, 100% used [0x000000076b100000,0x0000000784b00000,0x0000000784b00000)
  from space 79360K, 99% used [0x0000000784b00000,0x000000078987d020,0x0000000789880000)
  to   space 94208K, 0% used [0x000000078ea80000,0x000000078ea80000,0x0000000794680000)
 ParOldGen       total 300544K, used 71844K [0x00000006c1200000, 0x00000006d3780000, 0x000000076b100000)
  object space 300544K, 23% used [0x00000006c1200000,0x00000006c58291e8,0x00000006d3780000)
 Metaspace       used 57586K, capacity 67922K, committed 68224K, reserved 1107968K
  class space    used 6736K, capacity 9290K, committed 9344K, reserved 1048576K
Event: 14.000 GC heap after
Heap after GC invocations=19 (full 3):
 PSYoungGen      total 566272K, used 94196K [0x000000076b100000, 0x0000000797680000, 0x00000007c0000000)
  eden space 472064K, 0% used [0x000000076b100000,0x000000076b100000,0x0000000787e00000)
  from space 94208K, 99% used [0x000000078ea80000,0x000000079467d020,0x0000000794680000)
  to   space 111104K, 0% used [0x0000000787e00000,0x0000000787e00000,0x000000078ea80000)
 ParOldGen       total 300544K, used 74511K [0x00000006c1200000, 0x00000006d3780000, 0x000000076b100000)
  object space 300544K, 24% used [0x00000006c1200000,0x00000006c5ac3d90,0x00000006d3780000)
 Metaspace       used 57586K, capacity 67922K, committed 68224K, reserved 1107968K
  class space    used 6736K, capacity 9290K, committed 9344K, reserved 1048576K
}
Event: 14.763 GC heap before
{Heap before GC invocations=20 (full 3):
 PSYoungGen      total 566272K, used 566260K [0x000000076b100000, 0x0000000797680000, 0x00000007c0000000)
  eden space 472064K, 100% used [0x000000076b100000,0x0000000787e00000,0x0000000787e00000)
  from space 94208K, 99% used [0x000000078ea80000,0x000000079467d020,0x0000000794680000)
  to   space 111104K, 0% used [0x0000000787e00000,0x0000000787e00000,0x000000078ea80000)
 ParOldGen       total 300544K, used 74511K [0x00000006c1200000, 0x00000006d3780000, 0x000000076b100000)
  object space 300544K, 24% used [0x00000006c1200000,0x00000006c5ac3d90,0x00000006d3780000)
 Metaspace       used 57750K, capacity 68144K, committed 68224K, reserved 1107968K
  class space    used 6739K, capacity 9295K, committed 9344K, reserved 1048576K
Event: 14.815 GC heap after
Heap after GC invocations=20 (full 3):
 PSYoungGen      total 583168K, used 111072K [0x000000076b100000, 0x000000079c680000, 0x00000007c0000000)
  eden space 472064K, 0% used [0x000000076b100000,0x000000076b100000,0x0000000787e00000)
  from space 111104K, 99% used [0x0000000787e00000,0x000000078ea78010,0x000000078ea80000)
  to   space 131072K, 0% used [0x0000000794680000,0x0000000794680000,0x000000079c680000)
 ParOldGen       total 300544K, used 76679K [0x00000006c1200000, 0x00000006d3780000, 0x000000076b100000)
  object space 300544K, 25% used [0x00000006c1200000,0x00000006c5ce1f58,0x00000006d3780000)
 Metaspace       used 57750K, capacity 68144K, committed 68224K, reserved 1107968K
  class space    used 6739K, capacity 9295K, committed 9344K, reserved 1048576K
}
Event: 15.746 GC heap before
{Heap before GC invocations=21 (full 3):
 PSYoungGen      total 583168K, used 583136K [0x000000076b100000, 0x000000079c680000, 0x00000007c0000000)
  eden space 472064K, 100% used [0x000000076b100000,0x0000000787e00000,0x0000000787e00000)
  from space 111104K, 99% used [0x0000000787e00000,0x000000078ea78010,0x000000078ea80000)
  to   space 131072K, 0% used [0x0000000794680000,0x0000000794680000,0x000000079c680000)
 ParOldGen       total 300544K, used 76679K [0x00000006c1200000, 0x00000006d3780000, 0x000000076b100000)
  object space 300544K, 25% used [0x00000006c1200000,0x00000006c5ce1f58,0x00000006d3780000)
 Metaspace       used 57927K, capacity 68312K, committed 68480K, reserved 1107968K
  class space    used 6741K, capacity 9297K, committed 9344K, reserved 1048576K
Event: 15.794 GC heap after
Heap after GC invocations=21 (full 3):
 PSYoungGen      total 658432K, used 122004K [0x000000076b100000, 0x000000079ee80000, 0x00000007c0000000)
  eden space 527360K, 0% used [0x000000076b100000,0x000000076b100000,0x000000078b400000)
  from space 131072K, 93% used [0x0000000794680000,0x000000079bda5010,0x000000079c680000)
  to   space 150016K, 0% used [0x000000078b400000,0x000000078b400000,0x0000000794680000)
 ParOldGen       total 300544K, used 84193K [0x00000006c1200000, 0x00000006d3780000, 0x000000076b100000)
  object space 300544K, 28% used [0x00000006c1200000,0x00000006c64386d0,0x00000006d3780000)
 Metaspace       used 57927K, capacity 68312K, committed 68480K, reserved 1107968K
  class space    used 6741K, capacity 9297K, committed 9344K, reserved 1048576K
}
Event: 16.607 GC heap before
{Heap before GC invocations=22 (full 3):
 PSYoungGen      total 658432K, used 649364K [0x000000076b100000, 0x000000079ee80000, 0x00000007c0000000)
  eden space 527360K, 100% used [0x000000076b100000,0x000000078b400000,0x000000078b400000)
  from space 131072K, 93% used [0x0000000794680000,0x000000079bda5010,0x000000079c680000)
  to   space 150016K, 0% used [0x000000078b400000,0x000000078b400000,0x0000000794680000)
 ParOldGen       total 300544K, used 84193K [0x00000006c1200000, 0x00000006d3780000, 0x000000076b100000)
  object space 300544K, 28% used [0x00000006c1200000,0x00000006c64386d0,0x00000006d3780000)
 Metaspace       used 58061K, capacity 68576K, committed 68736K, reserved 1107968K
  class space    used 6744K, capacity 9299K, committed 9344K, reserved 1048576K
Event: 16.648 GC heap after
Heap after GC invocations=22 (full 3):
 PSYoungGen      total 677376K, used 143412K [0x000000076b100000, 0x00000007a5c80000, 0x00000007c0000000)
  eden space 527360K, 0% used [0x000000076b100000,0x000000076b100000,0x000000078b400000)
  from space 150016K, 95% used [0x000000078b400000,0x000000079400d010,0x0000000794680000)
  to   space 173056K, 0% used [0x000000079b380000,0x000000079b380000,0x00000007a5c80000)
 ParOldGen       total 300544K, used 84217K [0x00000006c1200000, 0x00000006d3780000, 0x000000076b100000)
  object space 300544K, 28% used [0x00000006c1200000,0x00000006c643e6d0,0x00000006d3780000)
 Metaspace       used 58061K, capacity 68576K, committed 68736K, reserved 1107968K
  class space    used 6744K, capacity 9299K, committed 9344K, reserved 1048576K
}

