# JRE version: OpenJDK Runtime Environment (8.0_242-b01) (build 1.8.0_242-release-1644-b01)
# Java VM: OpenJDK 64-Bit Server VM (25.242-b01 mixed mode windows-amd64 compressed oops)
Heap:
 PSYoungGen      total 1116160K, used 823666K [0x000000076b100000, 0x00000007c0000000, 0x00000007c0000000)
  eden space 1035264K, 71% used [0x000000076b100000,0x000000079865cb10,0x00000007aa400000)
  from space 80896K, 100% used [0x00000007aa400000,0x00000007af300000,0x00000007af300000)
  to   space 100864K, 0% used [0x00000007b9d80000,0x00000007b9d80000,0x00000007c0000000)
 ParOldGen       total 395776K, used 258137K [0x00000006c1200000, 0x00000006d9480000, 0x000000076b100000)
  object space 395776K, 65% used [0x00000006c1200000,0x00000006d0e16430,0x00000006d9480000)
 Metaspace       used 70178K, capacity 81996K, committed 84248K, reserved 1122304K
  class space    used 8645K, capacity 11438K, committed 11816K, reserved 1048576K
GC Heap History (10 events):
Event: 15.038 GC heap before
{Heap before GC invocations=23 (full 4):
 PSYoungGen      total 850432K, used 38048K [0x000000076b100000, 0x00000007a9900000, 0x00000007c0000000)
  eden space 795648K, 0% used [0x000000076b100000,0x000000076b100000,0x000000079ba00000)
  from space 54784K, 69% used [0x000000079ba00000,0x000000079df28000,0x000000079ef80000)
  to   space 57344K, 0% used [0x00000007a6100000,0x00000007a6100000,0x00000007a9900000)
 ParOldGen       total 206336K, used 193894K [0x00000006c1200000, 0x00000006cdb80000, 0x000000076b100000)
  object space 206336K, 93% used [0x00000006c1200000,0x00000006ccf59980,0x00000006cdb80000)
 Metaspace       used 71468K, capacity 83994K, committed 84248K, reserved 1122304K
  class space    used 8741K, capacity 11801K, committed 11816K, reserved 1048576K
Event: 15.252 GC heap after
Heap after GC invocations=23 (full 4):
 PSYoungGen      total 850432K, used 0K [0x000000076b100000, 0x00000007a9900000, 0x00000007c0000000)
  eden space 795648K, 0% used [0x000000076b100000,0x000000076b100000,0x000000079ba00000)
  from space 54784K, 0% used [0x000000079ba00000,0x000000079ba00000,0x000000079ef80000)
  to   space 57344K, 0% used [0x00000007a6100000,0x00000007a6100000,0x00000007a9900000)
 ParOldGen       total 395776K, used 204583K [0x00000006c1200000, 0x00000006d9480000, 0x000000076b100000)
  object space 395776K, 51% used [0x00000006c1200000,0x00000006cd9c9f08,0x00000006d9480000)
 Metaspace       used 68726K, capacity 80006K, committed 84248K, reserved 1122304K
  class space    used 8586K, capacity 11278K, committed 11816K, reserved 1048576K
}
Event: 16.238 GC heap before
{Heap before GC invocations=24 (full 4):
 PSYoungGen      total 850432K, used 795648K [0x000000076b100000, 0x00000007a9900000, 0x00000007c0000000)
  eden space 795648K, 100% used [0x000000076b100000,0x000000079ba00000,0x000000079ba00000)
  from space 54784K, 0% used [0x000000079ba00000,0x000000079ba00000,0x000000079ef80000)
  to   space 57344K, 0% used [0x00000007a6100000,0x00000007a6100000,0x00000007a9900000)
 ParOldGen       total 395776K, used 204583K [0x00000006c1200000, 0x00000006d9480000, 0x000000076b100000)
  object space 395776K, 51% used [0x00000006c1200000,0x00000006cd9c9f08,0x00000006d9480000)
 Metaspace       used 69497K, capacity 81148K, committed 84248K, reserved 1122304K
  class space    used 8626K, capacity 11422K, committed 11816K, reserved 1048576K
Event: 16.253 GC heap after
Heap after GC invocations=24 (full 4):
 PSYoungGen      total 964608K, used 38272K [0x000000076b100000, 0x00000007a9c80000, 0x00000007c0000000)
  eden space 907264K, 0% used [0x000000076b100000,0x000000076b100000,0x00000007a2700000)
  from space 57344K, 66% used [0x00000007a6100000,0x00000007a8660000,0x00000007a9900000)
  to   space 59392K, 0% used [0x00000007a2700000,0x00000007a2700000,0x00000007a6100000)
 ParOldGen       total 395776K, used 204591K [0x00000006c1200000, 0x00000006d9480000, 0x000000076b100000)
  object space 395776K, 51% used [0x00000006c1200000,0x00000006cd9cbf08,0x00000006d9480000)
 Metaspace       used 69497K, capacity 81148K, committed 84248K, reserved 1122304K
  class space    used 8626K, capacity 11422K, committed 11816K, reserved 1048576K
}
Event: 17.203 GC heap before
{Heap before GC invocations=25 (full 4):
 PSYoungGen      total 964608K, used 945536K [0x000000076b100000, 0x00000007a9c80000, 0x00000007c0000000)
  eden space 907264K, 100% used [0x000000076b100000,0x00000007a2700000,0x00000007a2700000)
  from space 57344K, 66% used [0x00000007a6100000,0x00000007a8660000,0x00000007a9900000)
  to   space 59392K, 0% used [0x00000007a2700000,0x00000007a2700000,0x00000007a6100000)
 ParOldGen       total 395776K, used 204591K [0x00000006c1200000, 0x00000006d9480000, 0x000000076b100000)
  object space 395776K, 51% used [0x00000006c1200000,0x00000006cd9cbf08,0x00000006d9480000)
 Metaspace       used 69650K, capacity 81340K, committed 84248K, reserved 1122304K
  class space    used 8632K, capacity 11426K, committed 11816K, reserved 1048576K
Event: 17.229 GC heap after
Heap after GC invocations=25 (full 4):
 PSYoungGen      total 966656K, used 59392K [0x000000076b100000, 0x00000007b3980000, 0x00000007c0000000)
  eden space 907264K, 0% used [0x000000076b100000,0x000000076b100000,0x00000007a2700000)
  from space 59392K, 100% used [0x00000007a2700000,0x00000007a6100000,0x00000007a6100000)
  to   space 72192K, 0% used [0x00000007af300000,0x00000007af300000,0x00000007b3980000)
 ParOldGen       total 395776K, used 213641K [0x00000006c1200000, 0x00000006d9480000, 0x000000076b100000)
  object space 395776K, 53% used [0x00000006c1200000,0x00000006ce2a2480,0x00000006d9480000)
 Metaspace       used 69650K, capacity 81340K, committed 84248K, reserved 1122304K
  class space    used 8632K, capacity 11426K, committed 11816K, reserved 1048576K
}
Event: 18.211 GC heap before
{Heap before GC invocations=26 (full 4):
 PSYoungGen      total 966656K, used 966656K [0x000000076b100000, 0x00000007b3980000, 0x00000007c0000000)
  eden space 907264K, 100% used [0x000000076b100000,0x00000007a2700000,0x00000007a2700000)
  from space 59392K, 100% used [0x00000007a2700000,0x00000007a6100000,0x00000007a6100000)
  to   space 72192K, 0% used [0x00000007af300000,0x00000007af300000,0x00000007b3980000)
 ParOldGen       total 395776K, used 213641K [0x00000006c1200000, 0x00000006d9480000, 0x000000076b100000)
  object space 395776K, 53% used [0x00000006c1200000,0x00000006ce2a2480,0x00000006d9480000)
 Metaspace       used 69867K, capacity 81552K, committed 84248K, reserved 1122304K
  class space    used 8636K, capacity 11430K, committed 11816K, reserved 1048576K
Event: 18.261 GC heap after
Heap after GC invocations=26 (full 4):
 PSYoungGen      total 1107456K, used 64960K [0x000000076b100000, 0x00000007b6200000, 0x00000007c0000000)
  eden space 1035264K, 0% used [0x000000076b100000,0x000000076b100000,0x00000007aa400000)
  from space 72192K, 89% used [0x00000007af300000,0x00000007b3270000,0x00000007b3980000)
  to   space 80896K, 0% used [0x00000007aa400000,0x00000007aa400000,0x00000007af300000)
 ParOldGen       total 395776K, used 239856K [0x00000006c1200000, 0x00000006d9480000, 0x000000076b100000)
  object space 395776K, 60% used [0x00000006c1200000,0x00000006cfc3c2c8,0x00000006d9480000)
 Metaspace       used 69867K, capacity 81552K, committed 84248K, reserved 1122304K
  class space    used 8636K, capacity 11430K, committed 11816K, reserved 1048576K
}
Event: 19.218 GC heap before
{Heap before GC invocations=27 (full 4):
 PSYoungGen      total 1107456K, used 1100224K [0x000000076b100000, 0x00000007b6200000, 0x00000007c0000000)
  eden space 1035264K, 100% used [0x000000076b100000,0x00000007aa400000,0x00000007aa400000)
  from space 72192K, 89% used [0x00000007af300000,0x00000007b3270000,0x00000007b3980000)
  to   space 80896K, 0% used [0x00000007aa400000,0x00000007aa400000,0x00000007af300000)
 ParOldGen       total 395776K, used 239856K [0x00000006c1200000, 0x00000006d9480000, 0x000000076b100000)
  object space 395776K, 60% used [0x00000006c1200000,0x00000006cfc3c2c8,0x00000006d9480000)
 Metaspace       used 69970K, capacity 81652K, committed 84248K, reserved 1122304K
  class space    used 8641K, capacity 11434K, committed 11816K, reserved 1048576K
Event: 19.256 GC heap after
Heap after GC invocations=27 (full 4):
 PSYoungGen      total 1116160K, used 80896K [0x000000076b100000, 0x00000007c0000000, 0x00000007c0000000)
  eden space 1035264K, 0% used [0x000000076b100000,0x000000076b100000,0x00000007aa400000)
  from space 80896K, 100% used [0x00000007aa400000,0x00000007af300000,0x00000007af300000)
  to   space 100864K, 0% used [0x00000007b9d80000,0x00000007b9d80000,0x00000007c0000000)
 ParOldGen       total 395776K, used 258137K [0x00000006c1200000, 0x00000006d9480000, 0x000000076b100000)
  object space 395776K, 65% used [0x00000006c1200000,0x00000006d0e16430,0x00000006d9480000)
 Metaspace       used 69970K, capacity 81652K, committed 84248K, reserved 1122304K
  class space    used 8641K, capacity 11434K, committed 11816K, reserved 1048576K
}

