# JRE version: OpenJDK Runtime Environment (8.0_242-b01) (build 1.8.0_242-release-1644-b01)
# Java VM: OpenJDK 64-Bit Server VM (25.242-b01 mixed mode windows-amd64 compressed oops)
Heap:
 PSYoungGen      total 797696K, used 681270K [0x000000076b100000, 0x00000007a5d00000, 0x00000007c0000000)
  eden space 699392K, 83% used [0x000000076b100000,0x000000078ea4d960,0x0000000795c00000)
  from space 98304K, 100% used [0x000000079cc80000,0x00000007a2c80000,0x00000007a2c80000)
  to   space 115200K, 0% used [0x0000000795c00000,0x0000000795c00000,0x000000079cc80000)
 ParOldGen       total 393216K, used 113858K [0x00000006c1200000, 0x00000006d9200000, 0x000000076b100000)
  object space 393216K, 28% used [0x00000006c1200000,0x00000006c8130818,0x00000006d9200000)
 Metaspace       used 61548K, capacity 72688K, committed 72864K, reserved 1112064K
  class space    used 7037K, capacity 9801K, committed 9888K, reserved 1048576K
GC Heap History (10 events):
Event: 13.035 GC heap before
{Heap before GC invocations=20 (full 4):
 PSYoungGen      total 500224K, used 456448K [0x000000076b100000, 0x0000000794400000, 0x00000007c0000000)
  eden space 435712K, 100% used [0x000000076b100000,0x0000000785a80000,0x0000000785a80000)
  from space 64512K, 32% used [0x0000000785a80000,0x0000000786ec0000,0x0000000789980000)
  to   space 61440K, 0% used [0x0000000790800000,0x0000000790800000,0x0000000794400000)
 ParOldGen       total 393216K, used 101190K [0x00000006c1200000, 0x00000006d9200000, 0x000000076b100000)
  object space 393216K, 25% used [0x00000006c1200000,0x00000006c74d1a58,0x00000006d9200000)
 Metaspace       used 59527K, capacity 69926K, committed 70560K, reserved 1110016K
  class space    used 6949K, capacity 9564K, committed 9632K, reserved 1048576K
Event: 13.054 GC heap after
Heap after GC invocations=20 (full 4):
 PSYoungGen      total 599040K, used 38336K [0x000000076b100000, 0x0000000793e80000, 0x00000007c0000000)
  eden space 543232K, 0% used [0x000000076b100000,0x000000076b100000,0x000000078c380000)
  from space 55808K, 68% used [0x0000000790800000,0x0000000792d70000,0x0000000793e80000)
  to   space 62976K, 0% used [0x000000078c380000,0x000000078c380000,0x0000000790100000)
 ParOldGen       total 393216K, used 101198K [0x00000006c1200000, 0x00000006d9200000, 0x000000076b100000)
  object space 393216K, 25% used [0x00000006c1200000,0x00000006c74d3a58,0x00000006d9200000)
 Metaspace       used 59527K, capacity 69926K, committed 70560K, reserved 1110016K
  class space    used 6949K, capacity 9564K, committed 9632K, reserved 1048576K
}
Event: 13.929 GC heap before
{Heap before GC invocations=21 (full 4):
 PSYoungGen      total 599040K, used 581568K [0x000000076b100000, 0x0000000793e80000, 0x00000007c0000000)
  eden space 543232K, 100% used [0x000000076b100000,0x000000078c380000,0x000000078c380000)
  from space 55808K, 68% used [0x0000000790800000,0x0000000792d70000,0x0000000793e80000)
  to   space 62976K, 0% used [0x000000078c380000,0x000000078c380000,0x0000000790100000)
 ParOldGen       total 393216K, used 101198K [0x00000006c1200000, 0x00000006d9200000, 0x000000076b100000)
  object space 393216K, 25% used [0x00000006c1200000,0x00000006c74d3a58,0x00000006d9200000)
 Metaspace       used 59738K, capacity 70162K, committed 70688K, reserved 1110016K
  class space    used 6952K, capacity 9568K, committed 9760K, reserved 1048576K
Event: 13.951 GC heap after
Heap after GC invocations=21 (full 4):
 PSYoungGen      total 606208K, used 56032K [0x000000076b100000, 0x000000079a000000, 0x00000007c0000000)
  eden space 543232K, 0% used [0x000000076b100000,0x000000076b100000,0x000000078c380000)
  from space 62976K, 88% used [0x000000078c380000,0x000000078fa38000,0x0000000790100000)
  to   space 70144K, 0% used [0x0000000795b80000,0x0000000795b80000,0x000000079a000000)
 ParOldGen       total 393216K, used 101206K [0x00000006c1200000, 0x00000006d9200000, 0x000000076b100000)
  object space 393216K, 25% used [0x00000006c1200000,0x00000006c74d5a58,0x00000006d9200000)
 Metaspace       used 59738K, capacity 70162K, committed 70688K, reserved 1110016K
  class space    used 6952K, capacity 9568K, committed 9760K, reserved 1048576K
}
Event: 14.860 GC heap before
{Heap before GC invocations=22 (full 4):
 PSYoungGen      total 606208K, used 599264K [0x000000076b100000, 0x000000079a000000, 0x00000007c0000000)
  eden space 543232K, 100% used [0x000000076b100000,0x000000078c380000,0x000000078c380000)
  from space 62976K, 88% used [0x000000078c380000,0x000000078fa38000,0x0000000790100000)
  to   space 70144K, 0% used [0x0000000795b80000,0x0000000795b80000,0x000000079a000000)
 ParOldGen       total 393216K, used 101206K [0x00000006c1200000, 0x00000006d9200000, 0x000000076b100000)
  object space 393216K, 25% used [0x00000006c1200000,0x00000006c74d5a58,0x00000006d9200000)
 Metaspace       used 59927K, capacity 70440K, committed 70688K, reserved 1110016K
  class space    used 6956K, capacity 9571K, committed 9760K, reserved 1048576K
Event: 14.894 GC heap after
Heap after GC invocations=22 (full 4):
 PSYoungGen      total 687616K, used 70144K [0x000000076b100000, 0x000000079b700000, 0x00000007c0000000)
  eden space 617472K, 0% used [0x000000076b100000,0x000000076b100000,0x0000000790c00000)
  from space 70144K, 100% used [0x0000000795b80000,0x000000079a000000,0x000000079a000000)
  to   space 81408K, 0% used [0x0000000790c00000,0x0000000790c00000,0x0000000795b80000)
 ParOldGen       total 393216K, used 101214K [0x00000006c1200000, 0x00000006d9200000, 0x000000076b100000)
  object space 393216K, 25% used [0x00000006c1200000,0x00000006c74d7a58,0x00000006d9200000)
 Metaspace       used 59927K, capacity 70440K, committed 70688K, reserved 1110016K
  class space    used 6956K, capacity 9571K, committed 9760K, reserved 1048576K
}
Event: 15.795 GC heap before
{Heap before GC invocations=23 (full 4):
 PSYoungGen      total 687616K, used 687616K [0x000000076b100000, 0x000000079b700000, 0x00000007c0000000)
  eden space 617472K, 100% used [0x000000076b100000,0x0000000790c00000,0x0000000790c00000)
  from space 70144K, 100% used [0x0000000795b80000,0x000000079a000000,0x000000079a000000)
  to   space 81408K, 0% used [0x0000000790c00000,0x0000000790c00000,0x0000000795b80000)
 ParOldGen       total 393216K, used 101214K [0x00000006c1200000, 0x00000006d9200000, 0x000000076b100000)
  object space 393216K, 25% used [0x00000006c1200000,0x00000006c74d7a58,0x00000006d9200000)
 Metaspace       used 60692K, capacity 71540K, committed 71712K, reserved 1112064K
  class space    used 6993K, capacity 9682K, committed 9760K, reserved 1048576K
Event: 15.828 GC heap after
Heap after GC invocations=23 (full 4):
 PSYoungGen      total 698880K, used 81408K [0x000000076b100000, 0x00000007a2c80000, 0x00000007c0000000)
  eden space 617472K, 0% used [0x000000076b100000,0x000000076b100000,0x0000000790c00000)
  from space 81408K, 100% used [0x0000000790c00000,0x0000000795b80000,0x0000000795b80000)
  to   space 98304K, 0% used [0x000000079cc80000,0x000000079cc80000,0x00000007a2c80000)
 ParOldGen       total 393216K, used 112305K [0x00000006c1200000, 0x00000006d9200000, 0x000000076b100000)
  object space 393216K, 28% used [0x00000006c1200000,0x00000006c7fac710,0x00000006d9200000)
 Metaspace       used 60692K, capacity 71540K, committed 71712K, reserved 1112064K
  class space    used 6993K, capacity 9682K, committed 9760K, reserved 1048576K
}
Event: 16.607 GC heap before
{Heap before GC invocations=24 (full 4):
 PSYoungGen      total 698880K, used 698880K [0x000000076b100000, 0x00000007a2c80000, 0x00000007c0000000)
  eden space 617472K, 100% used [0x000000076b100000,0x0000000790c00000,0x0000000790c00000)
  from space 81408K, 100% used [0x0000000790c00000,0x0000000795b80000,0x0000000795b80000)
  to   space 98304K, 0% used [0x000000079cc80000,0x000000079cc80000,0x00000007a2c80000)
 ParOldGen       total 393216K, used 112305K [0x00000006c1200000, 0x00000006d9200000, 0x000000076b100000)
  object space 393216K, 28% used [0x00000006c1200000,0x00000006c7fac710,0x00000006d9200000)
 Metaspace       used 61400K, capacity 72514K, committed 72608K, reserved 1112064K
  class space    used 7031K, capacity 9796K, committed 9888K, reserved 1048576K
Event: 16.670 GC heap after
Heap after GC invocations=24 (full 4):
 PSYoungGen      total 797696K, used 98304K [0x000000076b100000, 0x00000007a5d00000, 0x00000007c0000000)
  eden space 699392K, 0% used [0x000000076b100000,0x000000076b100000,0x0000000795c00000)
  from space 98304K, 100% used [0x000000079cc80000,0x00000007a2c80000,0x00000007a2c80000)
  to   space 115200K, 0% used [0x0000000795c00000,0x0000000795c00000,0x000000079cc80000)
 ParOldGen       total 393216K, used 113858K [0x00000006c1200000, 0x00000006d9200000, 0x000000076b100000)
  object space 393216K, 28% used [0x00000006c1200000,0x00000006c8130818,0x00000006d9200000)
 Metaspace       used 61400K, capacity 72514K, committed 72608K, reserved 1112064K
  class space    used 7031K, capacity 9796K, committed 9888K, reserved 1048576K
}

