# JRE version: OpenJDK Runtime Environment (8.0_242-b01) (build 1.8.0_242-release-1644-b01)
# Java VM: OpenJDK 64-Bit Server VM (25.242-b01 mixed mode windows-amd64 compressed oops)
Heap:
 PSYoungGen      total 930304K, used 851881K [0x000000076b100000, 0x00000007b6180000, 0x00000007c0000000)
  eden space 771584K, 91% used [0x000000076b100000,0x00000007965327a8,0x000000079a280000)
  from space 158720K, 90% used [0x000000079a280000,0x00000007a2e38000,0x00000007a3d80000)
  to   space 178176K, 0% used [0x00000007ab380000,0x00000007ab380000,0x00000007b6180000)
 ParOldGen       total 308736K, used 198739K [0x00000006c1200000, 0x00000006d3f80000, 0x000000076b100000)
  object space 308736K, 64% used [0x00000006c1200000,0x00000006cd414cd8,0x00000006d3f80000)
 Metaspace       used 58836K, capacity 69476K, committed 69632K, reserved 1110016K
  class space    used 6764K, capacity 9347K, committed 9472K, reserved 1048576K
GC Heap History (10 events):
Event: 18.063 GC heap before
{Heap before GC invocations=24 (full 3):
 PSYoungGen      total 698880K, used 679040K [0x000000076b100000, 0x000000079cc80000, 0x00000007c0000000)
  eden space 610304K, 100% used [0x000000076b100000,0x0000000790500000,0x0000000790500000)
  from space 88576K, 77% used [0x0000000796200000,0x000000079a520000,0x000000079b880000)
  to   space 95232K, 0% used [0x0000000790500000,0x0000000790500000,0x0000000796200000)
 ParOldGen       total 308736K, used 169112K [0x00000006c1200000, 0x00000006d3f80000, 0x000000076b100000)
  object space 308736K, 54% used [0x00000006c1200000,0x00000006cb726050,0x00000006d3f80000)
 Metaspace       used 58292K, capacity 68802K, committed 68992K, reserved 1110016K
  class space    used 6751K, capacity 9336K, committed 9344K, reserved 1048576K
Event: 18.091 GC heap after
Heap after GC invocations=24 (full 3):
 PSYoungGen      total 705536K, used 87040K [0x000000076b100000, 0x00000007a2a00000, 0x00000007c0000000)
  eden space 610304K, 0% used [0x000000076b100000,0x000000076b100000,0x0000000790500000)
  from space 95232K, 91% used [0x0000000790500000,0x0000000795a00000,0x0000000796200000)
  to   space 107520K, 0% used [0x000000079c100000,0x000000079c100000,0x00000007a2a00000)
 ParOldGen       total 308736K, used 169120K [0x00000006c1200000, 0x00000006d3f80000, 0x000000076b100000)
  object space 308736K, 54% used [0x00000006c1200000,0x00000006cb728050,0x00000006d3f80000)
 Metaspace       used 58292K, capacity 68802K, committed 68992K, reserved 1110016K
  class space    used 6751K, capacity 9336K, committed 9344K, reserved 1048576K
}
Event: 18.886 GC heap before
{Heap before GC invocations=25 (full 3):
 PSYoungGen      total 705536K, used 697344K [0x000000076b100000, 0x00000007a2a00000, 0x00000007c0000000)
  eden space 610304K, 100% used [0x000000076b100000,0x0000000790500000,0x0000000790500000)
  from space 95232K, 91% used [0x0000000790500000,0x0000000795a00000,0x0000000796200000)
  to   space 107520K, 0% used [0x000000079c100000,0x000000079c100000,0x00000007a2a00000)
 ParOldGen       total 308736K, used 169120K [0x00000006c1200000, 0x00000006d3f80000, 0x000000076b100000)
  object space 308736K, 54% used [0x00000006c1200000,0x00000006cb728050,0x00000006d3f80000)
 Metaspace       used 58390K, capacity 68878K, committed 68992K, reserved 1110016K
  class space    used 6753K, capacity 9338K, committed 9344K, reserved 1048576K
Event: 18.939 GC heap after
Heap after GC invocations=25 (full 3):
 PSYoungGen      total 786432K, used 105568K [0x000000076b100000, 0x00000007a5580000, 0x00000007c0000000)
  eden space 678912K, 0% used [0x000000076b100000,0x000000076b100000,0x0000000794800000)
  from space 107520K, 98% used [0x000000079c100000,0x00000007a2818000,0x00000007a2a00000)
  to   space 123904K, 0% used [0x0000000794800000,0x0000000794800000,0x000000079c100000)
 ParOldGen       total 308736K, used 169128K [0x00000006c1200000, 0x00000006d3f80000, 0x000000076b100000)
  object space 308736K, 54% used [0x00000006c1200000,0x00000006cb72a050,0x00000006d3f80000)
 Metaspace       used 58390K, capacity 68878K, committed 68992K, reserved 1110016K
  class space    used 6753K, capacity 9338K, committed 9344K, reserved 1048576K
}
Event: 19.817 GC heap before
{Heap before GC invocations=26 (full 3):
 PSYoungGen      total 786432K, used 784480K [0x000000076b100000, 0x00000007a5580000, 0x00000007c0000000)
  eden space 678912K, 100% used [0x000000076b100000,0x0000000794800000,0x0000000794800000)
  from space 107520K, 98% used [0x000000079c100000,0x00000007a2818000,0x00000007a2a00000)
  to   space 123904K, 0% used [0x0000000794800000,0x0000000794800000,0x000000079c100000)
 ParOldGen       total 308736K, used 169128K [0x00000006c1200000, 0x00000006d3f80000, 0x000000076b100000)
  object space 308736K, 54% used [0x00000006c1200000,0x00000006cb72a050,0x00000006d3f80000)
 Metaspace       used 58568K, capacity 69114K, committed 69248K, reserved 1110016K
  class space    used 6756K, capacity 9340K, committed 9344K, reserved 1048576K
Event: 19.852 GC heap after
Heap after GC invocations=26 (full 3):
 PSYoungGen      total 802816K, used 123904K [0x000000076b100000, 0x00000007aca80000, 0x00000007c0000000)
  eden space 678912K, 0% used [0x000000076b100000,0x000000076b100000,0x0000000794800000)
  from space 123904K, 100% used [0x0000000794800000,0x000000079c100000,0x000000079c100000)
  to   space 144384K, 0% used [0x00000007a3d80000,0x00000007a3d80000,0x00000007aca80000)
 ParOldGen       total 308736K, used 171163K [0x00000006c1200000, 0x00000006d3f80000, 0x000000076b100000)
  object space 308736K, 55% used [0x00000006c1200000,0x00000006cb926fd8,0x00000006d3f80000)
 Metaspace       used 58568K, capacity 69114K, committed 69248K, reserved 1110016K
  class space    used 6756K, capacity 9340K, committed 9344K, reserved 1048576K
}
Event: 20.648 GC heap before
{Heap before GC invocations=27 (full 3):
 PSYoungGen      total 802816K, used 802816K [0x000000076b100000, 0x00000007aca80000, 0x00000007c0000000)
  eden space 678912K, 100% used [0x000000076b100000,0x0000000794800000,0x0000000794800000)
  from space 123904K, 100% used [0x0000000794800000,0x000000079c100000,0x000000079c100000)
  to   space 144384K, 0% used [0x00000007a3d80000,0x00000007a3d80000,0x00000007aca80000)
 ParOldGen       total 308736K, used 171163K [0x00000006c1200000, 0x00000006d3f80000, 0x000000076b100000)
  object space 308736K, 55% used [0x00000006c1200000,0x00000006cb926fd8,0x00000006d3f80000)
 Metaspace       used 58622K, capacity 69204K, committed 69248K, reserved 1110016K
  class space    used 6759K, capacity 9343K, committed 9344K, reserved 1048576K
Event: 20.709 GC heap after
Heap after GC invocations=27 (full 3):
 PSYoungGen      total 915968K, used 118944K [0x000000076b100000, 0x00000007af200000, 0x00000007c0000000)
  eden space 771584K, 0% used [0x000000076b100000,0x000000076b100000,0x000000079a280000)
  from space 144384K, 82% used [0x00000007a3d80000,0x00000007ab1a8000,0x00000007aca80000)
  to   space 158720K, 0% used [0x000000079a280000,0x000000079a280000,0x00000007a3d80000)
 ParOldGen       total 308736K, used 198731K [0x00000006c1200000, 0x00000006d3f80000, 0x000000076b100000)
  object space 308736K, 64% used [0x00000006c1200000,0x00000006cd412cd8,0x00000006d3f80000)
 Metaspace       used 58622K, capacity 69204K, committed 69248K, reserved 1110016K
  class space    used 6759K, capacity 9343K, committed 9344K, reserved 1048576K
}
Event: 21.573 GC heap before
{Heap before GC invocations=28 (full 3):
 PSYoungGen      total 915968K, used 890528K [0x000000076b100000, 0x00000007af200000, 0x00000007c0000000)
  eden space 771584K, 100% used [0x000000076b100000,0x000000079a280000,0x000000079a280000)
  from space 144384K, 82% used [0x00000007a3d80000,0x00000007ab1a8000,0x00000007aca80000)
  to   space 158720K, 0% used [0x000000079a280000,0x000000079a280000,0x00000007a3d80000)
 ParOldGen       total 308736K, used 198731K [0x00000006c1200000, 0x00000006d3f80000, 0x000000076b100000)
  object space 308736K, 64% used [0x00000006c1200000,0x00000006cd412cd8,0x00000006d3f80000)
 Metaspace       used 58678K, capacity 69288K, committed 69632K, reserved 1110016K
  class space    used 6762K, capacity 9345K, committed 9472K, reserved 1048576K
Event: 21.617 GC heap after
Heap after GC invocations=28 (full 3):
 PSYoungGen      total 930304K, used 143072K [0x000000076b100000, 0x00000007b6180000, 0x00000007c0000000)
  eden space 771584K, 0% used [0x000000076b100000,0x000000076b100000,0x000000079a280000)
  from space 158720K, 90% used [0x000000079a280000,0x00000007a2e38000,0x00000007a3d80000)
  to   space 178176K, 0% used [0x00000007ab380000,0x00000007ab380000,0x00000007b6180000)
 ParOldGen       total 308736K, used 198739K [0x00000006c1200000, 0x00000006d3f80000, 0x000000076b100000)
  object space 308736K, 64% used [0x00000006c1200000,0x00000006cd414cd8,0x00000006d3f80000)
 Metaspace       used 58678K, capacity 69288K, committed 69632K, reserved 1110016K
  class space    used 6762K, capacity 9345K, committed 9472K, reserved 1048576K
}

