# JRE version: OpenJDK Runtime Environment (8.0_242-b01) (build 1.8.0_242-release-1644-b01)
# Java VM: OpenJDK 64-Bit Server VM (25.242-b01 mixed mode windows-amd64 compressed oops)
Heap:
 PSYoungGen      total 941056K, used 566243K [0x000000076b100000, 0x00000007b5900000, 0x00000007c0000000)
  eden space 813568K, 53% used [0x000000076b100000,0x0000000785d78d20,0x000000079cb80000)
  from space 127488K, 100% used [0x000000079cb80000,0x00000007a4800000,0x00000007a4800000)
  to   space 150016K, 0% used [0x00000007ac680000,0x00000007ac680000,0x00000007b5900000)
 ParOldGen       total 422400K, used 117042K [0x00000006c1200000, 0x00000006dae80000, 0x000000076b100000)
  object space 422400K, 27% used [0x00000006c1200000,0x00000006c844cbe8,0x00000006dae80000)
 Metaspace       used 64056K, capacity 76248K, committed 76288K, reserved 1116160K
  class space    used 7199K, capacity 10202K, committed 10240K, reserved 1048576K
GC Heap History (10 events):
Event: 15.686 GC heap before
{Heap before GC invocations=25 (full 4):
 PSYoungGen      total 715264K, used 676832K [0x000000076b100000, 0x000000079ca80000, 0x00000007c0000000)
  eden space 621568K, 100% used [0x000000076b100000,0x0000000791000000,0x0000000791000000)
  from space 93696K, 58% used [0x0000000796c00000,0x000000079a1f8000,0x000000079c780000)
  to   space 94208K, 0% used [0x0000000791000000,0x0000000791000000,0x0000000796c00000)
 ParOldGen       total 422400K, used 109784K [0x00000006c1200000, 0x00000006dae80000, 0x000000076b100000)
  object space 422400K, 25% used [0x00000006c1200000,0x00000006c7d361b8,0x00000006dae80000)
 Metaspace       used 63341K, capacity 75332K, committed 75520K, reserved 1114112K
  class space    used 7175K, capacity 10182K, committed 10240K, reserved 1048576K
Event: 15.728 GC heap after
Heap after GC invocations=25 (full 4):
 PSYoungGen      total 715776K, used 73952K [0x000000076b100000, 0x00000007a3400000, 0x00000007c0000000)
  eden space 621568K, 0% used [0x000000076b100000,0x000000076b100000,0x0000000791000000)
  from space 94208K, 78% used [0x0000000791000000,0x0000000795838000,0x0000000796c00000)
  to   space 101376K, 0% used [0x000000079d100000,0x000000079d100000,0x00000007a3400000)
 ParOldGen       total 422400K, used 109784K [0x00000006c1200000, 0x00000006dae80000, 0x000000076b100000)
  object space 422400K, 25% used [0x00000006c1200000,0x00000006c7d361b8,0x00000006dae80000)
 Metaspace       used 63341K, capacity 75332K, committed 75520K, reserved 1114112K
  class space    used 7175K, capacity 10182K, committed 10240K, reserved 1048576K
}
Event: 16.547 GC heap before
{Heap before GC invocations=26 (full 4):
 PSYoungGen      total 715776K, used 695520K [0x000000076b100000, 0x00000007a3400000, 0x00000007c0000000)
  eden space 621568K, 100% used [0x000000076b100000,0x0000000791000000,0x0000000791000000)
  from space 94208K, 78% used [0x0000000791000000,0x0000000795838000,0x0000000796c00000)
  to   space 101376K, 0% used [0x000000079d100000,0x000000079d100000,0x00000007a3400000)
 ParOldGen       total 422400K, used 109784K [0x00000006c1200000, 0x00000006dae80000, 0x000000076b100000)
  object space 422400K, 25% used [0x00000006c1200000,0x00000006c7d361b8,0x00000006dae80000)
 Metaspace       used 63445K, capacity 75420K, committed 75520K, reserved 1114112K
  class space    used 7180K, capacity 10186K, committed 10240K, reserved 1048576K
Event: 16.578 GC heap after
Heap after GC invocations=26 (full 4):
 PSYoungGen      total 817664K, used 63488K [0x000000076b100000, 0x00000007a3a00000, 0x00000007c0000000)
  eden space 716288K, 0% used [0x000000076b100000,0x000000076b100000,0x0000000796c80000)
  from space 101376K, 62% used [0x000000079d100000,0x00000007a0f00000,0x00000007a3400000)
  to   space 102912K, 0% used [0x0000000796c80000,0x0000000796c80000,0x000000079d100000)
 ParOldGen       total 422400K, used 109784K [0x00000006c1200000, 0x00000006dae80000, 0x000000076b100000)
  object space 422400K, 25% used [0x00000006c1200000,0x00000006c7d361b8,0x00000006dae80000)
 Metaspace       used 63445K, capacity 75420K, committed 75520K, reserved 1114112K
  class space    used 7180K, capacity 10186K, committed 10240K, reserved 1048576K
}
Event: 17.436 GC heap before
{Heap before GC invocations=27 (full 4):
 PSYoungGen      total 817664K, used 779776K [0x000000076b100000, 0x00000007a3a00000, 0x00000007c0000000)
  eden space 716288K, 100% used [0x000000076b100000,0x0000000796c80000,0x0000000796c80000)
  from space 101376K, 62% used [0x000000079d100000,0x00000007a0f00000,0x00000007a3400000)
  to   space 102912K, 0% used [0x0000000796c80000,0x0000000796c80000,0x000000079d100000)
 ParOldGen       total 422400K, used 109784K [0x00000006c1200000, 0x00000006dae80000, 0x000000076b100000)
  object space 422400K, 25% used [0x00000006c1200000,0x00000006c7d361b8,0x00000006dae80000)
 Metaspace       used 63639K, capacity 75736K, committed 76032K, reserved 1116160K
  class space    used 7185K, capacity 10190K, committed 10240K, reserved 1048576K
Event: 17.461 GC heap after
Heap after GC invocations=27 (full 4):
 PSYoungGen      total 819200K, used 86400K [0x000000076b100000, 0x00000007ab600000, 0x00000007c0000000)
  eden space 716288K, 0% used [0x000000076b100000,0x000000076b100000,0x0000000796c80000)
  from space 102912K, 83% used [0x0000000796c80000,0x000000079c0e0000,0x000000079d100000)
  to   space 112640K, 0% used [0x00000007a4800000,0x00000007a4800000,0x00000007ab600000)
 ParOldGen       total 422400K, used 109792K [0x00000006c1200000, 0x00000006dae80000, 0x000000076b100000)
  object space 422400K, 25% used [0x00000006c1200000,0x00000006c7d381b8,0x00000006dae80000)
 Metaspace       used 63639K, capacity 75736K, committed 76032K, reserved 1116160K
  class space    used 7185K, capacity 10190K, committed 10240K, reserved 1048576K
}
Event: 18.296 GC heap before
{Heap before GC invocations=28 (full 4):
 PSYoungGen      total 819200K, used 802688K [0x000000076b100000, 0x00000007ab600000, 0x00000007c0000000)
  eden space 716288K, 100% used [0x000000076b100000,0x0000000796c80000,0x0000000796c80000)
  from space 102912K, 83% used [0x0000000796c80000,0x000000079c0e0000,0x000000079d100000)
  to   space 112640K, 0% used [0x00000007a4800000,0x00000007a4800000,0x00000007ab600000)
 ParOldGen       total 422400K, used 109792K [0x00000006c1200000, 0x00000006dae80000, 0x000000076b100000)
  object space 422400K, 25% used [0x00000006c1200000,0x00000006c7d381b8,0x00000006dae80000)
 Metaspace       used 63759K, capacity 75852K, committed 76032K, reserved 1116160K
  class space    used 7190K, capacity 10194K, committed 10240K, reserved 1048576K
Event: 18.336 GC heap after
Heap after GC invocations=28 (full 4):
 PSYoungGen      total 926208K, used 107424K [0x000000076b100000, 0x00000007ada80000, 0x00000007c0000000)
  eden space 813568K, 0% used [0x000000076b100000,0x000000076b100000,0x000000079cb80000)
  from space 112640K, 95% used [0x00000007a4800000,0x00000007ab0e8000,0x00000007ab600000)
  to   space 127488K, 0% used [0x000000079cb80000,0x000000079cb80000,0x00000007a4800000)
 ParOldGen       total 422400K, used 109800K [0x00000006c1200000, 0x00000006dae80000, 0x000000076b100000)
  object space 422400K, 25% used [0x00000006c1200000,0x00000006c7d3a1b8,0x00000006dae80000)
 Metaspace       used 63759K, capacity 75852K, committed 76032K, reserved 1116160K
  class space    used 7190K, capacity 10194K, committed 10240K, reserved 1048576K
}
Event: 19.232 GC heap before
{Heap before GC invocations=29 (full 4):
 PSYoungGen      total 926208K, used 920992K [0x000000076b100000, 0x00000007ada80000, 0x00000007c0000000)
  eden space 813568K, 100% used [0x000000076b100000,0x000000079cb80000,0x000000079cb80000)
  from space 112640K, 95% used [0x00000007a4800000,0x00000007ab0e8000,0x00000007ab600000)
  to   space 127488K, 0% used [0x000000079cb80000,0x000000079cb80000,0x00000007a4800000)
 ParOldGen       total 422400K, used 109800K [0x00000006c1200000, 0x00000006dae80000, 0x000000076b100000)
  object space 422400K, 25% used [0x00000006c1200000,0x00000006c7d3a1b8,0x00000006dae80000)
 Metaspace       used 63921K, capacity 76100K, committed 76288K, reserved 1116160K
  class space    used 7195K, capacity 10198K, committed 10240K, reserved 1048576K
Event: 19.276 GC heap after
Heap after GC invocations=29 (full 4):
 PSYoungGen      total 941056K, used 127488K [0x000000076b100000, 0x00000007b5900000, 0x00000007c0000000)
  eden space 813568K, 0% used [0x000000076b100000,0x000000076b100000,0x000000079cb80000)
  from space 127488K, 100% used [0x000000079cb80000,0x00000007a4800000,0x00000007a4800000)
  to   space 150016K, 0% used [0x00000007ac680000,0x00000007ac680000,0x00000007b5900000)
 ParOldGen       total 422400K, used 117042K [0x00000006c1200000, 0x00000006dae80000, 0x000000076b100000)
  object space 422400K, 27% used [0x00000006c1200000,0x00000006c844cbe8,0x00000006dae80000)
 Metaspace       used 63921K, capacity 76100K, committed 76288K, reserved 1116160K
  class space    used 7195K, capacity 10198K, committed 10240K, reserved 1048576K
}

