# JRE version: OpenJDK Runtime Environment (8.0_242-b01) (build 1.8.0_242-release-1644-b01)
# Java VM: OpenJDK 64-Bit Server VM (25.242-b01 mixed mode windows-amd64 compressed oops)
Heap:
 PSYoungGen      total 1044992K, used 879958K [0x000000076b100000, 0x00000007bfa00000, 0x00000007c0000000)
  eden space 914432K, 81% used [0x000000076b100000,0x0000000798cd5af8,0x00000007a2e00000)
  from space 130560K, 100% used [0x00000007a2e00000,0x00000007aad80000,0x00000007aad80000)
  to   space 153600K, 0% used [0x00000007b6400000,0x00000007b6400000,0x00000007bfa00000)
 ParOldGen       total 294912K, used 205054K [0x00000006c1200000, 0x00000006d3200000, 0x000000076b100000)
  object space 294912K, 69% used [0x00000006c1200000,0x00000006cda3fb50,0x00000006d3200000)
 Metaspace       used 58166K, capacity 68680K, committed 68952K, reserved 1110016K
  class space    used 6703K, capacity 9229K, committed 9344K, reserved 1048576K
GC Heap History (10 events):
Event: 12.583 GC heap before
{Heap before GC invocations=20 (full 3):
 PSYoungGen      total 782336K, used 782336K [0x000000076b100000, 0x00000007a1880000, 0x00000007c0000000)
  eden space 711168K, 100% used [0x000000076b100000,0x0000000796780000,0x0000000796780000)
  from space 71168K, 100% used [0x000000079b800000,0x000000079fd80000,0x000000079fd80000)
  to   space 82432K, 0% used [0x0000000796780000,0x0000000796780000,0x000000079b800000)
 ParOldGen       total 294912K, used 131031K [0x00000006c1200000, 0x00000006d3200000, 0x000000076b100000)
  object space 294912K, 44% used [0x00000006c1200000,0x00000006c91f5db0,0x00000006d3200000)
 Metaspace       used 57558K, capacity 67858K, committed 68184K, reserved 1107968K
  class space    used 6697K, capacity 9224K, committed 9344K, reserved 1048576K
Event: 12.614 GC heap after
Heap after GC invocations=20 (full 3):
 PSYoungGen      total 793600K, used 73344K [0x000000076b100000, 0x00000007a7d80000, 0x00000007c0000000)
  eden space 711168K, 0% used [0x000000076b100000,0x000000076b100000,0x0000000796780000)
  from space 82432K, 88% used [0x0000000796780000,0x000000079af20000,0x000000079b800000)
  to   space 91648K, 0% used [0x00000007a2400000,0x00000007a2400000,0x00000007a7d80000)
 ParOldGen       total 294912K, used 154918K [0x00000006c1200000, 0x00000006d3200000, 0x000000076b100000)
  object space 294912K, 52% used [0x00000006c1200000,0x00000006ca9498f8,0x00000006d3200000)
 Metaspace       used 57558K, capacity 67858K, committed 68184K, reserved 1107968K
  class space    used 6697K, capacity 9224K, committed 9344K, reserved 1048576K
}
Event: 13.390 GC heap before
{Heap before GC invocations=21 (full 3):
 PSYoungGen      total 793600K, used 784512K [0x000000076b100000, 0x00000007a7d80000, 0x00000007c0000000)
  eden space 711168K, 100% used [0x000000076b100000,0x0000000796780000,0x0000000796780000)
  from space 82432K, 88% used [0x0000000796780000,0x000000079af20000,0x000000079b800000)
  to   space 91648K, 0% used [0x00000007a2400000,0x00000007a2400000,0x00000007a7d80000)
 ParOldGen       total 294912K, used 154918K [0x00000006c1200000, 0x00000006d3200000, 0x000000076b100000)
  object space 294912K, 52% used [0x00000006c1200000,0x00000006ca9498f8,0x00000006d3200000)
 Metaspace       used 57698K, capacity 68120K, committed 68440K, reserved 1107968K
  class space    used 6698K, capacity 9225K, committed 9344K, reserved 1048576K
Event: 13.421 GC heap after
Heap after GC invocations=21 (full 3):
 PSYoungGen      total 888320K, used 91648K [0x000000076b100000, 0x00000007aa280000, 0x00000007c0000000)
  eden space 796672K, 0% used [0x000000076b100000,0x000000076b100000,0x000000079bb00000)
  from space 91648K, 100% used [0x00000007a2400000,0x00000007a7d80000,0x00000007a7d80000)
  to   space 107520K, 0% used [0x000000079bb00000,0x000000079bb00000,0x00000007a2400000)
 ParOldGen       total 294912K, used 159105K [0x00000006c1200000, 0x00000006d3200000, 0x000000076b100000)
  object space 294912K, 53% used [0x00000006c1200000,0x00000006cad607a8,0x00000006d3200000)
 Metaspace       used 57698K, capacity 68120K, committed 68440K, reserved 1107968K
  class space    used 6698K, capacity 9225K, committed 9344K, reserved 1048576K
}
Event: 14.212 GC heap before
{Heap before GC invocations=22 (full 3):
 PSYoungGen      total 888320K, used 888320K [0x000000076b100000, 0x00000007aa280000, 0x00000007c0000000)
  eden space 796672K, 100% used [0x000000076b100000,0x000000079bb00000,0x000000079bb00000)
  from space 91648K, 100% used [0x00000007a2400000,0x00000007a7d80000,0x00000007a7d80000)
  to   space 107520K, 0% used [0x000000079bb00000,0x000000079bb00000,0x00000007a2400000)
 ParOldGen       total 294912K, used 159105K [0x00000006c1200000, 0x00000006d3200000, 0x000000076b100000)
  object space 294912K, 53% used [0x00000006c1200000,0x00000006cad607a8,0x00000006d3200000)
 Metaspace       used 57771K, capacity 68222K, committed 68440K, reserved 1107968K
  class space    used 6699K, capacity 9226K, committed 9344K, reserved 1048576K
Event: 14.256 GC heap after
Heap after GC invocations=22 (full 3):
 PSYoungGen      total 904192K, used 82400K [0x000000076b100000, 0x00000007b1e00000, 0x00000007c0000000)
  eden space 796672K, 0% used [0x000000076b100000,0x000000076b100000,0x000000079bb00000)
  from space 107520K, 76% used [0x000000079bb00000,0x00000007a0b78000,0x00000007a2400000)
  to   space 115200K, 0% used [0x00000007aad80000,0x00000007aad80000,0x00000007b1e00000)
 ParOldGen       total 294912K, used 197370K [0x00000006c1200000, 0x00000006d3200000, 0x000000076b100000)
  object space 294912K, 66% used [0x00000006c1200000,0x00000006cd2be9d0,0x00000006d3200000)
 Metaspace       used 57771K, capacity 68222K, committed 68440K, reserved 1107968K
  class space    used 6699K, capacity 9226K, committed 9344K, reserved 1048576K
}
Event: 15.012 GC heap before
{Heap before GC invocations=23 (full 3):
 PSYoungGen      total 904192K, used 879072K [0x000000076b100000, 0x00000007b1e00000, 0x00000007c0000000)
  eden space 796672K, 100% used [0x000000076b100000,0x000000079bb00000,0x000000079bb00000)
  from space 107520K, 76% used [0x000000079bb00000,0x00000007a0b78000,0x00000007a2400000)
  to   space 115200K, 0% used [0x00000007aad80000,0x00000007aad80000,0x00000007b1e00000)
 ParOldGen       total 294912K, used 197370K [0x00000006c1200000, 0x00000006d3200000, 0x000000076b100000)
  object space 294912K, 66% used [0x00000006c1200000,0x00000006cd2be9d0,0x00000006d3200000)
 Metaspace       used 57962K, capacity 68468K, committed 68696K, reserved 1107968K
  class space    used 6700K, capacity 9227K, committed 9344K, reserved 1048576K
Event: 15.057 GC heap after
Heap after GC invocations=23 (full 3):
 PSYoungGen      total 1029632K, used 108096K [0x000000076b100000, 0x00000007b4580000, 0x00000007c0000000)
  eden space 914432K, 0% used [0x000000076b100000,0x000000076b100000,0x00000007a2e00000)
  from space 115200K, 93% used [0x00000007aad80000,0x00000007b1710000,0x00000007b1e00000)
  to   space 130560K, 0% used [0x00000007a2e00000,0x00000007a2e00000,0x00000007aad80000)
 ParOldGen       total 294912K, used 197378K [0x00000006c1200000, 0x00000006d3200000, 0x000000076b100000)
  object space 294912K, 66% used [0x00000006c1200000,0x00000006cd2c09d0,0x00000006d3200000)
 Metaspace       used 57962K, capacity 68468K, committed 68696K, reserved 1107968K
  class space    used 6700K, capacity 9227K, committed 9344K, reserved 1048576K
}
Event: 15.933 GC heap before
{Heap before GC invocations=24 (full 3):
 PSYoungGen      total 1029632K, used 1022528K [0x000000076b100000, 0x00000007b4580000, 0x00000007c0000000)
  eden space 914432K, 100% used [0x000000076b100000,0x00000007a2e00000,0x00000007a2e00000)
  from space 115200K, 93% used [0x00000007aad80000,0x00000007b1710000,0x00000007b1e00000)
  to   space 130560K, 0% used [0x00000007a2e00000,0x00000007a2e00000,0x00000007aad80000)
 ParOldGen       total 294912K, used 197378K [0x00000006c1200000, 0x00000006d3200000, 0x000000076b100000)
  object space 294912K, 66% used [0x00000006c1200000,0x00000006cd2c09d0,0x00000006d3200000)
 Metaspace       used 58021K, capacity 68494K, committed 68696K, reserved 1107968K
  class space    used 6702K, capacity 9228K, committed 9344K, reserved 1048576K
Event: 15.970 GC heap after
Heap after GC invocations=24 (full 3):
 PSYoungGen      total 1044992K, used 130560K [0x000000076b100000, 0x00000007bfa00000, 0x00000007c0000000)
  eden space 914432K, 0% used [0x000000076b100000,0x000000076b100000,0x00000007a2e00000)
  from space 130560K, 100% used [0x00000007a2e00000,0x00000007aad80000,0x00000007aad80000)
  to   space 153600K, 0% used [0x00000007b6400000,0x00000007b6400000,0x00000007bfa00000)
 ParOldGen       total 294912K, used 205054K [0x00000006c1200000, 0x00000006d3200000, 0x000000076b100000)
  object space 294912K, 69% used [0x00000006c1200000,0x00000006cda3fb50,0x00000006d3200000)
 Metaspace       used 58021K, capacity 68494K, committed 68696K, reserved 1107968K
  class space    used 6702K, capacity 9228K, committed 9344K, reserved 1048576K
}

