# JRE version: OpenJDK Runtime Environment (8.0_242-b01) (build 1.8.0_242-release-1644-b01)
# Java VM: OpenJDK 64-Bit Server VM (25.242-b01 mixed mode windows-amd64 compressed oops)
Heap:
 PSYoungGen      total 1048064K, used 970784K [0x000000076b100000, 0x00000007be180000, 0x00000007c0000000)
  eden space 937472K, 91% used [0x000000076b100000,0x000000079f910188,0x00000007a4480000)
  from space 110592K, 99% used [0x00000007a4480000,0x00000007ab078020,0x00000007ab080000)
  to   space 135680K, 0% used [0x00000007b5d00000,0x00000007b5d00000,0x00000007be180000)
 ParOldGen       total 283648K, used 177550K [0x00000006c1200000, 0x00000006d2700000, 0x000000076b100000)
  object space 283648K, 62% used [0x00000006c1200000,0x00000006cbf63b18,0x00000006d2700000)
 Metaspace       used 65107K, capacity 77419K, committed 77696K, reserved 1116160K
  class space    used 7240K, capacity 10297K, committed 10368K, reserved 1048576K
GC Heap History (10 events):
Event: 15.230 GC heap before
{Heap before GC invocations=20 (full 3):
 PSYoungGen      total 801792K, used 801792K [0x000000076b100000, 0x00000007a3500000, 0x00000007c0000000)
  eden space 737280K, 100% used [0x000000076b100000,0x0000000798100000,0x0000000798100000)
  from space 64512K, 100% used [0x000000079cd00000,0x00000007a0c00000,0x00000007a0c00000)
  to   space 77824K, 0% used [0x0000000798100000,0x0000000798100000,0x000000079cd00000)
 ParOldGen       total 283648K, used 155069K [0x00000006c1200000, 0x00000006d2700000, 0x000000076b100000)
  object space 283648K, 54% used [0x00000006c1200000,0x00000006ca96f608,0x00000006d2700000)
 Metaspace       used 63849K, capacity 75749K, committed 76032K, reserved 1116160K
  class space    used 7200K, capacity 10185K, committed 10240K, reserved 1048576K
Event: 15.259 GC heap after
Heap after GC invocations=20 (full 3):
 PSYoungGen      total 815104K, used 59072K [0x000000076b100000, 0x00000007a8900000, 0x00000007c0000000)
  eden space 737280K, 0% used [0x000000076b100000,0x000000076b100000,0x0000000798100000)
  from space 77824K, 75% used [0x0000000798100000,0x000000079bab0000,0x000000079cd00000)
  to   space 83456K, 0% used [0x00000007a3780000,0x00000007a3780000,0x00000007a8900000)
 ParOldGen       total 283648K, used 157461K [0x00000006c1200000, 0x00000006d2700000, 0x000000076b100000)
  object space 283648K, 55% used [0x00000006c1200000,0x00000006cabc5608,0x00000006d2700000)
 Metaspace       used 63849K, capacity 75749K, committed 76032K, reserved 1116160K
  class space    used 7200K, capacity 10185K, committed 10240K, reserved 1048576K
}
Event: 16.310 GC heap before
{Heap before GC invocations=21 (full 3):
 PSYoungGen      total 815104K, used 796352K [0x000000076b100000, 0x00000007a8900000, 0x00000007c0000000)
  eden space 737280K, 100% used [0x000000076b100000,0x0000000798100000,0x0000000798100000)
  from space 77824K, 75% used [0x0000000798100000,0x000000079bab0000,0x000000079cd00000)
  to   space 83456K, 0% used [0x00000007a3780000,0x00000007a3780000,0x00000007a8900000)
 ParOldGen       total 283648K, used 157461K [0x00000006c1200000, 0x00000006d2700000, 0x000000076b100000)
  object space 283648K, 55% used [0x00000006c1200000,0x00000006cabc5608,0x00000006d2700000)
 Metaspace       used 64532K, capacity 76691K, committed 76928K, reserved 1116160K
  class space    used 7233K, capacity 10293K, committed 10368K, reserved 1048576K
Event: 16.340 GC heap after
Heap after GC invocations=21 (full 3):
 PSYoungGen      total 916992K, used 67616K [0x000000076b100000, 0x00000007a9900000, 0x00000007c0000000)
  eden space 833536K, 0% used [0x000000076b100000,0x000000076b100000,0x000000079df00000)
  from space 83456K, 81% used [0x00000007a3780000,0x00000007a7988000,0x00000007a8900000)
  to   space 90624K, 0% used [0x000000079df00000,0x000000079df00000,0x00000007a3780000)
 ParOldGen       total 283648K, used 157469K [0x00000006c1200000, 0x00000006d2700000, 0x000000076b100000)
  object space 283648K, 55% used [0x00000006c1200000,0x00000006cabc7608,0x00000006d2700000)
 Metaspace       used 64532K, capacity 76691K, committed 76928K, reserved 1116160K
  class space    used 7233K, capacity 10293K, committed 10368K, reserved 1048576K
}
Event: 17.454 GC heap before
{Heap before GC invocations=22 (full 3):
 PSYoungGen      total 916992K, used 901152K [0x000000076b100000, 0x00000007a9900000, 0x00000007c0000000)
  eden space 833536K, 100% used [0x000000076b100000,0x000000079df00000,0x000000079df00000)
  from space 83456K, 81% used [0x00000007a3780000,0x00000007a7988000,0x00000007a8900000)
  to   space 90624K, 0% used [0x000000079df00000,0x000000079df00000,0x00000007a3780000)
 ParOldGen       total 283648K, used 157469K [0x00000006c1200000, 0x00000006d2700000, 0x000000076b100000)
  object space 283648K, 55% used [0x00000006c1200000,0x00000006cabc7608,0x00000006d2700000)
 Metaspace       used 64699K, capacity 76865K, committed 77184K, reserved 1116160K
  class space    used 7236K, capacity 10294K, committed 10368K, reserved 1048576K
Event: 17.481 GC heap after
Heap after GC invocations=22 (full 3):
 PSYoungGen      total 924160K, used 67680K [0x000000076b100000, 0x00000007b0e80000, 0x00000007c0000000)
  eden space 833536K, 0% used [0x000000076b100000,0x000000076b100000,0x000000079df00000)
  from space 90624K, 74% used [0x000000079df00000,0x00000007a2118000,0x00000007a3780000)
  to   space 96256K, 0% used [0x00000007ab080000,0x00000007ab080000,0x00000007b0e80000)
 ParOldGen       total 283648K, used 157477K [0x00000006c1200000, 0x00000006d2700000, 0x000000076b100000)
  object space 283648K, 55% used [0x00000006c1200000,0x00000006cabc9608,0x00000006d2700000)
 Metaspace       used 64699K, capacity 76865K, committed 77184K, reserved 1116160K
  class space    used 7236K, capacity 10294K, committed 10368K, reserved 1048576K
}
Event: 18.570 GC heap before
{Heap before GC invocations=23 (full 3):
 PSYoungGen      total 924160K, used 901216K [0x000000076b100000, 0x00000007b0e80000, 0x00000007c0000000)
  eden space 833536K, 100% used [0x000000076b100000,0x000000079df00000,0x000000079df00000)
  from space 90624K, 74% used [0x000000079df00000,0x00000007a2118000,0x00000007a3780000)
  to   space 96256K, 0% used [0x00000007ab080000,0x00000007ab080000,0x00000007b0e80000)
 ParOldGen       total 283648K, used 157477K [0x00000006c1200000, 0x00000006d2700000, 0x000000076b100000)
  object space 283648K, 55% used [0x00000006c1200000,0x00000006cabc9608,0x00000006d2700000)
 Metaspace       used 64830K, capacity 77055K, committed 77184K, reserved 1116160K
  class space    used 7237K, capacity 10295K, committed 10368K, reserved 1048576K
Event: 18.614 GC heap after
Heap after GC invocations=23 (full 3):
 PSYoungGen      total 1033728K, used 94944K [0x000000076b100000, 0x00000007b3400000, 0x00000007c0000000)
  eden space 937472K, 0% used [0x000000076b100000,0x000000076b100000,0x00000007a4480000)
  from space 96256K, 98% used [0x00000007ab080000,0x00000007b0d38000,0x00000007b0e80000)
  to   space 110592K, 0% used [0x00000007a4480000,0x00000007a4480000,0x00000007ab080000)
 ParOldGen       total 283648K, used 157477K [0x00000006c1200000, 0x00000006d2700000, 0x000000076b100000)
  object space 283648K, 55% used [0x00000006c1200000,0x00000006cabc9608,0x00000006d2700000)
 Metaspace       used 64830K, capacity 77055K, committed 77184K, reserved 1116160K
  class space    used 7237K, capacity 10295K, committed 10368K, reserved 1048576K
}
Event: 19.669 GC heap before
{Heap before GC invocations=24 (full 3):
 PSYoungGen      total 1033728K, used 1032416K [0x000000076b100000, 0x00000007b3400000, 0x00000007c0000000)
  eden space 937472K, 100% used [0x000000076b100000,0x00000007a4480000,0x00000007a4480000)
  from space 96256K, 98% used [0x00000007ab080000,0x00000007b0d38000,0x00000007b0e80000)
  to   space 110592K, 0% used [0x00000007a4480000,0x00000007a4480000,0x00000007ab080000)
 ParOldGen       total 283648K, used 157477K [0x00000006c1200000, 0x00000006d2700000, 0x000000076b100000)
  object space 283648K, 55% used [0x00000006c1200000,0x00000006cabc9608,0x00000006d2700000)
 Metaspace       used 65010K, capacity 77225K, committed 77440K, reserved 1116160K
  class space    used 7238K, capacity 10296K, committed 10368K, reserved 1048576K
Event: 19.712 GC heap after
Heap after GC invocations=24 (full 3):
 PSYoungGen      total 1048064K, used 110560K [0x000000076b100000, 0x00000007be180000, 0x00000007c0000000)
  eden space 937472K, 0% used [0x000000076b100000,0x000000076b100000,0x00000007a4480000)
  from space 110592K, 99% used [0x00000007a4480000,0x00000007ab078020,0x00000007ab080000)
  to   space 135680K, 0% used [0x00000007b5d00000,0x00000007b5d00000,0x00000007be180000)
 ParOldGen       total 283648K, used 177550K [0x00000006c1200000, 0x00000006d2700000, 0x000000076b100000)
  object space 283648K, 62% used [0x00000006c1200000,0x00000006cbf63b18,0x00000006d2700000)
 Metaspace       used 65010K, capacity 77225K, committed 77440K, reserved 1116160K
  class space    used 7238K, capacity 10296K, committed 10368K, reserved 1048576K
}

