# JRE version: OpenJDK Runtime Environment (8.0_242-b01) (build 1.8.0_242-release-1644-b01)
# Java VM: OpenJDK 64-Bit Server VM (25.242-b01 mixed mode windows-amd64 compressed oops)
Heap:
 PSYoungGen      total 1115648K, used 737708K [0x000000076b100000, 0x00000007be180000, 0x00000007c0000000)
  eden space 1043456K, 65% used [0x000000076b100000,0x0000000794feb170,0x00000007aac00000)
  from space 72192K, 70% used [0x00000007aac00000,0x00000007add80000,0x00000007af280000)
  to   space 74752K, 0% used [0x00000007b9880000,0x00000007b9880000,0x00000007be180000)
 ParOldGen       total 556544K, used 266997K [0x00000006c1200000, 0x00000006e3180000, 0x000000076b100000)
  object space 556544K, 47% used [0x00000006c1200000,0x00000006d16bd7a0,0x00000006e3180000)
 Metaspace       used 60708K, capacity 71454K, committed 75352K, reserved 1114112K
  class space    used 6961K, capacity 9548K, committed 10112K, reserved 1048576K
GC Heap History (10 events):
Event: 17.068 GC heap before
{Heap before GC invocations=21 (full 3):
 PSYoungGen      total 854016K, used 854016K [0x000000076b100000, 0x00000007aa080000, 0x00000007c0000000)
  eden space 803328K, 100% used [0x000000076b100000,0x000000079c180000,0x000000079c180000)
  from space 50688K, 100% used [0x000000079c180000,0x000000079f300000,0x000000079f300000)
  to   space 60928K, 0% used [0x00000007a6500000,0x00000007a6500000,0x00000007aa080000)
 ParOldGen       total 275968K, used 170251K [0x00000006c1200000, 0x00000006d1f80000, 0x000000076b100000)
  object space 275968K, 61% used [0x00000006c1200000,0x00000006cb842ce8,0x00000006d1f80000)
 Metaspace       used 62852K, capacity 74746K, committed 74840K, reserved 1114112K
  class space    used 7103K, capacity 10061K, committed 10112K, reserved 1048576K
Event: 17.097 GC heap after
Heap after GC invocations=21 (full 3):
 PSYoungGen      total 970240K, used 38304K [0x000000076b100000, 0x00000007aa900000, 0x00000007c0000000)
  eden space 909312K, 0% used [0x000000076b100000,0x000000076b100000,0x00000007a2900000)
  from space 60928K, 62% used [0x00000007a6500000,0x00000007a8a68000,0x00000007aa080000)
  to   space 61440K, 0% used [0x00000007a2900000,0x00000007a2900000,0x00000007a6500000)
 ParOldGen       total 275968K, used 201207K [0x00000006c1200000, 0x00000006d1f80000, 0x000000076b100000)
  object space 275968K, 72% used [0x00000006c1200000,0x00000006cd67dec0,0x00000006d1f80000)
 Metaspace       used 62852K, capacity 74746K, committed 74840K, reserved 1114112K
  class space    used 7103K, capacity 10061K, committed 10112K, reserved 1048576K
}
Event: 18.290 GC heap before
{Heap before GC invocations=22 (full 3):
 PSYoungGen      total 970240K, used 947616K [0x000000076b100000, 0x00000007aa900000, 0x00000007c0000000)
  eden space 909312K, 100% used [0x000000076b100000,0x00000007a2900000,0x00000007a2900000)
  from space 60928K, 62% used [0x00000007a6500000,0x00000007a8a68000,0x00000007aa080000)
  to   space 61440K, 0% used [0x00000007a2900000,0x00000007a2900000,0x00000007a6500000)
 ParOldGen       total 275968K, used 201207K [0x00000006c1200000, 0x00000006d1f80000, 0x000000076b100000)
  object space 275968K, 72% used [0x00000006c1200000,0x00000006cd67dec0,0x00000006d1f80000)
 Metaspace       used 62965K, capacity 74828K, committed 75096K, reserved 1114112K
  class space    used 7105K, capacity 10062K, committed 10112K, reserved 1048576K
Event: 18.323 GC heap after
Heap after GC invocations=22 (full 3):
 PSYoungGen      total 970752K, used 61440K [0x000000076b100000, 0x00000007b3980000, 0x00000007c0000000)
  eden space 909312K, 0% used [0x000000076b100000,0x000000076b100000,0x00000007a2900000)
  from space 61440K, 100% used [0x00000007a2900000,0x00000007a6500000,0x00000007a6500000)
  to   space 72704K, 0% used [0x00000007af280000,0x00000007af280000,0x00000007b3980000)
 ParOldGen       total 275968K, used 206679K [0x00000006c1200000, 0x00000006d1f80000, 0x000000076b100000)
  object space 275968K, 74% used [0x00000006c1200000,0x00000006cdbd5f10,0x00000006d1f80000)
 Metaspace       used 62965K, capacity 74828K, committed 75096K, reserved 1114112K
  class space    used 7105K, capacity 10062K, committed 10112K, reserved 1048576K
}
Event: 19.457 GC heap before
{Heap before GC invocations=23 (full 3):
 PSYoungGen      total 970752K, used 970752K [0x000000076b100000, 0x00000007b3980000, 0x00000007c0000000)
  eden space 909312K, 100% used [0x000000076b100000,0x00000007a2900000,0x00000007a2900000)
  from space 61440K, 100% used [0x00000007a2900000,0x00000007a6500000,0x00000007a6500000)
  to   space 72704K, 0% used [0x00000007af280000,0x00000007af280000,0x00000007b3980000)
 ParOldGen       total 275968K, used 206679K [0x00000006c1200000, 0x00000006d1f80000, 0x000000076b100000)
  object space 275968K, 74% used [0x00000006c1200000,0x00000006cdbd5f10,0x00000006d1f80000)
 Metaspace       used 63156K, capacity 75118K, committed 75352K, reserved 1114112K
  class space    used 7106K, capacity 10063K, committed 10112K, reserved 1048576K
Event: 19.497 GC heap after
Heap after GC invocations=23 (full 3):
 PSYoungGen      total 1116160K, used 42624K [0x000000076b100000, 0x00000007b4200000, 0x00000007c0000000)
  eden space 1043456K, 0% used [0x000000076b100000,0x000000076b100000,0x00000007aac00000)
  from space 72704K, 58% used [0x00000007af280000,0x00000007b1c20000,0x00000007b3980000)
  to   space 72192K, 0% used [0x00000007aac00000,0x00000007aac00000,0x00000007af280000)
 ParOldGen       total 275968K, used 257348K [0x00000006c1200000, 0x00000006d1f80000, 0x000000076b100000)
  object space 275968K, 93% used [0x00000006c1200000,0x00000006d0d51378,0x00000006d1f80000)
 Metaspace       used 63156K, capacity 75118K, committed 75352K, reserved 1114112K
  class space    used 7106K, capacity 10063K, committed 10112K, reserved 1048576K
}
Event: 19.497 GC heap before
{Heap before GC invocations=24 (full 4):
 PSYoungGen      total 1116160K, used 42624K [0x000000076b100000, 0x00000007b4200000, 0x00000007c0000000)
  eden space 1043456K, 0% used [0x000000076b100000,0x000000076b100000,0x00000007aac00000)
  from space 72704K, 58% used [0x00000007af280000,0x00000007b1c20000,0x00000007b3980000)
  to   space 72192K, 0% used [0x00000007aac00000,0x00000007aac00000,0x00000007af280000)
 ParOldGen       total 275968K, used 257348K [0x00000006c1200000, 0x00000006d1f80000, 0x000000076b100000)
  object space 275968K, 93% used [0x00000006c1200000,0x00000006d0d51378,0x00000006d1f80000)
 Metaspace       used 63156K, capacity 75118K, committed 75352K, reserved 1114112K
  class space    used 7106K, capacity 10063K, committed 10112K, reserved 1048576K
Event: 19.773 GC heap after
Heap after GC invocations=24 (full 4):
 PSYoungGen      total 1116160K, used 0K [0x000000076b100000, 0x00000007b4200000, 0x00000007c0000000)
  eden space 1043456K, 0% used [0x000000076b100000,0x000000076b100000,0x00000007aac00000)
  from space 72704K, 0% used [0x00000007af280000,0x00000007af280000,0x00000007b3980000)
  to   space 72192K, 0% used [0x00000007aac00000,0x00000007aac00000,0x00000007af280000)
 ParOldGen       total 556544K, used 266989K [0x00000006c1200000, 0x00000006e3180000, 0x000000076b100000)
  object space 556544K, 47% used [0x00000006c1200000,0x00000006d16bb7a0,0x00000006e3180000)
 Metaspace       used 60411K, capacity 71130K, committed 75352K, reserved 1114112K
  class space    used 6951K, capacity 9540K, committed 10112K, reserved 1048576K
}
Event: 21.094 GC heap before
{Heap before GC invocations=25 (full 4):
 PSYoungGen      total 1116160K, used 1043456K [0x000000076b100000, 0x00000007b4200000, 0x00000007c0000000)
  eden space 1043456K, 100% used [0x000000076b100000,0x00000007aac00000,0x00000007aac00000)
  from space 72704K, 0% used [0x00000007af280000,0x00000007af280000,0x00000007b3980000)
  to   space 72192K, 0% used [0x00000007aac00000,0x00000007aac00000,0x00000007af280000)
 ParOldGen       total 556544K, used 266989K [0x00000006c1200000, 0x00000006e3180000, 0x000000076b100000)
  object space 556544K, 47% used [0x00000006c1200000,0x00000006d16bb7a0,0x00000006e3180000)
 Metaspace       used 60534K, capacity 71250K, committed 75352K, reserved 1114112K
  class space    used 6956K, capacity 9544K, committed 10112K, reserved 1048576K
Event: 21.118 GC heap after
Heap after GC invocations=25 (full 4):
 PSYoungGen      total 1115648K, used 50688K [0x000000076b100000, 0x00000007be180000, 0x00000007c0000000)
  eden space 1043456K, 0% used [0x000000076b100000,0x000000076b100000,0x00000007aac00000)
  from space 72192K, 70% used [0x00000007aac00000,0x00000007add80000,0x00000007af280000)
  to   space 74752K, 0% used [0x00000007b9880000,0x00000007b9880000,0x00000007be180000)
 ParOldGen       total 556544K, used 266997K [0x00000006c1200000, 0x00000006e3180000, 0x000000076b100000)
  object space 556544K, 47% used [0x00000006c1200000,0x00000006d16bd7a0,0x00000006e3180000)
 Metaspace       used 60534K, capacity 71250K, committed 75352K, reserved 1114112K
  class space    used 6956K, capacity 9544K, committed 10112K, reserved 1048576K
}

