# JRE version: OpenJDK Runtime Environment (8.0_242-b01) (build 1.8.0_242-release-1644-b01)
# Java VM: OpenJDK 64-Bit Server VM (25.242-b01 mixed mode windows-amd64 compressed oops)
Heap:
 PSYoungGen      total 945664K, used 524066K [0x000000076b100000, 0x00000007b5e00000, 0x00000007c0000000)
  eden space 809472K, 47% used [0x000000076b100000,0x0000000782bcca98,0x000000079c780000)
  from space 136192K, 99% used [0x000000079c780000,0x00000007a4c7c010,0x00000007a4c80000)
  to   space 160768K, 0% used [0x00000007ac100000,0x00000007ac100000,0x00000007b5e00000)
 ParOldGen       total 427008K, used 196532K [0x00000006c1200000, 0x00000006db300000, 0x000000076b100000)
  object space 427008K, 46% used [0x00000006c1200000,0x00000006cd1ed340,0x00000006db300000)
 Metaspace       used 63549K, capacity 75502K, committed 75648K, reserved 1114112K
  class space    used 7174K, capacity 10102K, committed 10112K, reserved 1048576K
GC Heap History (10 events):
Event: 14.873 GC heap before
{Heap before GC invocations=25 (full 4):
 PSYoungGen      total 719360K, used 707680K [0x000000076b100000, 0x000000079dd00000, 0x00000007c0000000)
  eden space 637440K, 100% used [0x000000076b100000,0x0000000791f80000,0x0000000791f80000)
  from space 81920K, 85% used [0x0000000797800000,0x000000079bc98000,0x000000079c800000)
  to   space 90624K, 0% used [0x0000000791f80000,0x0000000791f80000,0x0000000797800000)
 ParOldGen       total 427008K, used 159982K [0x00000006c1200000, 0x00000006db300000, 0x000000076b100000)
  object space 427008K, 37% used [0x00000006c1200000,0x00000006cae3b978,0x00000006db300000)
 Metaspace       used 62790K, capacity 74612K, committed 74880K, reserved 1114112K
  class space    used 7149K, capacity 10081K, committed 10112K, reserved 1048576K
Event: 14.905 GC heap after
Heap after GC invocations=25 (full 4):
 PSYoungGen      total 728064K, used 90624K [0x000000076b100000, 0x00000007a4700000, 0x00000007c0000000)
  eden space 637440K, 0% used [0x000000076b100000,0x000000076b100000,0x0000000791f80000)
  from space 90624K, 100% used [0x0000000791f80000,0x0000000797800000,0x0000000797800000)
  to   space 106496K, 0% used [0x000000079df00000,0x000000079df00000,0x00000007a4700000)
 ParOldGen       total 427008K, used 163111K [0x00000006c1200000, 0x00000006db300000, 0x000000076b100000)
  object space 427008K, 38% used [0x00000006c1200000,0x00000006cb149ec0,0x00000006db300000)
 Metaspace       used 62790K, capacity 74612K, committed 74880K, reserved 1114112K
  class space    used 7149K, capacity 10081K, committed 10112K, reserved 1048576K
}
Event: 15.715 GC heap before
{Heap before GC invocations=26 (full 4):
 PSYoungGen      total 728064K, used 728064K [0x000000076b100000, 0x00000007a4700000, 0x00000007c0000000)
  eden space 637440K, 100% used [0x000000076b100000,0x0000000791f80000,0x0000000791f80000)
  from space 90624K, 100% used [0x0000000791f80000,0x0000000797800000,0x0000000797800000)
  to   space 106496K, 0% used [0x000000079df00000,0x000000079df00000,0x00000007a4700000)
 ParOldGen       total 427008K, used 163111K [0x00000006c1200000, 0x00000006db300000, 0x000000076b100000)
  object space 427008K, 38% used [0x00000006c1200000,0x00000006cb149ec0,0x00000006db300000)
 Metaspace       used 62936K, capacity 74780K, committed 74880K, reserved 1114112K
  class space    used 7155K, capacity 10085K, committed 10112K, reserved 1048576K
Event: 15.748 GC heap after
Heap after GC invocations=26 (full 4):
 PSYoungGen      total 831488K, used 65216K [0x000000076b100000, 0x00000007a4d80000, 0x00000007c0000000)
  eden space 724992K, 0% used [0x000000076b100000,0x000000076b100000,0x0000000797500000)
  from space 106496K, 61% used [0x000000079df00000,0x00000007a1eb0000,0x00000007a4700000)
  to   space 108544K, 0% used [0x0000000797500000,0x0000000797500000,0x000000079df00000)
 ParOldGen       total 427008K, used 189085K [0x00000006c1200000, 0x00000006db300000, 0x000000076b100000)
  object space 427008K, 44% used [0x00000006c1200000,0x00000006ccaa77e0,0x00000006db300000)
 Metaspace       used 62936K, capacity 74780K, committed 74880K, reserved 1114112K
  class space    used 7155K, capacity 10085K, committed 10112K, reserved 1048576K
}
Event: 16.623 GC heap before
{Heap before GC invocations=27 (full 4):
 PSYoungGen      total 831488K, used 790208K [0x000000076b100000, 0x00000007a4d80000, 0x00000007c0000000)
  eden space 724992K, 100% used [0x000000076b100000,0x0000000797500000,0x0000000797500000)
  from space 106496K, 61% used [0x000000079df00000,0x00000007a1eb0000,0x00000007a4700000)
  to   space 108544K, 0% used [0x0000000797500000,0x0000000797500000,0x000000079df00000)
 ParOldGen       total 427008K, used 189085K [0x00000006c1200000, 0x00000006db300000, 0x000000076b100000)
  object space 427008K, 44% used [0x00000006c1200000,0x00000006ccaa77e0,0x00000006db300000)
 Metaspace       used 63140K, capacity 75000K, committed 75136K, reserved 1114112K
  class space    used 7160K, capacity 10089K, committed 10112K, reserved 1048576K
Event: 16.649 GC heap after
Heap after GC invocations=27 (full 4):
 PSYoungGen      total 833536K, used 90784K [0x000000076b100000, 0x00000007ac080000, 0x00000007c0000000)
  eden space 724992K, 0% used [0x000000076b100000,0x000000076b100000,0x0000000797500000)
  from space 108544K, 83% used [0x0000000797500000,0x000000079cda8000,0x000000079df00000)
  to   space 118784K, 0% used [0x00000007a4c80000,0x00000007a4c80000,0x00000007ac080000)
 ParOldGen       total 427008K, used 189093K [0x00000006c1200000, 0x00000006db300000, 0x000000076b100000)
  object space 427008K, 44% used [0x00000006c1200000,0x00000006ccaa97e0,0x00000006db300000)
 Metaspace       used 63140K, capacity 75000K, committed 75136K, reserved 1114112K
  class space    used 7160K, capacity 10089K, committed 10112K, reserved 1048576K
}
Event: 17.429 GC heap before
{Heap before GC invocations=28 (full 4):
 PSYoungGen      total 833536K, used 815776K [0x000000076b100000, 0x00000007ac080000, 0x00000007c0000000)
  eden space 724992K, 100% used [0x000000076b100000,0x0000000797500000,0x0000000797500000)
  from space 108544K, 83% used [0x0000000797500000,0x000000079cda8000,0x000000079df00000)
  to   space 118784K, 0% used [0x00000007a4c80000,0x00000007a4c80000,0x00000007ac080000)
 ParOldGen       total 427008K, used 189093K [0x00000006c1200000, 0x00000006db300000, 0x000000076b100000)
  object space 427008K, 44% used [0x00000006c1200000,0x00000006ccaa97e0,0x00000006db300000)
 Metaspace       used 63246K, capacity 75164K, committed 75392K, reserved 1114112K
  class space    used 7165K, capacity 10093K, committed 10112K, reserved 1048576K
Event: 17.469 GC heap after
Heap after GC invocations=28 (full 4):
 PSYoungGen      total 928256K, used 114816K [0x000000076b100000, 0x00000007aea00000, 0x00000007c0000000)
  eden space 809472K, 0% used [0x000000076b100000,0x000000076b100000,0x000000079c780000)
  from space 118784K, 96% used [0x00000007a4c80000,0x00000007abca0000,0x00000007ac080000)
  to   space 136192K, 0% used [0x000000079c780000,0x000000079c780000,0x00000007a4c80000)
 ParOldGen       total 427008K, used 189101K [0x00000006c1200000, 0x00000006db300000, 0x000000076b100000)
  object space 427008K, 44% used [0x00000006c1200000,0x00000006ccaab7e0,0x00000006db300000)
 Metaspace       used 63246K, capacity 75164K, committed 75392K, reserved 1114112K
  class space    used 7165K, capacity 10093K, committed 10112K, reserved 1048576K
}
Event: 18.352 GC heap before
{Heap before GC invocations=29 (full 4):
 PSYoungGen      total 928256K, used 924288K [0x000000076b100000, 0x00000007aea00000, 0x00000007c0000000)
  eden space 809472K, 100% used [0x000000076b100000,0x000000079c780000,0x000000079c780000)
  from space 118784K, 96% used [0x00000007a4c80000,0x00000007abca0000,0x00000007ac080000)
  to   space 136192K, 0% used [0x000000079c780000,0x000000079c780000,0x00000007a4c80000)
 ParOldGen       total 427008K, used 189101K [0x00000006c1200000, 0x00000006db300000, 0x000000076b100000)
  object space 427008K, 44% used [0x00000006c1200000,0x00000006ccaab7e0,0x00000006db300000)
 Metaspace       used 63455K, capacity 75392K, committed 75648K, reserved 1114112K
  class space    used 7169K, capacity 10097K, committed 10112K, reserved 1048576K
Event: 18.394 GC heap after
Heap after GC invocations=29 (full 4):
 PSYoungGen      total 945664K, used 136176K [0x000000076b100000, 0x00000007b5e00000, 0x00000007c0000000)
  eden space 809472K, 0% used [0x000000076b100000,0x000000076b100000,0x000000079c780000)
  from space 136192K, 99% used [0x000000079c780000,0x00000007a4c7c010,0x00000007a4c80000)
  to   space 160768K, 0% used [0x00000007ac100000,0x00000007ac100000,0x00000007b5e00000)
 ParOldGen       total 427008K, used 196532K [0x00000006c1200000, 0x00000006db300000, 0x000000076b100000)
  object space 427008K, 46% used [0x00000006c1200000,0x00000006cd1ed340,0x00000006db300000)
 Metaspace       used 63455K, capacity 75392K, committed 75648K, reserved 1114112K
  class space    used 7169K, capacity 10097K, committed 10112K, reserved 1048576K
}

