# JRE version: OpenJDK Runtime Environment (8.0_242-b01) (build 1.8.0_242-release-1644-b01)
# Java VM: OpenJDK 64-Bit Server VM (25.242-b01 mixed mode windows-amd64 compressed oops)
Heap:
 PSYoungGen      total 1029120K, used 300860K [0x000000076b100000, 0x00000007bc300000, 0x00000007c0000000)
  eden space 887808K, 17% used [0x000000076b100000,0x0000000774cd7050,0x00000007a1400000)
  from space 141312K, 99% used [0x00000007a1400000,0x00000007a9df8020,0x00000007a9e00000)
  to   space 165376K, 0% used [0x00000007b2180000,0x00000007b2180000,0x00000007bc300000)
 ParOldGen       total 399872K, used 179488K [0x00000006c1200000, 0x00000006d9880000, 0x000000076b100000)
  object space 399872K, 44% used [0x00000006c1200000,0x00000006cc1480e0,0x00000006d9880000)
 Metaspace       used 63337K, capacity 75190K, committed 75392K, reserved 1114112K
  class space    used 7142K, capacity 10084K, committed 10112K, reserved 1048576K
GC Heap History (10 events):
Event: 17.148 GC heap before
{Heap before GC invocations=25 (full 4):
 PSYoungGen      total 772608K, used 770016K [0x000000076b100000, 0x00000007a1600000, 0x00000007c0000000)
  eden space 691712K, 100% used [0x000000076b100000,0x0000000795480000,0x0000000795480000)
  from space 80896K, 96% used [0x000000079af00000,0x000000079fb78000,0x000000079fe00000)
  to   space 92672K, 0% used [0x0000000795480000,0x0000000795480000,0x000000079af00000)
 ParOldGen       total 399872K, used 144585K [0x00000006c1200000, 0x00000006d9880000, 0x000000076b100000)
  object space 399872K, 36% used [0x00000006c1200000,0x00000006c9f327e0,0x00000006d9880000)
 Metaspace       used 62673K, capacity 74370K, committed 74624K, reserved 1114112K
  class space    used 7124K, capacity 10070K, committed 10112K, reserved 1048576K
Event: 17.186 GC heap after
Heap after GC invocations=25 (full 4):
 PSYoungGen      total 784384K, used 92672K [0x000000076b100000, 0x00000007a8e00000, 0x00000007c0000000)
  eden space 691712K, 0% used [0x000000076b100000,0x000000076b100000,0x0000000795480000)
  from space 92672K, 100% used [0x0000000795480000,0x000000079af00000,0x000000079af00000)
  to   space 110592K, 0% used [0x00000007a2200000,0x00000007a2200000,0x00000007a8e00000)
 ParOldGen       total 399872K, used 151936K [0x00000006c1200000, 0x00000006d9880000, 0x000000076b100000)
  object space 399872K, 37% used [0x00000006c1200000,0x00000006ca6601d8,0x00000006d9880000)
 Metaspace       used 62673K, capacity 74370K, committed 74624K, reserved 1114112K
  class space    used 7124K, capacity 10070K, committed 10112K, reserved 1048576K
}
Event: 18.034 GC heap before
{Heap before GC invocations=26 (full 4):
 PSYoungGen      total 784384K, used 784384K [0x000000076b100000, 0x00000007a8e00000, 0x00000007c0000000)
  eden space 691712K, 100% used [0x000000076b100000,0x0000000795480000,0x0000000795480000)
  from space 92672K, 100% used [0x0000000795480000,0x000000079af00000,0x000000079af00000)
  to   space 110592K, 0% used [0x00000007a2200000,0x00000007a2200000,0x00000007a8e00000)
 ParOldGen       total 399872K, used 151936K [0x00000006c1200000, 0x00000006d9880000, 0x000000076b100000)
  object space 399872K, 37% used [0x00000006c1200000,0x00000006ca6601d8,0x00000006d9880000)
 Metaspace       used 62805K, capacity 74556K, committed 74624K, reserved 1114112K
  class space    used 7128K, capacity 10073K, committed 10112K, reserved 1048576K
Event: 18.064 GC heap after
Heap after GC invocations=26 (full 4):
 PSYoungGen      total 899584K, used 68896K [0x000000076b100000, 0x00000007a9480000, 0x00000007c0000000)
  eden space 788992K, 0% used [0x000000076b100000,0x000000076b100000,0x000000079b380000)
  from space 110592K, 62% used [0x00000007a2200000,0x00000007a6548000,0x00000007a8e00000)
  to   space 113152K, 0% used [0x000000079b380000,0x000000079b380000,0x00000007a2200000)
 ParOldGen       total 399872K, used 175157K [0x00000006c1200000, 0x00000006d9880000, 0x000000076b100000)
  object space 399872K, 43% used [0x00000006c1200000,0x00000006cbd0d4c0,0x00000006d9880000)
 Metaspace       used 62805K, capacity 74556K, committed 74624K, reserved 1114112K
  class space    used 7128K, capacity 10073K, committed 10112K, reserved 1048576K
}
Event: 19.151 GC heap before
{Heap before GC invocations=27 (full 4):
 PSYoungGen      total 899584K, used 857888K [0x000000076b100000, 0x00000007a9480000, 0x00000007c0000000)
  eden space 788992K, 100% used [0x000000076b100000,0x000000079b380000,0x000000079b380000)
  from space 110592K, 62% used [0x00000007a2200000,0x00000007a6548000,0x00000007a8e00000)
  to   space 113152K, 0% used [0x000000079b380000,0x000000079b380000,0x00000007a2200000)
 ParOldGen       total 399872K, used 175157K [0x00000006c1200000, 0x00000006d9880000, 0x000000076b100000)
  object space 399872K, 43% used [0x00000006c1200000,0x00000006cbd0d4c0,0x00000006d9880000)
 Metaspace       used 62977K, capacity 74742K, committed 74880K, reserved 1114112K
  class space    used 7132K, capacity 10076K, committed 10112K, reserved 1048576K
Event: 19.188 GC heap after
Heap after GC invocations=27 (full 4):
 PSYoungGen      total 902144K, used 94368K [0x000000076b100000, 0x00000007b1780000, 0x00000007c0000000)
  eden space 788992K, 0% used [0x000000076b100000,0x000000076b100000,0x000000079b380000)
  from space 113152K, 83% used [0x000000079b380000,0x00000007a0fa8000,0x00000007a2200000)
  to   space 124416K, 0% used [0x00000007a9e00000,0x00000007a9e00000,0x00000007b1780000)
 ParOldGen       total 399872K, used 175157K [0x00000006c1200000, 0x00000006d9880000, 0x000000076b100000)
  object space 399872K, 43% used [0x00000006c1200000,0x00000006cbd0d4c0,0x00000006d9880000)
 Metaspace       used 62977K, capacity 74742K, committed 74880K, reserved 1114112K
  class space    used 7132K, capacity 10076K, committed 10112K, reserved 1048576K
}
Event: 20.120 GC heap before
{Heap before GC invocations=28 (full 4):
 PSYoungGen      total 902144K, used 883360K [0x000000076b100000, 0x00000007b1780000, 0x00000007c0000000)
  eden space 788992K, 100% used [0x000000076b100000,0x000000079b380000,0x000000079b380000)
  from space 113152K, 83% used [0x000000079b380000,0x00000007a0fa8000,0x00000007a2200000)
  to   space 124416K, 0% used [0x00000007a9e00000,0x00000007a9e00000,0x00000007b1780000)
 ParOldGen       total 399872K, used 175157K [0x00000006c1200000, 0x00000006d9880000, 0x000000076b100000)
  object space 399872K, 43% used [0x00000006c1200000,0x00000006cbd0d4c0,0x00000006d9880000)
 Metaspace       used 63083K, capacity 74868K, committed 75136K, reserved 1114112K
  class space    used 7136K, capacity 10079K, committed 10112K, reserved 1048576K
Event: 20.176 GC heap after
Heap after GC invocations=28 (full 4):
 PSYoungGen      total 1012224K, used 116512K [0x000000076b100000, 0x00000007b4580000, 0x00000007c0000000)
  eden space 887808K, 0% used [0x000000076b100000,0x000000076b100000,0x00000007a1400000)
  from space 124416K, 93% used [0x00000007a9e00000,0x00000007b0fc8000,0x00000007b1780000)
  to   space 141312K, 0% used [0x00000007a1400000,0x00000007a1400000,0x00000007a9e00000)
 ParOldGen       total 399872K, used 175165K [0x00000006c1200000, 0x00000006d9880000, 0x000000076b100000)
  object space 399872K, 43% used [0x00000006c1200000,0x00000006cbd0f4c0,0x00000006d9880000)
 Metaspace       used 63083K, capacity 74868K, committed 75136K, reserved 1114112K
  class space    used 7136K, capacity 10079K, committed 10112K, reserved 1048576K
}
Event: 21.142 GC heap before
{Heap before GC invocations=29 (full 4):
 PSYoungGen      total 1012224K, used 1004320K [0x000000076b100000, 0x00000007b4580000, 0x00000007c0000000)
  eden space 887808K, 100% used [0x000000076b100000,0x00000007a1400000,0x00000007a1400000)
  from space 124416K, 93% used [0x00000007a9e00000,0x00000007b0fc8000,0x00000007b1780000)
  to   space 141312K, 0% used [0x00000007a1400000,0x00000007a1400000,0x00000007a9e00000)
 ParOldGen       total 399872K, used 175165K [0x00000006c1200000, 0x00000006d9880000, 0x000000076b100000)
  object space 399872K, 43% used [0x00000006c1200000,0x00000006cbd0f4c0,0x00000006d9880000)
 Metaspace       used 63281K, capacity 75142K, committed 75392K, reserved 1114112K
  class space    used 7139K, capacity 10082K, committed 10112K, reserved 1048576K
Event: 21.185 GC heap after
Heap after GC invocations=29 (full 4):
 PSYoungGen      total 1029120K, used 141280K [0x000000076b100000, 0x00000007bc300000, 0x00000007c0000000)
  eden space 887808K, 0% used [0x000000076b100000,0x000000076b100000,0x00000007a1400000)
  from space 141312K, 99% used [0x00000007a1400000,0x00000007a9df8020,0x00000007a9e00000)
  to   space 165376K, 0% used [0x00000007b2180000,0x00000007b2180000,0x00000007bc300000)
 ParOldGen       total 399872K, used 179488K [0x00000006c1200000, 0x00000006d9880000, 0x000000076b100000)
  object space 399872K, 44% used [0x00000006c1200000,0x00000006cc1480e0,0x00000006d9880000)
 Metaspace       used 63281K, capacity 75142K, committed 75392K, reserved 1114112K
  class space    used 7139K, capacity 10082K, committed 10112K, reserved 1048576K
}

