# JRE version: OpenJDK Runtime Environment (8.0_242-b01) (build 1.8.0_242-release-1644-b01)
# Java VM: OpenJDK 64-Bit Server VM (25.242-b01 mixed mode windows-amd64 compressed oops)
Heap:
 PSYoungGen      total 829952K, used 621057K [0x000000076b100000, 0x00000007a5100000, 0x00000007c0000000)
  eden space 744960K, 73% used [0x000000076b100000,0x000000078c700418,0x0000000798880000)
  from space 84992K, 87% used [0x000000079e500000,0x00000007a2d80000,0x00000007a3800000)
  to   space 94720K, 0% used [0x0000000798880000,0x0000000798880000,0x000000079e500000)
 ParOldGen       total 286208K, used 153189K [0x00000006c1200000, 0x00000006d2980000, 0x000000076b100000)
  object space 286208K, 53% used [0x00000006c1200000,0x00000006ca799718,0x00000006d2980000)
 Metaspace       used 58037K, capacity 68564K, committed 68696K, reserved 1107968K
  class space    used 6734K, capacity 9291K, committed 9344K, reserved 1048576K
GC Heap History (10 events):
Event: 9.315 GC heap before
{Heap before GC invocations=15 (full 3):
 PSYoungGen      total 500736K, used 487973K [0x000000076b100000, 0x0000000791b00000, 0x00000007c0000000)
  eden space 461824K, 100% used [0x000000076b100000,0x0000000787400000,0x0000000787400000)
  from space 38912K, 67% used [0x0000000787400000,0x0000000788d89750,0x0000000789a00000)
  to   space 39424K, 0% used [0x000000078f480000,0x000000078f480000,0x0000000791b00000)
 ParOldGen       total 286208K, used 77620K [0x00000006c1200000, 0x00000006d2980000, 0x000000076b100000)
  object space 286208K, 27% used [0x00000006c1200000,0x00000006c5dcd070,0x00000006d2980000)
 Metaspace       used 56843K, capacity 66904K, committed 67160K, reserved 1107968K
  class space    used 6719K, capacity 9267K, committed 9344K, reserved 1048576K
Event: 9.332 GC heap after
Heap after GC invocations=15 (full 3):
 PSYoungGen      total 584192K, used 39412K [0x000000076b100000, 0x0000000792100000, 0x00000007c0000000)
  eden space 544768K, 0% used [0x000000076b100000,0x000000076b100000,0x000000078c500000)
  from space 39424K, 99% used [0x000000078f480000,0x0000000791afd010,0x0000000791b00000)
  to   space 47104K, 0% used [0x000000078c500000,0x000000078c500000,0x000000078f300000)
 ParOldGen       total 286208K, used 84929K [0x00000006c1200000, 0x00000006d2980000, 0x000000076b100000)
  object space 286208K, 29% used [0x00000006c1200000,0x00000006c64f07d0,0x00000006d2980000)
 Metaspace       used 56843K, capacity 66904K, committed 67160K, reserved 1107968K
  class space    used 6719K, capacity 9267K, committed 9344K, reserved 1048576K
}
Event: 10.788 GC heap before
{Heap before GC invocations=16 (full 3):
 PSYoungGen      total 584192K, used 584180K [0x000000076b100000, 0x0000000792100000, 0x00000007c0000000)
  eden space 544768K, 100% used [0x000000076b100000,0x000000078c500000,0x000000078c500000)
  from space 39424K, 99% used [0x000000078f480000,0x0000000791afd010,0x0000000791b00000)
  to   space 47104K, 0% used [0x000000078c500000,0x000000078c500000,0x000000078f300000)
 ParOldGen       total 286208K, used 84929K [0x00000006c1200000, 0x00000006d2980000, 0x000000076b100000)
  object space 286208K, 29% used [0x00000006c1200000,0x00000006c64f07d0,0x00000006d2980000)
 Metaspace       used 57236K, capacity 67442K, committed 67672K, reserved 1107968K
  class space    used 6727K, capacity 9282K, committed 9344K, reserved 1048576K
Event: 10.812 GC heap after
Heap after GC invocations=16 (full 3):
 PSYoungGen      total 591872K, used 47092K [0x000000076b100000, 0x0000000799880000, 0x00000007c0000000)
  eden space 544768K, 0% used [0x000000076b100000,0x000000076b100000,0x000000078c500000)
  from space 47104K, 99% used [0x000000078c500000,0x000000078f2fd010,0x000000078f300000)
  to   space 60928K, 0% used [0x0000000795d00000,0x0000000795d00000,0x0000000799880000)
 ParOldGen       total 286208K, used 103296K [0x00000006c1200000, 0x00000006d2980000, 0x000000076b100000)
  object space 286208K, 36% used [0x00000006c1200000,0x00000006c76e0060,0x00000006d2980000)
 Metaspace       used 57236K, capacity 67442K, committed 67672K, reserved 1107968K
  class space    used 6727K, capacity 9282K, committed 9344K, reserved 1048576K
}
Event: 11.888 GC heap before
{Heap before GC invocations=17 (full 3):
 PSYoungGen      total 591872K, used 591860K [0x000000076b100000, 0x0000000799880000, 0x00000007c0000000)
  eden space 544768K, 100% used [0x000000076b100000,0x000000078c500000,0x000000078c500000)
  from space 47104K, 99% used [0x000000078c500000,0x000000078f2fd010,0x000000078f300000)
  to   space 60928K, 0% used [0x0000000795d00000,0x0000000795d00000,0x0000000799880000)
 ParOldGen       total 286208K, used 103296K [0x00000006c1200000, 0x00000006d2980000, 0x000000076b100000)
  object space 286208K, 36% used [0x00000006c1200000,0x00000006c76e0060,0x00000006d2980000)
 Metaspace       used 57479K, capacity 67818K, committed 67928K, reserved 1107968K
  class space    used 6729K, capacity 9284K, committed 9344K, reserved 1048576K
Event: 11.913 GC heap after
Heap after GC invocations=17 (full 3):
 PSYoungGen      total 692736K, used 57556K [0x000000076b100000, 0x000000079ac80000, 0x00000007c0000000)
  eden space 631808K, 0% used [0x000000076b100000,0x000000076b100000,0x0000000791a00000)
  from space 60928K, 94% used [0x0000000795d00000,0x0000000799535010,0x0000000799880000)
  to   space 68608K, 0% used [0x0000000791a00000,0x0000000791a00000,0x0000000795d00000)
 ParOldGen       total 286208K, used 117432K [0x00000006c1200000, 0x00000006d2980000, 0x000000076b100000)
  object space 286208K, 41% used [0x00000006c1200000,0x00000006c84ae380,0x00000006d2980000)
 Metaspace       used 57479K, capacity 67818K, committed 67928K, reserved 1107968K
  class space    used 6729K, capacity 9284K, committed 9344K, reserved 1048576K
}
Event: 13.012 GC heap before
{Heap before GC invocations=18 (full 3):
 PSYoungGen      total 692736K, used 689364K [0x000000076b100000, 0x000000079ac80000, 0x00000007c0000000)
  eden space 631808K, 100% used [0x000000076b100000,0x0000000791a00000,0x0000000791a00000)
  from space 60928K, 94% used [0x0000000795d00000,0x0000000799535010,0x0000000799880000)
  to   space 68608K, 0% used [0x0000000791a00000,0x0000000791a00000,0x0000000795d00000)
 ParOldGen       total 286208K, used 117432K [0x00000006c1200000, 0x00000006d2980000, 0x000000076b100000)
  object space 286208K, 41% used [0x00000006c1200000,0x00000006c84ae380,0x00000006d2980000)
 Metaspace       used 57688K, capacity 68070K, committed 68184K, reserved 1107968K
  class space    used 6730K, capacity 9286K, committed 9344K, reserved 1048576K
Event: 13.042 GC heap after
Heap after GC invocations=18 (full 3):
 PSYoungGen      total 700416K, used 68608K [0x000000076b100000, 0x00000007a3800000, 0x00000007c0000000)
  eden space 631808K, 0% used [0x000000076b100000,0x000000076b100000,0x0000000791a00000)
  from space 68608K, 100% used [0x0000000791a00000,0x0000000795d00000,0x0000000795d00000)
  to   space 84992K, 0% used [0x000000079e500000,0x000000079e500000,0x00000007a3800000)
 ParOldGen       total 286208K, used 133580K [0x00000006c1200000, 0x00000006d2980000, 0x000000076b100000)
  object space 286208K, 46% used [0x00000006c1200000,0x00000006c94732a0,0x00000006d2980000)
 Metaspace       used 57688K, capacity 68070K, committed 68184K, reserved 1107968K
  class space    used 6730K, capacity 9286K, committed 9344K, reserved 1048576K
}
Event: 14.122 GC heap before
{Heap before GC invocations=19 (full 3):
 PSYoungGen      total 700416K, used 700416K [0x000000076b100000, 0x00000007a3800000, 0x00000007c0000000)
  eden space 631808K, 100% used [0x000000076b100000,0x0000000791a00000,0x0000000791a00000)
  from space 68608K, 100% used [0x0000000791a00000,0x0000000795d00000,0x0000000795d00000)
  to   space 84992K, 0% used [0x000000079e500000,0x000000079e500000,0x00000007a3800000)
 ParOldGen       total 286208K, used 133580K [0x00000006c1200000, 0x00000006d2980000, 0x000000076b100000)
  object space 286208K, 46% used [0x00000006c1200000,0x00000006c94732a0,0x00000006d2980000)
 Metaspace       used 57914K, capacity 68320K, committed 68440K, reserved 1107968K
  class space    used 6733K, capacity 9289K, committed 9344K, reserved 1048576K
Event: 14.152 GC heap after
Heap after GC invocations=19 (full 3):
 PSYoungGen      total 829952K, used 74240K [0x000000076b100000, 0x00000007a5100000, 0x00000007c0000000)
  eden space 744960K, 0% used [0x000000076b100000,0x000000076b100000,0x0000000798880000)
  from space 84992K, 87% used [0x000000079e500000,0x00000007a2d80000,0x00000007a3800000)
  to   space 94720K, 0% used [0x0000000798880000,0x0000000798880000,0x000000079e500000)
 ParOldGen       total 286208K, used 153189K [0x00000006c1200000, 0x00000006d2980000, 0x000000076b100000)
  object space 286208K, 53% used [0x00000006c1200000,0x00000006ca799718,0x00000006d2980000)
 Metaspace       used 57914K, capacity 68320K, committed 68440K, reserved 1107968K
  class space    used 6733K, capacity 9289K, committed 9344K, reserved 1048576K
}

