# JRE version: OpenJDK Runtime Environment (8.0_242-b01) (build 1.8.0_242-release-1644-b01)
# Java VM: OpenJDK 64-Bit Server VM (25.242-b01 mixed mode windows-amd64 compressed oops)
Heap:
 PSYoungGen      total 898560K, used 595959K [0x000000076b100000, 0x00000007adc00000, 0x00000007c0000000)
  eden space 832000K, 63% used [0x000000076b100000,0x000000078b5fdf58,0x000000079dd80000)
  from space 66560K, 100% used [0x000000079dd80000,0x00000007a1e80000,0x00000007a1e80000)
  to   space 77312K, 0% used [0x00000007a9080000,0x00000007a9080000,0x00000007adc00000)
 ParOldGen       total 585216K, used 267609K [0x00000006c1200000, 0x00000006e4d80000, 0x000000076b100000)
  object space 585216K, 45% used [0x00000006c1200000,0x00000006d1756778,0x00000006e4d80000)
 Metaspace       used 61222K, capacity 72195K, committed 74200K, reserved 1114112K
  class space    used 6990K, capacity 9658K, committed 9984K, reserved 1048576K
GC Heap History (10 events):
Event: 18.333 GC heap before
{Heap before GC invocations=21 (full 3):
 PSYoungGen      total 742912K, used 724160K [0x000000076b100000, 0x00000007a0300000, 0x00000007c0000000)
  eden space 687104K, 100% used [0x000000076b100000,0x0000000795000000,0x0000000795000000)
  from space 55808K, 66% used [0x0000000795000000,0x0000000797430000,0x0000000798680000)
  to   space 57344K, 0% used [0x000000079cb00000,0x000000079cb00000,0x00000007a0300000)
 ParOldGen       total 298496K, used 202711K [0x00000006c1200000, 0x00000006d3580000, 0x000000076b100000)
  object space 298496K, 67% used [0x00000006c1200000,0x00000006cd7f5e08,0x00000006d3580000)
 Metaspace       used 61126K, capacity 72145K, committed 72280K, reserved 1112064K
  class space    used 6998K, capacity 9740K, committed 9856K, reserved 1048576K
Event: 18.355 GC heap after
Heap after GC invocations=21 (full 3):
 PSYoungGen      total 804352K, used 57344K [0x000000076b100000, 0x00000007a1800000, 0x00000007c0000000)
  eden space 747008K, 0% used [0x000000076b100000,0x000000076b100000,0x0000000798a80000)
  from space 57344K, 100% used [0x000000079cb00000,0x00000007a0300000,0x00000007a0300000)
  to   space 66048K, 0% used [0x0000000798a80000,0x0000000798a80000,0x000000079cb00000)
 ParOldGen       total 298496K, used 204554K [0x00000006c1200000, 0x00000006d3580000, 0x000000076b100000)
  object space 298496K, 68% used [0x00000006c1200000,0x00000006cd9c2948,0x00000006d3580000)
 Metaspace       used 61126K, capacity 72145K, committed 72280K, reserved 1112064K
  class space    used 6998K, capacity 9740K, committed 9856K, reserved 1048576K
}
Event: 19.541 GC heap before
{Heap before GC invocations=22 (full 3):
 PSYoungGen      total 804352K, used 804352K [0x000000076b100000, 0x00000007a1800000, 0x00000007c0000000)
  eden space 747008K, 100% used [0x000000076b100000,0x0000000798a80000,0x0000000798a80000)
  from space 57344K, 100% used [0x000000079cb00000,0x00000007a0300000,0x00000007a0300000)
  to   space 66048K, 0% used [0x0000000798a80000,0x0000000798a80000,0x000000079cb00000)
 ParOldGen       total 298496K, used 204554K [0x00000006c1200000, 0x00000006d3580000, 0x000000076b100000)
  object space 298496K, 68% used [0x00000006c1200000,0x00000006cd9c2948,0x00000006d3580000)
 Metaspace       used 62398K, capacity 74081K, committed 74200K, reserved 1114112K
  class space    used 7065K, capacity 9958K, committed 9984K, reserved 1048576K
Event: 19.570 GC heap after
Heap after GC invocations=22 (full 3):
 PSYoungGen      total 813056K, used 39904K [0x000000076b100000, 0x00000007a5f00000, 0x00000007c0000000)
  eden space 747008K, 0% used [0x000000076b100000,0x000000076b100000,0x0000000798a80000)
  from space 66048K, 60% used [0x0000000798a80000,0x000000079b178000,0x000000079cb00000)
  to   space 66048K, 0% used [0x00000007a1e80000,0x00000007a1e80000,0x00000007a5f00000)
 ParOldGen       total 298496K, used 252390K [0x00000006c1200000, 0x00000006d3580000, 0x000000076b100000)
  object space 298496K, 84% used [0x00000006c1200000,0x00000006d0879ba0,0x00000006d3580000)
 Metaspace       used 62398K, capacity 74081K, committed 74200K, reserved 1114112K
  class space    used 7065K, capacity 9958K, committed 9984K, reserved 1048576K
}
Event: 19.570 GC heap before
{Heap before GC invocations=23 (full 4):
 PSYoungGen      total 813056K, used 39904K [0x000000076b100000, 0x00000007a5f00000, 0x00000007c0000000)
  eden space 747008K, 0% used [0x000000076b100000,0x000000076b100000,0x0000000798a80000)
  from space 66048K, 60% used [0x0000000798a80000,0x000000079b178000,0x000000079cb00000)
  to   space 66048K, 0% used [0x00000007a1e80000,0x00000007a1e80000,0x00000007a5f00000)
 ParOldGen       total 298496K, used 252390K [0x00000006c1200000, 0x00000006d3580000, 0x000000076b100000)
  object space 298496K, 84% used [0x00000006c1200000,0x00000006d0879ba0,0x00000006d3580000)
 Metaspace       used 62398K, capacity 74081K, committed 74200K, reserved 1114112K
  class space    used 7065K, capacity 9958K, committed 9984K, reserved 1048576K
Event: 19.851 GC heap after
Heap after GC invocations=23 (full 4):
 PSYoungGen      total 813056K, used 0K [0x000000076b100000, 0x00000007a5f00000, 0x00000007c0000000)
  eden space 747008K, 0% used [0x000000076b100000,0x000000076b100000,0x0000000798a80000)
  from space 66048K, 0% used [0x0000000798a80000,0x0000000798a80000,0x000000079cb00000)
  to   space 66048K, 0% used [0x00000007a1e80000,0x00000007a1e80000,0x00000007a5f00000)
 ParOldGen       total 585216K, used 263118K [0x00000006c1200000, 0x00000006e4d80000, 0x000000076b100000)
  object space 585216K, 44% used [0x00000006c1200000,0x00000006d12f3968,0x00000006e4d80000)
 Metaspace       used 60198K, capacity 70881K, committed 74200K, reserved 1114112K
  class space    used 6941K, capacity 9538K, committed 9984K, reserved 1048576K
}
Event: 21.008 GC heap before
{Heap before GC invocations=24 (full 4):
 PSYoungGen      total 813056K, used 747008K [0x000000076b100000, 0x00000007a5f00000, 0x00000007c0000000)
  eden space 747008K, 100% used [0x000000076b100000,0x0000000798a80000,0x0000000798a80000)
  from space 66048K, 0% used [0x0000000798a80000,0x0000000798a80000,0x000000079cb00000)
  to   space 66048K, 0% used [0x00000007a1e80000,0x00000007a1e80000,0x00000007a5f00000)
 ParOldGen       total 585216K, used 263118K [0x00000006c1200000, 0x00000006e4d80000, 0x000000076b100000)
  object space 585216K, 44% used [0x00000006c1200000,0x00000006d12f3968,0x00000006e4d80000)
 Metaspace       used 60924K, capacity 71835K, committed 74200K, reserved 1114112K
  class space    used 6980K, capacity 9650K, committed 9984K, reserved 1048576K
Event: 21.023 GC heap after
Heap after GC invocations=24 (full 4):
 PSYoungGen      total 898048K, used 41216K [0x000000076b100000, 0x00000007a6300000, 0x00000007c0000000)
  eden space 832000K, 0% used [0x000000076b100000,0x000000076b100000,0x000000079dd80000)
  from space 66048K, 62% used [0x00000007a1e80000,0x00000007a46c0000,0x00000007a5f00000)
  to   space 66560K, 0% used [0x000000079dd80000,0x000000079dd80000,0x00000007a1e80000)
 ParOldGen       total 585216K, used 263118K [0x00000006c1200000, 0x00000006e4d80000, 0x000000076b100000)
  object space 585216K, 44% used [0x00000006c1200000,0x00000006d12f3968,0x00000006e4d80000)
 Metaspace       used 60924K, capacity 71835K, committed 74200K, reserved 1114112K
  class space    used 6980K, capacity 9650K, committed 9984K, reserved 1048576K
}
Event: 21.999 GC heap before
{Heap before GC invocations=25 (full 4):
 PSYoungGen      total 898048K, used 873216K [0x000000076b100000, 0x00000007a6300000, 0x00000007c0000000)
  eden space 832000K, 100% used [0x000000076b100000,0x000000079dd80000,0x000000079dd80000)
  from space 66048K, 62% used [0x00000007a1e80000,0x00000007a46c0000,0x00000007a5f00000)
  to   space 66560K, 0% used [0x000000079dd80000,0x000000079dd80000,0x00000007a1e80000)
 ParOldGen       total 585216K, used 263118K [0x00000006c1200000, 0x00000006e4d80000, 0x000000076b100000)
  object space 585216K, 44% used [0x00000006c1200000,0x00000006d12f3968,0x00000006e4d80000)
 Metaspace       used 61037K, capacity 71939K, committed 74200K, reserved 1114112K
  class space    used 6985K, capacity 9654K, committed 9984K, reserved 1048576K
Event: 22.023 GC heap after
Heap after GC invocations=25 (full 4):
 PSYoungGen      total 898560K, used 66560K [0x000000076b100000, 0x00000007adc00000, 0x00000007c0000000)
  eden space 832000K, 0% used [0x000000076b100000,0x000000076b100000,0x000000079dd80000)
  from space 66560K, 100% used [0x000000079dd80000,0x00000007a1e80000,0x00000007a1e80000)
  to   space 77312K, 0% used [0x00000007a9080000,0x00000007a9080000,0x00000007adc00000)
 ParOldGen       total 585216K, used 267609K [0x00000006c1200000, 0x00000006e4d80000, 0x000000076b100000)
  object space 585216K, 45% used [0x00000006c1200000,0x00000006d1756778,0x00000006e4d80000)
 Metaspace       used 61037K, capacity 71939K, committed 74200K, reserved 1114112K
  class space    used 6985K, capacity 9654K, committed 9984K, reserved 1048576K
}

