# JRE version: OpenJDK Runtime Environment (8.0_242-b01) (build 1.8.0_242-release-1644-b01)
# Java VM: OpenJDK 64-Bit Server VM (25.242-b01 mixed mode windows-amd64 compressed oops)
Heap:
 PSYoungGen      total 922112K, used 302278K [0x000000076b100000, 0x00000007b6280000, 0x00000007c0000000)
  eden space 751616K, 19% used [0x000000076b100000,0x00000007743c9900,0x0000000798f00000)
  from space 170496K, 89% used [0x0000000798f00000,0x00000007a2368000,0x00000007a3580000)
  to   space 190976K, 0% used [0x00000007aa800000,0x00000007aa800000,0x00000007b6280000)
 ParOldGen       total 310784K, used 208625K [0x00000006c1200000, 0x00000006d4180000, 0x000000076b100000)
  object space 310784K, 67% used [0x00000006c1200000,0x00000006cddbc620,0x00000006d4180000)
 Metaspace       used 58488K, capacity 69071K, committed 69248K, reserved 1110016K
  class space    used 6730K, capacity 9285K, committed 9344K, reserved 1048576K
GC Heap History (10 events):
Event: 19.791 GC heap before
{Heap before GC invocations=24 (full 3):
 PSYoungGen      total 686080K, used 667744K [0x000000076b100000, 0x000000079cf80000, 0x00000007c0000000)
  eden space 592896K, 100% used [0x000000076b100000,0x000000078f400000,0x000000078f400000)
  from space 93184K, 80% used [0x0000000795700000,0x000000079a018000,0x000000079b200000)
  to   space 101376K, 0% used [0x000000078f400000,0x000000078f400000,0x0000000795700000)
 ParOldGen       total 310784K, used 174844K [0x00000006c1200000, 0x00000006d4180000, 0x000000076b100000)
  object space 310784K, 56% used [0x00000006c1200000,0x00000006cbcbf280,0x00000006d4180000)
 Metaspace       used 58121K, capacity 68585K, committed 68736K, reserved 1107968K
  class space    used 6729K, capacity 9284K, committed 9344K, reserved 1048576K
Event: 19.824 GC heap after
Heap after GC invocations=24 (full 3):
 PSYoungGen      total 694272K, used 94400K [0x000000076b100000, 0x00000007a2880000, 0x00000007c0000000)
  eden space 592896K, 0% used [0x000000076b100000,0x000000076b100000,0x000000078f400000)
  from space 101376K, 93% used [0x000000078f400000,0x0000000795030000,0x0000000795700000)
  to   space 115200K, 0% used [0x000000079b800000,0x000000079b800000,0x00000007a2880000)
 ParOldGen       total 310784K, used 174852K [0x00000006c1200000, 0x00000006d4180000, 0x000000076b100000)
  object space 310784K, 56% used [0x00000006c1200000,0x00000006cbcc1280,0x00000006d4180000)
 Metaspace       used 58121K, capacity 68585K, committed 68736K, reserved 1107968K
  class space    used 6729K, capacity 9284K, committed 9344K, reserved 1048576K
}
Event: 20.674 GC heap before
{Heap before GC invocations=25 (full 3):
 PSYoungGen      total 694272K, used 687296K [0x000000076b100000, 0x00000007a2880000, 0x00000007c0000000)
  eden space 592896K, 100% used [0x000000076b100000,0x000000078f400000,0x000000078f400000)
  from space 101376K, 93% used [0x000000078f400000,0x0000000795030000,0x0000000795700000)
  to   space 115200K, 0% used [0x000000079b800000,0x000000079b800000,0x00000007a2880000)
 ParOldGen       total 310784K, used 174852K [0x00000006c1200000, 0x00000006d4180000, 0x000000076b100000)
  object space 310784K, 56% used [0x00000006c1200000,0x00000006cbcc1280,0x00000006d4180000)
 Metaspace       used 58224K, capacity 68685K, committed 68992K, reserved 1110016K
  class space    used 6729K, capacity 9284K, committed 9344K, reserved 1048576K
Event: 20.719 GC heap after
Heap after GC invocations=25 (full 3):
 PSYoungGen      total 775680K, used 114208K [0x000000076b100000, 0x00000007a5200000, 0x00000007c0000000)
  eden space 660480K, 0% used [0x000000076b100000,0x000000076b100000,0x0000000793600000)
  from space 115200K, 99% used [0x000000079b800000,0x00000007a2788000,0x00000007a2880000)
  to   space 133120K, 0% used [0x0000000793600000,0x0000000793600000,0x000000079b800000)
 ParOldGen       total 310784K, used 174860K [0x00000006c1200000, 0x00000006d4180000, 0x000000076b100000)
  object space 310784K, 56% used [0x00000006c1200000,0x00000006cbcc3280,0x00000006d4180000)
 Metaspace       used 58224K, capacity 68685K, committed 68992K, reserved 1110016K
  class space    used 6729K, capacity 9284K, committed 9344K, reserved 1048576K
}
Event: 21.570 GC heap before
{Heap before GC invocations=26 (full 3):
 PSYoungGen      total 775680K, used 774688K [0x000000076b100000, 0x00000007a5200000, 0x00000007c0000000)
  eden space 660480K, 100% used [0x000000076b100000,0x0000000793600000,0x0000000793600000)
  from space 115200K, 99% used [0x000000079b800000,0x00000007a2788000,0x00000007a2880000)
  to   space 133120K, 0% used [0x0000000793600000,0x0000000793600000,0x000000079b800000)
 ParOldGen       total 310784K, used 174860K [0x00000006c1200000, 0x00000006d4180000, 0x000000076b100000)
  object space 310784K, 56% used [0x00000006c1200000,0x00000006cbcc3280,0x00000006d4180000)
 Metaspace       used 58286K, capacity 68805K, committed 68992K, reserved 1110016K
  class space    used 6730K, capacity 9284K, committed 9344K, reserved 1048576K
Event: 21.611 GC heap after
Heap after GC invocations=26 (full 3):
 PSYoungGen      total 793600K, used 133120K [0x000000076b100000, 0x00000007acd80000, 0x00000007c0000000)
  eden space 660480K, 0% used [0x000000076b100000,0x000000076b100000,0x0000000793600000)
  from space 133120K, 100% used [0x0000000793600000,0x000000079b800000,0x000000079b800000)
  to   space 155648K, 0% used [0x00000007a3580000,0x00000007a3580000,0x00000007acd80000)
 ParOldGen       total 310784K, used 177710K [0x00000006c1200000, 0x00000006d4180000, 0x000000076b100000)
  object space 310784K, 57% used [0x00000006c1200000,0x00000006cbf8b9e0,0x00000006d4180000)
 Metaspace       used 58286K, capacity 68805K, committed 68992K, reserved 1110016K
  class space    used 6730K, capacity 9284K, committed 9344K, reserved 1048576K
}
Event: 22.467 GC heap before
{Heap before GC invocations=27 (full 3):
 PSYoungGen      total 793600K, used 793600K [0x000000076b100000, 0x00000007acd80000, 0x00000007c0000000)
  eden space 660480K, 100% used [0x000000076b100000,0x0000000793600000,0x0000000793600000)
  from space 133120K, 100% used [0x0000000793600000,0x000000079b800000,0x000000079b800000)
  to   space 155648K, 0% used [0x00000007a3580000,0x00000007a3580000,0x00000007acd80000)
 ParOldGen       total 310784K, used 177710K [0x00000006c1200000, 0x00000006d4180000, 0x000000076b100000)
  object space 310784K, 57% used [0x00000006c1200000,0x00000006cbf8b9e0,0x00000006d4180000)
 Metaspace       used 58338K, capacity 68823K, committed 68992K, reserved 1110016K
  class space    used 6730K, capacity 9285K, committed 9344K, reserved 1048576K
Event: 22.519 GC heap after
Heap after GC invocations=27 (full 3):
 PSYoungGen      total 907264K, used 126400K [0x000000076b100000, 0x00000007af100000, 0x00000007c0000000)
  eden space 751616K, 0% used [0x000000076b100000,0x000000076b100000,0x0000000798f00000)
  from space 155648K, 81% used [0x00000007a3580000,0x00000007ab0f0000,0x00000007acd80000)
  to   space 170496K, 0% used [0x0000000798f00000,0x0000000798f00000,0x00000007a3580000)
 ParOldGen       total 310784K, used 208617K [0x00000006c1200000, 0x00000006d4180000, 0x000000076b100000)
  object space 310784K, 67% used [0x00000006c1200000,0x00000006cddba620,0x00000006d4180000)
 Metaspace       used 58338K, capacity 68823K, committed 68992K, reserved 1110016K
  class space    used 6730K, capacity 9285K, committed 9344K, reserved 1048576K
}
Event: 23.342 GC heap before
{Heap before GC invocations=28 (full 3):
 PSYoungGen      total 907264K, used 878016K [0x000000076b100000, 0x00000007af100000, 0x00000007c0000000)
  eden space 751616K, 100% used [0x000000076b100000,0x0000000798f00000,0x0000000798f00000)
  from space 155648K, 81% used [0x00000007a3580000,0x00000007ab0f0000,0x00000007acd80000)
  to   space 170496K, 0% used [0x0000000798f00000,0x0000000798f00000,0x00000007a3580000)
 ParOldGen       total 310784K, used 208617K [0x00000006c1200000, 0x00000006d4180000, 0x000000076b100000)
  object space 310784K, 67% used [0x00000006c1200000,0x00000006cddba620,0x00000006d4180000)
 Metaspace       used 58471K, capacity 69071K, committed 69248K, reserved 1110016K
  class space    used 6730K, capacity 9285K, committed 9344K, reserved 1048576K
Event: 23.381 GC heap after
Heap after GC invocations=28 (full 3):
 PSYoungGen      total 922112K, used 151968K [0x000000076b100000, 0x00000007b6280000, 0x00000007c0000000)
  eden space 751616K, 0% used [0x000000076b100000,0x000000076b100000,0x0000000798f00000)
  from space 170496K, 89% used [0x0000000798f00000,0x00000007a2368000,0x00000007a3580000)
  to   space 190976K, 0% used [0x00000007aa800000,0x00000007aa800000,0x00000007b6280000)
 ParOldGen       total 310784K, used 208625K [0x00000006c1200000, 0x00000006d4180000, 0x000000076b100000)
  object space 310784K, 67% used [0x00000006c1200000,0x00000006cddbc620,0x00000006d4180000)
 Metaspace       used 58471K, capacity 69071K, committed 69248K, reserved 1110016K
  class space    used 6730K, capacity 9285K, committed 9344K, reserved 1048576K
}

