# JRE version: OpenJDK Runtime Environment (8.0_242-b01) (build 1.8.0_242-release-1644-b01)
# Java VM: OpenJDK 64-Bit Server VM (25.242-b01 mixed mode windows-amd64 compressed oops)
Heap:
 PSYoungGen      total 1065472K, used 326498K [0x000000076b100000, 0x00000007c0000000, 0x00000007c0000000)
  eden space 879616K, 15% used [0x000000076b100000,0x0000000773a5c8b0,0x00000007a0c00000)
  from space 185856K, 99% used [0x00000007a0c00000,0x00000007ac17c010,0x00000007ac180000)
  to   space 217600K, 0% used [0x00000007b2b80000,0x00000007b2b80000,0x00000007c0000000)
 ParOldGen       total 429056K, used 155421K [0x00000006c1200000, 0x00000006db500000, 0x000000076b100000)
  object space 429056K, 36% used [0x00000006c1200000,0x00000006ca9c7500,0x00000006db500000)
 Metaspace       used 63186K, capacity 74999K, committed 75136K, reserved 1114112K
  class space    used 7119K, capacity 9999K, committed 10112K, reserved 1048576K
GC Heap History (10 events):
Event: 15.658 GC heap before
{Heap before GC invocations=25 (full 4):
 PSYoungGen      total 773632K, used 757536K [0x000000076b100000, 0x00000007a1e80000, 0x00000007c0000000)
  eden space 680448K, 100% used [0x000000076b100000,0x0000000794980000,0x0000000794980000)
  from space 93184K, 82% used [0x000000079ad00000,0x000000079f848000,0x00000007a0800000)
  to   space 101888K, 0% used [0x0000000794980000,0x0000000794980000,0x000000079ad00000)
 ParOldGen       total 429056K, used 144882K [0x00000006c1200000, 0x00000006db500000, 0x000000076b100000)
  object space 429056K, 33% used [0x00000006c1200000,0x00000006c9f7ca70,0x00000006db500000)
 Metaspace       used 62505K, capacity 74115K, committed 74240K, reserved 1114112K
  class space    used 7095K, capacity 9979K, committed 9984K, reserved 1048576K
Event: 15.685 GC heap after
Heap after GC invocations=25 (full 4):
 PSYoungGen      total 782336K, used 97952K [0x000000076b100000, 0x00000007a9400000, 0x00000007c0000000)
  eden space 680448K, 0% used [0x000000076b100000,0x000000076b100000,0x0000000794980000)
  from space 101888K, 96% used [0x0000000794980000,0x000000079a928000,0x000000079ad00000)
  to   space 116736K, 0% used [0x00000007a2200000,0x00000007a2200000,0x00000007a9400000)
 ParOldGen       total 429056K, used 144890K [0x00000006c1200000, 0x00000006db500000, 0x000000076b100000)
  object space 429056K, 33% used [0x00000006c1200000,0x00000006c9f7ea70,0x00000006db500000)
 Metaspace       used 62505K, capacity 74115K, committed 74240K, reserved 1114112K
  class space    used 7095K, capacity 9979K, committed 9984K, reserved 1048576K
}
Event: 16.459 GC heap before
{Heap before GC invocations=26 (full 4):
 PSYoungGen      total 782336K, used 778400K [0x000000076b100000, 0x00000007a9400000, 0x00000007c0000000)
  eden space 680448K, 100% used [0x000000076b100000,0x0000000794980000,0x0000000794980000)
  from space 101888K, 96% used [0x0000000794980000,0x000000079a928000,0x000000079ad00000)
  to   space 116736K, 0% used [0x00000007a2200000,0x00000007a2200000,0x00000007a9400000)
 ParOldGen       total 429056K, used 144890K [0x00000006c1200000, 0x00000006db500000, 0x000000076b100000)
  object space 429056K, 33% used [0x00000006c1200000,0x00000006c9f7ea70,0x00000006db500000)
 Metaspace       used 62631K, capacity 74227K, committed 74240K, reserved 1114112K
  class space    used 7100K, capacity 9983K, committed 9984K, reserved 1048576K
Event: 16.501 GC heap after
Heap after GC invocations=26 (full 4):
 PSYoungGen      total 883200K, used 116736K [0x000000076b100000, 0x00000007ac580000, 0x00000007c0000000)
  eden space 766464K, 0% used [0x000000076b100000,0x000000076b100000,0x0000000799d80000)
  from space 116736K, 100% used [0x00000007a2200000,0x00000007a9400000,0x00000007a9400000)
  to   space 135680K, 0% used [0x0000000799d80000,0x0000000799d80000,0x00000007a2200000)
 ParOldGen       total 429056K, used 146142K [0x00000006c1200000, 0x00000006db500000, 0x000000076b100000)
  object space 429056K, 34% used [0x00000006c1200000,0x00000006ca0b7be8,0x00000006db500000)
 Metaspace       used 62631K, capacity 74227K, committed 74240K, reserved 1114112K
  class space    used 7100K, capacity 9983K, committed 9984K, reserved 1048576K
}
Event: 17.363 GC heap before
{Heap before GC invocations=27 (full 4):
 PSYoungGen      total 883200K, used 883200K [0x000000076b100000, 0x00000007ac580000, 0x00000007c0000000)
  eden space 766464K, 100% used [0x000000076b100000,0x0000000799d80000,0x0000000799d80000)
  from space 116736K, 100% used [0x00000007a2200000,0x00000007a9400000,0x00000007a9400000)
  to   space 135680K, 0% used [0x0000000799d80000,0x0000000799d80000,0x00000007a2200000)
 ParOldGen       total 429056K, used 146142K [0x00000006c1200000, 0x00000006db500000, 0x000000076b100000)
  object space 429056K, 34% used [0x00000006c1200000,0x00000006ca0b7be8,0x00000006db500000)
 Metaspace       used 62813K, capacity 74499K, committed 74624K, reserved 1114112K
  class space    used 7105K, capacity 9987K, committed 10112K, reserved 1048576K
Event: 17.402 GC heap after
Heap after GC invocations=27 (full 4):
 PSYoungGen      total 902144K, used 135680K [0x000000076b100000, 0x00000007b5e00000, 0x00000007c0000000)
  eden space 766464K, 0% used [0x000000076b100000,0x000000076b100000,0x0000000799d80000)
  from space 135680K, 100% used [0x0000000799d80000,0x00000007a2200000,0x00000007a2200000)
  to   space 160256K, 0% used [0x00000007ac180000,0x00000007ac180000,0x00000007b5e00000)
 ParOldGen       total 429056K, used 152779K [0x00000006c1200000, 0x00000006db500000, 0x000000076b100000)
  object space 429056K, 35% used [0x00000006c1200000,0x00000006ca732c50,0x00000006db500000)
 Metaspace       used 62813K, capacity 74499K, committed 74624K, reserved 1114112K
  class space    used 7105K, capacity 9987K, committed 10112K, reserved 1048576K
}
Event: 18.194 GC heap before
{Heap before GC invocations=28 (full 4):
 PSYoungGen      total 902144K, used 902144K [0x000000076b100000, 0x00000007b5e00000, 0x00000007c0000000)
  eden space 766464K, 100% used [0x000000076b100000,0x0000000799d80000,0x0000000799d80000)
  from space 135680K, 100% used [0x0000000799d80000,0x00000007a2200000,0x00000007a2200000)
  to   space 160256K, 0% used [0x00000007ac180000,0x00000007ac180000,0x00000007b5e00000)
 ParOldGen       total 429056K, used 152779K [0x00000006c1200000, 0x00000006db500000, 0x000000076b100000)
  object space 429056K, 35% used [0x00000006c1200000,0x00000006ca732c50,0x00000006db500000)
 Metaspace       used 62932K, capacity 74679K, committed 74880K, reserved 1114112K
  class space    used 7110K, capacity 9991K, committed 10112K, reserved 1048576K
Event: 18.254 GC heap after
Heap after GC invocations=28 (full 4):
 PSYoungGen      total 1039872K, used 159520K [0x000000076b100000, 0x00000007ba080000, 0x00000007c0000000)
  eden space 879616K, 0% used [0x000000076b100000,0x000000076b100000,0x00000007a0c00000)
  from space 160256K, 99% used [0x00000007ac180000,0x00000007b5d48000,0x00000007b5e00000)
  to   space 185856K, 0% used [0x00000007a0c00000,0x00000007a0c00000,0x00000007ac180000)
 ParOldGen       total 429056K, used 152787K [0x00000006c1200000, 0x00000006db500000, 0x000000076b100000)
  object space 429056K, 35% used [0x00000006c1200000,0x00000006ca734c50,0x00000006db500000)
 Metaspace       used 62932K, capacity 74679K, committed 74880K, reserved 1114112K
  class space    used 7110K, capacity 9991K, committed 10112K, reserved 1048576K
}
Event: 19.166 GC heap before
{Heap before GC invocations=29 (full 4):
 PSYoungGen      total 1039872K, used 1039136K [0x000000076b100000, 0x00000007ba080000, 0x00000007c0000000)
  eden space 879616K, 100% used [0x000000076b100000,0x00000007a0c00000,0x00000007a0c00000)
  from space 160256K, 99% used [0x00000007ac180000,0x00000007b5d48000,0x00000007b5e00000)
  to   space 185856K, 0% used [0x00000007a0c00000,0x00000007a0c00000,0x00000007ac180000)
 ParOldGen       total 429056K, used 152787K [0x00000006c1200000, 0x00000006db500000, 0x000000076b100000)
  object space 429056K, 35% used [0x00000006c1200000,0x00000006ca734c50,0x00000006db500000)
 Metaspace       used 63123K, capacity 74885K, committed 75136K, reserved 1114112K
  class space    used 7115K, capacity 9996K, committed 10112K, reserved 1048576K
Event: 19.218 GC heap after
Heap after GC invocations=29 (full 4):
 PSYoungGen      total 1065472K, used 185840K [0x000000076b100000, 0x00000007c0000000, 0x00000007c0000000)
  eden space 879616K, 0% used [0x000000076b100000,0x000000076b100000,0x00000007a0c00000)
  from space 185856K, 99% used [0x00000007a0c00000,0x00000007ac17c010,0x00000007ac180000)
  to   space 217600K, 0% used [0x00000007b2b80000,0x00000007b2b80000,0x00000007c0000000)
 ParOldGen       total 429056K, used 155421K [0x00000006c1200000, 0x00000006db500000, 0x000000076b100000)
  object space 429056K, 36% used [0x00000006c1200000,0x00000006ca9c7500,0x00000006db500000)
 Metaspace       used 63123K, capacity 74885K, committed 75136K, reserved 1114112K
  class space    used 7115K, capacity 9996K, committed 10112K, reserved 1048576K
}

