# JRE version: OpenJDK Runtime Environment (8.0_242-b01) (build 1.8.0_242-release-1644-b01)
# Java VM: OpenJDK 64-Bit Server VM (25.242-b01 mixed mode windows-amd64 compressed oops)
Heap:
 PSYoungGen      total 1010176K, used 771834K [0x000000076b100000, 0x00000007ad300000, 0x00000007c0000000)
  eden space 935936K, 77% used [0x000000076b100000,0x000000079787eae0,0x00000007a4300000)
  from space 74240K, 58% used [0x00000007a8a80000,0x00000007ab4c0020,0x00000007ad300000)
  to   space 73216K, 0% used [0x00000007a4300000,0x00000007a4300000,0x00000007a8a80000)
 ParOldGen       total 602624K, used 281283K [0x00000006c1200000, 0x00000006e5e80000, 0x000000076b100000)
  object space 602624K, 46% used [0x00000006c1200000,0x00000006d24b0db0,0x00000006e5e80000)
 Metaspace       used 60885K, capacity 71733K, committed 76376K, reserved 1116160K
  class space    used 7001K, capacity 9642K, committed 10368K, reserved 1048576K
GC Heap History (10 events):
Event: 15.805 GC heap before
{Heap before GC invocations=22 (full 3):
 PSYoungGen      total 787968K, used 787968K [0x000000076b100000, 0x00000007a0b00000, 0x00000007c0000000)
  eden space 733184K, 100% used [0x000000076b100000,0x0000000797d00000,0x0000000797d00000)
  from space 54784K, 100% used [0x000000079bb80000,0x000000079f100000,0x000000079f100000)
  to   space 64000K, 0% used [0x0000000797d00000,0x0000000797d00000,0x000000079bb80000)
 ParOldGen       total 290816K, used 201942K [0x00000006c1200000, 0x00000006d2e00000, 0x000000076b100000)
  object space 290816K, 69% used [0x00000006c1200000,0x00000006cd735880,0x00000006d2e00000)
 Metaspace       used 63600K, capacity 75837K, committed 76120K, reserved 1116160K
  class space    used 7176K, capacity 10260K, committed 10368K, reserved 1048576K
Event: 15.827 GC heap after
Heap after GC invocations=22 (full 3):
 PSYoungGen      total 797184K, used 40320K [0x000000076b100000, 0x00000007a5900000, 0x00000007c0000000)
  eden space 733184K, 0% used [0x000000076b100000,0x000000076b100000,0x0000000797d00000)
  from space 64000K, 63% used [0x0000000797d00000,0x000000079a460000,0x000000079bb80000)
  to   space 64512K, 0% used [0x00000007a1a00000,0x00000007a1a00000,0x00000007a5900000)
 ParOldGen       total 290816K, used 221066K [0x00000006c1200000, 0x00000006d2e00000, 0x000000076b100000)
  object space 290816K, 76% used [0x00000006c1200000,0x00000006ce9e2a90,0x00000006d2e00000)
 Metaspace       used 63600K, capacity 75837K, committed 76120K, reserved 1116160K
  class space    used 7176K, capacity 10260K, committed 10368K, reserved 1048576K
}
Event: 16.666 GC heap before
{Heap before GC invocations=23 (full 3):
 PSYoungGen      total 797184K, used 773504K [0x000000076b100000, 0x00000007a5900000, 0x00000007c0000000)
  eden space 733184K, 100% used [0x000000076b100000,0x0000000797d00000,0x0000000797d00000)
  from space 64000K, 63% used [0x0000000797d00000,0x000000079a460000,0x000000079bb80000)
  to   space 64512K, 0% used [0x00000007a1a00000,0x00000007a1a00000,0x00000007a5900000)
 ParOldGen       total 290816K, used 221066K [0x00000006c1200000, 0x00000006d2e00000, 0x000000076b100000)
  object space 290816K, 76% used [0x00000006c1200000,0x00000006ce9e2a90,0x00000006d2e00000)
 Metaspace       used 63765K, capacity 76039K, committed 76376K, reserved 1116160K
  class space    used 7177K, capacity 10261K, committed 10368K, reserved 1048576K
Event: 16.689 GC heap after
Heap after GC invocations=23 (full 3):
 PSYoungGen      total 884224K, used 64512K [0x000000076b100000, 0x00000007a6d80000, 0x00000007c0000000)
  eden space 819712K, 0% used [0x000000076b100000,0x000000076b100000,0x000000079d180000)
  from space 64512K, 100% used [0x00000007a1a00000,0x00000007a5900000,0x00000007a5900000)
  to   space 74240K, 0% used [0x000000079d180000,0x000000079d180000,0x00000007a1a00000)
 ParOldGen       total 290816K, used 222187K [0x00000006c1200000, 0x00000006d2e00000, 0x000000076b100000)
  object space 290816K, 76% used [0x00000006c1200000,0x00000006ceafaf98,0x00000006d2e00000)
 Metaspace       used 63765K, capacity 76039K, committed 76376K, reserved 1116160K
  class space    used 7177K, capacity 10261K, committed 10368K, reserved 1048576K
}
Event: 17.554 GC heap before
{Heap before GC invocations=24 (full 3):
 PSYoungGen      total 884224K, used 884224K [0x000000076b100000, 0x00000007a6d80000, 0x00000007c0000000)
  eden space 819712K, 100% used [0x000000076b100000,0x000000079d180000,0x000000079d180000)
  from space 64512K, 100% used [0x00000007a1a00000,0x00000007a5900000,0x00000007a5900000)
  to   space 74240K, 0% used [0x000000079d180000,0x000000079d180000,0x00000007a1a00000)
 ParOldGen       total 290816K, used 222187K [0x00000006c1200000, 0x00000006d2e00000, 0x000000076b100000)
  object space 290816K, 76% used [0x00000006c1200000,0x00000006ceafaf98,0x00000006d2e00000)
 Metaspace       used 63850K, capacity 76121K, committed 76376K, reserved 1116160K
  class space    used 7178K, capacity 10262K, committed 10368K, reserved 1048576K
Event: 17.584 GC heap after
Heap after GC invocations=24 (full 3):
 PSYoungGen      total 893952K, used 44192K [0x000000076b100000, 0x00000007ad300000, 0x00000007c0000000)
  eden space 819712K, 0% used [0x000000076b100000,0x000000076b100000,0x000000079d180000)
  from space 74240K, 59% used [0x000000079d180000,0x000000079fca8000,0x00000007a1a00000)
  to   space 74240K, 0% used [0x00000007a8a80000,0x00000007a8a80000,0x00000007ad300000)
 ParOldGen       total 290816K, used 276058K [0x00000006c1200000, 0x00000006d2e00000, 0x000000076b100000)
  object space 290816K, 94% used [0x00000006c1200000,0x00000006d1f968f8,0x00000006d2e00000)
 Metaspace       used 63850K, capacity 76121K, committed 76376K, reserved 1116160K
  class space    used 7178K, capacity 10262K, committed 10368K, reserved 1048576K
}
Event: 17.584 GC heap before
{Heap before GC invocations=25 (full 4):
 PSYoungGen      total 893952K, used 44192K [0x000000076b100000, 0x00000007ad300000, 0x00000007c0000000)
  eden space 819712K, 0% used [0x000000076b100000,0x000000076b100000,0x000000079d180000)
  from space 74240K, 59% used [0x000000079d180000,0x000000079fca8000,0x00000007a1a00000)
  to   space 74240K, 0% used [0x00000007a8a80000,0x00000007a8a80000,0x00000007ad300000)
 ParOldGen       total 290816K, used 276058K [0x00000006c1200000, 0x00000006d2e00000, 0x000000076b100000)
  object space 290816K, 94% used [0x00000006c1200000,0x00000006d1f968f8,0x00000006d2e00000)
 Metaspace       used 63850K, capacity 76121K, committed 76376K, reserved 1116160K
  class space    used 7178K, capacity 10262K, committed 10368K, reserved 1048576K
Event: 17.858 GC heap after
Heap after GC invocations=25 (full 4):
 PSYoungGen      total 893952K, used 0K [0x000000076b100000, 0x00000007ad300000, 0x00000007c0000000)
  eden space 819712K, 0% used [0x000000076b100000,0x000000076b100000,0x000000079d180000)
  from space 74240K, 0% used [0x000000079d180000,0x000000079d180000,0x00000007a1a00000)
  to   space 74240K, 0% used [0x00000007a8a80000,0x00000007a8a80000,0x00000007ad300000)
 ParOldGen       total 602624K, used 281275K [0x00000006c1200000, 0x00000006e5e80000, 0x000000076b100000)
  object space 602624K, 46% used [0x00000006c1200000,0x00000006d24aedb0,0x00000006e5e80000)
 Metaspace       used 60555K, capacity 71333K, committed 76376K, reserved 1116160K
  class space    used 6992K, capacity 9634K, committed 10368K, reserved 1048576K
}
Event: 18.704 GC heap before
{Heap before GC invocations=26 (full 4):
 PSYoungGen      total 893952K, used 819712K [0x000000076b100000, 0x00000007ad300000, 0x00000007c0000000)
  eden space 819712K, 100% used [0x000000076b100000,0x000000079d180000,0x000000079d180000)
  from space 74240K, 0% used [0x000000079d180000,0x000000079d180000,0x00000007a1a00000)
  to   space 74240K, 0% used [0x00000007a8a80000,0x00000007a8a80000,0x00000007ad300000)
 ParOldGen       total 602624K, used 281275K [0x00000006c1200000, 0x00000006e5e80000, 0x000000076b100000)
  object space 602624K, 46% used [0x00000006c1200000,0x00000006d24aedb0,0x00000006e5e80000)
 Metaspace       used 60785K, capacity 71625K, committed 76376K, reserved 1116160K
  class space    used 6996K, capacity 9638K, committed 10368K, reserved 1048576K
Event: 18.720 GC heap after
Heap after GC invocations=26 (full 4):
 PSYoungGen      total 1010176K, used 43264K [0x000000076b100000, 0x00000007ad300000, 0x00000007c0000000)
  eden space 935936K, 0% used [0x000000076b100000,0x000000076b100000,0x00000007a4300000)
  from space 74240K, 58% used [0x00000007a8a80000,0x00000007ab4c0020,0x00000007ad300000)
  to   space 73216K, 0% used [0x00000007a4300000,0x00000007a4300000,0x00000007a8a80000)
 ParOldGen       total 602624K, used 281283K [0x00000006c1200000, 0x00000006e5e80000, 0x000000076b100000)
  object space 602624K, 46% used [0x00000006c1200000,0x00000006d24b0db0,0x00000006e5e80000)
 Metaspace       used 60785K, capacity 71625K, committed 76376K, reserved 1116160K
  class space    used 6996K, capacity 9638K, committed 10368K, reserved 1048576K
}

