# JRE version: OpenJDK Runtime Environment (8.0_242-b01) (build 1.8.0_242-release-1644-b01)
# Java VM: OpenJDK 64-Bit Server VM (25.242-b01 mixed mode windows-amd64 compressed oops)
Heap:
 PSYoungGen      total 1144832K, used 235002K [0x000000076b100000, 0x00000007b7100000, 0x00000007c0000000)
  eden space 1042432K, 17% used [0x000000076b100000,0x0000000776836918,0x00000007aab00000)
  from space 102400K, 46% used [0x00000007b0a80000,0x00000007b38c8000,0x00000007b6e80000)
  to   space 97792K, 0% used [0x00000007aab00000,0x00000007aab00000,0x00000007b0a80000)
 ParOldGen       total 594432K, used 292423K [0x00000006c1200000, 0x00000006e5680000, 0x000000076b100000)
  object space 594432K, 49% used [0x00000006c1200000,0x00000006d2f91e40,0x00000006e5680000)
 Metaspace       used 58386K, capacity 68921K, committed 69208K, reserved 1110016K
  class space    used 6717K, capacity 9236K, committed 9344K, reserved 1048576K
GC Heap History (10 events):
Event: 15.943 GC heap before
{Heap before GC invocations=22 (full 3):
 PSYoungGen      total 853504K, used 853504K [0x000000076b100000, 0x00000007a5700000, 0x00000007c0000000)
  eden space 786944K, 100% used [0x000000076b100000,0x000000079b180000,0x000000079b180000)
  from space 66560K, 100% used [0x000000079fd80000,0x00000007a3e80000,0x00000007a3e80000)
  to   space 77824K, 0% used [0x000000079b180000,0x000000079b180000,0x000000079fd80000)
 ParOldGen       total 292864K, used 180624K [0x00000006c1200000, 0x00000006d3000000, 0x000000076b100000)
  object space 292864K, 61% used [0x00000006c1200000,0x00000006cc264178,0x00000006d3000000)
 Metaspace       used 57836K, capacity 68273K, committed 68440K, reserved 1107968K
  class space    used 6705K, capacity 9226K, committed 9344K, reserved 1048576K
Event: 15.985 GC heap after
Heap after GC invocations=22 (full 3):
 PSYoungGen      total 864768K, used 64948K [0x000000076b100000, 0x00000007ace00000, 0x00000007c0000000)
  eden space 786944K, 0% used [0x000000076b100000,0x000000076b100000,0x000000079b180000)
  from space 77824K, 83% used [0x000000079b180000,0x000000079f0ed010,0x000000079fd80000)
  to   space 84992K, 0% used [0x00000007a7b00000,0x00000007a7b00000,0x00000007ace00000)
 ParOldGen       total 292864K, used 216230K [0x00000006c1200000, 0x00000006d3000000, 0x000000076b100000)
  object space 292864K, 73% used [0x00000006c1200000,0x00000006ce529988,0x00000006d3000000)
 Metaspace       used 57836K, capacity 68273K, committed 68440K, reserved 1107968K
  class space    used 6705K, capacity 9226K, committed 9344K, reserved 1048576K
}
Event: 16.871 GC heap before
{Heap before GC invocations=23 (full 3):
 PSYoungGen      total 864768K, used 851892K [0x000000076b100000, 0x00000007ace00000, 0x00000007c0000000)
  eden space 786944K, 100% used [0x000000076b100000,0x000000079b180000,0x000000079b180000)
  from space 77824K, 83% used [0x000000079b180000,0x000000079f0ed010,0x000000079fd80000)
  to   space 84992K, 0% used [0x00000007a7b00000,0x00000007a7b00000,0x00000007ace00000)
 ParOldGen       total 292864K, used 216230K [0x00000006c1200000, 0x00000006d3000000, 0x000000076b100000)
  object space 292864K, 73% used [0x00000006c1200000,0x00000006ce529988,0x00000006d3000000)
 Metaspace       used 58017K, capacity 68487K, committed 68696K, reserved 1107968K
  class space    used 6707K, capacity 9227K, committed 9344K, reserved 1048576K
Event: 16.901 GC heap after
Heap after GC invocations=23 (full 3):
 PSYoungGen      total 979456K, used 84992K [0x000000076b100000, 0x00000007aec80000, 0x00000007c0000000)
  eden space 894464K, 0% used [0x000000076b100000,0x000000076b100000,0x00000007a1a80000)
  from space 84992K, 100% used [0x00000007a7b00000,0x00000007ace00000,0x00000007ace00000)
  to   space 98816K, 0% used [0x00000007a1a80000,0x00000007a1a80000,0x00000007a7b00000)
 ParOldGen       total 292864K, used 218364K [0x00000006c1200000, 0x00000006d3000000, 0x000000076b100000)
  object space 292864K, 74% used [0x00000006c1200000,0x00000006ce73f098,0x00000006d3000000)
 Metaspace       used 58017K, capacity 68487K, committed 68696K, reserved 1107968K
  class space    used 6707K, capacity 9227K, committed 9344K, reserved 1048576K
}
Event: 17.976 GC heap before
{Heap before GC invocations=24 (full 3):
 PSYoungGen      total 979456K, used 979456K [0x000000076b100000, 0x00000007aec80000, 0x00000007c0000000)
  eden space 894464K, 100% used [0x000000076b100000,0x00000007a1a80000,0x00000007a1a80000)
  from space 84992K, 100% used [0x00000007a7b00000,0x00000007ace00000,0x00000007ace00000)
  to   space 98816K, 0% used [0x00000007a1a80000,0x00000007a1a80000,0x00000007a7b00000)
 ParOldGen       total 292864K, used 218364K [0x00000006c1200000, 0x00000006d3000000, 0x000000076b100000)
  object space 292864K, 74% used [0x00000006c1200000,0x00000006ce73f098,0x00000006d3000000)
 Metaspace       used 58096K, capacity 68541K, committed 68696K, reserved 1107968K
  class space    used 6708K, capacity 9228K, committed 9344K, reserved 1048576K
Event: 18.011 GC heap after
Heap after GC invocations=24 (full 3):
 PSYoungGen      total 993280K, used 65536K [0x000000076b100000, 0x00000007b6e80000, 0x00000007c0000000)
  eden space 894464K, 0% used [0x000000076b100000,0x000000076b100000,0x00000007a1a80000)
  from space 98816K, 66% used [0x00000007a1a80000,0x00000007a5a80000,0x00000007a7b00000)
  to   space 102400K, 0% used [0x00000007b0a80000,0x00000007b0a80000,0x00000007b6e80000)
 ParOldGen       total 292864K, used 271250K [0x00000006c1200000, 0x00000006d3000000, 0x000000076b100000)
  object space 292864K, 92% used [0x00000006c1200000,0x00000006d1ae4bd0,0x00000006d3000000)
 Metaspace       used 58096K, capacity 68541K, committed 68696K, reserved 1107968K
  class space    used 6708K, capacity 9228K, committed 9344K, reserved 1048576K
}
Event: 18.011 GC heap before
{Heap before GC invocations=25 (full 4):
 PSYoungGen      total 993280K, used 65536K [0x000000076b100000, 0x00000007b6e80000, 0x00000007c0000000)
  eden space 894464K, 0% used [0x000000076b100000,0x000000076b100000,0x00000007a1a80000)
  from space 98816K, 66% used [0x00000007a1a80000,0x00000007a5a80000,0x00000007a7b00000)
  to   space 102400K, 0% used [0x00000007b0a80000,0x00000007b0a80000,0x00000007b6e80000)
 ParOldGen       total 292864K, used 271250K [0x00000006c1200000, 0x00000006d3000000, 0x000000076b100000)
  object space 292864K, 92% used [0x00000006c1200000,0x00000006d1ae4bd0,0x00000006d3000000)
 Metaspace       used 58096K, capacity 68541K, committed 68696K, reserved 1107968K
  class space    used 6708K, capacity 9228K, committed 9344K, reserved 1048576K
Event: 18.335 GC heap after
Heap after GC invocations=25 (full 4):
 PSYoungGen      total 993280K, used 7027K [0x000000076b100000, 0x00000007b6e80000, 0x00000007c0000000)
  eden space 894464K, 0% used [0x000000076b100000,0x000000076b100000,0x00000007a1a80000)
  from space 98816K, 7% used [0x00000007a1a80000,0x00000007a215cf28,0x00000007a7b00000)
  to   space 102400K, 0% used [0x00000007b0a80000,0x00000007b0a80000,0x00000007b6e80000)
 ParOldGen       total 594432K, used 292415K [0x00000006c1200000, 0x00000006e5680000, 0x000000076b100000)
  object space 594432K, 49% used [0x00000006c1200000,0x00000006d2f8fe40,0x00000006e5680000)
 Metaspace       used 58096K, capacity 68541K, committed 68696K, reserved 1107968K
  class space    used 6708K, capacity 9228K, committed 9344K, reserved 1048576K
}
Event: 19.287 GC heap before
{Heap before GC invocations=26 (full 4):
 PSYoungGen      total 993280K, used 901491K [0x000000076b100000, 0x00000007b6e80000, 0x00000007c0000000)
  eden space 894464K, 100% used [0x000000076b100000,0x00000007a1a80000,0x00000007a1a80000)
  from space 98816K, 7% used [0x00000007a1a80000,0x00000007a215cf28,0x00000007a7b00000)
  to   space 102400K, 0% used [0x00000007b0a80000,0x00000007b0a80000,0x00000007b6e80000)
 ParOldGen       total 594432K, used 292415K [0x00000006c1200000, 0x00000006e5680000, 0x000000076b100000)
  object space 594432K, 49% used [0x00000006c1200000,0x00000006d2f8fe40,0x00000006e5680000)
 Metaspace       used 58328K, capacity 68833K, committed 68952K, reserved 1110016K
  class space    used 6713K, capacity 9232K, committed 9344K, reserved 1048576K
Event: 19.327 GC heap after
Heap after GC invocations=26 (full 4):
 PSYoungGen      total 1144832K, used 47392K [0x000000076b100000, 0x00000007b7100000, 0x00000007c0000000)
  eden space 1042432K, 0% used [0x000000076b100000,0x000000076b100000,0x00000007aab00000)
  from space 102400K, 46% used [0x00000007b0a80000,0x00000007b38c8000,0x00000007b6e80000)
  to   space 97792K, 0% used [0x00000007aab00000,0x00000007aab00000,0x00000007b0a80000)
 ParOldGen       total 594432K, used 292423K [0x00000006c1200000, 0x00000006e5680000, 0x000000076b100000)
  object space 594432K, 49% used [0x00000006c1200000,0x00000006d2f91e40,0x00000006e5680000)
 Metaspace       used 58328K, capacity 68833K, committed 68952K, reserved 1110016K
  class space    used 6713K, capacity 9232K, committed 9344K, reserved 1048576K
}

