# JRE version: OpenJDK Runtime Environment (8.0_242-b01) (build 1.8.0_242-release-1644-b01)
# Java VM: OpenJDK 64-Bit Server VM (25.242-b01 mixed mode windows-amd64 compressed oops)
Heap:
 PSYoungGen      total 939008K, used 823216K [0x000000076b100000, 0x00000007c0000000, 0x00000007c0000000)
  eden space 680448K, 87% used [0x000000076b100000,0x000000078f98f0a8,0x0000000794980000)
  from space 258560K, 86% used [0x0000000794980000,0x00000007a24dd010,0x00000007a4600000)
  to   space 289792K, 0% used [0x00000007ae500000,0x00000007ae500000,0x00000007c0000000)
 ParOldGen       total 315392K, used 95343K [0x00000006c1200000, 0x00000006d4600000, 0x000000076b100000)
  object space 315392K, 30% used [0x00000006c1200000,0x00000006c6f1bfb0,0x00000006d4600000)
 Metaspace       used 58412K, capacity 68976K, committed 69248K, reserved 1110016K
  class space    used 6724K, capacity 9275K, committed 9344K, reserved 1048576K
GC Heap History (10 events):
Event: 13.445 GC heap before
{Heap before GC invocations=22 (full 3):
 PSYoungGen      total 659456K, used 650880K [0x000000076b100000, 0x000000079ee00000, 0x00000007c0000000)
  eden space 529920K, 100% used [0x000000076b100000,0x000000078b680000,0x000000078b680000)
  from space 129536K, 93% used [0x0000000794780000,0x000000079bda0000,0x000000079c600000)
  to   space 148480K, 0% used [0x000000078b680000,0x000000078b680000,0x0000000794780000)
 ParOldGen       total 315392K, used 82776K [0x00000006c1200000, 0x00000006d4600000, 0x000000076b100000)
  object space 315392K, 26% used [0x00000006c1200000,0x00000006c62d6048,0x00000006d4600000)
 Metaspace       used 57803K, capacity 68186K, committed 68480K, reserved 1107968K
  class space    used 6711K, capacity 9232K, committed 9344K, reserved 1048576K
Event: 13.488 GC heap after
Heap after GC invocations=22 (full 3):
 PSYoungGen      total 678400K, used 142484K [0x000000076b100000, 0x00000007a6300000, 0x00000007c0000000)
  eden space 529920K, 0% used [0x000000076b100000,0x000000076b100000,0x000000078b680000)
  from space 148480K, 95% used [0x000000078b680000,0x00000007941a5010,0x0000000794780000)
  to   space 171520K, 0% used [0x000000079bb80000,0x000000079bb80000,0x00000007a6300000)
 ParOldGen       total 315392K, used 82792K [0x00000006c1200000, 0x00000006d4600000, 0x000000076b100000)
  object space 315392K, 26% used [0x00000006c1200000,0x00000006c62da048,0x00000006d4600000)
 Metaspace       used 57803K, capacity 68186K, committed 68480K, reserved 1107968K
  class space    used 6711K, capacity 9232K, committed 9344K, reserved 1048576K
}
Event: 14.255 GC heap before
{Heap before GC invocations=23 (full 3):
 PSYoungGen      total 678400K, used 672404K [0x000000076b100000, 0x00000007a6300000, 0x00000007c0000000)
  eden space 529920K, 100% used [0x000000076b100000,0x000000078b680000,0x000000078b680000)
  from space 148480K, 95% used [0x000000078b680000,0x00000007941a5010,0x0000000794780000)
  to   space 171520K, 0% used [0x000000079bb80000,0x000000079bb80000,0x00000007a6300000)
 ParOldGen       total 315392K, used 82792K [0x00000006c1200000, 0x00000006d4600000, 0x000000076b100000)
  object space 315392K, 26% used [0x00000006c1200000,0x00000006c62da048,0x00000006d4600000)
 Metaspace       used 57887K, capacity 68250K, committed 68480K, reserved 1107968K
  class space    used 6713K, capacity 9234K, committed 9344K, reserved 1048576K
Event: 14.309 GC heap after
Heap after GC invocations=23 (full 3):
 PSYoungGen      total 771584K, used 162400K [0x000000076b100000, 0x00000007a9800000, 0x00000007c0000000)
  eden space 600064K, 0% used [0x000000076b100000,0x000000076b100000,0x000000078fb00000)
  from space 171520K, 94% used [0x000000079bb80000,0x00000007a5a18000,0x00000007a6300000)
  to   space 197120K, 0% used [0x000000078fb00000,0x000000078fb00000,0x000000079bb80000)
 ParOldGen       total 315392K, used 82800K [0x00000006c1200000, 0x00000006d4600000, 0x000000076b100000)
  object space 315392K, 26% used [0x00000006c1200000,0x00000006c62dc048,0x00000006d4600000)
 Metaspace       used 57887K, capacity 68250K, committed 68480K, reserved 1107968K
  class space    used 6713K, capacity 9234K, committed 9344K, reserved 1048576K
}
Event: 15.049 GC heap before
{Heap before GC invocations=24 (full 3):
 PSYoungGen      total 771584K, used 762464K [0x000000076b100000, 0x00000007a9800000, 0x00000007c0000000)
  eden space 600064K, 100% used [0x000000076b100000,0x000000078fb00000,0x000000078fb00000)
  from space 171520K, 94% used [0x000000079bb80000,0x00000007a5a18000,0x00000007a6300000)
  to   space 197120K, 0% used [0x000000078fb00000,0x000000078fb00000,0x000000079bb80000)
 ParOldGen       total 315392K, used 82800K [0x00000006c1200000, 0x00000006d4600000, 0x000000076b100000)
  object space 315392K, 26% used [0x00000006c1200000,0x00000006c62dc048,0x00000006d4600000)
 Metaspace       used 58081K, capacity 68466K, committed 68736K, reserved 1107968K
  class space    used 6716K, capacity 9236K, committed 9344K, reserved 1048576K
Event: 15.094 GC heap after
Heap after GC invocations=24 (full 3):
 PSYoungGen      total 797184K, used 186612K [0x000000076b100000, 0x00000007b2380000, 0x00000007c0000000)
  eden space 600064K, 0% used [0x000000076b100000,0x000000076b100000,0x000000078fb00000)
  from space 197120K, 94% used [0x000000078fb00000,0x000000079b13d010,0x000000079bb80000)
  to   space 226816K, 0% used [0x00000007a4600000,0x00000007a4600000,0x00000007b2380000)
 ParOldGen       total 315392K, used 82808K [0x00000006c1200000, 0x00000006d4600000, 0x000000076b100000)
  object space 315392K, 26% used [0x00000006c1200000,0x00000006c62de048,0x00000006d4600000)
 Metaspace       used 58081K, capacity 68466K, committed 68736K, reserved 1107968K
  class space    used 6716K, capacity 9236K, committed 9344K, reserved 1048576K
}
Event: 15.795 GC heap before
{Heap before GC invocations=25 (full 3):
 PSYoungGen      total 797184K, used 786676K [0x000000076b100000, 0x00000007b2380000, 0x00000007c0000000)
  eden space 600064K, 100% used [0x000000076b100000,0x000000078fb00000,0x000000078fb00000)
  from space 197120K, 94% used [0x000000078fb00000,0x000000079b13d010,0x000000079bb80000)
  to   space 226816K, 0% used [0x00000007a4600000,0x00000007a4600000,0x00000007b2380000)
 ParOldGen       total 315392K, used 82808K [0x00000006c1200000, 0x00000006d4600000, 0x000000076b100000)
  object space 315392K, 26% used [0x00000006c1200000,0x00000006c62de048,0x00000006d4600000)
 Metaspace       used 58142K, capacity 68646K, committed 68992K, reserved 1110016K
  class space    used 6718K, capacity 9238K, committed 9344K, reserved 1048576K
Event: 15.863 GC heap after
Heap after GC invocations=25 (full 3):
 PSYoungGen      total 907264K, used 209012K [0x000000076b100000, 0x00000007b6980000, 0x00000007c0000000)
  eden space 680448K, 0% used [0x000000076b100000,0x000000076b100000,0x0000000794980000)
  from space 226816K, 92% used [0x00000007a4600000,0x00000007b121d010,0x00000007b2380000)
  to   space 258560K, 0% used [0x0000000794980000,0x0000000794980000,0x00000007a4600000)
 ParOldGen       total 315392K, used 82816K [0x00000006c1200000, 0x00000006d4600000, 0x000000076b100000)
  object space 315392K, 26% used [0x00000006c1200000,0x00000006c62e0048,0x00000006d4600000)
 Metaspace       used 58142K, capacity 68646K, committed 68992K, reserved 1110016K
  class space    used 6718K, capacity 9238K, committed 9344K, reserved 1048576K
}
Event: 16.603 GC heap before
{Heap before GC invocations=26 (full 3):
 PSYoungGen      total 907264K, used 889460K [0x000000076b100000, 0x00000007b6980000, 0x00000007c0000000)
  eden space 680448K, 100% used [0x000000076b100000,0x0000000794980000,0x0000000794980000)
  from space 226816K, 92% used [0x00000007a4600000,0x00000007b121d010,0x00000007b2380000)
  to   space 258560K, 0% used [0x0000000794980000,0x0000000794980000,0x00000007a4600000)
 ParOldGen       total 315392K, used 82816K [0x00000006c1200000, 0x00000006d4600000, 0x000000076b100000)
  object space 315392K, 26% used [0x00000006c1200000,0x00000006c62e0048,0x00000006d4600000)
 Metaspace       used 58234K, capacity 68754K, committed 68992K, reserved 1110016K
  class space    used 6721K, capacity 9240K, committed 9344K, reserved 1048576K
Event: 16.665 GC heap after
Heap after GC invocations=26 (full 3):
 PSYoungGen      total 939008K, used 224628K [0x000000076b100000, 0x00000007c0000000, 0x00000007c0000000)
  eden space 680448K, 0% used [0x000000076b100000,0x000000076b100000,0x0000000794980000)
  from space 258560K, 86% used [0x0000000794980000,0x00000007a24dd010,0x00000007a4600000)
  to   space 289792K, 0% used [0x00000007ae500000,0x00000007ae500000,0x00000007c0000000)
 ParOldGen       total 315392K, used 95343K [0x00000006c1200000, 0x00000006d4600000, 0x000000076b100000)
  object space 315392K, 30% used [0x00000006c1200000,0x00000006c6f1bfb0,0x00000006d4600000)
 Metaspace       used 58234K, capacity 68754K, committed 68992K, reserved 1110016K
  class space    used 6721K, capacity 9240K, committed 9344K, reserved 1048576K
}

