# JRE version: OpenJDK Runtime Environment (8.0_242-b01) (build 1.8.0_242-release-1644-b01)
# Java VM: OpenJDK 64-Bit Server VM (25.242-b01 mixed mode windows-amd64 compressed oops)
Heap:
 PSYoungGen      total 1164288K, used 163240K [0x000000076b100000, 0x00000007bfb80000, 0x00000007c0000000)
  eden space 1021440K, 1% used [0x000000076b100000,0x000000076c4f2028,0x00000007a9680000)
  from space 142848K, 99% used [0x00000007b3980000,0x00000007bc4f8020,0x00000007bc500000)
  to   space 166912K, 0% used [0x00000007a9680000,0x00000007a9680000,0x00000007b3980000)
 ParOldGen       total 291840K, used 175799K [0x00000006c1200000, 0x00000006d2f00000, 0x000000076b100000)
  object space 291840K, 60% used [0x00000006c1200000,0x00000006cbdadd10,0x00000006d2f00000)
 Metaspace       used 63927K, capacity 76271K, committed 76632K, reserved 1116160K
  class space    used 7171K, capacity 10251K, committed 10368K, reserved 1048576K
GC Heap History (10 events):
Event: 16.598 GC heap before
{Heap before GC invocations=23 (full 3):
 PSYoungGen      total 771584K, used 767200K [0x000000076b100000, 0x00000007a6b80000, 0x00000007c0000000)
  eden space 686080K, 100% used [0x000000076b100000,0x0000000794f00000,0x0000000794f00000)
  from space 85504K, 94% used [0x0000000794f00000,0x0000000799e38000,0x000000079a280000)
  to   space 97280K, 0% used [0x00000007a0c80000,0x00000007a0c80000,0x00000007a6b80000)
 ParOldGen       total 291840K, used 138944K [0x00000006c1200000, 0x00000006d2f00000, 0x000000076b100000)
  object space 291840K, 47% used [0x00000006c1200000,0x00000006c99b0348,0x00000006d2f00000)
 Metaspace       used 63474K, capacity 75639K, committed 75736K, reserved 1114112K
  class space    used 7169K, capacity 10219K, committed 10240K, reserved 1048576K
Event: 16.643 GC heap after
Heap after GC invocations=23 (full 3):
 PSYoungGen      total 863744K, used 97280K [0x000000076b100000, 0x00000007a9b80000, 0x00000007c0000000)
  eden space 766464K, 0% used [0x000000076b100000,0x000000076b100000,0x0000000799d80000)
  from space 97280K, 100% used [0x00000007a0c80000,0x00000007a6b80000,0x00000007a6b80000)
  to   space 113664K, 0% used [0x0000000799d80000,0x0000000799d80000,0x00000007a0c80000)
 ParOldGen       total 291840K, used 141266K [0x00000006c1200000, 0x00000006d2f00000, 0x000000076b100000)
  object space 291840K, 48% used [0x00000006c1200000,0x00000006c9bf49d8,0x00000006d2f00000)
 Metaspace       used 63474K, capacity 75639K, committed 75736K, reserved 1114112K
  class space    used 7169K, capacity 10219K, committed 10240K, reserved 1048576K
}
Event: 17.477 GC heap before
{Heap before GC invocations=24 (full 3):
 PSYoungGen      total 863744K, used 863744K [0x000000076b100000, 0x00000007a9b80000, 0x00000007c0000000)
  eden space 766464K, 100% used [0x000000076b100000,0x0000000799d80000,0x0000000799d80000)
  from space 97280K, 100% used [0x00000007a0c80000,0x00000007a6b80000,0x00000007a6b80000)
  to   space 113664K, 0% used [0x0000000799d80000,0x0000000799d80000,0x00000007a0c80000)
 ParOldGen       total 291840K, used 141266K [0x00000006c1200000, 0x00000006d2f00000, 0x000000076b100000)
  object space 291840K, 48% used [0x00000006c1200000,0x00000006c9bf49d8,0x00000006d2f00000)
 Metaspace       used 63577K, capacity 75807K, committed 75992K, reserved 1116160K
  class space    used 7170K, capacity 10219K, committed 10240K, reserved 1048576K
Event: 17.514 GC heap after
Heap after GC invocations=24 (full 3):
 PSYoungGen      total 880128K, used 70688K [0x000000076b100000, 0x00000007aff00000, 0x00000007c0000000)
  eden space 766464K, 0% used [0x000000076b100000,0x000000076b100000,0x0000000799d80000)
  from space 113664K, 62% used [0x0000000799d80000,0x000000079e288000,0x00000007a0c80000)
  to   space 115712K, 0% used [0x00000007a8e00000,0x00000007a8e00000,0x00000007aff00000)
 ParOldGen       total 291840K, used 170748K [0x00000006c1200000, 0x00000006d2f00000, 0x000000076b100000)
  object space 291840K, 58% used [0x00000006c1200000,0x00000006cb8bf0f0,0x00000006d2f00000)
 Metaspace       used 63577K, capacity 75807K, committed 75992K, reserved 1116160K
  class space    used 7170K, capacity 10219K, committed 10240K, reserved 1048576K
}
Event: 18.303 GC heap before
{Heap before GC invocations=25 (full 3):
 PSYoungGen      total 880128K, used 837152K [0x000000076b100000, 0x00000007aff00000, 0x00000007c0000000)
  eden space 766464K, 100% used [0x000000076b100000,0x0000000799d80000,0x0000000799d80000)
  from space 113664K, 62% used [0x0000000799d80000,0x000000079e288000,0x00000007a0c80000)
  to   space 115712K, 0% used [0x00000007a8e00000,0x00000007a8e00000,0x00000007aff00000)
 ParOldGen       total 291840K, used 170748K [0x00000006c1200000, 0x00000006d2f00000, 0x000000076b100000)
  object space 291840K, 58% used [0x00000006c1200000,0x00000006cb8bf0f0,0x00000006d2f00000)
 Metaspace       used 63701K, capacity 75907K, committed 75992K, reserved 1116160K
  class space    used 7170K, capacity 10219K, committed 10240K, reserved 1048576K
Event: 18.350 GC heap after
Heap after GC invocations=25 (full 3):
 PSYoungGen      total 1003008K, used 93056K [0x000000076b100000, 0x00000007b1b80000, 0x00000007c0000000)
  eden space 887296K, 0% used [0x000000076b100000,0x000000076b100000,0x00000007a1380000)
  from space 115712K, 80% used [0x00000007a8e00000,0x00000007ae8e0000,0x00000007aff00000)
  to   space 125440K, 0% used [0x00000007a1380000,0x00000007a1380000,0x00000007a8e00000)
 ParOldGen       total 291840K, used 170756K [0x00000006c1200000, 0x00000006d2f00000, 0x000000076b100000)
  object space 291840K, 58% used [0x00000006c1200000,0x00000006cb8c10f0,0x00000006d2f00000)
 Metaspace       used 63701K, capacity 75907K, committed 75992K, reserved 1116160K
  class space    used 7170K, capacity 10219K, committed 10240K, reserved 1048576K
}
Event: 19.313 GC heap before
{Heap before GC invocations=26 (full 3):
 PSYoungGen      total 1003008K, used 980352K [0x000000076b100000, 0x00000007b1b80000, 0x00000007c0000000)
  eden space 887296K, 100% used [0x000000076b100000,0x00000007a1380000,0x00000007a1380000)
  from space 115712K, 80% used [0x00000007a8e00000,0x00000007ae8e0000,0x00000007aff00000)
  to   space 125440K, 0% used [0x00000007a1380000,0x00000007a1380000,0x00000007a8e00000)
 ParOldGen       total 291840K, used 170756K [0x00000006c1200000, 0x00000006d2f00000, 0x000000076b100000)
  object space 291840K, 58% used [0x00000006c1200000,0x00000006cb8c10f0,0x00000006d2f00000)
 Metaspace       used 63776K, capacity 76091K, committed 76376K, reserved 1116160K
  class space    used 7171K, capacity 10251K, committed 10368K, reserved 1048576K
Event: 19.348 GC heap after
Heap after GC invocations=26 (full 3):
 PSYoungGen      total 1012736K, used 120224K [0x000000076b100000, 0x00000007bc500000, 0x00000007c0000000)
  eden space 887296K, 0% used [0x000000076b100000,0x000000076b100000,0x00000007a1380000)
  from space 125440K, 95% used [0x00000007a1380000,0x00000007a88e8000,0x00000007a8e00000)
  to   space 142848K, 0% used [0x00000007b3980000,0x00000007b3980000,0x00000007bc500000)
 ParOldGen       total 291840K, used 170764K [0x00000006c1200000, 0x00000006d2f00000, 0x000000076b100000)
  object space 291840K, 58% used [0x00000006c1200000,0x00000006cb8c30f0,0x00000006d2f00000)
 Metaspace       used 63776K, capacity 76091K, committed 76376K, reserved 1116160K
  class space    used 7171K, capacity 10251K, committed 10368K, reserved 1048576K
}
Event: 20.174 GC heap before
{Heap before GC invocations=27 (full 3):
 PSYoungGen      total 1012736K, used 1007520K [0x000000076b100000, 0x00000007bc500000, 0x00000007c0000000)
  eden space 887296K, 100% used [0x000000076b100000,0x00000007a1380000,0x00000007a1380000)
  from space 125440K, 95% used [0x00000007a1380000,0x00000007a88e8000,0x00000007a8e00000)
  to   space 142848K, 0% used [0x00000007b3980000,0x00000007b3980000,0x00000007bc500000)
 ParOldGen       total 291840K, used 170764K [0x00000006c1200000, 0x00000006d2f00000, 0x000000076b100000)
  object space 291840K, 58% used [0x00000006c1200000,0x00000006cb8c30f0,0x00000006d2f00000)
 Metaspace       used 63925K, capacity 76271K, committed 76632K, reserved 1116160K
  class space    used 7171K, capacity 10251K, committed 10368K, reserved 1048576K
Event: 20.222 GC heap after
Heap after GC invocations=27 (full 3):
 PSYoungGen      total 1164288K, used 142816K [0x000000076b100000, 0x00000007bfb80000, 0x00000007c0000000)
  eden space 1021440K, 0% used [0x000000076b100000,0x000000076b100000,0x00000007a9680000)
  from space 142848K, 99% used [0x00000007b3980000,0x00000007bc4f8020,0x00000007bc500000)
  to   space 166912K, 0% used [0x00000007a9680000,0x00000007a9680000,0x00000007b3980000)
 ParOldGen       total 291840K, used 175799K [0x00000006c1200000, 0x00000006d2f00000, 0x000000076b100000)
  object space 291840K, 60% used [0x00000006c1200000,0x00000006cbdadd10,0x00000006d2f00000)
 Metaspace       used 63925K, capacity 76271K, committed 76632K, reserved 1116160K
  class space    used 7171K, capacity 10251K, committed 10368K, reserved 1048576K
}

