# JRE version: OpenJDK Runtime Environment (8.0_242-b01) (build 1.8.0_242-release-1644-b01)
# Java VM: OpenJDK 64-Bit Server VM (25.242-b01 mixed mode windows-amd64 compressed oops)
Heap:
 PSYoungGen      total 1017344K, used 433875K [0x000000076b100000, 0x00000007c0000000, 0x00000007c0000000)
  eden space 804864K, 27% used [0x000000076b100000,0x0000000778bdcf90,0x000000079c300000)
  from space 212480K, 98% used [0x000000079c300000,0x00000007a8fd8020,0x00000007a9280000)
  to   space 246272K, 0% used [0x00000007b0f80000,0x00000007b0f80000,0x00000007c0000000)
 ParOldGen       total 447488K, used 148122K [0x00000006c1200000, 0x00000006dc700000, 0x000000076b100000)
  object space 447488K, 33% used [0x00000006c1200000,0x00000006ca2a6960,0x00000006dc700000)
 Metaspace       used 63273K, capacity 75094K, committed 75392K, reserved 1114112K
  class space    used 7114K, capacity 9998K, committed 10112K, reserved 1048576K
GC Heap History (10 events):
Event: 15.945 GC heap before
{Heap before GC invocations=25 (full 4):
 PSYoungGen      total 734208K, used 722048K [0x000000076b100000, 0x00000007a0900000, 0x00000007c0000000)
  eden space 630784K, 100% used [0x000000076b100000,0x0000000791900000,0x0000000791900000)
  from space 103424K, 88% used [0x0000000798a00000,0x000000079e320000,0x000000079ef00000)
  to   space 115712K, 0% used [0x0000000791900000,0x0000000791900000,0x0000000798a00000)
 ParOldGen       total 447488K, used 141832K [0x00000006c1200000, 0x00000006dc700000, 0x000000076b100000)
  object space 447488K, 31% used [0x00000006c1200000,0x00000006c9c823a0,0x00000006dc700000)
 Metaspace       used 62586K, capacity 74296K, committed 74496K, reserved 1114112K
  class space    used 7089K, capacity 9977K, committed 9984K, reserved 1048576K
Event: 15.985 GC heap after
Heap after GC invocations=25 (full 4):
 PSYoungGen      total 746496K, used 114240K [0x000000076b100000, 0x00000007a8000000, 0x00000007c0000000)
  eden space 630784K, 0% used [0x000000076b100000,0x000000076b100000,0x0000000791900000)
  from space 115712K, 98% used [0x0000000791900000,0x0000000798890000,0x0000000798a00000)
  to   space 133632K, 0% used [0x000000079fd80000,0x000000079fd80000,0x00000007a8000000)
 ParOldGen       total 447488K, used 141840K [0x00000006c1200000, 0x00000006dc700000, 0x000000076b100000)
  object space 447488K, 31% used [0x00000006c1200000,0x00000006c9c843a0,0x00000006dc700000)
 Metaspace       used 62586K, capacity 74296K, committed 74496K, reserved 1114112K
  class space    used 7089K, capacity 9977K, committed 9984K, reserved 1048576K
}
Event: 16.813 GC heap before
{Heap before GC invocations=26 (full 4):
 PSYoungGen      total 746496K, used 745024K [0x000000076b100000, 0x00000007a8000000, 0x00000007c0000000)
  eden space 630784K, 100% used [0x000000076b100000,0x0000000791900000,0x0000000791900000)
  from space 115712K, 98% used [0x0000000791900000,0x0000000798890000,0x0000000798a00000)
  to   space 133632K, 0% used [0x000000079fd80000,0x000000079fd80000,0x00000007a8000000)
 ParOldGen       total 447488K, used 141840K [0x00000006c1200000, 0x00000006dc700000, 0x000000076b100000)
  object space 447488K, 31% used [0x00000006c1200000,0x00000006c9c843a0,0x00000006dc700000)
 Metaspace       used 62697K, capacity 74404K, committed 74496K, reserved 1114112K
  class space    used 7096K, capacity 9983K, committed 9984K, reserved 1048576K
Event: 16.859 GC heap after
Heap after GC invocations=26 (full 4):
 PSYoungGen      total 842240K, used 133632K [0x000000076b100000, 0x00000007ab580000, 0x00000007c0000000)
  eden space 708608K, 0% used [0x000000076b100000,0x000000076b100000,0x0000000796500000)
  from space 133632K, 100% used [0x000000079fd80000,0x00000007a8000000,0x00000007a8000000)
  to   space 156160K, 0% used [0x0000000796500000,0x0000000796500000,0x000000079fd80000)
 ParOldGen       total 447488K, used 143912K [0x00000006c1200000, 0x00000006dc700000, 0x000000076b100000)
  object space 447488K, 32% used [0x00000006c1200000,0x00000006c9e8a2d8,0x00000006dc700000)
 Metaspace       used 62697K, capacity 74404K, committed 74496K, reserved 1114112K
  class space    used 7096K, capacity 9983K, committed 9984K, reserved 1048576K
}
Event: 17.768 GC heap before
{Heap before GC invocations=27 (full 4):
 PSYoungGen      total 842240K, used 842240K [0x000000076b100000, 0x00000007ab580000, 0x00000007c0000000)
  eden space 708608K, 100% used [0x000000076b100000,0x0000000796500000,0x0000000796500000)
  from space 133632K, 100% used [0x000000079fd80000,0x00000007a8000000,0x00000007a8000000)
  to   space 156160K, 0% used [0x0000000796500000,0x0000000796500000,0x000000079fd80000)
 ParOldGen       total 447488K, used 143912K [0x00000006c1200000, 0x00000006dc700000, 0x000000076b100000)
  object space 447488K, 32% used [0x00000006c1200000,0x00000006c9e8a2d8,0x00000006dc700000)
 Metaspace       used 62846K, capacity 74544K, committed 74880K, reserved 1114112K
  class space    used 7101K, capacity 9987K, committed 10112K, reserved 1048576K
Event: 17.808 GC heap after
Heap after GC invocations=27 (full 4):
 PSYoungGen      total 864768K, used 156160K [0x000000076b100000, 0x00000007b4500000, 0x00000007c0000000)
  eden space 708608K, 0% used [0x000000076b100000,0x000000076b100000,0x0000000796500000)
  from space 156160K, 100% used [0x0000000796500000,0x000000079fd80000,0x000000079fd80000)
  to   space 182784K, 0% used [0x00000007a9280000,0x00000007a9280000,0x00000007b4500000)
 ParOldGen       total 447488K, used 148106K [0x00000006c1200000, 0x00000006dc700000, 0x000000076b100000)
  object space 447488K, 33% used [0x00000006c1200000,0x00000006ca2a2960,0x00000006dc700000)
 Metaspace       used 62846K, capacity 74544K, committed 74880K, reserved 1114112K
  class space    used 7101K, capacity 9987K, committed 10112K, reserved 1048576K
}
Event: 18.623 GC heap before
{Heap before GC invocations=28 (full 4):
 PSYoungGen      total 864768K, used 864768K [0x000000076b100000, 0x00000007b4500000, 0x00000007c0000000)
  eden space 708608K, 100% used [0x000000076b100000,0x0000000796500000,0x0000000796500000)
  from space 156160K, 100% used [0x0000000796500000,0x000000079fd80000,0x000000079fd80000)
  to   space 182784K, 0% used [0x00000007a9280000,0x00000007a9280000,0x00000007b4500000)
 ParOldGen       total 447488K, used 148106K [0x00000006c1200000, 0x00000006dc700000, 0x000000076b100000)
  object space 447488K, 33% used [0x00000006c1200000,0x00000006ca2a2960,0x00000006dc700000)
 Metaspace       used 62965K, capacity 74660K, committed 74880K, reserved 1114112K
  class space    used 7105K, capacity 9991K, committed 10112K, reserved 1048576K
Event: 18.678 GC heap after
Heap after GC invocations=28 (full 4):
 PSYoungGen      total 987648K, used 181312K [0x000000076b100000, 0x00000007b8980000, 0x00000007c0000000)
  eden space 804864K, 0% used [0x000000076b100000,0x000000076b100000,0x000000079c300000)
  from space 182784K, 99% used [0x00000007a9280000,0x00000007b4390000,0x00000007b4500000)
  to   space 212480K, 0% used [0x000000079c300000,0x000000079c300000,0x00000007a9280000)
 ParOldGen       total 447488K, used 148114K [0x00000006c1200000, 0x00000006dc700000, 0x000000076b100000)
  object space 447488K, 33% used [0x00000006c1200000,0x00000006ca2a4960,0x00000006dc700000)
 Metaspace       used 62965K, capacity 74660K, committed 74880K, reserved 1114112K
  class space    used 7105K, capacity 9991K, committed 10112K, reserved 1048576K
}
Event: 19.577 GC heap before
{Heap before GC invocations=29 (full 4):
 PSYoungGen      total 987648K, used 986176K [0x000000076b100000, 0x00000007b8980000, 0x00000007c0000000)
  eden space 804864K, 100% used [0x000000076b100000,0x000000079c300000,0x000000079c300000)
  from space 182784K, 99% used [0x00000007a9280000,0x00000007b4390000,0x00000007b4500000)
  to   space 212480K, 0% used [0x000000079c300000,0x000000079c300000,0x00000007a9280000)
 ParOldGen       total 447488K, used 148114K [0x00000006c1200000, 0x00000006dc700000, 0x000000076b100000)
  object space 447488K, 33% used [0x00000006c1200000,0x00000006ca2a4960,0x00000006dc700000)
 Metaspace       used 63185K, capacity 74980K, committed 75136K, reserved 1114112K
  class space    used 7110K, capacity 9995K, committed 10112K, reserved 1048576K
Event: 19.643 GC heap after
Heap after GC invocations=29 (full 4):
 PSYoungGen      total 1017344K, used 209760K [0x000000076b100000, 0x00000007c0000000, 0x00000007c0000000)
  eden space 804864K, 0% used [0x000000076b100000,0x000000076b100000,0x000000079c300000)
  from space 212480K, 98% used [0x000000079c300000,0x00000007a8fd8020,0x00000007a9280000)
  to   space 246272K, 0% used [0x00000007b0f80000,0x00000007b0f80000,0x00000007c0000000)
 ParOldGen       total 447488K, used 148122K [0x00000006c1200000, 0x00000006dc700000, 0x000000076b100000)
  object space 447488K, 33% used [0x00000006c1200000,0x00000006ca2a6960,0x00000006dc700000)
 Metaspace       used 63185K, capacity 74980K, committed 75136K, reserved 1114112K
  class space    used 7110K, capacity 9995K, committed 10112K, reserved 1048576K
}

