# JRE version: OpenJDK Runtime Environment (8.0_242-b01) (build 1.8.0_242-release-1644-b01)
# Java VM: OpenJDK 64-Bit Server VM (25.242-b01 mixed mode windows-amd64 compressed oops)
Heap:
 PSYoungGen      total 969728K, used 462359K [0x000000076b100000, 0x00000007bfc00000, 0x00000007c0000000)
  eden space 734208K, 32% used [0x000000076b100000,0x0000000779d6dd00,0x0000000797e00000)
  from space 235520K, 93% used [0x0000000797e00000,0x00000007a5518000,0x00000007a6400000)
  to   space 269312K, 0% used [0x00000007af500000,0x00000007af500000,0x00000007bfc00000)
 ParOldGen       total 430592K, used 119791K [0x00000006c1200000, 0x00000006db680000, 0x000000076b100000)
  object space 430592K, 27% used [0x00000006c1200000,0x00000006c86fbc58,0x00000006db680000)
 Metaspace       used 63349K, capacity 75192K, committed 75392K, reserved 1114112K
  class space    used 7124K, capacity 10041K, committed 10112K, reserved 1048576K
GC Heap History (10 events):
Event: 15.696 GC heap before
{Heap before GC invocations=25 (full 4):
 PSYoungGen      total 687104K, used 687104K [0x000000076b100000, 0x000000079f800000, 0x00000007c0000000)
  eden space 576000K, 100% used [0x000000076b100000,0x000000078e380000,0x000000078e380000)
  from space 111104K, 100% used [0x0000000796200000,0x000000079ce80000,0x000000079ce80000)
  to   space 129536K, 0% used [0x000000078e380000,0x000000078e380000,0x0000000796200000)
 ParOldGen       total 430592K, used 117805K [0x00000006c1200000, 0x00000006db680000, 0x000000076b100000)
  object space 430592K, 27% used [0x00000006c1200000,0x00000006c850b6e8,0x00000006db680000)
 Metaspace       used 62085K, capacity 73484K, committed 73728K, reserved 1114112K
  class space    used 7064K, capacity 9880K, committed 9984K, reserved 1048576K
Event: 15.729 GC heap after
Heap after GC invocations=25 (full 4):
 PSYoungGen      total 705536K, used 129536K [0x000000076b100000, 0x00000007a6680000, 0x00000007c0000000)
  eden space 576000K, 0% used [0x000000076b100000,0x000000076b100000,0x000000078e380000)
  from space 129536K, 100% used [0x000000078e380000,0x0000000796200000,0x0000000796200000)
  to   space 151552K, 0% used [0x000000079d280000,0x000000079d280000,0x00000007a6680000)
 ParOldGen       total 430592K, used 119759K [0x00000006c1200000, 0x00000006db680000, 0x000000076b100000)
  object space 430592K, 27% used [0x00000006c1200000,0x00000006c86f3c58,0x00000006db680000)
 Metaspace       used 62085K, capacity 73484K, committed 73728K, reserved 1114112K
  class space    used 7064K, capacity 9880K, committed 9984K, reserved 1048576K
}
Event: 16.465 GC heap before
{Heap before GC invocations=26 (full 4):
 PSYoungGen      total 705536K, used 705536K [0x000000076b100000, 0x00000007a6680000, 0x00000007c0000000)
  eden space 576000K, 100% used [0x000000076b100000,0x000000078e380000,0x000000078e380000)
  from space 129536K, 100% used [0x000000078e380000,0x0000000796200000,0x0000000796200000)
  to   space 151552K, 0% used [0x000000079d280000,0x000000079d280000,0x00000007a6680000)
 ParOldGen       total 430592K, used 119759K [0x00000006c1200000, 0x00000006db680000, 0x000000076b100000)
  object space 430592K, 27% used [0x00000006c1200000,0x00000006c86f3c58,0x00000006db680000)
 Metaspace       used 62241K, capacity 73674K, committed 73984K, reserved 1114112K
  class space    used 7069K, capacity 9885K, committed 9984K, reserved 1048576K
Event: 16.514 GC heap after
Heap after GC invocations=26 (full 4):
 PSYoungGen      total 795648K, used 151072K [0x000000076b100000, 0x00000007aa200000, 0x00000007c0000000)
  eden space 644096K, 0% used [0x000000076b100000,0x000000076b100000,0x0000000792600000)
  from space 151552K, 99% used [0x000000079d280000,0x00000007a6608000,0x00000007a6680000)
  to   space 176640K, 0% used [0x0000000792600000,0x0000000792600000,0x000000079d280000)
 ParOldGen       total 430592K, used 119767K [0x00000006c1200000, 0x00000006db680000, 0x000000076b100000)
  object space 430592K, 27% used [0x00000006c1200000,0x00000006c86f5c58,0x00000006db680000)
 Metaspace       used 62241K, capacity 73674K, committed 73984K, reserved 1114112K
  class space    used 7069K, capacity 9885K, committed 9984K, reserved 1048576K
}
Event: 17.321 GC heap before
{Heap before GC invocations=27 (full 4):
 PSYoungGen      total 795648K, used 795168K [0x000000076b100000, 0x00000007aa200000, 0x00000007c0000000)
  eden space 644096K, 100% used [0x000000076b100000,0x0000000792600000,0x0000000792600000)
  from space 151552K, 99% used [0x000000079d280000,0x00000007a6608000,0x00000007a6680000)
  to   space 176640K, 0% used [0x0000000792600000,0x0000000792600000,0x000000079d280000)
 ParOldGen       total 430592K, used 119767K [0x00000006c1200000, 0x00000006db680000, 0x000000076b100000)
  object space 430592K, 27% used [0x00000006c1200000,0x00000006c86f5c58,0x00000006db680000)
 Metaspace       used 62425K, capacity 73870K, committed 73984K, reserved 1114112K
  class space    used 7074K, capacity 9889K, committed 9984K, reserved 1048576K
Event: 17.368 GC heap after
Heap after GC invocations=27 (full 4):
 PSYoungGen      total 820736K, used 173216K [0x000000076b100000, 0x00000007b2c00000, 0x00000007c0000000)
  eden space 644096K, 0% used [0x000000076b100000,0x000000076b100000,0x0000000792600000)
  from space 176640K, 98% used [0x0000000792600000,0x000000079cf28000,0x000000079d280000)
  to   space 204800K, 0% used [0x00000007a6400000,0x00000007a6400000,0x00000007b2c00000)
 ParOldGen       total 430592K, used 119775K [0x00000006c1200000, 0x00000006db680000, 0x000000076b100000)
  object space 430592K, 27% used [0x00000006c1200000,0x00000006c86f7c58,0x00000006db680000)
 Metaspace       used 62425K, capacity 73870K, committed 73984K, reserved 1114112K
  class space    used 7074K, capacity 9889K, committed 9984K, reserved 1048576K
}
Event: 18.139 GC heap before
{Heap before GC invocations=28 (full 4):
 PSYoungGen      total 820736K, used 817312K [0x000000076b100000, 0x00000007b2c00000, 0x00000007c0000000)
  eden space 644096K, 100% used [0x000000076b100000,0x0000000792600000,0x0000000792600000)
  from space 176640K, 98% used [0x0000000792600000,0x000000079cf28000,0x000000079d280000)
  to   space 204800K, 0% used [0x00000007a6400000,0x00000007a6400000,0x00000007b2c00000)
 ParOldGen       total 430592K, used 119775K [0x00000006c1200000, 0x00000006db680000, 0x000000076b100000)
  object space 430592K, 27% used [0x00000006c1200000,0x00000006c86f7c58,0x00000006db680000)
 Metaspace       used 62545K, capacity 73986K, committed 74240K, reserved 1114112K
  class space    used 7079K, capacity 9893K, committed 9984K, reserved 1048576K
Event: 18.205 GC heap after
Heap after GC invocations=28 (full 4):
 PSYoungGen      total 939008K, used 194688K [0x000000076b100000, 0x00000007b7300000, 0x00000007c0000000)
  eden space 734208K, 0% used [0x000000076b100000,0x000000076b100000,0x0000000797e00000)
  from space 204800K, 95% used [0x00000007a6400000,0x00000007b2220000,0x00000007b2c00000)
  to   space 235520K, 0% used [0x0000000797e00000,0x0000000797e00000,0x00000007a6400000)
 ParOldGen       total 430592K, used 119783K [0x00000006c1200000, 0x00000006db680000, 0x000000076b100000)
  object space 430592K, 27% used [0x00000006c1200000,0x00000006c86f9c58,0x00000006db680000)
 Metaspace       used 62545K, capacity 73986K, committed 74240K, reserved 1114112K
  class space    used 7079K, capacity 9893K, committed 9984K, reserved 1048576K
}
Event: 19.074 GC heap before
{Heap before GC invocations=29 (full 4):
 PSYoungGen      total 939008K, used 928896K [0x000000076b100000, 0x00000007b7300000, 0x00000007c0000000)
  eden space 734208K, 100% used [0x000000076b100000,0x0000000797e00000,0x0000000797e00000)
  from space 204800K, 95% used [0x00000007a6400000,0x00000007b2220000,0x00000007b2c00000)
  to   space 235520K, 0% used [0x0000000797e00000,0x0000000797e00000,0x00000007a6400000)
 ParOldGen       total 430592K, used 119783K [0x00000006c1200000, 0x00000006db680000, 0x000000076b100000)
  object space 430592K, 27% used [0x00000006c1200000,0x00000006c86f9c58,0x00000006db680000)
 Metaspace       used 62705K, capacity 74238K, committed 74496K, reserved 1114112K
  class space    used 7084K, capacity 9897K, committed 9984K, reserved 1048576K
Event: 19.129 GC heap after
Heap after GC invocations=29 (full 4):
 PSYoungGen      total 969728K, used 220256K [0x000000076b100000, 0x00000007bfc00000, 0x00000007c0000000)
  eden space 734208K, 0% used [0x000000076b100000,0x000000076b100000,0x0000000797e00000)
  from space 235520K, 93% used [0x0000000797e00000,0x00000007a5518000,0x00000007a6400000)
  to   space 269312K, 0% used [0x00000007af500000,0x00000007af500000,0x00000007bfc00000)
 ParOldGen       total 430592K, used 119791K [0x00000006c1200000, 0x00000006db680000, 0x000000076b100000)
  object space 430592K, 27% used [0x00000006c1200000,0x00000006c86fbc58,0x00000006db680000)
 Metaspace       used 62705K, capacity 74238K, committed 74496K, reserved 1114112K
  class space    used 7084K, capacity 9897K, committed 9984K, reserved 1048576K
}

