# JRE version: OpenJDK Runtime Environment (8.0_242-b01) (build 1.8.0_242-release-1644-b01)
# Java VM: OpenJDK 64-Bit Server VM (25.242-b01 mixed mode windows-amd64 compressed oops)
Heap:
 PSYoungGen      total 1051648K, used 745374K [0x000000076b100000, 0x00000007c0000000, 0x00000007c0000000)
  eden space 783360K, 95% used [0x000000076b100000,0x00000007988e79f8,0x000000079ae00000)
  from space 268288K, 0% used [0x00000007ac100000,0x00000007ac100000,0x00000007bc700000)
  to   space 281600K, 0% used [0x000000079ae00000,0x000000079ae00000,0x00000007ac100000)
 ParOldGen       total 532992K, used 274888K [0x00000006c1200000, 0x00000006e1a80000, 0x000000076b100000)
  object space 532992K, 51% used [0x00000006c1200000,0x00000006d1e72278,0x00000006e1a80000)
 Metaspace       used 61563K, capacity 72649K, committed 72832K, reserved 1112064K
  class space    used 7025K, capacity 9760K, committed 9856K, reserved 1048576K
GC Heap History (10 events):
Event: 14.145 GC heap before
{Heap before GC invocations=24 (full 3):
 PSYoungGen      total 744448K, used 734100K [0x000000076b100000, 0x00000007a7300000, 0x00000007c0000000)
  eden space 581632K, 100% used [0x000000076b100000,0x000000078e900000,0x000000078e900000)
  from space 162816K, 93% used [0x0000000799f00000,0x00000007a33e5010,0x00000007a3e00000)
  to   space 186368K, 0% used [0x000000078e900000,0x000000078e900000,0x0000000799f00000)
 ParOldGen       total 308736K, used 79501K [0x00000006c1200000, 0x00000006d3f80000, 0x000000076b100000)
  object space 308736K, 25% used [0x00000006c1200000,0x00000006c5fa34e8,0x00000006d3f80000)
 Metaspace       used 58002K, capacity 68351K, committed 68480K, reserved 1107968K
  class space    used 6723K, capacity 9239K, committed 9344K, reserved 1048576K
Event: 14.203 GC heap after
Heap after GC invocations=24 (full 3):
 PSYoungGen      total 768000K, used 172948K [0x000000076b100000, 0x00000007af300000, 0x00000007c0000000)
  eden space 581632K, 0% used [0x000000076b100000,0x000000076b100000,0x000000078e900000)
  from space 186368K, 92% used [0x000000078e900000,0x00000007991e5010,0x0000000799f00000)
  to   space 212992K, 0% used [0x00000007a2300000,0x00000007a2300000,0x00000007af300000)
 ParOldGen       total 308736K, used 79509K [0x00000006c1200000, 0x00000006d3f80000, 0x000000076b100000)
  object space 308736K, 25% used [0x00000006c1200000,0x00000006c5fa54e8,0x00000006d3f80000)
 Metaspace       used 58002K, capacity 68351K, committed 68480K, reserved 1107968K
  class space    used 6723K, capacity 9239K, committed 9344K, reserved 1048576K
}
Event: 14.879 GC heap before
{Heap before GC invocations=25 (full 3):
 PSYoungGen      total 768000K, used 754580K [0x000000076b100000, 0x00000007af300000, 0x00000007c0000000)
  eden space 581632K, 100% used [0x000000076b100000,0x000000078e900000,0x000000078e900000)
  from space 186368K, 92% used [0x000000078e900000,0x00000007991e5010,0x0000000799f00000)
  to   space 212992K, 0% used [0x00000007a2300000,0x00000007a2300000,0x00000007af300000)
 ParOldGen       total 308736K, used 79509K [0x00000006c1200000, 0x00000006d3f80000, 0x000000076b100000)
  object space 308736K, 25% used [0x00000006c1200000,0x00000006c5fa54e8,0x00000006d3f80000)
 Metaspace       used 58183K, capacity 68563K, committed 68736K, reserved 1107968K
  class space    used 6725K, capacity 9241K, committed 9344K, reserved 1048576K
Event: 14.944 GC heap after
Heap after GC invocations=25 (full 3):
 PSYoungGen      total 875008K, used 192948K [0x000000076b100000, 0x00000007b3200000, 0x00000007c0000000)
  eden space 662016K, 0% used [0x000000076b100000,0x000000076b100000,0x0000000793780000)
  from space 212992K, 90% used [0x00000007a2300000,0x00000007adf6d010,0x00000007af300000)
  to   space 241152K, 0% used [0x0000000793780000,0x0000000793780000,0x00000007a2300000)
 ParOldGen       total 308736K, used 79533K [0x00000006c1200000, 0x00000006d3f80000, 0x000000076b100000)
  object space 308736K, 25% used [0x00000006c1200000,0x00000006c5fab4e8,0x00000006d3f80000)
 Metaspace       used 58183K, capacity 68563K, committed 68736K, reserved 1107968K
  class space    used 6725K, capacity 9241K, committed 9344K, reserved 1048576K
}
Event: 15.696 GC heap before
{Heap before GC invocations=26 (full 3):
 PSYoungGen      total 875008K, used 854964K [0x000000076b100000, 0x00000007b3200000, 0x00000007c0000000)
  eden space 662016K, 100% used [0x000000076b100000,0x0000000793780000,0x0000000793780000)
  from space 212992K, 90% used [0x00000007a2300000,0x00000007adf6d010,0x00000007af300000)
  to   space 241152K, 0% used [0x0000000793780000,0x0000000793780000,0x00000007a2300000)
 ParOldGen       total 308736K, used 79533K [0x00000006c1200000, 0x00000006d3f80000, 0x000000076b100000)
  object space 308736K, 25% used [0x00000006c1200000,0x00000006c5fab4e8,0x00000006d3f80000)
 Metaspace       used 58312K, capacity 68777K, committed 68992K, reserved 1110016K
  class space    used 6732K, capacity 9276K, committed 9344K, reserved 1048576K
Event: 15.755 GC heap after
Heap after GC invocations=26 (full 3):
 PSYoungGen      total 903168K, used 205098K [0x000000076b100000, 0x00000007bc700000, 0x00000007c0000000)
  eden space 662016K, 0% used [0x000000076b100000,0x000000076b100000,0x0000000793780000)
  from space 241152K, 85% used [0x0000000793780000,0x000000079ffca978,0x00000007a2300000)
  to   space 268288K, 0% used [0x00000007ac100000,0x00000007ac100000,0x00000007bc700000)
 ParOldGen       total 308736K, used 92155K [0x00000006c1200000, 0x00000006d3f80000, 0x000000076b100000)
  object space 308736K, 29% used [0x00000006c1200000,0x00000006c6bfec50,0x00000006d3f80000)
 Metaspace       used 58312K, capacity 68777K, committed 68992K, reserved 1110016K
  class space    used 6732K, capacity 9276K, committed 9344K, reserved 1048576K
}
Event: 15.851 GC heap before
{Heap before GC invocations=27 (full 3):
 PSYoungGen      total 903168K, used 244819K [0x000000076b100000, 0x00000007bc700000, 0x00000007c0000000)
  eden space 662016K, 6% used [0x000000076b100000,0x000000076d7ca3e8,0x0000000793780000)
  from space 241152K, 85% used [0x0000000793780000,0x000000079ffca978,0x00000007a2300000)
  to   space 268288K, 0% used [0x00000007ac100000,0x00000007ac100000,0x00000007bc700000)
 ParOldGen       total 308736K, used 92155K [0x00000006c1200000, 0x00000006d3f80000, 0x000000076b100000)
  object space 308736K, 29% used [0x00000006c1200000,0x00000006c6bfec50,0x00000006d3f80000)
 Metaspace       used 59503K, capacity 69953K, committed 70048K, reserved 1110016K
  class space    used 6853K, capacity 9410K, committed 9472K, reserved 1048576K
Event: 15.907 GC heap after
Heap after GC invocations=27 (full 3):
 PSYoungGen      total 1051648K, used 184006K [0x000000076b100000, 0x00000007c0000000, 0x00000007c0000000)
  eden space 783360K, 0% used [0x000000076b100000,0x000000076b100000,0x000000079ae00000)
  from space 268288K, 68% used [0x00000007ac100000,0x00000007b74b1810,0x00000007bc700000)
  to   space 281600K, 0% used [0x000000079ae00000,0x000000079ae00000,0x00000007ac100000)
 ParOldGen       total 308736K, used 101140K [0x00000006c1200000, 0x00000006d3f80000, 0x000000076b100000)
  object space 308736K, 32% used [0x00000006c1200000,0x00000006c74c5178,0x00000006d3f80000)
 Metaspace       used 59503K, capacity 69953K, committed 70048K, reserved 1110016K
  class space    used 6853K, capacity 9410K, committed 9472K, reserved 1048576K
}
Event: 15.907 GC heap before
{Heap before GC invocations=28 (full 4):
 PSYoungGen      total 1051648K, used 184006K [0x000000076b100000, 0x00000007c0000000, 0x00000007c0000000)
  eden space 783360K, 0% used [0x000000076b100000,0x000000076b100000,0x000000079ae00000)
  from space 268288K, 68% used [0x00000007ac100000,0x00000007b74b1810,0x00000007bc700000)
  to   space 281600K, 0% used [0x000000079ae00000,0x000000079ae00000,0x00000007ac100000)
 ParOldGen       total 308736K, used 101140K [0x00000006c1200000, 0x00000006d3f80000, 0x000000076b100000)
  object space 308736K, 32% used [0x00000006c1200000,0x00000006c74c5178,0x00000006d3f80000)
 Metaspace       used 59503K, capacity 69953K, committed 70048K, reserved 1110016K
  class space    used 6853K, capacity 9410K, committed 9472K, reserved 1048576K
Event: 16.161 GC heap after
Heap after GC invocations=28 (full 4):
 PSYoungGen      total 1051648K, used 0K [0x000000076b100000, 0x00000007c0000000, 0x00000007c0000000)
  eden space 783360K, 0% used [0x000000076b100000,0x000000076b100000,0x000000079ae00000)
  from space 268288K, 0% used [0x00000007ac100000,0x00000007ac100000,0x00000007bc700000)
  to   space 281600K, 0% used [0x000000079ae00000,0x000000079ae00000,0x00000007ac100000)
 ParOldGen       total 532992K, used 274888K [0x00000006c1200000, 0x00000006e1a80000, 0x000000076b100000)
  object space 532992K, 51% used [0x00000006c1200000,0x00000006d1e72278,0x00000006e1a80000)
 Metaspace       used 59503K, capacity 69953K, committed 70048K, reserved 1110016K
  class space    used 6853K, capacity 9410K, committed 9472K, reserved 1048576K
}

