# JRE version: OpenJDK Runtime Environment (8.0_242-b01) (build 1.8.0_242-release-1644-b01)
# Java VM: OpenJDK 64-Bit Server VM (25.242-b01 mixed mode windows-amd64 compressed oops)
Heap:
 PSYoungGen      total 1086976K, used 240082K [0x000000076b100000, 0x00000007bac80000, 0x00000007c0000000)
  eden space 867840K, 13% used [0x000000076b100000,0x0000000772694a40,0x00000007a0080000)
  from space 219136K, 54% used [0x00000007ad680000,0x00000007b4b60020,0x00000007bac80000)
  to   space 219136K, 0% used [0x00000007a0080000,0x00000007a0080000,0x00000007ad680000)
 ParOldGen       total 411136K, used 117068K [0x00000006c1200000, 0x00000006da380000, 0x000000076b100000)
  object space 411136K, 28% used [0x00000006c1200000,0x00000006c8453238,0x00000006da380000)
 Metaspace       used 66828K, capacity 80305K, committed 80384K, reserved 1118208K
  class space    used 7362K, capacity 10728K, committed 10752K, reserved 1048576K
GC Heap History (10 events):
Event: 14.959 GC heap before
{Heap before GC invocations=26 (full 4):
 PSYoungGen      total 714240K, used 714240K [0x000000076b100000, 0x00000007a5a80000, 0x00000007c0000000)
  eden space 601600K, 100% used [0x000000076b100000,0x000000078fc80000,0x000000078fc80000)
  from space 112640K, 100% used [0x000000078fc80000,0x0000000796a80000,0x0000000796a80000)
  to   space 133120K, 0% used [0x000000079d880000,0x000000079d880000,0x00000007a5a80000)
 ParOldGen       total 411136K, used 117036K [0x00000006c1200000, 0x00000006da380000, 0x000000076b100000)
  object space 411136K, 28% used [0x00000006c1200000,0x00000006c844b238,0x00000006da380000)
 Metaspace       used 63362K, capacity 75403K, committed 75520K, reserved 1114112K
  class space    used 7183K, capacity 10184K, committed 10240K, reserved 1048576K
Event: 14.997 GC heap after
Heap after GC invocations=26 (full 4):
 PSYoungGen      total 812032K, used 114816K [0x000000076b100000, 0x00000007a7a80000, 0x00000007c0000000)
  eden space 678912K, 0% used [0x000000076b100000,0x000000076b100000,0x0000000794800000)
  from space 133120K, 86% used [0x000000079d880000,0x00000007a48a0000,0x00000007a5a80000)
  to   space 147968K, 0% used [0x0000000794800000,0x0000000794800000,0x000000079d880000)
 ParOldGen       total 411136K, used 117044K [0x00000006c1200000, 0x00000006da380000, 0x000000076b100000)
  object space 411136K, 28% used [0x00000006c1200000,0x00000006c844d238,0x00000006da380000)
 Metaspace       used 63362K, capacity 75403K, committed 75520K, reserved 1114112K
  class space    used 7183K, capacity 10184K, committed 10240K, reserved 1048576K
}
Event: 15.856 GC heap before
{Heap before GC invocations=27 (full 4):
 PSYoungGen      total 812032K, used 793728K [0x000000076b100000, 0x00000007a7a80000, 0x00000007c0000000)
  eden space 678912K, 100% used [0x000000076b100000,0x0000000794800000,0x0000000794800000)
  from space 133120K, 86% used [0x000000079d880000,0x00000007a48a0000,0x00000007a5a80000)
  to   space 147968K, 0% used [0x0000000794800000,0x0000000794800000,0x000000079d880000)
 ParOldGen       total 411136K, used 117044K [0x00000006c1200000, 0x00000006da380000, 0x000000076b100000)
  object space 411136K, 28% used [0x00000006c1200000,0x00000006c844d238,0x00000006da380000)
 Metaspace       used 63533K, capacity 75617K, committed 75776K, reserved 1114112K
  class space    used 7187K, capacity 10187K, committed 10240K, reserved 1048576K
Event: 15.891 GC heap after
Heap after GC invocations=27 (full 4):
 PSYoungGen      total 826880K, used 137408K [0x000000076b100000, 0x00000007afa00000, 0x00000007c0000000)
  eden space 678912K, 0% used [0x000000076b100000,0x000000076b100000,0x0000000794800000)
  from space 147968K, 92% used [0x0000000794800000,0x000000079ce30000,0x000000079d880000)
  to   space 168448K, 0% used [0x00000007a5580000,0x00000007a5580000,0x00000007afa00000)
 ParOldGen       total 411136K, used 117044K [0x00000006c1200000, 0x00000006da380000, 0x000000076b100000)
  object space 411136K, 28% used [0x00000006c1200000,0x00000006c844d238,0x00000006da380000)
 Metaspace       used 63533K, capacity 75617K, committed 75776K, reserved 1114112K
  class space    used 7187K, capacity 10187K, committed 10240K, reserved 1048576K
}
Event: 16.651 GC heap before
{Heap before GC invocations=28 (full 4):
 PSYoungGen      total 826880K, used 816320K [0x000000076b100000, 0x00000007afa00000, 0x00000007c0000000)
  eden space 678912K, 100% used [0x000000076b100000,0x0000000794800000,0x0000000794800000)
  from space 147968K, 92% used [0x0000000794800000,0x000000079ce30000,0x000000079d880000)
  to   space 168448K, 0% used [0x00000007a5580000,0x00000007a5580000,0x00000007afa00000)
 ParOldGen       total 411136K, used 117044K [0x00000006c1200000, 0x00000006da380000, 0x000000076b100000)
  object space 411136K, 28% used [0x00000006c1200000,0x00000006c844d238,0x00000006da380000)
 Metaspace       used 63683K, capacity 75863K, committed 76032K, reserved 1116160K
  class space    used 7191K, capacity 10190K, committed 10240K, reserved 1048576K
Event: 16.701 GC heap after
Heap after GC invocations=28 (full 4):
 PSYoungGen      total 931328K, used 157248K [0x000000076b100000, 0x00000007b3100000, 0x00000007c0000000)
  eden space 762880K, 0% used [0x000000076b100000,0x000000076b100000,0x0000000799a00000)
  from space 168448K, 93% used [0x00000007a5580000,0x00000007aef10000,0x00000007afa00000)
  to   space 192000K, 0% used [0x0000000799a00000,0x0000000799a00000,0x00000007a5580000)
 ParOldGen       total 411136K, used 117052K [0x00000006c1200000, 0x00000006da380000, 0x000000076b100000)
  object space 411136K, 28% used [0x00000006c1200000,0x00000006c844f238,0x00000006da380000)
 Metaspace       used 63683K, capacity 75863K, committed 76032K, reserved 1116160K
  class space    used 7191K, capacity 10190K, committed 10240K, reserved 1048576K
}
Event: 17.613 GC heap before
{Heap before GC invocations=29 (full 4):
 PSYoungGen      total 931328K, used 920128K [0x000000076b100000, 0x00000007b3100000, 0x00000007c0000000)
  eden space 762880K, 100% used [0x000000076b100000,0x0000000799a00000,0x0000000799a00000)
  from space 168448K, 93% used [0x00000007a5580000,0x00000007aef10000,0x00000007afa00000)
  to   space 192000K, 0% used [0x0000000799a00000,0x0000000799a00000,0x00000007a5580000)
 ParOldGen       total 411136K, used 117052K [0x00000006c1200000, 0x00000006da380000, 0x000000076b100000)
  object space 411136K, 28% used [0x00000006c1200000,0x00000006c844f238,0x00000006da380000)
 Metaspace       used 65454K, capacity 78329K, committed 78464K, reserved 1118208K
  class space    used 7289K, capacity 10510K, committed 10624K, reserved 1048576K
Event: 17.674 GC heap after
Heap after GC invocations=29 (full 4):
 PSYoungGen      total 954880K, used 183328K [0x000000076b100000, 0x00000007bad80000, 0x00000007c0000000)
  eden space 762880K, 0% used [0x000000076b100000,0x000000076b100000,0x0000000799a00000)
  from space 192000K, 95% used [0x0000000799a00000,0x00000007a4d08000,0x00000007a5580000)
  to   space 220160K, 0% used [0x00000007ad680000,0x00000007ad680000,0x00000007bad80000)
 ParOldGen       total 411136K, used 117060K [0x00000006c1200000, 0x00000006da380000, 0x000000076b100000)
  object space 411136K, 28% used [0x00000006c1200000,0x00000006c8451238,0x00000006da380000)
 Metaspace       used 65454K, capacity 78329K, committed 78464K, reserved 1118208K
  class space    used 7289K, capacity 10510K, committed 10624K, reserved 1048576K
}
Event: 18.412 GC heap before
{Heap before GC invocations=30 (full 4):
 PSYoungGen      total 954880K, used 946208K [0x000000076b100000, 0x00000007bad80000, 0x00000007c0000000)
  eden space 762880K, 100% used [0x000000076b100000,0x0000000799a00000,0x0000000799a00000)
  from space 192000K, 95% used [0x0000000799a00000,0x00000007a4d08000,0x00000007a5580000)
  to   space 220160K, 0% used [0x00000007ad680000,0x00000007ad680000,0x00000007bad80000)
 ParOldGen       total 411136K, used 117060K [0x00000006c1200000, 0x00000006da380000, 0x000000076b100000)
  object space 411136K, 28% used [0x00000006c1200000,0x00000006c8451238,0x00000006da380000)
 Metaspace       used 66778K, capacity 80217K, committed 80384K, reserved 1118208K
  class space    used 7359K, capacity 10726K, committed 10752K, reserved 1048576K
Event: 18.453 GC heap after
Heap after GC invocations=30 (full 4):
 PSYoungGen      total 1086976K, used 119680K [0x000000076b100000, 0x00000007bac80000, 0x00000007c0000000)
  eden space 867840K, 0% used [0x000000076b100000,0x000000076b100000,0x00000007a0080000)
  from space 219136K, 54% used [0x00000007ad680000,0x00000007b4b60020,0x00000007bac80000)
  to   space 219136K, 0% used [0x00000007a0080000,0x00000007a0080000,0x00000007ad680000)
 ParOldGen       total 411136K, used 117068K [0x00000006c1200000, 0x00000006da380000, 0x000000076b100000)
  object space 411136K, 28% used [0x00000006c1200000,0x00000006c8453238,0x00000006da380000)
 Metaspace       used 66778K, capacity 80217K, committed 80384K, reserved 1118208K
  class space    used 7359K, capacity 10726K, committed 10752K, reserved 1048576K
}

