# JRE version: OpenJDK Runtime Environment (8.0_242-b01) (build 1.8.0_242-release-1644-b01)
# Java VM: OpenJDK 64-Bit Server VM (25.242-b01 mixed mode windows-amd64 compressed oops)
Heap:
 PSYoungGen      total 871936K, used 526007K [0x000000076b100000, 0x00000007beb80000, 0x00000007c0000000)
  eden space 812032K, 57% used [0x000000076b100000,0x000000078789dfb8,0x000000079ca00000)
  from space 59904K, 99% used [0x000000079ca00000,0x00000007a0410020,0x00000007a0480000)
  to   space 278528K, 0% used [0x00000007adb80000,0x00000007adb80000,0x00000007beb80000)
 ParOldGen       total 531968K, used 274410K [0x00000006c1200000, 0x00000006e1980000, 0x000000076b100000)
  object space 531968K, 51% used [0x00000006c1200000,0x00000006d1dfab00,0x00000006e1980000)
 Metaspace       used 62050K, capacity 73568K, committed 73600K, reserved 1114112K
  class space    used 7021K, capacity 9846K, committed 9856K, reserved 1048576K
GC Heap History (10 events):
Event: 18.271 GC heap before
{Heap before GC invocations=27 (full 3):
 PSYoungGen      total 912384K, used 888544K [0x000000076b100000, 0x00000007be180000, 0x00000007c0000000)
  eden space 680960K, 100% used [0x000000076b100000,0x0000000794a00000,0x0000000794a00000)
  from space 231424K, 89% used [0x0000000794a00000,0x00000007a14b8010,0x00000007a2c00000)
  to   space 261632K, 0% used [0x00000007ae200000,0x00000007ae200000,0x00000007be180000)
 ParOldGen       total 317952K, used 67573K [0x00000006c1200000, 0x00000006d4880000, 0x000000076b100000)
  object space 317952K, 21% used [0x00000006c1200000,0x00000006c53fd540,0x00000006d4880000)
 Metaspace       used 59704K, capacity 70266K, committed 70400K, reserved 1110016K
  class space    used 6883K, capacity 9444K, committed 9472K, reserved 1048576K
Event: 18.362 GC heap after
Heap after GC invocations=27 (full 3):
 PSYoungGen      total 1075200K, used 207263K [0x000000076b100000, 0x00000007c0000000, 0x00000007c0000000)
  eden space 813568K, 0% used [0x000000076b100000,0x000000076b100000,0x000000079cb80000)
  from space 261632K, 79% used [0x00000007ae200000,0x00000007bac67dd8,0x00000007be180000)
  to   space 285184K, 0% used [0x000000079cb80000,0x000000079cb80000,0x00000007ae200000)
 ParOldGen       total 317952K, used 87364K [0x00000006c1200000, 0x00000006d4880000, 0x000000076b100000)
  object space 317952K, 27% used [0x00000006c1200000,0x00000006c6751208,0x00000006d4880000)
 Metaspace       used 59704K, capacity 70266K, committed 70400K, reserved 1110016K
  class space    used 6883K, capacity 9444K, committed 9472K, reserved 1048576K
}
Event: 18.369 GC heap before
{Heap before GC invocations=28 (full 3):
 PSYoungGen      total 1075200K, used 229331K [0x000000076b100000, 0x00000007c0000000, 0x00000007c0000000)
  eden space 813568K, 2% used [0x000000076b100000,0x000000076c68ce30,0x000000079cb80000)
  from space 261632K, 79% used [0x00000007ae200000,0x00000007bac67dd8,0x00000007be180000)
  to   space 285184K, 0% used [0x000000079cb80000,0x000000079cb80000,0x00000007ae200000)
 ParOldGen       total 317952K, used 87364K [0x00000006c1200000, 0x00000006d4880000, 0x000000076b100000)
  object space 317952K, 27% used [0x00000006c1200000,0x00000006c6751208,0x00000006d4880000)
 Metaspace       used 59725K, capacity 70286K, committed 70400K, reserved 1110016K
  class space    used 6885K, capacity 9447K, committed 9472K, reserved 1048576K
Event: 18.415 GC heap after
Heap after GC invocations=28 (full 3):
 PSYoungGen      total 1098752K, used 176052K [0x000000076b100000, 0x00000007c0000000, 0x00000007c0000000)
  eden space 813568K, 0% used [0x000000076b100000,0x000000076b100000,0x000000079cb80000)
  from space 285184K, 61% used [0x000000079cb80000,0x00000007a776d010,0x00000007ae200000)
  to   space 291840K, 0% used [0x00000007ae300000,0x00000007ae300000,0x00000007c0000000)
 ParOldGen       total 317952K, used 107884K [0x00000006c1200000, 0x00000006d4880000, 0x000000076b100000)
  object space 317952K, 33% used [0x00000006c1200000,0x00000006c7b5b240,0x00000006d4880000)
 Metaspace       used 59725K, capacity 70286K, committed 70400K, reserved 1110016K
  class space    used 6885K, capacity 9447K, committed 9472K, reserved 1048576K
}
Event: 18.416 GC heap before
{Heap before GC invocations=29 (full 4):
 PSYoungGen      total 1098752K, used 176052K [0x000000076b100000, 0x00000007c0000000, 0x00000007c0000000)
  eden space 813568K, 0% used [0x000000076b100000,0x000000076b100000,0x000000079cb80000)
  from space 285184K, 61% used [0x000000079cb80000,0x00000007a776d010,0x00000007ae200000)
  to   space 291840K, 0% used [0x00000007ae300000,0x00000007ae300000,0x00000007c0000000)
 ParOldGen       total 317952K, used 107884K [0x00000006c1200000, 0x00000006d4880000, 0x000000076b100000)
  object space 317952K, 33% used [0x00000006c1200000,0x00000006c7b5b240,0x00000006d4880000)
 Metaspace       used 59725K, capacity 70286K, committed 70400K, reserved 1110016K
  class space    used 6885K, capacity 9447K, committed 9472K, reserved 1048576K
Event: 18.704 GC heap after
Heap after GC invocations=29 (full 4):
 PSYoungGen      total 1098752K, used 0K [0x000000076b100000, 0x00000007c0000000, 0x00000007c0000000)
  eden space 813568K, 0% used [0x000000076b100000,0x000000076b100000,0x000000079cb80000)
  from space 285184K, 0% used [0x000000079cb80000,0x000000079cb80000,0x00000007ae200000)
  to   space 291840K, 0% used [0x00000007ae300000,0x00000007ae300000,0x00000007c0000000)
 ParOldGen       total 531968K, used 274394K [0x00000006c1200000, 0x00000006e1980000, 0x000000076b100000)
  object space 531968K, 51% used [0x00000006c1200000,0x00000006d1df6b00,0x00000006e1980000)
 Metaspace       used 59173K, capacity 69486K, committed 70400K, reserved 1110016K
  class space    used 6854K, capacity 9342K, committed 9472K, reserved 1048576K
}
Event: 19.878 GC heap before
{Heap before GC invocations=30 (full 4):
 PSYoungGen      total 1098752K, used 813568K [0x000000076b100000, 0x00000007c0000000, 0x00000007c0000000)
  eden space 813568K, 100% used [0x000000076b100000,0x000000079cb80000,0x000000079cb80000)
  from space 285184K, 0% used [0x000000079cb80000,0x000000079cb80000,0x00000007ae200000)
  to   space 291840K, 0% used [0x00000007ae300000,0x00000007ae300000,0x00000007c0000000)
 ParOldGen       total 531968K, used 274394K [0x00000006c1200000, 0x00000006e1980000, 0x000000076b100000)
  object space 531968K, 51% used [0x00000006c1200000,0x00000006d1df6b00,0x00000006e1980000)
 Metaspace       used 61655K, capacity 73048K, committed 73088K, reserved 1112064K
  class space    used 7009K, capacity 9836K, committed 9856K, reserved 1048576K
Event: 19.890 GC heap after
Heap after GC invocations=30 (full 4):
 PSYoungGen      total 1102336K, used 39520K [0x000000076b100000, 0x00000007bfe80000, 0x00000007c0000000)
  eden space 812032K, 0% used [0x000000076b100000,0x000000076b100000,0x000000079ca00000)
  from space 290304K, 13% used [0x00000007ae300000,0x00000007b0998000,0x00000007bfe80000)
  to   space 287744K, 0% used [0x000000079ca00000,0x000000079ca00000,0x00000007ae300000)
 ParOldGen       total 531968K, used 274402K [0x00000006c1200000, 0x00000006e1980000, 0x000000076b100000)
  object space 531968K, 51% used [0x00000006c1200000,0x00000006d1df8b00,0x00000006e1980000)
 Metaspace       used 61655K, capacity 73048K, committed 73088K, reserved 1112064K
  class space    used 7009K, capacity 9836K, committed 9856K, reserved 1048576K
}
Event: 20.839 GC heap before
{Heap before GC invocations=31 (full 4):
 PSYoungGen      total 1102336K, used 851552K [0x000000076b100000, 0x00000007bfe80000, 0x00000007c0000000)
  eden space 812032K, 100% used [0x000000076b100000,0x000000079ca00000,0x000000079ca00000)
  from space 290304K, 13% used [0x00000007ae300000,0x00000007b0998000,0x00000007bfe80000)
  to   space 287744K, 0% used [0x000000079ca00000,0x000000079ca00000,0x00000007ae300000)
 ParOldGen       total 531968K, used 274402K [0x00000006c1200000, 0x00000006e1980000, 0x000000076b100000)
  object space 531968K, 51% used [0x00000006c1200000,0x00000006d1df8b00,0x00000006e1980000)
 Metaspace       used 61955K, capacity 73456K, committed 73600K, reserved 1114112K
  class space    used 7016K, capacity 9842K, committed 9856K, reserved 1048576K
Event: 20.861 GC heap after
Heap after GC invocations=31 (full 4):
 PSYoungGen      total 871936K, used 59456K [0x000000076b100000, 0x00000007beb80000, 0x00000007c0000000)
  eden space 812032K, 0% used [0x000000076b100000,0x000000076b100000,0x000000079ca00000)
  from space 59904K, 99% used [0x000000079ca00000,0x00000007a0410020,0x00000007a0480000)
  to   space 278528K, 0% used [0x00000007adb80000,0x00000007adb80000,0x00000007beb80000)
 ParOldGen       total 531968K, used 274410K [0x00000006c1200000, 0x00000006e1980000, 0x000000076b100000)
  object space 531968K, 51% used [0x00000006c1200000,0x00000006d1dfab00,0x00000006e1980000)
 Metaspace       used 61955K, capacity 73456K, committed 73600K, reserved 1114112K
  class space    used 7016K, capacity 9842K, committed 9856K, reserved 1048576K
}

