# JRE version: OpenJDK Runtime Environment (8.0_242-b01) (build 1.8.0_242-release-1644-b01)
# Java VM: OpenJDK 64-Bit Server VM (25.242-b01 mixed mode windows-amd64 compressed oops)
Heap:
 PSYoungGen      total 1079808K, used 496578K [0x000000076b100000, 0x00000007c0000000, 0x00000007c0000000)
  eden space 768000K, 41% used [0x000000076b100000,0x000000077ebd4548,0x0000000799f00000)
  from space 311808K, 55% used [0x0000000799f00000,0x00000007a491c300,0x00000007acf80000)
  to   space 309248K, 0% used [0x00000007ad200000,0x00000007ad200000,0x00000007c0000000)
 ParOldGen       total 601088K, used 443247K [0x00000006c1200000, 0x00000006e5d00000, 0x000000076b100000)
  object space 601088K, 73% used [0x00000006c1200000,0x00000006dc2dbe10,0x00000006e5d00000)
 Metaspace       used 62896K, capacity 74456K, committed 74624K, reserved 1114112K
  class space    used 7071K, capacity 9839K, committed 9856K, reserved 1048576K
GC Heap History (10 events):
Event: 23.460 GC heap before
{Heap before GC invocations=35 (full 4):
 PSYoungGen      total 1150976K, used 1150944K [0x000000076b100000, 0x00000007c0000000, 0x00000007c0000000)
  eden space 968704K, 100% used [0x000000076b100000,0x00000007a6300000,0x00000007a6300000)
  from space 182272K, 99% used [0x00000007b4e00000,0x00000007bfff8020,0x00000007c0000000)
  to   space 211456K, 0% used [0x00000007a6300000,0x00000007a6300000,0x00000007b3180000)
 ParOldGen       total 601088K, used 295313K [0x00000006c1200000, 0x00000006e5d00000, 0x000000076b100000)
  object space 601088K, 49% used [0x00000006c1200000,0x00000006d3264458,0x00000006e5d00000)
 Metaspace       used 62552K, capacity 74018K, committed 74112K, reserved 1114112K
  class space    used 7047K, capacity 9786K, committed 9856K, reserved 1048576K
Event: 23.535 GC heap after
Heap after GC invocations=35 (full 4):
 PSYoungGen      total 1180160K, used 211424K [0x000000076b100000, 0x00000007c0000000, 0x00000007c0000000)
  eden space 968704K, 0% used [0x000000076b100000,0x000000076b100000,0x00000007a6300000)
  from space 211456K, 99% used [0x00000007a6300000,0x00000007b3178020,0x00000007b3180000)
  to   space 211456K, 0% used [0x00000007b3180000,0x00000007b3180000,0x00000007c0000000)
 ParOldGen       total 601088K, used 296745K [0x00000006c1200000, 0x00000006e5d00000, 0x000000076b100000)
  object space 601088K, 49% used [0x00000006c1200000,0x00000006d33ca6d0,0x00000006e5d00000)
 Metaspace       used 62552K, capacity 74018K, committed 74112K, reserved 1114112K
  class space    used 7047K, capacity 9786K, committed 9856K, reserved 1048576K
}
Event: 24.284 GC heap before
{Heap before GC invocations=36 (full 4):
 PSYoungGen      total 1180160K, used 1180128K [0x000000076b100000, 0x00000007c0000000, 0x00000007c0000000)
  eden space 968704K, 100% used [0x000000076b100000,0x00000007a6300000,0x00000007a6300000)
  from space 211456K, 99% used [0x00000007a6300000,0x00000007b3178020,0x00000007b3180000)
  to   space 211456K, 0% used [0x00000007b3180000,0x00000007b3180000,0x00000007c0000000)
 ParOldGen       total 601088K, used 296745K [0x00000006c1200000, 0x00000006e5d00000, 0x000000076b100000)
  object space 601088K, 49% used [0x00000006c1200000,0x00000006d33ca6d0,0x00000006e5d00000)
 Metaspace       used 62615K, capacity 74050K, committed 74368K, reserved 1114112K
  class space    used 7052K, capacity 9790K, committed 9856K, reserved 1048576K
Event: 24.348 GC heap after
Heap after GC invocations=36 (full 4):
 PSYoungGen      total 1035776K, used 211440K [0x000000076b100000, 0x00000007c0000000, 0x00000007c0000000)
  eden space 824320K, 0% used [0x000000076b100000,0x000000076b100000,0x000000079d600000)
  from space 211456K, 99% used [0x00000007b3180000,0x00000007bfffc010,0x00000007c0000000)
  to   space 283648K, 0% used [0x000000079d600000,0x000000079d600000,0x00000007aeb00000)
 ParOldGen       total 601088K, used 329672K [0x00000006c1200000, 0x00000006e5d00000, 0x000000076b100000)
  object space 601088K, 54% used [0x00000006c1200000,0x00000006d53f2310,0x00000006e5d00000)
 Metaspace       used 62615K, capacity 74050K, committed 74368K, reserved 1114112K
  class space    used 7052K, capacity 9790K, committed 9856K, reserved 1048576K
}
Event: 25.057 GC heap before
{Heap before GC invocations=37 (full 4):
 PSYoungGen      total 1035776K, used 1035760K [0x000000076b100000, 0x00000007c0000000, 0x00000007c0000000)
  eden space 824320K, 100% used [0x000000076b100000,0x000000079d600000,0x000000079d600000)
  from space 211456K, 99% used [0x00000007b3180000,0x00000007bfffc010,0x00000007c0000000)
  to   space 283648K, 0% used [0x000000079d600000,0x000000079d600000,0x00000007aeb00000)
 ParOldGen       total 601088K, used 329672K [0x00000006c1200000, 0x00000006e5d00000, 0x000000076b100000)
  object space 601088K, 54% used [0x00000006c1200000,0x00000006d53f2310,0x00000006e5d00000)
 Metaspace       used 62675K, capacity 74138K, committed 74368K, reserved 1114112K
  class space    used 7056K, capacity 9794K, committed 9856K, reserved 1048576K
Event: 25.126 GC heap after
Heap after GC invocations=37 (full 4):
 PSYoungGen      total 1038336K, used 213593K [0x000000076b100000, 0x00000007c0000000, 0x00000007c0000000)
  eden space 824320K, 0% used [0x000000076b100000,0x000000076b100000,0x000000079d600000)
  from space 214016K, 99% used [0x000000079d600000,0x00000007aa6964a0,0x00000007aa700000)
  to   space 303104K, 0% used [0x00000007ad800000,0x00000007ad800000,0x00000007c0000000)
 ParOldGen       total 601088K, used 352316K [0x00000006c1200000, 0x00000006e5d00000, 0x000000076b100000)
  object space 601088K, 58% used [0x00000006c1200000,0x00000006d6a0f288,0x00000006e5d00000)
 Metaspace       used 62675K, capacity 74138K, committed 74368K, reserved 1114112K
  class space    used 7056K, capacity 9794K, committed 9856K, reserved 1048576K
}
Event: 25.747 GC heap before
{Heap before GC invocations=38 (full 4):
 PSYoungGen      total 1038336K, used 1037913K [0x000000076b100000, 0x00000007c0000000, 0x00000007c0000000)
  eden space 824320K, 100% used [0x000000076b100000,0x000000079d600000,0x000000079d600000)
  from space 214016K, 99% used [0x000000079d600000,0x00000007aa6964a0,0x00000007aa700000)
  to   space 303104K, 0% used [0x00000007ad800000,0x00000007ad800000,0x00000007c0000000)
 ParOldGen       total 601088K, used 352316K [0x00000006c1200000, 0x00000006e5d00000, 0x000000076b100000)
  object space 601088K, 58% used [0x00000006c1200000,0x00000006d6a0f288,0x00000006e5d00000)
 Metaspace       used 62767K, capacity 74216K, committed 74368K, reserved 1114112K
  class space    used 7061K, capacity 9799K, committed 9856K, reserved 1048576K
Event: 25.817 GC heap after
Heap after GC invocations=38 (full 4):
 PSYoungGen      total 1071104K, used 198164K [0x000000076b100000, 0x00000007c0000000, 0x00000007c0000000)
  eden space 768000K, 0% used [0x000000076b100000,0x000000076b100000,0x0000000799f00000)
  from space 303104K, 65% used [0x00000007ad800000,0x00000007b99853d0,0x00000007c0000000)
  to   space 311808K, 0% used [0x0000000799f00000,0x0000000799f00000,0x00000007acf80000)
 ParOldGen       total 601088K, used 395262K [0x00000006c1200000, 0x00000006e5d00000, 0x000000076b100000)
  object space 601088K, 65% used [0x00000006c1200000,0x00000006d93ff840,0x00000006e5d00000)
 Metaspace       used 62767K, capacity 74216K, committed 74368K, reserved 1114112K
  class space    used 7061K, capacity 9799K, committed 9856K, reserved 1048576K
}
Event: 26.409 GC heap before
{Heap before GC invocations=39 (full 4):
 PSYoungGen      total 1071104K, used 966164K [0x000000076b100000, 0x00000007c0000000, 0x00000007c0000000)
  eden space 768000K, 100% used [0x000000076b100000,0x0000000799f00000,0x0000000799f00000)
  from space 303104K, 65% used [0x00000007ad800000,0x00000007b99853d0,0x00000007c0000000)
  to   space 311808K, 0% used [0x0000000799f00000,0x0000000799f00000,0x00000007acf80000)
 ParOldGen       total 601088K, used 395262K [0x00000006c1200000, 0x00000006e5d00000, 0x000000076b100000)
  object space 601088K, 65% used [0x00000006c1200000,0x00000006d93ff840,0x00000006e5d00000)
 Metaspace       used 62836K, capacity 74358K, committed 74624K, reserved 1114112K
  class space    used 7067K, capacity 9836K, committed 9856K, reserved 1048576K
Event: 26.470 GC heap after
Heap after GC invocations=39 (full 4):
 PSYoungGen      total 1079808K, used 174192K [0x000000076b100000, 0x00000007c0000000, 0x00000007c0000000)
  eden space 768000K, 0% used [0x000000076b100000,0x000000076b100000,0x0000000799f00000)
  from space 311808K, 55% used [0x0000000799f00000,0x00000007a491c300,0x00000007acf80000)
  to   space 309248K, 0% used [0x00000007ad200000,0x00000007ad200000,0x00000007c0000000)
 ParOldGen       total 601088K, used 443247K [0x00000006c1200000, 0x00000006e5d00000, 0x000000076b100000)
  object space 601088K, 73% used [0x00000006c1200000,0x00000006dc2dbe10,0x00000006e5d00000)
 Metaspace       used 62836K, capacity 74358K, committed 74624K, reserved 1114112K
  class space    used 7067K, capacity 9836K, committed 9856K, reserved 1048576K
}

