# JRE version: OpenJDK Runtime Environment (8.0_242-b01) (build 1.8.0_242-release-1644-b01)
# Java VM: OpenJDK 64-Bit Server VM (25.242-b01 mixed mode windows-amd64 compressed oops)
Heap:
 PSYoungGen      total 1096704K, used 221342K [0x000000076b100000, 0x00000007c0000000, 0x00000007c0000000)
  eden space 801792K, 8% used [0x000000076b100000,0x000000076efa66a0,0x000000079c000000)
  from space 294912K, 53% used [0x000000079c000000,0x00000007a59813c0,0x00000007ae000000)
  to   space 290816K, 0% used [0x00000007ae400000,0x00000007ae400000,0x00000007c0000000)
 ParOldGen       total 575488K, used 476385K [0x00000006c1200000, 0x00000006e4400000, 0x000000076b100000)
  object space 575488K, 82% used [0x00000006c1200000,0x00000006de338718,0x00000006e4400000)
 Metaspace       used 59126K, capacity 69870K, committed 69976K, reserved 1110016K
  class space    used 6737K, capacity 9290K, committed 9344K, reserved 1048576K
GC Heap History (10 events):
Event: 21.855 GC heap before
{Heap before GC invocations=27 (full 4):
 PSYoungGen      total 1177600K, used 1170848K [0x000000076b100000, 0x00000007c0000000, 0x00000007c0000000)
  eden space 1010688K, 100% used [0x000000076b100000,0x00000007a8c00000,0x00000007a8c00000)
  from space 166912K, 95% used [0x00000007b5d00000,0x00000007bf968020,0x00000007c0000000)
  to   space 190464K, 0% used [0x00000007a8c00000,0x00000007a8c00000,0x00000007b4600000)
 ParOldGen       total 575488K, used 288005K [0x00000006c1200000, 0x00000006e4400000, 0x000000076b100000)
  object space 575488K, 50% used [0x00000006c1200000,0x00000006d2b417d0,0x00000006e4400000)
 Metaspace       used 58713K, capacity 69336K, committed 69464K, reserved 1110016K
  class space    used 6715K, capacity 9239K, committed 9344K, reserved 1048576K
Event: 21.911 GC heap after
Heap after GC invocations=27 (full 4):
 PSYoungGen      total 1188864K, used 178112K [0x000000076b100000, 0x00000007c0000000, 0x00000007c0000000)
  eden space 1010688K, 0% used [0x000000076b100000,0x000000076b100000,0x00000007a8c00000)
  from space 178176K, 99% used [0x00000007a8c00000,0x00000007b39f0020,0x00000007b3a00000)
  to   space 202752K, 0% used [0x00000007b3a00000,0x00000007b3a00000,0x00000007c0000000)
 ParOldGen       total 575488K, used 310779K [0x00000006c1200000, 0x00000006e4400000, 0x000000076b100000)
  object space 575488K, 54% used [0x00000006c1200000,0x00000006d417ee28,0x00000006e4400000)
 Metaspace       used 58713K, capacity 69336K, committed 69464K, reserved 1110016K
  class space    used 6715K, capacity 9239K, committed 9344K, reserved 1048576K
}
Event: 23.066 GC heap before
{Heap before GC invocations=28 (full 4):
 PSYoungGen      total 1188864K, used 1188800K [0x000000076b100000, 0x00000007c0000000, 0x00000007c0000000)
  eden space 1010688K, 100% used [0x000000076b100000,0x00000007a8c00000,0x00000007a8c00000)
  from space 178176K, 99% used [0x00000007a8c00000,0x00000007b39f0020,0x00000007b3a00000)
  to   space 202752K, 0% used [0x00000007b3a00000,0x00000007b3a00000,0x00000007c0000000)
 ParOldGen       total 575488K, used 310779K [0x00000006c1200000, 0x00000006e4400000, 0x000000076b100000)
  object space 575488K, 54% used [0x00000006c1200000,0x00000006d417ee28,0x00000006e4400000)
 Metaspace       used 58838K, capacity 69546K, committed 69720K, reserved 1110016K
  class space    used 6720K, capacity 9276K, committed 9344K, reserved 1048576K
Event: 23.118 GC heap after
Heap after GC invocations=28 (full 4):
 PSYoungGen      total 1103872K, used 201264K [0x000000076b100000, 0x00000007c0000000, 0x00000007c0000000)
  eden space 901120K, 0% used [0x000000076b100000,0x000000076b100000,0x00000007a2100000)
  from space 202752K, 99% used [0x00000007b3a00000,0x00000007bfe8c010,0x00000007c0000000)
  to   space 245248K, 0% used [0x00000007a2100000,0x00000007a2100000,0x00000007b1080000)
 ParOldGen       total 575488K, used 327546K [0x00000006c1200000, 0x00000006e4400000, 0x000000076b100000)
  object space 575488K, 56% used [0x00000006c1200000,0x00000006d51de970,0x00000006e4400000)
 Metaspace       used 58838K, capacity 69546K, committed 69720K, reserved 1110016K
  class space    used 6720K, capacity 9276K, committed 9344K, reserved 1048576K
}
Event: 24.035 GC heap before
{Heap before GC invocations=29 (full 4):
 PSYoungGen      total 1103872K, used 1102384K [0x000000076b100000, 0x00000007c0000000, 0x00000007c0000000)
  eden space 901120K, 100% used [0x000000076b100000,0x00000007a2100000,0x00000007a2100000)
  from space 202752K, 99% used [0x00000007b3a00000,0x00000007bfe8c010,0x00000007c0000000)
  to   space 245248K, 0% used [0x00000007a2100000,0x00000007a2100000,0x00000007b1080000)
 ParOldGen       total 575488K, used 327546K [0x00000006c1200000, 0x00000006e4400000, 0x000000076b100000)
  object space 575488K, 56% used [0x00000006c1200000,0x00000006d51de970,0x00000006e4400000)
 Metaspace       used 58902K, capacity 69646K, committed 69720K, reserved 1110016K
  class space    used 6725K, capacity 9280K, committed 9344K, reserved 1048576K
Event: 24.088 GC heap after
Heap after GC invocations=29 (full 4):
 PSYoungGen      total 1127424K, used 226064K [0x000000076b100000, 0x00000007c0000000, 0x00000007c0000000)
  eden space 901120K, 0% used [0x000000076b100000,0x000000076b100000,0x00000007a2100000)
  from space 226304K, 99% used [0x00000007a2100000,0x00000007afdc4010,0x00000007afe00000)
  to   space 264192K, 0% used [0x00000007afe00000,0x00000007afe00000,0x00000007c0000000)
 ParOldGen       total 575488K, used 335700K [0x00000006c1200000, 0x00000006e4400000, 0x000000076b100000)
  object space 575488K, 58% used [0x00000006c1200000,0x00000006d59d5208,0x00000006e4400000)
 Metaspace       used 58902K, capacity 69646K, committed 69720K, reserved 1110016K
  class space    used 6725K, capacity 9280K, committed 9344K, reserved 1048576K
}
Event: 25.015 GC heap before
{Heap before GC invocations=30 (full 4):
 PSYoungGen      total 1127424K, used 1127184K [0x000000076b100000, 0x00000007c0000000, 0x00000007c0000000)
  eden space 901120K, 100% used [0x000000076b100000,0x00000007a2100000,0x00000007a2100000)
  from space 226304K, 99% used [0x00000007a2100000,0x00000007afdc4010,0x00000007afe00000)
  to   space 264192K, 0% used [0x00000007afe00000,0x00000007afe00000,0x00000007c0000000)
 ParOldGen       total 575488K, used 335700K [0x00000006c1200000, 0x00000006e4400000, 0x000000076b100000)
  object space 575488K, 58% used [0x00000006c1200000,0x00000006d59d5208,0x00000006e4400000)
 Metaspace       used 58996K, capacity 69742K, committed 69976K, reserved 1110016K
  class space    used 6729K, capacity 9284K, committed 9344K, reserved 1048576K
Event: 25.082 GC heap after
Heap after GC invocations=30 (full 4):
 PSYoungGen      total 1065984K, used 204932K [0x000000076b100000, 0x00000007c0000000, 0x00000007c0000000)
  eden space 801792K, 0% used [0x000000076b100000,0x000000076b100000,0x000000079c000000)
  from space 264192K, 77% used [0x00000007afe00000,0x00000007bc6213c0,0x00000007c0000000)
  to   space 294912K, 0% used [0x000000079c000000,0x000000079c000000,0x00000007ae000000)
 ParOldGen       total 575488K, used 395374K [0x00000006c1200000, 0x00000006e4400000, 0x000000076b100000)
  object space 575488K, 68% used [0x00000006c1200000,0x00000006d941b878,0x00000006e4400000)
 Metaspace       used 58996K, capacity 69742K, committed 69976K, reserved 1110016K
  class space    used 6729K, capacity 9284K, committed 9344K, reserved 1048576K
}
Event: 25.912 GC heap before
{Heap before GC invocations=31 (full 4):
 PSYoungGen      total 1065984K, used 1006724K [0x000000076b100000, 0x00000007c0000000, 0x00000007c0000000)
  eden space 801792K, 100% used [0x000000076b100000,0x000000079c000000,0x000000079c000000)
  from space 264192K, 77% used [0x00000007afe00000,0x00000007bc6213c0,0x00000007c0000000)
  to   space 294912K, 0% used [0x000000079c000000,0x000000079c000000,0x00000007ae000000)
 ParOldGen       total 575488K, used 395374K [0x00000006c1200000, 0x00000006e4400000, 0x000000076b100000)
  object space 575488K, 68% used [0x00000006c1200000,0x00000006d941b878,0x00000006e4400000)
 Metaspace       used 59083K, capacity 69850K, committed 69976K, reserved 1110016K
  class space    used 6734K, capacity 9288K, committed 9344K, reserved 1048576K
Event: 25.972 GC heap after
Heap after GC invocations=31 (full 4):
 PSYoungGen      total 1096704K, used 157188K [0x000000076b100000, 0x00000007c0000000, 0x00000007c0000000)
  eden space 801792K, 0% used [0x000000076b100000,0x000000076b100000,0x000000079c000000)
  from space 294912K, 53% used [0x000000079c000000,0x00000007a59813c0,0x00000007ae000000)
  to   space 290816K, 0% used [0x00000007ae400000,0x00000007ae400000,0x00000007c0000000)
 ParOldGen       total 575488K, used 476385K [0x00000006c1200000, 0x00000006e4400000, 0x000000076b100000)
  object space 575488K, 82% used [0x00000006c1200000,0x00000006de338718,0x00000006e4400000)
 Metaspace       used 59083K, capacity 69850K, committed 69976K, reserved 1110016K
  class space    used 6734K, capacity 9288K, committed 9344K, reserved 1048576K
}

