# JRE version: OpenJDK Runtime Environment (8.0_242-b01) (build 1.8.0_242-release-1644-b01)
# Java VM: OpenJDK 64-Bit Server VM (25.242-b01 mixed mode windows-amd64 compressed oops)
Heap:
 PSYoungGen      total 685568K, used 160665K [0x000000076b100000, 0x00000007a3900000, 0x00000007c0000000)
  eden space 523776K, 2% used [0x000000076b100000,0x000000076bb3e748,0x000000078b080000)
  from space 161792K, 92% used [0x0000000796500000,0x000000079f7a8000,0x00000007a0300000)
  to   space 184832K, 0% used [0x000000078b080000,0x000000078b080000,0x0000000796500000)
 ParOldGen       total 314880K, used 79658K [0x00000006c1200000, 0x00000006d4580000, 0x000000076b100000)
  object space 314880K, 25% used [0x00000006c1200000,0x00000006c5fca960,0x00000006d4580000)
 Metaspace       used 58109K, capacity 68630K, committed 68736K, reserved 1107968K
  class space    used 6747K, capacity 9334K, committed 9344K, reserved 1048576K
GC Heap History (10 events):
Event: 12.417 GC heap before
{Heap before GC invocations=19 (full 3):
 PSYoungGen      total 464896K, used 464884K [0x000000076b100000, 0x0000000791500000, 0x00000007c0000000)
  eden space 389632K, 100% used [0x000000076b100000,0x0000000782d80000,0x0000000782d80000)
  from space 75264K, 99% used [0x0000000782d80000,0x00000007876fd020,0x0000000787700000)
  to   space 89088K, 0% used [0x000000078be00000,0x000000078be00000,0x0000000791500000)
 ParOldGen       total 314880K, used 68427K [0x00000006c1200000, 0x00000006d4580000, 0x000000076b100000)
  object space 314880K, 21% used [0x00000006c1200000,0x00000006c54d2eb0,0x00000006d4580000)
 Metaspace       used 57488K, capacity 67766K, committed 67968K, reserved 1107968K
  class space    used 6735K, capacity 9290K, committed 9344K, reserved 1048576K
Event: 12.460 GC heap after
Heap after GC invocations=19 (full 3):
 PSYoungGen      total 521728K, used 89076K [0x000000076b100000, 0x0000000794280000, 0x00000007c0000000)
  eden space 432640K, 0% used [0x000000076b100000,0x000000076b100000,0x0000000785780000)
  from space 89088K, 99% used [0x000000078be00000,0x00000007914fd020,0x0000000791500000)
  to   space 104960K, 0% used [0x0000000785780000,0x0000000785780000,0x000000078be00000)
 ParOldGen       total 314880K, used 70843K [0x00000006c1200000, 0x00000006d4580000, 0x000000076b100000)
  object space 314880K, 22% used [0x00000006c1200000,0x00000006c572ec98,0x00000006d4580000)
 Metaspace       used 57488K, capacity 67766K, committed 67968K, reserved 1107968K
  class space    used 6735K, capacity 9290K, committed 9344K, reserved 1048576K
}
Event: 13.242 GC heap before
{Heap before GC invocations=20 (full 3):
 PSYoungGen      total 521728K, used 521716K [0x000000076b100000, 0x0000000794280000, 0x00000007c0000000)
  eden space 432640K, 100% used [0x000000076b100000,0x0000000785780000,0x0000000785780000)
  from space 89088K, 99% used [0x000000078be00000,0x00000007914fd020,0x0000000791500000)
  to   space 104960K, 0% used [0x0000000785780000,0x0000000785780000,0x000000078be00000)
 ParOldGen       total 314880K, used 70843K [0x00000006c1200000, 0x00000006d4580000, 0x000000076b100000)
  object space 314880K, 22% used [0x00000006c1200000,0x00000006c572ec98,0x00000006d4580000)
 Metaspace       used 57671K, capacity 68016K, committed 68224K, reserved 1107968K
  class space    used 6739K, capacity 9295K, committed 9344K, reserved 1048576K
Event: 13.276 GC heap after
Heap after GC invocations=20 (full 3):
 PSYoungGen      total 537600K, used 104948K [0x000000076b100000, 0x0000000798180000, 0x00000007c0000000)
  eden space 432640K, 0% used [0x000000076b100000,0x000000076b100000,0x0000000785780000)
  from space 104960K, 99% used [0x0000000785780000,0x000000078bdfd020,0x000000078be00000)
  to   space 123392K, 0% used [0x0000000790900000,0x0000000790900000,0x0000000798180000)
 ParOldGen       total 314880K, used 72445K [0x00000006c1200000, 0x00000006d4580000, 0x000000076b100000)
  object space 314880K, 23% used [0x00000006c1200000,0x00000006c58bf688,0x00000006d4580000)
 Metaspace       used 57671K, capacity 68016K, committed 68224K, reserved 1107968K
  class space    used 6739K, capacity 9295K, committed 9344K, reserved 1048576K
}
Event: 14.040 GC heap before
{Heap before GC invocations=21 (full 3):
 PSYoungGen      total 537600K, used 537588K [0x000000076b100000, 0x0000000798180000, 0x00000007c0000000)
  eden space 432640K, 100% used [0x000000076b100000,0x0000000785780000,0x0000000785780000)
  from space 104960K, 99% used [0x0000000785780000,0x000000078bdfd020,0x000000078be00000)
  to   space 123392K, 0% used [0x0000000790900000,0x0000000790900000,0x0000000798180000)
 ParOldGen       total 314880K, used 72445K [0x00000006c1200000, 0x00000006d4580000, 0x000000076b100000)
  object space 314880K, 23% used [0x00000006c1200000,0x00000006c58bf688,0x00000006d4580000)
 Metaspace       used 57849K, capacity 68188K, committed 68480K, reserved 1107968K
  class space    used 6741K, capacity 9297K, committed 9344K, reserved 1048576K
Event: 14.090 GC heap after
Heap after GC invocations=21 (full 3):
 PSYoungGen      total 596480K, used 114676K [0x000000076b100000, 0x000000079ac80000, 0x00000007c0000000)
  eden space 473088K, 0% used [0x000000076b100000,0x000000076b100000,0x0000000787f00000)
  from space 123392K, 92% used [0x0000000790900000,0x00000007978fd010,0x0000000798180000)
  to   space 141312K, 0% used [0x0000000787f00000,0x0000000787f00000,0x0000000790900000)
 ParOldGen       total 314880K, used 79610K [0x00000006c1200000, 0x00000006d4580000, 0x000000076b100000)
  object space 314880K, 25% used [0x00000006c1200000,0x00000006c5fbe960,0x00000006d4580000)
 Metaspace       used 57849K, capacity 68188K, committed 68480K, reserved 1107968K
  class space    used 6741K, capacity 9297K, committed 9344K, reserved 1048576K
}
Event: 14.874 GC heap before
{Heap before GC invocations=22 (full 3):
 PSYoungGen      total 596480K, used 587764K [0x000000076b100000, 0x000000079ac80000, 0x00000007c0000000)
  eden space 473088K, 100% used [0x000000076b100000,0x0000000787f00000,0x0000000787f00000)
  from space 123392K, 92% used [0x0000000790900000,0x00000007978fd010,0x0000000798180000)
  to   space 141312K, 0% used [0x0000000787f00000,0x0000000787f00000,0x0000000790900000)
 ParOldGen       total 314880K, used 79610K [0x00000006c1200000, 0x00000006d4580000, 0x000000076b100000)
  object space 314880K, 25% used [0x00000006c1200000,0x00000006c5fbe960,0x00000006d4580000)
 Metaspace       used 57955K, capacity 68320K, committed 68480K, reserved 1107968K
  class space    used 6744K, capacity 9299K, committed 9344K, reserved 1048576K
Event: 14.909 GC heap after
Heap after GC invocations=22 (full 3):
 PSYoungGen      total 614400K, used 132788K [0x000000076b100000, 0x00000007a0300000, 0x00000007c0000000)
  eden space 473088K, 0% used [0x000000076b100000,0x000000076b100000,0x0000000787f00000)
  from space 141312K, 93% used [0x0000000787f00000,0x00000007900ad010,0x0000000790900000)
  to   space 161792K, 0% used [0x0000000796500000,0x0000000796500000,0x00000007a0300000)
 ParOldGen       total 314880K, used 79626K [0x00000006c1200000, 0x00000006d4580000, 0x000000076b100000)
  object space 314880K, 25% used [0x00000006c1200000,0x00000006c5fc2960,0x00000006d4580000)
 Metaspace       used 57955K, capacity 68320K, committed 68480K, reserved 1107968K
  class space    used 6744K, capacity 9299K, committed 9344K, reserved 1048576K
}
Event: 15.778 GC heap before
{Heap before GC invocations=23 (full 3):
 PSYoungGen      total 614400K, used 605876K [0x000000076b100000, 0x00000007a0300000, 0x00000007c0000000)
  eden space 473088K, 100% used [0x000000076b100000,0x0000000787f00000,0x0000000787f00000)
  from space 141312K, 93% used [0x0000000787f00000,0x00000007900ad010,0x0000000790900000)
  to   space 161792K, 0% used [0x0000000796500000,0x0000000796500000,0x00000007a0300000)
 ParOldGen       total 314880K, used 79626K [0x00000006c1200000, 0x00000006d4580000, 0x000000076b100000)
  object space 314880K, 25% used [0x00000006c1200000,0x00000006c5fc2960,0x00000006d4580000)
 Metaspace       used 58101K, capacity 68624K, committed 68736K, reserved 1107968K
  class space    used 6746K, capacity 9333K, committed 9344K, reserved 1048576K
Event: 15.849 GC heap after
Heap after GC invocations=23 (full 3):
 PSYoungGen      total 685568K, used 150176K [0x000000076b100000, 0x00000007a3900000, 0x00000007c0000000)
  eden space 523776K, 0% used [0x000000076b100000,0x000000076b100000,0x000000078b080000)
  from space 161792K, 92% used [0x0000000796500000,0x000000079f7a8000,0x00000007a0300000)
  to   space 184832K, 0% used [0x000000078b080000,0x000000078b080000,0x0000000796500000)
 ParOldGen       total 314880K, used 79658K [0x00000006c1200000, 0x00000006d4580000, 0x000000076b100000)
  object space 314880K, 25% used [0x00000006c1200000,0x00000006c5fca960,0x00000006d4580000)
 Metaspace       used 58101K, capacity 68624K, committed 68736K, reserved 1107968K
  class space    used 6746K, capacity 9333K, committed 9344K, reserved 1048576K
}

