# JRE version: OpenJDK Runtime Environment (8.0_242-b01) (build 1.8.0_242-release-1644-b01)
# Java VM: OpenJDK 64-Bit Server VM (25.242-b01 mixed mode windows-amd64 compressed oops)
Heap:
 PSYoungGen      total 1056256K, used 241348K [0x000000076b100000, 0x00000007bf380000, 0x00000007c0000000)
  eden space 740864K, 24% used [0x000000076b100000,0x0000000775ea9298,0x0000000798480000)
  from space 315392K, 20% used [0x00000007ab600000,0x00000007af408000,0x00000007bea00000)
  to   space 312832K, 0% used [0x0000000798480000,0x0000000798480000,0x00000007ab600000)
 ParOldGen       total 656384K, used 544124K [0x00000006c1200000, 0x00000006e9300000, 0x000000076b100000)
  object space 656384K, 82% used [0x00000006c1200000,0x00000006e255f3a8,0x00000006e9300000)
 Metaspace       used 59327K, capacity 70173K, committed 70272K, reserved 1110016K
  class space    used 6761K, capacity 9312K, committed 9344K, reserved 1048576K
GC Heap History (10 events):
Event: 21.719 GC heap before
{Heap before GC invocations=36 (full 4):
 PSYoungGen      total 834048K, used 793894K [0x000000076b100000, 0x00000007bda80000, 0x00000007c0000000)
  eden space 655872K, 100% used [0x000000076b100000,0x0000000793180000,0x0000000793180000)
  from space 178176K, 77% used [0x0000000793180000,0x000000079b849a28,0x000000079df80000)
  to   space 348672K, 0% used [0x00000007a8600000,0x00000007a8600000,0x00000007bda80000)
 ParOldGen       total 656384K, used 325565K [0x00000006c1200000, 0x00000006e9300000, 0x000000076b100000)
  object space 656384K, 49% used [0x00000006c1200000,0x00000006d4fef468,0x00000006e9300000)
 Metaspace       used 58988K, capacity 69771K, committed 70016K, reserved 1110016K
  class space    used 6739K, capacity 9293K, committed 9344K, reserved 1048576K
Event: 21.783 GC heap after
Heap after GC invocations=36 (full 4):
 PSYoungGen      total 1014784K, used 121312K [0x000000076b100000, 0x00000007c0000000, 0x00000007c0000000)
  eden space 666112K, 0% used [0x000000076b100000,0x000000076b100000,0x0000000793b80000)
  from space 348672K, 34% used [0x00000007a8600000,0x00000007afc78000,0x00000007bda80000)
  to   space 338432K, 0% used [0x0000000793b80000,0x0000000793b80000,0x00000007a8600000)
 ParOldGen       total 656384K, used 369809K [0x00000006c1200000, 0x00000006e9300000, 0x000000076b100000)
  object space 656384K, 56% used [0x00000006c1200000,0x00000006d7b24618,0x00000006e9300000)
 Metaspace       used 58988K, capacity 69771K, committed 70016K, reserved 1110016K
  class space    used 6739K, capacity 9293K, committed 9344K, reserved 1048576K
}
Event: 22.354 GC heap before
{Heap before GC invocations=37 (full 4):
 PSYoungGen      total 1014784K, used 787424K [0x000000076b100000, 0x00000007c0000000, 0x00000007c0000000)
  eden space 666112K, 100% used [0x000000076b100000,0x0000000793b80000,0x0000000793b80000)
  from space 348672K, 34% used [0x00000007a8600000,0x00000007afc78000,0x00000007bda80000)
  to   space 338432K, 0% used [0x0000000793b80000,0x0000000793b80000,0x00000007a8600000)
 ParOldGen       total 656384K, used 369809K [0x00000006c1200000, 0x00000006e9300000, 0x000000076b100000)
  object space 656384K, 56% used [0x00000006c1200000,0x00000006d7b24618,0x00000006e9300000)
 Metaspace       used 59039K, capacity 69795K, committed 70016K, reserved 1110016K
  class space    used 6743K, capacity 9297K, committed 9344K, reserved 1048576K
Event: 22.392 GC heap after
Heap after GC invocations=37 (full 4):
 PSYoungGen      total 1004544K, used 108832K [0x000000076b100000, 0x00000007be600000, 0x00000007c0000000)
  eden space 666112K, 0% used [0x000000076b100000,0x000000076b100000,0x0000000793b80000)
  from space 338432K, 32% used [0x0000000793b80000,0x000000079a5c8000,0x00000007a8600000)
  to   space 330240K, 0% used [0x00000007aa380000,0x00000007aa380000,0x00000007be600000)
 ParOldGen       total 656384K, used 407828K [0x00000006c1200000, 0x00000006e9300000, 0x000000076b100000)
  object space 656384K, 62% used [0x00000006c1200000,0x00000006da045038,0x00000006e9300000)
 Metaspace       used 59039K, capacity 69795K, committed 70016K, reserved 1110016K
  class space    used 6743K, capacity 9297K, committed 9344K, reserved 1048576K
}
Event: 22.951 GC heap before
{Heap before GC invocations=38 (full 4):
 PSYoungGen      total 1004544K, used 774944K [0x000000076b100000, 0x00000007be600000, 0x00000007c0000000)
  eden space 666112K, 100% used [0x000000076b100000,0x0000000793b80000,0x0000000793b80000)
  from space 338432K, 32% used [0x0000000793b80000,0x000000079a5c8000,0x00000007a8600000)
  to   space 330240K, 0% used [0x00000007aa380000,0x00000007aa380000,0x00000007be600000)
 ParOldGen       total 656384K, used 407828K [0x00000006c1200000, 0x00000006e9300000, 0x000000076b100000)
  object space 656384K, 62% used [0x00000006c1200000,0x00000006da045038,0x00000006e9300000)
 Metaspace       used 59107K, capacity 69887K, committed 70016K, reserved 1110016K
  class space    used 6748K, capacity 9301K, committed 9344K, reserved 1048576K
Event: 22.985 GC heap after
Heap after GC invocations=38 (full 4):
 PSYoungGen      total 1041920K, used 97892K [0x000000076b100000, 0x00000007bea00000, 0x00000007c0000000)
  eden space 711680K, 0% used [0x000000076b100000,0x000000076b100000,0x0000000796800000)
  from space 330240K, 29% used [0x00000007aa380000,0x00000007b03193c0,0x00000007be600000)
  to   space 323072K, 0% used [0x0000000796800000,0x0000000796800000,0x00000007aa380000)
 ParOldGen       total 656384K, used 444343K [0x00000006c1200000, 0x00000006e9300000, 0x000000076b100000)
  object space 656384K, 67% used [0x00000006c1200000,0x00000006dc3ede68,0x00000006e9300000)
 Metaspace       used 59107K, capacity 69887K, committed 70016K, reserved 1110016K
  class space    used 6748K, capacity 9301K, committed 9344K, reserved 1048576K
}
Event: 23.581 GC heap before
{Heap before GC invocations=39 (full 4):
 PSYoungGen      total 1041920K, used 809572K [0x000000076b100000, 0x00000007bea00000, 0x00000007c0000000)
  eden space 711680K, 100% used [0x000000076b100000,0x0000000796800000,0x0000000796800000)
  from space 330240K, 29% used [0x00000007aa380000,0x00000007b03193c0,0x00000007be600000)
  to   space 323072K, 0% used [0x0000000796800000,0x0000000796800000,0x00000007aa380000)
 ParOldGen       total 656384K, used 444343K [0x00000006c1200000, 0x00000006e9300000, 0x000000076b100000)
  object space 656384K, 67% used [0x00000006c1200000,0x00000006dc3ede68,0x00000006e9300000)
 Metaspace       used 59190K, capacity 69975K, committed 70016K, reserved 1110016K
  class space    used 6752K, capacity 9305K, committed 9344K, reserved 1048576K
Event: 23.617 GC heap after
Heap after GC invocations=39 (full 4):
 PSYoungGen      total 1034752K, used 94852K [0x000000076b100000, 0x00000007bea00000, 0x00000007c0000000)
  eden space 711680K, 0% used [0x000000076b100000,0x000000076b100000,0x0000000796800000)
  from space 323072K, 29% used [0x0000000796800000,0x000000079c4a13c0,0x00000007aa380000)
  to   space 315392K, 0% used [0x00000007ab600000,0x00000007ab600000,0x00000007bea00000)
 ParOldGen       total 656384K, used 485822K [0x00000006c1200000, 0x00000006e9300000, 0x000000076b100000)
  object space 656384K, 74% used [0x00000006c1200000,0x00000006dec6fb30,0x00000006e9300000)
 Metaspace       used 59190K, capacity 69975K, committed 70016K, reserved 1110016K
  class space    used 6752K, capacity 9305K, committed 9344K, reserved 1048576K
}
Event: 24.170 GC heap before
{Heap before GC invocations=40 (full 4):
 PSYoungGen      total 1034752K, used 806532K [0x000000076b100000, 0x00000007bea00000, 0x00000007c0000000)
  eden space 711680K, 100% used [0x000000076b100000,0x0000000796800000,0x0000000796800000)
  from space 323072K, 29% used [0x0000000796800000,0x000000079c4a13c0,0x00000007aa380000)
  to   space 315392K, 0% used [0x00000007ab600000,0x00000007ab600000,0x00000007bea00000)
 ParOldGen       total 656384K, used 485822K [0x00000006c1200000, 0x00000006e9300000, 0x000000076b100000)
  object space 656384K, 74% used [0x00000006c1200000,0x00000006dec6fb30,0x00000006e9300000)
 Metaspace       used 59279K, capacity 70027K, committed 70272K, reserved 1110016K
  class space    used 6757K, capacity 9309K, committed 9344K, reserved 1048576K
Event: 24.203 GC heap after
Heap after GC invocations=40 (full 4):
 PSYoungGen      total 1056256K, used 63520K [0x000000076b100000, 0x00000007bf380000, 0x00000007c0000000)
  eden space 740864K, 0% used [0x000000076b100000,0x000000076b100000,0x0000000798480000)
  from space 315392K, 20% used [0x00000007ab600000,0x00000007af408000,0x00000007bea00000)
  to   space 312832K, 0% used [0x0000000798480000,0x0000000798480000,0x00000007ab600000)
 ParOldGen       total 656384K, used 544124K [0x00000006c1200000, 0x00000006e9300000, 0x000000076b100000)
  object space 656384K, 82% used [0x00000006c1200000,0x00000006e255f3a8,0x00000006e9300000)
 Metaspace       used 59279K, capacity 70027K, committed 70272K, reserved 1110016K
  class space    used 6757K, capacity 9309K, committed 9344K, reserved 1048576K
}

