# JRE version: OpenJDK Runtime Environment (8.0_242-b01) (build 1.8.0_242-release-1644-b01)
# Java VM: OpenJDK 64-Bit Server VM (25.242-b01 mixed mode windows-amd64 compressed oops)
Heap:
 PSYoungGen      total 1031168K, used 477765K [0x000000076b100000, 0x00000007c0000000, 0x00000007c0000000)
  eden space 763392K, 35% used [0x000000076b100000,0x000000077bd29518,0x0000000799a80000)
  from space 267776K, 75% used [0x0000000799a80000,0x00000007a60e8000,0x00000007aa000000)
  to   space 288256K, 0% used [0x00000007ae680000,0x00000007ae680000,0x00000007c0000000)
 ParOldGen       total 308224K, used 105348K [0x00000006c1200000, 0x00000006d3f00000, 0x000000076b100000)
  object space 308224K, 34% used [0x00000006c1200000,0x00000006c78e13d0,0x00000006d3f00000)
 Metaspace       used 58520K, capacity 69180K, committed 69376K, reserved 1110016K
  class space    used 6764K, capacity 9347K, committed 9472K, reserved 1048576K
GC Heap History (10 events):
Event: 14.811 GC heap before
{Heap before GC invocations=24 (full 3):
 PSYoungGen      total 715776K, used 707252K [0x000000076b100000, 0x00000007a4300000, 0x00000007c0000000)
  eden space 568320K, 100% used [0x000000076b100000,0x000000078dc00000,0x000000078dc00000)
  from space 147456K, 94% used [0x0000000798100000,0x00000007a08ad020,0x00000007a1100000)
  to   space 168960K, 0% used [0x000000078dc00000,0x000000078dc00000,0x0000000798100000)
 ParOldGen       total 308224K, used 66992K [0x00000006c1200000, 0x00000006d3f00000, 0x000000076b100000)
  object space 308224K, 21% used [0x00000006c1200000,0x00000006c536c280,0x00000006d3f00000)
 Metaspace       used 58078K, capacity 68564K, committed 68736K, reserved 1107968K
  class space    used 6751K, capacity 9335K, committed 9344K, reserved 1048576K
Event: 14.853 GC heap after
Heap after GC invocations=24 (full 3):
 PSYoungGen      total 737280K, used 157504K [0x000000076b100000, 0x00000007abf00000, 0x00000007c0000000)
  eden space 568320K, 0% used [0x000000076b100000,0x000000076b100000,0x000000078dc00000)
  from space 168960K, 93% used [0x000000078dc00000,0x00000007975d0010,0x0000000798100000)
  to   space 193024K, 0% used [0x00000007a0280000,0x00000007a0280000,0x00000007abf00000)
 ParOldGen       total 308224K, used 67024K [0x00000006c1200000, 0x00000006d3f00000, 0x000000076b100000)
  object space 308224K, 21% used [0x00000006c1200000,0x00000006c5374280,0x00000006d3f00000)
 Metaspace       used 58078K, capacity 68564K, committed 68736K, reserved 1107968K
  class space    used 6751K, capacity 9335K, committed 9344K, reserved 1048576K
}
Event: 15.450 GC heap before
{Heap before GC invocations=25 (full 3):
 PSYoungGen      total 737280K, used 725824K [0x000000076b100000, 0x00000007abf00000, 0x00000007c0000000)
  eden space 568320K, 100% used [0x000000076b100000,0x000000078dc00000,0x000000078dc00000)
  from space 168960K, 93% used [0x000000078dc00000,0x00000007975d0010,0x0000000798100000)
  to   space 193024K, 0% used [0x00000007a0280000,0x00000007a0280000,0x00000007abf00000)
 ParOldGen       total 308224K, used 67024K [0x00000006c1200000, 0x00000006d3f00000, 0x000000076b100000)
  object space 308224K, 21% used [0x00000006c1200000,0x00000006c5374280,0x00000006d3f00000)
 Metaspace       used 58182K, capacity 68672K, committed 68736K, reserved 1107968K
  class space    used 6753K, capacity 9337K, committed 9344K, reserved 1048576K
Event: 15.510 GC heap after
Heap after GC invocations=25 (full 3):
 PSYoungGen      total 844800K, used 173908K [0x000000076b100000, 0x00000007af900000, 0x00000007c0000000)
  eden space 651776K, 0% used [0x000000076b100000,0x000000076b100000,0x0000000792d80000)
  from space 193024K, 90% used [0x00000007a0280000,0x00000007aac55020,0x00000007abf00000)
  to   space 218112K, 0% used [0x0000000792d80000,0x0000000792d80000,0x00000007a0280000)
 ParOldGen       total 308224K, used 67040K [0x00000006c1200000, 0x00000006d3f00000, 0x000000076b100000)
  object space 308224K, 21% used [0x00000006c1200000,0x00000006c5378280,0x00000006d3f00000)
 Metaspace       used 58182K, capacity 68672K, committed 68736K, reserved 1107968K
  class space    used 6753K, capacity 9337K, committed 9344K, reserved 1048576K
}
Event: 16.217 GC heap before
{Heap before GC invocations=26 (full 3):
 PSYoungGen      total 844800K, used 825684K [0x000000076b100000, 0x00000007af900000, 0x00000007c0000000)
  eden space 651776K, 100% used [0x000000076b100000,0x0000000792d80000,0x0000000792d80000)
  from space 193024K, 90% used [0x00000007a0280000,0x00000007aac55020,0x00000007abf00000)
  to   space 218112K, 0% used [0x0000000792d80000,0x0000000792d80000,0x00000007a0280000)
 ParOldGen       total 308224K, used 67040K [0x00000006c1200000, 0x00000006d3f00000, 0x000000076b100000)
  object space 308224K, 21% used [0x00000006c1200000,0x00000006c5378280,0x00000006d3f00000)
 Metaspace       used 58304K, capacity 68872K, committed 68992K, reserved 1110016K
  class space    used 6756K, capacity 9339K, committed 9344K, reserved 1048576K
Event: 16.267 GC heap after
Heap after GC invocations=26 (full 3):
 PSYoungGen      total 869888K, used 188192K [0x000000076b100000, 0x00000007b8e00000, 0x00000007c0000000)
  eden space 651776K, 0% used [0x000000076b100000,0x000000076b100000,0x0000000792d80000)
  from space 218112K, 86% used [0x0000000792d80000,0x000000079e548000,0x00000007a0280000)
  to   space 243712K, 0% used [0x00000007aa000000,0x00000007aa000000,0x00000007b8e00000)
 ParOldGen       total 308224K, used 74336K [0x00000006c1200000, 0x00000006d3f00000, 0x000000076b100000)
  object space 308224K, 24% used [0x00000006c1200000,0x00000006c5a98128,0x00000006d3f00000)
 Metaspace       used 58304K, capacity 68872K, committed 68992K, reserved 1110016K
  class space    used 6756K, capacity 9339K, committed 9344K, reserved 1048576K
}
Event: 16.918 GC heap before
{Heap before GC invocations=27 (full 3):
 PSYoungGen      total 869888K, used 839968K [0x000000076b100000, 0x00000007b8e00000, 0x00000007c0000000)
  eden space 651776K, 100% used [0x000000076b100000,0x0000000792d80000,0x0000000792d80000)
  from space 218112K, 86% used [0x0000000792d80000,0x000000079e548000,0x00000007a0280000)
  to   space 243712K, 0% used [0x00000007aa000000,0x00000007aa000000,0x00000007b8e00000)
 ParOldGen       total 308224K, used 74336K [0x00000006c1200000, 0x00000006d3f00000, 0x000000076b100000)
  object space 308224K, 24% used [0x00000006c1200000,0x00000006c5a98128,0x00000006d3f00000)
 Metaspace       used 58394K, capacity 69002K, committed 69248K, reserved 1110016K
  class space    used 6758K, capacity 9342K, committed 9344K, reserved 1048576K
Event: 16.992 GC heap after
Heap after GC invocations=27 (full 3):
 PSYoungGen      total 1007104K, used 199476K [0x000000076b100000, 0x00000007bc580000, 0x00000007c0000000)
  eden space 763392K, 0% used [0x000000076b100000,0x000000076b100000,0x0000000799a80000)
  from space 243712K, 81% used [0x00000007aa000000,0x00000007b62cd010,0x00000007b8e00000)
  to   space 267776K, 0% used [0x0000000799a80000,0x0000000799a80000,0x00000007aa000000)
 ParOldGen       total 308224K, used 83274K [0x00000006c1200000, 0x00000006d3f00000, 0x000000076b100000)
  object space 308224K, 27% used [0x00000006c1200000,0x00000006c6352be8,0x00000006d3f00000)
 Metaspace       used 58394K, capacity 69002K, committed 69248K, reserved 1110016K
  class space    used 6758K, capacity 9342K, committed 9344K, reserved 1048576K
}
Event: 17.725 GC heap before
{Heap before GC invocations=28 (full 3):
 PSYoungGen      total 1007104K, used 962868K [0x000000076b100000, 0x00000007bc580000, 0x00000007c0000000)
  eden space 763392K, 100% used [0x000000076b100000,0x0000000799a80000,0x0000000799a80000)
  from space 243712K, 81% used [0x00000007aa000000,0x00000007b62cd010,0x00000007b8e00000)
  to   space 267776K, 0% used [0x0000000799a80000,0x0000000799a80000,0x00000007aa000000)
 ParOldGen       total 308224K, used 83274K [0x00000006c1200000, 0x00000006d3f00000, 0x000000076b100000)
  object space 308224K, 27% used [0x00000006c1200000,0x00000006c6352be8,0x00000006d3f00000)
 Metaspace       used 58475K, capacity 69098K, committed 69248K, reserved 1110016K
  class space    used 6761K, capacity 9344K, committed 9344K, reserved 1048576K
Event: 17.789 GC heap after
Heap after GC invocations=28 (full 3):
 PSYoungGen      total 1031168K, used 203168K [0x000000076b100000, 0x00000007c0000000, 0x00000007c0000000)
  eden space 763392K, 0% used [0x000000076b100000,0x000000076b100000,0x0000000799a80000)
  from space 267776K, 75% used [0x0000000799a80000,0x00000007a60e8000,0x00000007aa000000)
  to   space 288256K, 0% used [0x00000007ae680000,0x00000007ae680000,0x00000007c0000000)
 ParOldGen       total 308224K, used 105348K [0x00000006c1200000, 0x00000006d3f00000, 0x000000076b100000)
  object space 308224K, 34% used [0x00000006c1200000,0x00000006c78e13d0,0x00000006d3f00000)
 Metaspace       used 58475K, capacity 69098K, committed 69248K, reserved 1110016K
  class space    used 6761K, capacity 9344K, committed 9344K, reserved 1048576K
}

