# JRE version: OpenJDK Runtime Environment (8.0_242-b01) (build 1.8.0_242-release-1644-b01)
# Java VM: OpenJDK 64-Bit Server VM (25.242-b01 mixed mode windows-amd64 compressed oops)
Heap:
 PSYoungGen      total 1084416K, used 450654K [0x000000076b100000, 0x00000007c0000000, 0x00000007c0000000)
  eden space 777216K, 57% used [0x000000076b100000,0x0000000786917980,0x000000079a800000)
  from space 307200K, 0% used [0x000000079a800000,0x000000079a800000,0x00000007ad400000)
  to   space 305664K, 0% used [0x00000007ad580000,0x00000007ad580000,0x00000007c0000000)
 ParOldGen       total 570368K, used 302021K [0x00000006c1200000, 0x00000006e3f00000, 0x000000076b100000)
  object space 570368K, 52% used [0x00000006c1200000,0x00000006d38f16c0,0x00000006e3f00000)
 Metaspace       used 58660K, capacity 69318K, committed 69592K, reserved 1110016K
  class space    used 6766K, capacity 9352K, committed 9472K, reserved 1048576K
GC Heap History (10 events):
Event: 17.574 GC heap before
{Heap before GC invocations=27 (full 3):
 PSYoungGen      total 817152K, used 792276K [0x000000076b100000, 0x00000007b4b80000, 0x00000007c0000000)
  eden space 600576K, 100% used [0x000000076b100000,0x000000078fb80000,0x000000078fb80000)
  from space 216576K, 88% used [0x000000078fb80000,0x000000079b6b5020,0x000000079cf00000)
  to   space 243712K, 0% used [0x00000007a5d80000,0x00000007a5d80000,0x00000007b4b80000)
 ParOldGen       total 319488K, used 66565K [0x00000006c1200000, 0x00000006d4a00000, 0x000000076b100000)
  object space 319488K, 20% used [0x00000006c1200000,0x00000006c53015d0,0x00000006d4a00000)
 Metaspace       used 58367K, capacity 68968K, committed 68992K, reserved 1110016K
  class space    used 6756K, capacity 9343K, committed 9344K, reserved 1048576K
Event: 17.652 GC heap after
Heap after GC invocations=27 (full 3):
 PSYoungGen      total 937472K, used 203252K [0x000000076b100000, 0x00000007b8600000, 0x00000007c0000000)
  eden space 693760K, 0% used [0x000000076b100000,0x000000076b100000,0x0000000795680000)
  from space 243712K, 83% used [0x00000007a5d80000,0x00000007b23fd010,0x00000007b4b80000)
  to   space 269312K, 0% used [0x0000000795680000,0x0000000795680000,0x00000007a5d80000)
 ParOldGen       total 319488K, used 73786K [0x00000006c1200000, 0x00000006d4a00000, 0x000000076b100000)
  object space 319488K, 23% used [0x00000006c1200000,0x00000006c5a0e8a8,0x00000006d4a00000)
 Metaspace       used 58367K, capacity 68968K, committed 68992K, reserved 1110016K
  class space    used 6756K, capacity 9343K, committed 9344K, reserved 1048576K
}
Event: 18.319 GC heap before
{Heap before GC invocations=28 (full 3):
 PSYoungGen      total 937472K, used 897012K [0x000000076b100000, 0x00000007b8600000, 0x00000007c0000000)
  eden space 693760K, 100% used [0x000000076b100000,0x0000000795680000,0x0000000795680000)
  from space 243712K, 83% used [0x00000007a5d80000,0x00000007b23fd010,0x00000007b4b80000)
  to   space 269312K, 0% used [0x0000000795680000,0x0000000795680000,0x00000007a5d80000)
 ParOldGen       total 319488K, used 73786K [0x00000006c1200000, 0x00000006d4a00000, 0x000000076b100000)
  object space 319488K, 23% used [0x00000006c1200000,0x00000006c5a0e8a8,0x00000006d4a00000)
 Metaspace       used 58449K, capacity 69028K, committed 69336K, reserved 1110016K
  class space    used 6759K, capacity 9345K, committed 9472K, reserved 1048576K
Event: 18.410 GC heap after
Heap after GC invocations=28 (full 3):
 PSYoungGen      total 963072K, used 207060K [0x000000076b100000, 0x00000007c0000000, 0x00000007c0000000)
  eden space 693760K, 0% used [0x000000076b100000,0x000000076b100000,0x0000000795680000)
  from space 269312K, 76% used [0x0000000795680000,0x00000007a20b5010,0x00000007a5d80000)
  to   space 290816K, 0% used [0x00000007ae400000,0x00000007ae400000,0x00000007c0000000)
 ParOldGen       total 319488K, used 93827K [0x00000006c1200000, 0x00000006d4a00000, 0x000000076b100000)
  object space 319488K, 29% used [0x00000006c1200000,0x00000006c6da0e28,0x00000006d4a00000)
 Metaspace       used 58449K, capacity 69028K, committed 69336K, reserved 1110016K
  class space    used 6759K, capacity 9345K, committed 9472K, reserved 1048576K
}
Event: 19.072 GC heap before
{Heap before GC invocations=29 (full 3):
 PSYoungGen      total 963072K, used 900820K [0x000000076b100000, 0x00000007c0000000, 0x00000007c0000000)
  eden space 693760K, 100% used [0x000000076b100000,0x0000000795680000,0x0000000795680000)
  from space 269312K, 76% used [0x0000000795680000,0x00000007a20b5010,0x00000007a5d80000)
  to   space 290816K, 0% used [0x00000007ae400000,0x00000007ae400000,0x00000007c0000000)
 ParOldGen       total 319488K, used 93827K [0x00000006c1200000, 0x00000006d4a00000, 0x000000076b100000)
  object space 319488K, 29% used [0x00000006c1200000,0x00000006c6da0e28,0x00000006d4a00000)
 Metaspace       used 58557K, capacity 69204K, committed 69336K, reserved 1110016K
  class space    used 6761K, capacity 9347K, committed 9472K, reserved 1048576K
Event: 19.147 GC heap after
Heap after GC invocations=29 (full 3):
 PSYoungGen      total 1068032K, used 206592K [0x000000076b100000, 0x00000007c0000000, 0x00000007c0000000)
  eden space 777216K, 0% used [0x000000076b100000,0x000000076b100000,0x000000079a800000)
  from space 290816K, 71% used [0x00000007ae400000,0x00000007badc0000,0x00000007c0000000)
  to   space 307200K, 0% used [0x000000079a800000,0x000000079a800000,0x00000007ad400000)
 ParOldGen       total 319488K, used 117136K [0x00000006c1200000, 0x00000006d4a00000, 0x000000076b100000)
  object space 319488K, 36% used [0x00000006c1200000,0x00000006c8464398,0x00000006d4a00000)
 Metaspace       used 58557K, capacity 69204K, committed 69336K, reserved 1110016K
  class space    used 6761K, capacity 9347K, committed 9472K, reserved 1048576K
}
Event: 19.161 GC heap before
{Heap before GC invocations=30 (full 3):
 PSYoungGen      total 1068032K, used 237674K [0x000000076b100000, 0x00000007c0000000, 0x00000007c0000000)
  eden space 777216K, 3% used [0x000000076b100000,0x000000076cf5aa40,0x000000079a800000)
  from space 290816K, 71% used [0x00000007ae400000,0x00000007badc0000,0x00000007c0000000)
  to   space 307200K, 0% used [0x000000079a800000,0x000000079a800000,0x00000007ad400000)
 ParOldGen       total 319488K, used 117136K [0x00000006c1200000, 0x00000006d4a00000, 0x000000076b100000)
  object space 319488K, 36% used [0x00000006c1200000,0x00000006c8464398,0x00000006d4a00000)
 Metaspace       used 58575K, capacity 69210K, committed 69336K, reserved 1110016K
  class space    used 6762K, capacity 9348K, committed 9472K, reserved 1048576K
Event: 19.215 GC heap after
Heap after GC invocations=30 (full 3):
 PSYoungGen      total 1084416K, used 170080K [0x000000076b100000, 0x00000007c0000000, 0x00000007c0000000)
  eden space 777216K, 0% used [0x000000076b100000,0x000000076b100000,0x000000079a800000)
  from space 307200K, 55% used [0x000000079a800000,0x00000007a4e18000,0x00000007ad400000)
  to   space 305664K, 0% used [0x00000007ad580000,0x00000007ad580000,0x00000007c0000000)
 ParOldGen       total 319488K, used 142760K [0x00000006c1200000, 0x00000006d4a00000, 0x000000076b100000)
  object space 319488K, 44% used [0x00000006c1200000,0x00000006c9d6a250,0x00000006d4a00000)
 Metaspace       used 58575K, capacity 69210K, committed 69336K, reserved 1110016K
  class space    used 6762K, capacity 9348K, committed 9472K, reserved 1048576K
}
Event: 19.215 GC heap before
{Heap before GC invocations=31 (full 4):
 PSYoungGen      total 1084416K, used 170080K [0x000000076b100000, 0x00000007c0000000, 0x00000007c0000000)
  eden space 777216K, 0% used [0x000000076b100000,0x000000076b100000,0x000000079a800000)
  from space 307200K, 55% used [0x000000079a800000,0x00000007a4e18000,0x00000007ad400000)
  to   space 305664K, 0% used [0x00000007ad580000,0x00000007ad580000,0x00000007c0000000)
 ParOldGen       total 319488K, used 142760K [0x00000006c1200000, 0x00000006d4a00000, 0x000000076b100000)
  object space 319488K, 44% used [0x00000006c1200000,0x00000006c9d6a250,0x00000006d4a00000)
 Metaspace       used 58575K, capacity 69210K, committed 69336K, reserved 1110016K
  class space    used 6762K, capacity 9348K, committed 9472K, reserved 1048576K
Event: 19.598 GC heap after
Heap after GC invocations=31 (full 4):
 PSYoungGen      total 1084416K, used 0K [0x000000076b100000, 0x00000007c0000000, 0x00000007c0000000)
  eden space 777216K, 0% used [0x000000076b100000,0x000000076b100000,0x000000079a800000)
  from space 307200K, 0% used [0x000000079a800000,0x000000079a800000,0x00000007ad400000)
  to   space 305664K, 0% used [0x00000007ad580000,0x00000007ad580000,0x00000007c0000000)
 ParOldGen       total 570368K, used 302021K [0x00000006c1200000, 0x00000006e3f00000, 0x000000076b100000)
  object space 570368K, 52% used [0x00000006c1200000,0x00000006d38f16c0,0x00000006e3f00000)
 Metaspace       used 58572K, capacity 69204K, committed 69336K, reserved 1110016K
  class space    used 6762K, capacity 9347K, committed 9472K, reserved 1048576K
}

