# JRE version: OpenJDK Runtime Environment (8.0_242-b01) (build 1.8.0_242-release-1644-b01)
# Java VM: OpenJDK 64-Bit Server VM (25.242-b01 mixed mode windows-amd64 compressed oops)
Heap:
 PSYoungGen      total 909824K, used 681322K [0x000000076b100000, 0x00000007b0480000, 0x00000007c0000000)
  eden space 748544K, 71% used [0x000000076b100000,0x000000078bf32ba0,0x0000000798c00000)
  from space 161280K, 88% used [0x00000007a3c80000,0x00000007ac7a8000,0x00000007ada00000)
  to   space 180736K, 0% used [0x0000000798c00000,0x0000000798c00000,0x00000007a3c80000)
 ParOldGen       total 316416K, used 222286K [0x00000006c1200000, 0x00000006d4700000, 0x000000076b100000)
  object space 316416K, 70% used [0x00000006c1200000,0x00000006ceb138d8,0x00000006d4700000)
 Metaspace       used 58363K, capacity 68838K, committed 68992K, reserved 1110016K
  class space    used 6727K, capacity 9278K, committed 9344K, reserved 1048576K
GC Heap History (10 events):
Event: 13.233 GC heap before
{Heap before GC invocations=23 (full 3):
 PSYoungGen      total 615936K, used 615936K [0x000000076b100000, 0x000000079c080000, 0x00000007c0000000)
  eden space 531968K, 100% used [0x000000076b100000,0x000000078b880000,0x000000078b880000)
  from space 83968K, 100% used [0x000000078b880000,0x0000000790a80000,0x0000000790a80000)
  to   space 99328K, 0% used [0x0000000795f80000,0x0000000795f80000,0x000000079c080000)
 ParOldGen       total 316416K, used 164889K [0x00000006c1200000, 0x00000006d4700000, 0x000000076b100000)
  object space 316416K, 52% used [0x00000006c1200000,0x00000006cb306730,0x00000006d4700000)
 Metaspace       used 57796K, capacity 68132K, committed 68480K, reserved 1107968K
  class space    used 6714K, capacity 9235K, committed 9344K, reserved 1048576K
Event: 13.269 GC heap after
Heap after GC invocations=23 (full 3):
 PSYoungGen      total 692224K, used 84660K [0x000000076b100000, 0x000000079dd00000, 0x00000007c0000000)
  eden space 592896K, 0% used [0x000000076b100000,0x000000076b100000,0x000000078f400000)
  from space 99328K, 85% used [0x0000000795f80000,0x000000079b22d010,0x000000079c080000)
  to   space 110080K, 0% used [0x000000078f400000,0x000000078f400000,0x0000000795f80000)
 ParOldGen       total 316416K, used 184267K [0x00000006c1200000, 0x00000006d4700000, 0x000000076b100000)
  object space 316416K, 58% used [0x00000006c1200000,0x00000006cc5f2fc8,0x00000006d4700000)
 Metaspace       used 57796K, capacity 68132K, committed 68480K, reserved 1107968K
  class space    used 6714K, capacity 9235K, committed 9344K, reserved 1048576K
}
Event: 13.967 GC heap before
{Heap before GC invocations=24 (full 3):
 PSYoungGen      total 692224K, used 677556K [0x000000076b100000, 0x000000079dd00000, 0x00000007c0000000)
  eden space 592896K, 100% used [0x000000076b100000,0x000000078f400000,0x000000078f400000)
  from space 99328K, 85% used [0x0000000795f80000,0x000000079b22d010,0x000000079c080000)
  to   space 110080K, 0% used [0x000000078f400000,0x000000078f400000,0x0000000795f80000)
 ParOldGen       total 316416K, used 184267K [0x00000006c1200000, 0x00000006d4700000, 0x000000076b100000)
  object space 316416K, 58% used [0x00000006c1200000,0x00000006cc5f2fc8,0x00000006d4700000)
 Metaspace       used 57938K, capacity 68272K, committed 68480K, reserved 1107968K
  class space    used 6718K, capacity 9237K, committed 9344K, reserved 1048576K
Event: 13.993 GC heap after
Heap after GC invocations=24 (full 3):
 PSYoungGen      total 702976K, used 107604K [0x000000076b100000, 0x00000007a4100000, 0x00000007c0000000)
  eden space 592896K, 0% used [0x000000076b100000,0x000000076b100000,0x000000078f400000)
  from space 110080K, 97% used [0x000000078f400000,0x0000000795d15010,0x0000000795f80000)
  to   space 126976K, 0% used [0x000000079c500000,0x000000079c500000,0x00000007a4100000)
 ParOldGen       total 316416K, used 184275K [0x00000006c1200000, 0x00000006d4700000, 0x000000076b100000)
  object space 316416K, 58% used [0x00000006c1200000,0x00000006cc5f4fc8,0x00000006d4700000)
 Metaspace       used 57938K, capacity 68272K, committed 68480K, reserved 1107968K
  class space    used 6718K, capacity 9237K, committed 9344K, reserved 1048576K
}
Event: 14.684 GC heap before
{Heap before GC invocations=25 (full 3):
 PSYoungGen      total 702976K, used 700500K [0x000000076b100000, 0x00000007a4100000, 0x00000007c0000000)
  eden space 592896K, 100% used [0x000000076b100000,0x000000078f400000,0x000000078f400000)
  from space 110080K, 97% used [0x000000078f400000,0x0000000795d15010,0x0000000795f80000)
  to   space 126976K, 0% used [0x000000079c500000,0x000000079c500000,0x00000007a4100000)
 ParOldGen       total 316416K, used 184275K [0x00000006c1200000, 0x00000006d4700000, 0x000000076b100000)
  object space 316416K, 58% used [0x00000006c1200000,0x00000006cc5f4fc8,0x00000006d4700000)
 Metaspace       used 58056K, capacity 68444K, committed 68736K, reserved 1107968K
  class space    used 6720K, capacity 9239K, committed 9344K, reserved 1048576K
Event: 14.740 GC heap after
Heap after GC invocations=25 (full 3):
 PSYoungGen      total 785408K, used 126964K [0x000000076b100000, 0x00000007a7700000, 0x00000007c0000000)
  eden space 658432K, 0% used [0x000000076b100000,0x000000076b100000,0x0000000793400000)
  from space 126976K, 99% used [0x000000079c500000,0x00000007a40fd010,0x00000007a4100000)
  to   space 148480K, 0% used [0x0000000793400000,0x0000000793400000,0x000000079c500000)
 ParOldGen       total 316416K, used 186275K [0x00000006c1200000, 0x00000006d4700000, 0x000000076b100000)
  object space 316416K, 58% used [0x00000006c1200000,0x00000006cc7e8f00,0x00000006d4700000)
 Metaspace       used 58056K, capacity 68444K, committed 68736K, reserved 1107968K
  class space    used 6720K, capacity 9239K, committed 9344K, reserved 1048576K
}
Event: 15.481 GC heap before
{Heap before GC invocations=26 (full 3):
 PSYoungGen      total 785408K, used 785396K [0x000000076b100000, 0x00000007a7700000, 0x00000007c0000000)
  eden space 658432K, 100% used [0x000000076b100000,0x0000000793400000,0x0000000793400000)
  from space 126976K, 99% used [0x000000079c500000,0x00000007a40fd010,0x00000007a4100000)
  to   space 148480K, 0% used [0x0000000793400000,0x0000000793400000,0x000000079c500000)
 ParOldGen       total 316416K, used 186275K [0x00000006c1200000, 0x00000006d4700000, 0x000000076b100000)
  object space 316416K, 58% used [0x00000006c1200000,0x00000006cc7e8f00,0x00000006d4700000)
 Metaspace       used 58104K, capacity 68528K, committed 68736K, reserved 1107968K
  class space    used 6722K, capacity 9241K, committed 9344K, reserved 1048576K
Event: 15.517 GC heap after
Heap after GC invocations=26 (full 3):
 PSYoungGen      total 806912K, used 117856K [0x000000076b100000, 0x00000007ada00000, 0x00000007c0000000)
  eden space 658432K, 0% used [0x000000076b100000,0x000000076b100000,0x0000000793400000)
  from space 148480K, 79% used [0x0000000793400000,0x000000079a718000,0x000000079c500000)
  to   space 161280K, 0% used [0x00000007a3c80000,0x00000007a3c80000,0x00000007ada00000)
 ParOldGen       total 316416K, used 222278K [0x00000006c1200000, 0x00000006d4700000, 0x000000076b100000)
  object space 316416K, 70% used [0x00000006c1200000,0x00000006ceb118d8,0x00000006d4700000)
 Metaspace       used 58104K, capacity 68528K, committed 68736K, reserved 1107968K
  class space    used 6722K, capacity 9241K, committed 9344K, reserved 1048576K
}
Event: 16.191 GC heap before
{Heap before GC invocations=27 (full 3):
 PSYoungGen      total 806912K, used 776288K [0x000000076b100000, 0x00000007ada00000, 0x00000007c0000000)
  eden space 658432K, 100% used [0x000000076b100000,0x0000000793400000,0x0000000793400000)
  from space 148480K, 79% used [0x0000000793400000,0x000000079a718000,0x000000079c500000)
  to   space 161280K, 0% used [0x00000007a3c80000,0x00000007a3c80000,0x00000007ada00000)
 ParOldGen       total 316416K, used 222278K [0x00000006c1200000, 0x00000006d4700000, 0x000000076b100000)
  object space 316416K, 70% used [0x00000006c1200000,0x00000006ceb118d8,0x00000006d4700000)
 Metaspace       used 58316K, capacity 68758K, committed 68992K, reserved 1110016K
  class space    used 6725K, capacity 9276K, committed 9344K, reserved 1048576K
Event: 16.235 GC heap after
Heap after GC invocations=27 (full 3):
 PSYoungGen      total 909824K, used 142496K [0x000000076b100000, 0x00000007b0480000, 0x00000007c0000000)
  eden space 748544K, 0% used [0x000000076b100000,0x000000076b100000,0x0000000798c00000)
  from space 161280K, 88% used [0x00000007a3c80000,0x00000007ac7a8000,0x00000007ada00000)
  to   space 180736K, 0% used [0x0000000798c00000,0x0000000798c00000,0x00000007a3c80000)
 ParOldGen       total 316416K, used 222286K [0x00000006c1200000, 0x00000006d4700000, 0x000000076b100000)
  object space 316416K, 70% used [0x00000006c1200000,0x00000006ceb138d8,0x00000006d4700000)
 Metaspace       used 58316K, capacity 68758K, committed 68992K, reserved 1110016K
  class space    used 6725K, capacity 9276K, committed 9344K, reserved 1048576K
}

