# JRE version: OpenJDK Runtime Environment (8.0_242-b01) (build 1.8.0_242-release-1644-b01)
# Java VM: OpenJDK 64-Bit Server VM (25.242-b01 mixed mode windows-amd64 compressed oops)
Heap:
 PSYoungGen      total 1068544K, used 663496K [0x000000076b100000, 0x00000007c0000000, 0x00000007c0000000)
  eden space 804864K, 55% used [0x000000076b100000,0x00000007868f2180,0x000000079c300000)
  from space 263680K, 80% used [0x00000007add00000,0x00000007bad00000,0x00000007bde80000)
  to   space 288768K, 0% used [0x000000079c300000,0x000000079c300000,0x00000007add00000)
 ParOldGen       total 315904K, used 112298K [0x00000006c1200000, 0x00000006d4680000, 0x000000076b100000)
  object space 315904K, 35% used [0x00000006c1200000,0x00000006c7faa9a8,0x00000006d4680000)
 Metaspace       used 58659K, capacity 69339K, committed 69632K, reserved 1110016K
  class space    used 6759K, capacity 9345K, committed 9472K, reserved 1048576K
GC Heap History (10 events):
Event: 14.580 GC heap before
{Heap before GC invocations=23 (full 3):
 PSYoungGen      total 675328K, used 666996K [0x000000076b100000, 0x00000007a5080000, 0x00000007c0000000)
  eden space 533504K, 100% used [0x000000076b100000,0x000000078ba00000,0x000000078ba00000)
  from space 141824K, 94% used [0x000000078ba00000,0x0000000793c5d010,0x0000000794480000)
  to   space 162816K, 0% used [0x000000079b180000,0x000000079b180000,0x00000007a5080000)
 ParOldGen       total 315904K, used 79424K [0x00000006c1200000, 0x00000006d4680000, 0x000000076b100000)
  object space 315904K, 25% used [0x00000006c1200000,0x00000006c5f901a8,0x00000006d4680000)
 Metaspace       used 58123K, capacity 68639K, committed 68736K, reserved 1107968K
  class space    used 6746K, capacity 9333K, committed 9344K, reserved 1048576K
Event: 14.631 GC heap after
Heap after GC invocations=23 (full 3):
 PSYoungGen      total 762880K, used 152864K [0x000000076b100000, 0x00000007a8500000, 0x00000007c0000000)
  eden space 600064K, 0% used [0x000000076b100000,0x000000076b100000,0x000000078fb00000)
  from space 162816K, 93% used [0x000000079b180000,0x00000007a46c8000,0x00000007a5080000)
  to   space 186880K, 0% used [0x000000078fb00000,0x000000078fb00000,0x000000079b180000)
 ParOldGen       total 315904K, used 79440K [0x00000006c1200000, 0x00000006d4680000, 0x000000076b100000)
  object space 315904K, 25% used [0x00000006c1200000,0x00000006c5f941a8,0x00000006d4680000)
 Metaspace       used 58123K, capacity 68639K, committed 68736K, reserved 1107968K
  class space    used 6746K, capacity 9333K, committed 9344K, reserved 1048576K
}
Event: 15.387 GC heap before
{Heap before GC invocations=24 (full 3):
 PSYoungGen      total 762880K, used 752928K [0x000000076b100000, 0x00000007a8500000, 0x00000007c0000000)
  eden space 600064K, 100% used [0x000000076b100000,0x000000078fb00000,0x000000078fb00000)
  from space 162816K, 93% used [0x000000079b180000,0x00000007a46c8000,0x00000007a5080000)
  to   space 186880K, 0% used [0x000000078fb00000,0x000000078fb00000,0x000000079b180000)
 ParOldGen       total 315904K, used 79440K [0x00000006c1200000, 0x00000006d4680000, 0x000000076b100000)
  object space 315904K, 25% used [0x00000006c1200000,0x00000006c5f941a8,0x00000006d4680000)
 Metaspace       used 58202K, capacity 68719K, committed 68736K, reserved 1107968K
  class space    used 6749K, capacity 9335K, committed 9344K, reserved 1048576K
Event: 15.448 GC heap after
Heap after GC invocations=24 (full 3):
 PSYoungGen      total 786944K, used 173760K [0x000000076b100000, 0x00000007b0d80000, 0x00000007c0000000)
  eden space 600064K, 0% used [0x000000076b100000,0x000000076b100000,0x000000078fb00000)
  from space 186880K, 92% used [0x000000078fb00000,0x000000079a4b0000,0x000000079b180000)
  to   space 213504K, 0% used [0x00000007a3d00000,0x00000007a3d00000,0x00000007b0d80000)
 ParOldGen       total 315904K, used 79448K [0x00000006c1200000, 0x00000006d4680000, 0x000000076b100000)
  object space 315904K, 25% used [0x00000006c1200000,0x00000006c5f961a8,0x00000006d4680000)
 Metaspace       used 58202K, capacity 68719K, committed 68736K, reserved 1107968K
  class space    used 6749K, capacity 9335K, committed 9344K, reserved 1048576K
}
Event: 16.289 GC heap before
{Heap before GC invocations=25 (full 3):
 PSYoungGen      total 786944K, used 773824K [0x000000076b100000, 0x00000007b0d80000, 0x00000007c0000000)
  eden space 600064K, 100% used [0x000000076b100000,0x000000078fb00000,0x000000078fb00000)
  from space 186880K, 92% used [0x000000078fb00000,0x000000079a4b0000,0x000000079b180000)
  to   space 213504K, 0% used [0x00000007a3d00000,0x00000007a3d00000,0x00000007b0d80000)
 ParOldGen       total 315904K, used 79448K [0x00000006c1200000, 0x00000006d4680000, 0x000000076b100000)
  object space 315904K, 25% used [0x00000006c1200000,0x00000006c5f961a8,0x00000006d4680000)
 Metaspace       used 58373K, capacity 68955K, committed 68992K, reserved 1110016K
  class space    used 6751K, capacity 9337K, committed 9344K, reserved 1048576K
Event: 16.353 GC heap after
Heap after GC invocations=25 (full 3):
 PSYoungGen      total 904704K, used 183680K [0x000000076b100000, 0x00000007b4300000, 0x00000007c0000000)
  eden space 691200K, 0% used [0x000000076b100000,0x000000076b100000,0x0000000795400000)
  from space 213504K, 86% used [0x00000007a3d00000,0x00000007af060000,0x00000007b0d80000)
  to   space 238592K, 0% used [0x0000000795400000,0x0000000795400000,0x00000007a3d00000)
 ParOldGen       total 315904K, used 91884K [0x00000006c1200000, 0x00000006d4680000, 0x000000076b100000)
  object space 315904K, 29% used [0x00000006c1200000,0x00000006c6bbb100,0x00000006d4680000)
 Metaspace       used 58373K, capacity 68955K, committed 68992K, reserved 1110016K
  class space    used 6751K, capacity 9337K, committed 9344K, reserved 1048576K
}
Event: 17.157 GC heap before
{Heap before GC invocations=26 (full 3):
 PSYoungGen      total 904704K, used 874880K [0x000000076b100000, 0x00000007b4300000, 0x00000007c0000000)
  eden space 691200K, 100% used [0x000000076b100000,0x0000000795400000,0x0000000795400000)
  from space 213504K, 86% used [0x00000007a3d00000,0x00000007af060000,0x00000007b0d80000)
  to   space 238592K, 0% used [0x0000000795400000,0x0000000795400000,0x00000007a3d00000)
 ParOldGen       total 315904K, used 91884K [0x00000006c1200000, 0x00000006d4680000, 0x000000076b100000)
  object space 315904K, 29% used [0x00000006c1200000,0x00000006c6bbb100,0x00000006d4680000)
 Metaspace       used 58457K, capacity 69059K, committed 69248K, reserved 1110016K
  class space    used 6754K, capacity 9339K, committed 9344K, reserved 1048576K
Event: 17.206 GC heap after
Heap after GC invocations=26 (full 3):
 PSYoungGen      total 929792K, used 198644K [0x000000076b100000, 0x00000007bde80000, 0x00000007c0000000)
  eden space 691200K, 0% used [0x000000076b100000,0x000000076b100000,0x0000000795400000)
  from space 238592K, 83% used [0x0000000795400000,0x00000007a15fd010,0x00000007a3d00000)
  to   space 263680K, 0% used [0x00000007add00000,0x00000007add00000,0x00000007bde80000)
 ParOldGen       total 315904K, used 101306K [0x00000006c1200000, 0x00000006d4680000, 0x000000076b100000)
  object space 315904K, 32% used [0x00000006c1200000,0x00000006c74eea58,0x00000006d4680000)
 Metaspace       used 58457K, capacity 69059K, committed 69248K, reserved 1110016K
  class space    used 6754K, capacity 9339K, committed 9344K, reserved 1048576K
}
Event: 17.972 GC heap before
{Heap before GC invocations=27 (full 3):
 PSYoungGen      total 929792K, used 889844K [0x000000076b100000, 0x00000007bde80000, 0x00000007c0000000)
  eden space 691200K, 100% used [0x000000076b100000,0x0000000795400000,0x0000000795400000)
  from space 238592K, 83% used [0x0000000795400000,0x00000007a15fd010,0x00000007a3d00000)
  to   space 263680K, 0% used [0x00000007add00000,0x00000007add00000,0x00000007bde80000)
 ParOldGen       total 315904K, used 101306K [0x00000006c1200000, 0x00000006d4680000, 0x000000076b100000)
  object space 315904K, 32% used [0x00000006c1200000,0x00000006c74eea58,0x00000006d4680000)
 Metaspace       used 58554K, capacity 69245K, committed 69248K, reserved 1110016K
  class space    used 6756K, capacity 9342K, committed 9344K, reserved 1048576K
Event: 18.045 GC heap after
Heap after GC invocations=27 (full 3):
 PSYoungGen      total 1068544K, used 212992K [0x000000076b100000, 0x00000007c0000000, 0x00000007c0000000)
  eden space 804864K, 0% used [0x000000076b100000,0x000000076b100000,0x000000079c300000)
  from space 263680K, 80% used [0x00000007add00000,0x00000007bad00000,0x00000007bde80000)
  to   space 288768K, 0% used [0x000000079c300000,0x000000079c300000,0x00000007add00000)
 ParOldGen       total 315904K, used 112298K [0x00000006c1200000, 0x00000006d4680000, 0x000000076b100000)
  object space 315904K, 35% used [0x00000006c1200000,0x00000006c7faa9a8,0x00000006d4680000)
 Metaspace       used 58554K, capacity 69245K, committed 69248K, reserved 1110016K
  class space    used 6756K, capacity 9342K, committed 9344K, reserved 1048576K
}

