# JRE version: OpenJDK Runtime Environment (8.0_242-b01) (build 1.8.0_242-release-1644-b01)
# Java VM: OpenJDK 64-Bit Server VM (25.242-b01 mixed mode windows-amd64 compressed oops)
Heap:
 PSYoungGen      total 1020416K, used 473245K [0x000000076b100000, 0x00000007be580000, 0x00000007c0000000)
  eden space 882176K, 37% used [0x000000076b100000,0x000000077f8276b8,0x00000007a0e80000)
  from space 138240K, 100% used [0x00000007a0e80000,0x00000007a9580000,0x00000007a9580000)
  to   space 162816K, 0% used [0x00000007b4680000,0x00000007b4680000,0x00000007be580000)
 ParOldGen       total 305152K, used 212524K [0x00000006c1200000, 0x00000006d3c00000, 0x000000076b100000)
  object space 305152K, 69% used [0x00000006c1200000,0x00000006ce18b108,0x00000006d3c00000)
 Metaspace       used 58293K, capacity 68884K, committed 69208K, reserved 1110016K
  class space    used 6710K, capacity 9229K, committed 9344K, reserved 1048576K
GC Heap History (10 events):
Event: 13.153 GC heap before
{Heap before GC invocations=20 (full 3):
 PSYoungGen      total 767488K, used 767488K [0x000000076b100000, 0x00000007a0f80000, 0x00000007c0000000)
  eden space 692736K, 100% used [0x000000076b100000,0x0000000795580000,0x0000000795580000)
  from space 74752K, 100% used [0x000000079aa00000,0x000000079f300000,0x000000079f300000)
  to   space 86528K, 0% used [0x0000000795580000,0x0000000795580000,0x000000079aa00000)
 ParOldGen       total 305152K, used 135741K [0x00000006c1200000, 0x00000006d3c00000, 0x000000076b100000)
  object space 305152K, 44% used [0x00000006c1200000,0x00000006c968f6e0,0x00000006d3c00000)
 Metaspace       used 57642K, capacity 68010K, committed 68184K, reserved 1107968K
  class space    used 6704K, capacity 9224K, committed 9344K, reserved 1048576K
Event: 13.184 GC heap after
Heap after GC invocations=20 (full 3):
 PSYoungGen      total 779264K, used 77248K [0x000000076b100000, 0x00000007a7500000, 0x00000007c0000000)
  eden space 692736K, 0% used [0x000000076b100000,0x000000076b100000,0x0000000795580000)
  from space 86528K, 89% used [0x0000000795580000,0x000000079a0f0000,0x000000079aa00000)
  to   space 96768K, 0% used [0x00000007a1680000,0x00000007a1680000,0x00000007a7500000)
 ParOldGen       total 305152K, used 160848K [0x00000006c1200000, 0x00000006d3c00000, 0x000000076b100000)
  object space 305152K, 52% used [0x00000006c1200000,0x00000006caf14238,0x00000006d3c00000)
 Metaspace       used 57642K, capacity 68010K, committed 68184K, reserved 1107968K
  class space    used 6704K, capacity 9224K, committed 9344K, reserved 1048576K
}
Event: 14.126 GC heap before
{Heap before GC invocations=21 (full 3):
 PSYoungGen      total 779264K, used 769984K [0x000000076b100000, 0x00000007a7500000, 0x00000007c0000000)
  eden space 692736K, 100% used [0x000000076b100000,0x0000000795580000,0x0000000795580000)
  from space 86528K, 89% used [0x0000000795580000,0x000000079a0f0000,0x000000079aa00000)
  to   space 96768K, 0% used [0x00000007a1680000,0x00000007a1680000,0x00000007a7500000)
 ParOldGen       total 305152K, used 160848K [0x00000006c1200000, 0x00000006d3c00000, 0x000000076b100000)
  object space 305152K, 52% used [0x00000006c1200000,0x00000006caf14238,0x00000006d3c00000)
 Metaspace       used 57816K, capacity 68272K, committed 68440K, reserved 1107968K
  class space    used 6705K, capacity 9225K, committed 9344K, reserved 1048576K
Event: 14.159 GC heap after
Heap after GC invocations=21 (full 3):
 PSYoungGen      total 873984K, used 96756K [0x000000076b100000, 0x00000007a9900000, 0x00000007c0000000)
  eden space 777216K, 0% used [0x000000076b100000,0x000000076b100000,0x000000079a800000)
  from space 96768K, 99% used [0x00000007a1680000,0x00000007a74fd010,0x00000007a7500000)
  to   space 113152K, 0% used [0x000000079a800000,0x000000079a800000,0x00000007a1680000)
 ParOldGen       total 305152K, used 165373K [0x00000006c1200000, 0x00000006d3c00000, 0x000000076b100000)
  object space 305152K, 54% used [0x00000006c1200000,0x00000006cb37f490,0x00000006d3c00000)
 Metaspace       used 57816K, capacity 68272K, committed 68440K, reserved 1107968K
  class space    used 6705K, capacity 9225K, committed 9344K, reserved 1048576K
}
Event: 15.140 GC heap before
{Heap before GC invocations=22 (full 3):
 PSYoungGen      total 873984K, used 873972K [0x000000076b100000, 0x00000007a9900000, 0x00000007c0000000)
  eden space 777216K, 100% used [0x000000076b100000,0x000000079a800000,0x000000079a800000)
  from space 96768K, 99% used [0x00000007a1680000,0x00000007a74fd010,0x00000007a7500000)
  to   space 113152K, 0% used [0x000000079a800000,0x000000079a800000,0x00000007a1680000)
 ParOldGen       total 305152K, used 165373K [0x00000006c1200000, 0x00000006d3c00000, 0x000000076b100000)
  object space 305152K, 54% used [0x00000006c1200000,0x00000006cb37f490,0x00000006d3c00000)
 Metaspace       used 58009K, capacity 68498K, committed 68696K, reserved 1107968K
  class space    used 6706K, capacity 9226K, committed 9344K, reserved 1048576K
Event: 15.175 GC heap after
Heap after GC invocations=22 (full 3):
 PSYoungGen      total 890368K, used 87424K [0x000000076b100000, 0x00000007b0c80000, 0x00000007c0000000)
  eden space 777216K, 0% used [0x000000076b100000,0x000000076b100000,0x000000079a800000)
  from space 113152K, 77% used [0x000000079a800000,0x000000079fd60000,0x00000007a1680000)
  to   space 121856K, 0% used [0x00000007a9580000,0x00000007a9580000,0x00000007b0c80000)
 ParOldGen       total 305152K, used 204558K [0x00000006c1200000, 0x00000006d3c00000, 0x000000076b100000)
  object space 305152K, 67% used [0x00000006c1200000,0x00000006cd9c3be0,0x00000006d3c00000)
 Metaspace       used 58009K, capacity 68498K, committed 68696K, reserved 1107968K
  class space    used 6706K, capacity 9226K, committed 9344K, reserved 1048576K
}
Event: 16.034 GC heap before
{Heap before GC invocations=23 (full 3):
 PSYoungGen      total 890368K, used 864640K [0x000000076b100000, 0x00000007b0c80000, 0x00000007c0000000)
  eden space 777216K, 100% used [0x000000076b100000,0x000000079a800000,0x000000079a800000)
  from space 113152K, 77% used [0x000000079a800000,0x000000079fd60000,0x00000007a1680000)
  to   space 121856K, 0% used [0x00000007a9580000,0x00000007a9580000,0x00000007b0c80000)
 ParOldGen       total 305152K, used 204558K [0x00000006c1200000, 0x00000006d3c00000, 0x000000076b100000)
  object space 305152K, 67% used [0x00000006c1200000,0x00000006cd9c3be0,0x00000006d3c00000)
 Metaspace       used 58084K, capacity 68540K, committed 68696K, reserved 1107968K
  class space    used 6707K, capacity 9227K, committed 9344K, reserved 1048576K
Event: 16.070 GC heap after
Heap after GC invocations=23 (full 3):
 PSYoungGen      total 1004032K, used 114784K [0x000000076b100000, 0x00000007b3280000, 0x00000007c0000000)
  eden space 882176K, 0% used [0x000000076b100000,0x000000076b100000,0x00000007a0e80000)
  from space 121856K, 94% used [0x00000007a9580000,0x00000007b0598000,0x00000007b0c80000)
  to   space 138240K, 0% used [0x00000007a0e80000,0x00000007a0e80000,0x00000007a9580000)
 ParOldGen       total 305152K, used 204566K [0x00000006c1200000, 0x00000006d3c00000, 0x000000076b100000)
  object space 305152K, 67% used [0x00000006c1200000,0x00000006cd9c5be0,0x00000006d3c00000)
 Metaspace       used 58084K, capacity 68540K, committed 68696K, reserved 1107968K
  class space    used 6707K, capacity 9227K, committed 9344K, reserved 1048576K
}
Event: 16.974 GC heap before
{Heap before GC invocations=24 (full 3):
 PSYoungGen      total 1004032K, used 996960K [0x000000076b100000, 0x00000007b3280000, 0x00000007c0000000)
  eden space 882176K, 100% used [0x000000076b100000,0x00000007a0e80000,0x00000007a0e80000)
  from space 121856K, 94% used [0x00000007a9580000,0x00000007b0598000,0x00000007b0c80000)
  to   space 138240K, 0% used [0x00000007a0e80000,0x00000007a0e80000,0x00000007a9580000)
 ParOldGen       total 305152K, used 204566K [0x00000006c1200000, 0x00000006d3c00000, 0x000000076b100000)
  object space 305152K, 67% used [0x00000006c1200000,0x00000006cd9c5be0,0x00000006d3c00000)
 Metaspace       used 58251K, capacity 68738K, committed 68952K, reserved 1110016K
  class space    used 6709K, capacity 9228K, committed 9344K, reserved 1048576K
Event: 17.023 GC heap after
Heap after GC invocations=24 (full 3):
 PSYoungGen      total 1020416K, used 138240K [0x000000076b100000, 0x00000007be580000, 0x00000007c0000000)
  eden space 882176K, 0% used [0x000000076b100000,0x000000076b100000,0x00000007a0e80000)
  from space 138240K, 100% used [0x00000007a0e80000,0x00000007a9580000,0x00000007a9580000)
  to   space 162816K, 0% used [0x00000007b4680000,0x00000007b4680000,0x00000007be580000)
 ParOldGen       total 305152K, used 212524K [0x00000006c1200000, 0x00000006d3c00000, 0x000000076b100000)
  object space 305152K, 69% used [0x00000006c1200000,0x00000006ce18b108,0x00000006d3c00000)
 Metaspace       used 58251K, capacity 68738K, committed 68952K, reserved 1110016K
  class space    used 6709K, capacity 9228K, committed 9344K, reserved 1048576K
}

