# JRE version: OpenJDK Runtime Environment (8.0_242-b01) (build 1.8.0_242-release-1644-b01)
# Java VM: OpenJDK 64-Bit Server VM (25.242-b01 mixed mode windows-amd64 compressed oops)
Heap:
 PSYoungGen      total 1090048K, used 525502K [0x000000076b100000, 0x00000007b9300000, 0x00000007c0000000)
  eden space 963072K, 41% used [0x000000076b100000,0x0000000783b5faa8,0x00000007a5d80000)
  from space 126976K, 95% used [0x00000007aeb00000,0x00000007b61d0000,0x00000007b6700000)
  to   space 144896K, 0% used [0x00000007a5d80000,0x00000007a5d80000,0x00000007aeb00000)
 ParOldGen       total 294400K, used 206142K [0x00000006c1200000, 0x00000006d3180000, 0x000000076b100000)
  object space 294400K, 70% used [0x00000006c1200000,0x00000006cdb4faa8,0x00000006d3180000)
 Metaspace       used 61537K, capacity 72754K, committed 73048K, reserved 1112064K
  class space    used 7004K, capacity 9742K, committed 9856K, reserved 1048576K
GC Heap History (10 events):
Event: 13.025 GC heap before
{Heap before GC invocations=19 (full 3):
 PSYoungGen      total 710656K, used 701338K [0x000000076b100000, 0x00000007a3480000, 0x00000007c0000000)
  eden space 640000K, 100% used [0x000000076b100000,0x0000000792200000,0x0000000792200000)
  from space 70656K, 86% used [0x0000000792200000,0x0000000795de6ad8,0x0000000796700000)
  to   space 78336K, 0% used [0x000000079e800000,0x000000079e800000,0x00000007a3480000)
 ParOldGen       total 294400K, used 132451K [0x00000006c1200000, 0x00000006d3180000, 0x000000076b100000)
  object space 294400K, 44% used [0x00000006c1200000,0x00000006c9358c30,0x00000006d3180000)
 Metaspace       used 60823K, capacity 71668K, committed 71896K, reserved 1112064K
  class space    used 6997K, capacity 9703K, committed 9728K, reserved 1048576K
Event: 13.053 GC heap after
Heap after GC invocations=19 (full 3):
 PSYoungGen      total 830464K, used 78336K [0x000000076b100000, 0x00000007a5080000, 0x00000007c0000000)
  eden space 752128K, 0% used [0x000000076b100000,0x000000076b100000,0x0000000798f80000)
  from space 78336K, 100% used [0x000000079e800000,0x00000007a3480000,0x00000007a3480000)
  to   space 90624K, 0% used [0x0000000798f80000,0x0000000798f80000,0x000000079e800000)
 ParOldGen       total 294400K, used 133492K [0x00000006c1200000, 0x00000006d3180000, 0x000000076b100000)
  object space 294400K, 45% used [0x00000006c1200000,0x00000006c945d1a0,0x00000006d3180000)
 Metaspace       used 60823K, capacity 71668K, committed 71896K, reserved 1112064K
  class space    used 6997K, capacity 9703K, committed 9728K, reserved 1048576K
}
Event: 14.193 GC heap before
{Heap before GC invocations=20 (full 3):
 PSYoungGen      total 830464K, used 830464K [0x000000076b100000, 0x00000007a5080000, 0x00000007c0000000)
  eden space 752128K, 100% used [0x000000076b100000,0x0000000798f80000,0x0000000798f80000)
  from space 78336K, 100% used [0x000000079e800000,0x00000007a3480000,0x00000007a3480000)
  to   space 90624K, 0% used [0x0000000798f80000,0x0000000798f80000,0x000000079e800000)
 ParOldGen       total 294400K, used 133492K [0x00000006c1200000, 0x00000006d3180000, 0x000000076b100000)
  object space 294400K, 45% used [0x00000006c1200000,0x00000006c945d1a0,0x00000006d3180000)
 Metaspace       used 61029K, capacity 72008K, committed 72152K, reserved 1112064K
  class space    used 6999K, capacity 9705K, committed 9728K, reserved 1048576K
Event: 14.232 GC heap after
Heap after GC invocations=20 (full 3):
 PSYoungGen      total 842752K, used 77632K [0x000000076b100000, 0x00000007abc00000, 0x00000007c0000000)
  eden space 752128K, 0% used [0x000000076b100000,0x000000076b100000,0x0000000798f80000)
  from space 90624K, 85% used [0x0000000798f80000,0x000000079db50000,0x000000079e800000)
  to   space 99840K, 0% used [0x00000007a5a80000,0x00000007a5a80000,0x00000007abc00000)
 ParOldGen       total 294400K, used 162655K [0x00000006c1200000, 0x00000006d3180000, 0x000000076b100000)
  object space 294400K, 55% used [0x00000006c1200000,0x00000006cb0d7eb0,0x00000006d3180000)
 Metaspace       used 61029K, capacity 72008K, committed 72152K, reserved 1112064K
  class space    used 6999K, capacity 9705K, committed 9728K, reserved 1048576K
}
Event: 15.233 GC heap before
{Heap before GC invocations=21 (full 3):
 PSYoungGen      total 842752K, used 829760K [0x000000076b100000, 0x00000007abc00000, 0x00000007c0000000)
  eden space 752128K, 100% used [0x000000076b100000,0x0000000798f80000,0x0000000798f80000)
  from space 90624K, 85% used [0x0000000798f80000,0x000000079db50000,0x000000079e800000)
  to   space 99840K, 0% used [0x00000007a5a80000,0x00000007a5a80000,0x00000007abc00000)
 ParOldGen       total 294400K, used 162655K [0x00000006c1200000, 0x00000006d3180000, 0x000000076b100000)
  object space 294400K, 55% used [0x00000006c1200000,0x00000006cb0d7eb0,0x00000006d3180000)
 Metaspace       used 61203K, capacity 72178K, committed 72408K, reserved 1112064K
  class space    used 7000K, capacity 9706K, committed 9728K, reserved 1048576K
Event: 15.282 GC heap after
Heap after GC invocations=21 (full 3):
 PSYoungGen      total 942592K, used 99828K [0x000000076b100000, 0x00000007aeb80000, 0x00000007c0000000)
  eden space 842752K, 0% used [0x000000076b100000,0x000000076b100000,0x000000079e800000)
  from space 99840K, 99% used [0x00000007a5a80000,0x00000007abbfd010,0x00000007abc00000)
  to   space 117248K, 0% used [0x000000079e800000,0x000000079e800000,0x00000007a5a80000)
 ParOldGen       total 294400K, used 166625K [0x00000006c1200000, 0x00000006d3180000, 0x000000076b100000)
  object space 294400K, 56% used [0x00000006c1200000,0x00000006cb4b8728,0x00000006d3180000)
 Metaspace       used 61203K, capacity 72178K, committed 72408K, reserved 1112064K
  class space    used 7000K, capacity 9706K, committed 9728K, reserved 1048576K
}
Event: 16.361 GC heap before
{Heap before GC invocations=22 (full 3):
 PSYoungGen      total 942592K, used 942580K [0x000000076b100000, 0x00000007aeb80000, 0x00000007c0000000)
  eden space 842752K, 100% used [0x000000076b100000,0x000000079e800000,0x000000079e800000)
  from space 99840K, 99% used [0x00000007a5a80000,0x00000007abbfd010,0x00000007abc00000)
  to   space 117248K, 0% used [0x000000079e800000,0x000000079e800000,0x00000007a5a80000)
 ParOldGen       total 294400K, used 166625K [0x00000006c1200000, 0x00000006d3180000, 0x000000076b100000)
  object space 294400K, 56% used [0x00000006c1200000,0x00000006cb4b8728,0x00000006d3180000)
 Metaspace       used 61356K, capacity 72404K, committed 72664K, reserved 1112064K
  class space    used 7002K, capacity 9707K, committed 9728K, reserved 1048576K
Event: 16.398 GC heap after
Heap after GC invocations=22 (full 3):
 PSYoungGen      total 960000K, used 93632K [0x000000076b100000, 0x00000007b6700000, 0x00000007c0000000)
  eden space 842752K, 0% used [0x000000076b100000,0x000000076b100000,0x000000079e800000)
  from space 117248K, 79% used [0x000000079e800000,0x00000007a4370000,0x00000007a5a80000)
  to   space 126976K, 0% used [0x00000007aeb00000,0x00000007aeb00000,0x00000007b6700000)
 ParOldGen       total 294400K, used 206134K [0x00000006c1200000, 0x00000006d3180000, 0x000000076b100000)
  object space 294400K, 70% used [0x00000006c1200000,0x00000006cdb4daa8,0x00000006d3180000)
 Metaspace       used 61356K, capacity 72404K, committed 72664K, reserved 1112064K
  class space    used 7002K, capacity 9707K, committed 9728K, reserved 1048576K
}
Event: 17.324 GC heap before
{Heap before GC invocations=23 (full 3):
 PSYoungGen      total 960000K, used 936384K [0x000000076b100000, 0x00000007b6700000, 0x00000007c0000000)
  eden space 842752K, 100% used [0x000000076b100000,0x000000079e800000,0x000000079e800000)
  from space 117248K, 79% used [0x000000079e800000,0x00000007a4370000,0x00000007a5a80000)
  to   space 126976K, 0% used [0x00000007aeb00000,0x00000007aeb00000,0x00000007b6700000)
 ParOldGen       total 294400K, used 206134K [0x00000006c1200000, 0x00000006d3180000, 0x000000076b100000)
  object space 294400K, 70% used [0x00000006c1200000,0x00000006cdb4daa8,0x00000006d3180000)
 Metaspace       used 61441K, capacity 72592K, committed 72792K, reserved 1112064K
  class space    used 7003K, capacity 9741K, committed 9856K, reserved 1048576K
Event: 17.369 GC heap after
Heap after GC invocations=23 (full 3):
 PSYoungGen      total 1090048K, used 121664K [0x000000076b100000, 0x00000007b9300000, 0x00000007c0000000)
  eden space 963072K, 0% used [0x000000076b100000,0x000000076b100000,0x00000007a5d80000)
  from space 126976K, 95% used [0x00000007aeb00000,0x00000007b61d0000,0x00000007b6700000)
  to   space 144896K, 0% used [0x00000007a5d80000,0x00000007a5d80000,0x00000007aeb00000)
 ParOldGen       total 294400K, used 206142K [0x00000006c1200000, 0x00000006d3180000, 0x000000076b100000)
  object space 294400K, 70% used [0x00000006c1200000,0x00000006cdb4faa8,0x00000006d3180000)
 Metaspace       used 61441K, capacity 72592K, committed 72792K, reserved 1112064K
  class space    used 7003K, capacity 9741K, committed 9856K, reserved 1048576K
}

