# JRE version: OpenJDK Runtime Environment (8.0_242-b01) (build 1.8.0_242-release-1644-b01)
# Java VM: OpenJDK 64-Bit Server VM (25.242-b01 mixed mode windows-amd64 compressed oops)
Heap:
 PSYoungGen      total 992256K, used 438530K [0x000000076b100000, 0x00000007bc600000, 0x00000007c0000000)
  eden space 759296K, 28% used [0x000000076b100000,0x00000007787e0a48,0x0000000799680000)
  from space 232960K, 93% used [0x00000007a9a80000,0x00000007b6fe0020,0x00000007b7e00000)
  to   space 266240K, 0% used [0x0000000799680000,0x0000000799680000,0x00000007a9a80000)
 ParOldGen       total 449536K, used 118478K [0x00000006c1200000, 0x00000006dc900000, 0x000000076b100000)
  object space 449536K, 26% used [0x00000006c1200000,0x00000006c85b3b90,0x00000006dc900000)
 Metaspace       used 63195K, capacity 74934K, committed 75136K, reserved 1114112K
  class space    used 7115K, capacity 10000K, committed 10112K, reserved 1048576K
GC Heap History (10 events):
Event: 14.324 GC heap before
{Heap before GC invocations=26 (full 4):
 PSYoungGen      total 665088K, used 665088K [0x000000076b100000, 0x00000007a1b00000, 0x00000007c0000000)
  eden space 556032K, 100% used [0x000000076b100000,0x000000078d000000,0x000000078d000000)
  from space 109056K, 100% used [0x000000078d000000,0x0000000793a80000,0x0000000793a80000)
  to   space 128000K, 0% used [0x0000000799e00000,0x0000000799e00000,0x00000007a1b00000)
 ParOldGen       total 449536K, used 115320K [0x00000006c1200000, 0x00000006dc900000, 0x000000076b100000)
  object space 449536K, 25% used [0x00000006c1200000,0x00000006c829e2b8,0x00000006dc900000)
 Metaspace       used 62022K, capacity 73450K, committed 73728K, reserved 1114112K
  class space    used 7062K, capacity 9877K, committed 9984K, reserved 1048576K
Event: 14.365 GC heap after
Heap after GC invocations=26 (full 4):
 PSYoungGen      total 745472K, used 128000K [0x000000076b100000, 0x00000007a4d00000, 0x00000007c0000000)
  eden space 617472K, 0% used [0x000000076b100000,0x000000076b100000,0x0000000790c00000)
  from space 128000K, 100% used [0x0000000799e00000,0x00000007a1b00000,0x00000007a1b00000)
  to   space 149504K, 0% used [0x0000000790c00000,0x0000000790c00000,0x0000000799e00000)
 ParOldGen       total 449536K, used 116244K [0x00000006c1200000, 0x00000006dc900000, 0x000000076b100000)
  object space 449536K, 25% used [0x00000006c1200000,0x00000006c8385088,0x00000006dc900000)
 Metaspace       used 62022K, capacity 73450K, committed 73728K, reserved 1114112K
  class space    used 7062K, capacity 9877K, committed 9984K, reserved 1048576K
}
Event: 15.076 GC heap before
{Heap before GC invocations=27 (full 4):
 PSYoungGen      total 745472K, used 745472K [0x000000076b100000, 0x00000007a4d00000, 0x00000007c0000000)
  eden space 617472K, 100% used [0x000000076b100000,0x0000000790c00000,0x0000000790c00000)
  from space 128000K, 100% used [0x0000000799e00000,0x00000007a1b00000,0x00000007a1b00000)
  to   space 149504K, 0% used [0x0000000790c00000,0x0000000790c00000,0x0000000799e00000)
 ParOldGen       total 449536K, used 116244K [0x00000006c1200000, 0x00000006dc900000, 0x000000076b100000)
  object space 449536K, 25% used [0x00000006c1200000,0x00000006c8385088,0x00000006dc900000)
 Metaspace       used 62162K, capacity 73572K, committed 73728K, reserved 1114112K
  class space    used 7066K, capacity 9880K, committed 9984K, reserved 1048576K
Event: 15.113 GC heap after
Heap after GC invocations=27 (full 4):
 PSYoungGen      total 766976K, used 149504K [0x000000076b100000, 0x00000007ac780000, 0x00000007c0000000)
  eden space 617472K, 0% used [0x000000076b100000,0x000000076b100000,0x0000000790c00000)
  from space 149504K, 100% used [0x0000000790c00000,0x0000000799e00000,0x0000000799e00000)
  to   space 175104K, 0% used [0x00000007a1c80000,0x00000007a1c80000,0x00000007ac780000)
 ParOldGen       total 449536K, used 118454K [0x00000006c1200000, 0x00000006dc900000, 0x000000076b100000)
  object space 449536K, 26% used [0x00000006c1200000,0x00000006c85adb90,0x00000006dc900000)
 Metaspace       used 62162K, capacity 73572K, committed 73728K, reserved 1114112K
  class space    used 7066K, capacity 9880K, committed 9984K, reserved 1048576K
}
Event: 15.853 GC heap before
{Heap before GC invocations=28 (full 4):
 PSYoungGen      total 766976K, used 766976K [0x000000076b100000, 0x00000007ac780000, 0x00000007c0000000)
  eden space 617472K, 100% used [0x000000076b100000,0x0000000790c00000,0x0000000790c00000)
  from space 149504K, 100% used [0x0000000790c00000,0x0000000799e00000,0x0000000799e00000)
  to   space 175104K, 0% used [0x00000007a1c80000,0x00000007a1c80000,0x00000007ac780000)
 ParOldGen       total 449536K, used 118454K [0x00000006c1200000, 0x00000006dc900000, 0x000000076b100000)
  object space 449536K, 26% used [0x00000006c1200000,0x00000006c85adb90,0x00000006dc900000)
 Metaspace       used 62299K, capacity 73762K, committed 73984K, reserved 1114112K
  class space    used 7070K, capacity 9883K, committed 9984K, reserved 1048576K
Event: 15.911 GC heap after
Heap after GC invocations=28 (full 4):
 PSYoungGen      total 869376K, used 169856K [0x000000076b100000, 0x00000007b0580000, 0x00000007c0000000)
  eden space 694272K, 0% used [0x000000076b100000,0x000000076b100000,0x0000000795700000)
  from space 175104K, 97% used [0x00000007a1c80000,0x00000007ac260000,0x00000007ac780000)
  to   space 202240K, 0% used [0x0000000795700000,0x0000000795700000,0x00000007a1c80000)
 ParOldGen       total 449536K, used 118462K [0x00000006c1200000, 0x00000006dc900000, 0x000000076b100000)
  object space 449536K, 26% used [0x00000006c1200000,0x00000006c85afb90,0x00000006dc900000)
 Metaspace       used 62299K, capacity 73762K, committed 73984K, reserved 1114112K
  class space    used 7070K, capacity 9883K, committed 9984K, reserved 1048576K
}
Event: 16.616 GC heap before
{Heap before GC invocations=29 (full 4):
 PSYoungGen      total 869376K, used 864128K [0x000000076b100000, 0x00000007b0580000, 0x00000007c0000000)
  eden space 694272K, 100% used [0x000000076b100000,0x0000000795700000,0x0000000795700000)
  from space 175104K, 97% used [0x00000007a1c80000,0x00000007ac260000,0x00000007ac780000)
  to   space 202240K, 0% used [0x0000000795700000,0x0000000795700000,0x00000007a1c80000)
 ParOldGen       total 449536K, used 118462K [0x00000006c1200000, 0x00000006dc900000, 0x000000076b100000)
  object space 449536K, 26% used [0x00000006c1200000,0x00000006c85afb90,0x00000006dc900000)
 Metaspace       used 62385K, capacity 73868K, committed 73984K, reserved 1114112K
  class space    used 7074K, capacity 9886K, committed 9984K, reserved 1048576K
Event: 16.664 GC heap after
Heap after GC invocations=29 (full 4):
 PSYoungGen      total 896512K, used 194368K [0x000000076b100000, 0x00000007b7e00000, 0x00000007c0000000)
  eden space 694272K, 0% used [0x000000076b100000,0x000000076b100000,0x0000000795700000)
  from space 202240K, 96% used [0x0000000795700000,0x00000007a14d0000,0x00000007a1c80000)
  to   space 232960K, 0% used [0x00000007a9a80000,0x00000007a9a80000,0x00000007b7e00000)
 ParOldGen       total 449536K, used 118470K [0x00000006c1200000, 0x00000006dc900000, 0x000000076b100000)
  object space 449536K, 26% used [0x00000006c1200000,0x00000006c85b1b90,0x00000006dc900000)
 Metaspace       used 62385K, capacity 73868K, committed 73984K, reserved 1114112K
  class space    used 7074K, capacity 9886K, committed 9984K, reserved 1048576K
}
Event: 17.361 GC heap before
{Heap before GC invocations=30 (full 4):
 PSYoungGen      total 896512K, used 888640K [0x000000076b100000, 0x00000007b7e00000, 0x00000007c0000000)
  eden space 694272K, 100% used [0x000000076b100000,0x0000000795700000,0x0000000795700000)
  from space 202240K, 96% used [0x0000000795700000,0x00000007a14d0000,0x00000007a1c80000)
  to   space 232960K, 0% used [0x00000007a9a80000,0x00000007a9a80000,0x00000007b7e00000)
 ParOldGen       total 449536K, used 118470K [0x00000006c1200000, 0x00000006dc900000, 0x000000076b100000)
  object space 449536K, 26% used [0x00000006c1200000,0x00000006c85b1b90,0x00000006dc900000)
 Metaspace       used 62544K, capacity 73994K, committed 74240K, reserved 1114112K
  class space    used 7078K, capacity 9889K, committed 9984K, reserved 1048576K
Event: 17.427 GC heap after
Heap after GC invocations=30 (full 4):
 PSYoungGen      total 992256K, used 218496K [0x000000076b100000, 0x00000007bc600000, 0x00000007c0000000)
  eden space 759296K, 0% used [0x000000076b100000,0x000000076b100000,0x0000000799680000)
  from space 232960K, 93% used [0x00000007a9a80000,0x00000007b6fe0020,0x00000007b7e00000)
  to   space 266240K, 0% used [0x0000000799680000,0x0000000799680000,0x00000007a9a80000)
 ParOldGen       total 449536K, used 118478K [0x00000006c1200000, 0x00000006dc900000, 0x000000076b100000)
  object space 449536K, 26% used [0x00000006c1200000,0x00000006c85b3b90,0x00000006dc900000)
 Metaspace       used 62544K, capacity 73994K, committed 74240K, reserved 1114112K
  class space    used 7078K, capacity 9889K, committed 9984K, reserved 1048576K
}

