# JRE version: OpenJDK Runtime Environment (8.0_242-b01) (build 1.8.0_242-release-1644-b01)
# Java VM: OpenJDK 64-Bit Server VM (25.242-b01 mixed mode windows-amd64 compressed oops)
Heap:
 PSYoungGen      total 1065472K, used 373006K [0x000000076b100000, 0x00000007c0000000, 0x00000007c0000000)
  eden space 766976K, 21% used [0x000000076b100000,0x00000007755c3a30,0x0000000799e00000)
  from space 298496K, 68% used [0x00000007adc80000,0x00000007ba400020,0x00000007c0000000)
  to   space 312320K, 0% used [0x0000000799e00000,0x0000000799e00000,0x00000007acf00000)
 ParOldGen       total 307200K, used 148076K [0x00000006c1200000, 0x00000006d3e00000, 0x000000076b100000)
  object space 307200K, 48% used [0x00000006c1200000,0x00000006ca29b278,0x00000006d3e00000)
 Metaspace       used 58458K, capacity 69007K, committed 69248K, reserved 1110016K
  class space    used 6724K, capacity 9281K, committed 9344K, reserved 1048576K
GC Heap History (10 events):
Event: 14.558 GC heap before
{Heap before GC invocations=25 (full 3):
 PSYoungGen      total 764928K, used 752500K [0x000000076b100000, 0x00000007aea00000, 0x00000007c0000000)
  eden space 585216K, 100% used [0x000000076b100000,0x000000078ec80000,0x000000078ec80000)
  from space 179712K, 93% used [0x000000078ec80000,0x0000000798fdd020,0x0000000799c00000)
  to   space 205312K, 0% used [0x00000007a2180000,0x00000007a2180000,0x00000007aea00000)
 ParOldGen       total 307200K, used 67875K [0x00000006c1200000, 0x00000006d3e00000, 0x000000076b100000)
  object space 307200K, 22% used [0x00000006c1200000,0x00000006c5448fe0,0x00000006d3e00000)
 Metaspace       used 57929K, capacity 68291K, committed 68480K, reserved 1107968K
  class space    used 6712K, capacity 9239K, committed 9344K, reserved 1048576K
Event: 14.647 GC heap after
Heap after GC invocations=25 (full 3):
 PSYoungGen      total 874496K, used 185908K [0x000000076b100000, 0x00000007b2c80000, 0x00000007c0000000)
  eden space 669184K, 0% used [0x000000076b100000,0x000000076b100000,0x0000000793e80000)
  from space 205312K, 90% used [0x00000007a2180000,0x00000007ad70d020,0x00000007aea00000)
  to   space 232448K, 0% used [0x0000000793e80000,0x0000000793e80000,0x00000007a2180000)
 ParOldGen       total 307200K, used 67883K [0x00000006c1200000, 0x00000006d3e00000, 0x000000076b100000)
  object space 307200K, 22% used [0x00000006c1200000,0x00000006c544afe0,0x00000006d3e00000)
 Metaspace       used 57929K, capacity 68291K, committed 68480K, reserved 1107968K
  class space    used 6712K, capacity 9239K, committed 9344K, reserved 1048576K
}
Event: 15.323 GC heap before
{Heap before GC invocations=26 (full 3):
 PSYoungGen      total 874496K, used 855092K [0x000000076b100000, 0x00000007b2c80000, 0x00000007c0000000)
  eden space 669184K, 100% used [0x000000076b100000,0x0000000793e80000,0x0000000793e80000)
  from space 205312K, 90% used [0x00000007a2180000,0x00000007ad70d020,0x00000007aea00000)
  to   space 232448K, 0% used [0x0000000793e80000,0x0000000793e80000,0x00000007a2180000)
 ParOldGen       total 307200K, used 67883K [0x00000006c1200000, 0x00000006d3e00000, 0x000000076b100000)
  object space 307200K, 22% used [0x00000006c1200000,0x00000006c544afe0,0x00000006d3e00000)
 Metaspace       used 58115K, capacity 68547K, committed 68736K, reserved 1107968K
  class space    used 6715K, capacity 9241K, committed 9344K, reserved 1048576K
Event: 15.377 GC heap after
Heap after GC invocations=26 (full 3):
 PSYoungGen      total 901632K, used 199584K [0x000000076b100000, 0x00000007bc400000, 0x00000007c0000000)
  eden space 669184K, 0% used [0x000000076b100000,0x000000076b100000,0x0000000793e80000)
  from space 232448K, 85% used [0x0000000793e80000,0x00000007a0168000,0x00000007a2180000)
  to   space 259584K, 0% used [0x00000007ac680000,0x00000007ac680000,0x00000007bc400000)
 ParOldGen       total 307200K, used 75285K [0x00000006c1200000, 0x00000006d3e00000, 0x000000076b100000)
  object space 307200K, 24% used [0x00000006c1200000,0x00000006c5b85758,0x00000006d3e00000)
 Metaspace       used 58115K, capacity 68547K, committed 68736K, reserved 1107968K
  class space    used 6715K, capacity 9241K, committed 9344K, reserved 1048576K
}
Event: 16.005 GC heap before
{Heap before GC invocations=27 (full 3):
 PSYoungGen      total 901632K, used 868768K [0x000000076b100000, 0x00000007bc400000, 0x00000007c0000000)
  eden space 669184K, 100% used [0x000000076b100000,0x0000000793e80000,0x0000000793e80000)
  from space 232448K, 85% used [0x0000000793e80000,0x00000007a0168000,0x00000007a2180000)
  to   space 259584K, 0% used [0x00000007ac680000,0x00000007ac680000,0x00000007bc400000)
 ParOldGen       total 307200K, used 75285K [0x00000006c1200000, 0x00000006d3e00000, 0x000000076b100000)
  object space 307200K, 24% used [0x00000006c1200000,0x00000006c5b85758,0x00000006d3e00000)
 Metaspace       used 58158K, capacity 68677K, committed 68992K, reserved 1110016K
  class space    used 6718K, capacity 9276K, committed 9344K, reserved 1048576K
Event: 16.073 GC heap after
Heap after GC invocations=27 (full 3):
 PSYoungGen      total 1049600K, used 200596K [0x000000076b100000, 0x00000007bf180000, 0x00000007c0000000)
  eden space 790016K, 0% used [0x000000076b100000,0x000000076b100000,0x000000079b480000)
  from space 259584K, 77% used [0x00000007ac680000,0x00000007b8a65010,0x00000007bc400000)
  to   space 280576K, 0% used [0x000000079b480000,0x000000079b480000,0x00000007ac680000)
 ParOldGen       total 307200K, used 97352K [0x00000006c1200000, 0x00000006d3e00000, 0x000000076b100000)
  object space 307200K, 31% used [0x00000006c1200000,0x00000006c71121c0,0x00000006d3e00000)
 Metaspace       used 58158K, capacity 68677K, committed 68992K, reserved 1110016K
  class space    used 6718K, capacity 9276K, committed 9344K, reserved 1048576K
}
Event: 16.837 GC heap before
{Heap before GC invocations=28 (full 3):
 PSYoungGen      total 1049600K, used 990612K [0x000000076b100000, 0x00000007bf180000, 0x00000007c0000000)
  eden space 790016K, 100% used [0x000000076b100000,0x000000079b480000,0x000000079b480000)
  from space 259584K, 77% used [0x00000007ac680000,0x00000007b8a65010,0x00000007bc400000)
  to   space 280576K, 0% used [0x000000079b480000,0x000000079b480000,0x00000007ac680000)
 ParOldGen       total 307200K, used 97352K [0x00000006c1200000, 0x00000006d3e00000, 0x000000076b100000)
  object space 307200K, 31% used [0x00000006c1200000,0x00000006c71121c0,0x00000006d3e00000)
 Metaspace       used 58270K, capacity 68809K, committed 68992K, reserved 1110016K
  class space    used 6720K, capacity 9278K, committed 9344K, reserved 1048576K
Event: 16.893 GC heap after
Heap after GC invocations=28 (full 3):
 PSYoungGen      total 1070592K, used 203860K [0x000000076b100000, 0x00000007c0000000, 0x00000007c0000000)
  eden space 790016K, 0% used [0x000000076b100000,0x000000076b100000,0x000000079b480000)
  from space 280576K, 72% used [0x000000079b480000,0x00000007a7b95010,0x00000007ac680000)
  to   space 298496K, 0% used [0x00000007adc80000,0x00000007adc80000,0x00000007c0000000)
 ParOldGen       total 307200K, used 121254K [0x00000006c1200000, 0x00000006d3e00000, 0x000000076b100000)
  object space 307200K, 39% used [0x00000006c1200000,0x00000006c8869b50,0x00000006d3e00000)
 Metaspace       used 58270K, capacity 68809K, committed 68992K, reserved 1110016K
  class space    used 6720K, capacity 9278K, committed 9344K, reserved 1048576K
}
Event: 17.578 GC heap before
{Heap before GC invocations=29 (full 3):
 PSYoungGen      total 1070592K, used 993876K [0x000000076b100000, 0x00000007c0000000, 0x00000007c0000000)
  eden space 790016K, 100% used [0x000000076b100000,0x000000079b480000,0x000000079b480000)
  from space 280576K, 72% used [0x000000079b480000,0x00000007a7b95010,0x00000007ac680000)
  to   space 298496K, 0% used [0x00000007adc80000,0x00000007adc80000,0x00000007c0000000)
 ParOldGen       total 307200K, used 121254K [0x00000006c1200000, 0x00000006d3e00000, 0x000000076b100000)
  object space 307200K, 39% used [0x00000006c1200000,0x00000006c8869b50,0x00000006d3e00000)
 Metaspace       used 58404K, capacity 68913K, committed 68992K, reserved 1110016K
  class space    used 6723K, capacity 9280K, committed 9344K, reserved 1048576K
Event: 17.637 GC heap after
Heap after GC invocations=29 (full 3):
 PSYoungGen      total 1065472K, used 204288K [0x000000076b100000, 0x00000007c0000000, 0x00000007c0000000)
  eden space 766976K, 0% used [0x000000076b100000,0x000000076b100000,0x0000000799e00000)
  from space 298496K, 68% used [0x00000007adc80000,0x00000007ba400020,0x00000007c0000000)
  to   space 312320K, 0% used [0x0000000799e00000,0x0000000799e00000,0x00000007acf00000)
 ParOldGen       total 307200K, used 148076K [0x00000006c1200000, 0x00000006d3e00000, 0x000000076b100000)
  object space 307200K, 48% used [0x00000006c1200000,0x00000006ca29b278,0x00000006d3e00000)
 Metaspace       used 58404K, capacity 68913K, committed 68992K, reserved 1110016K
  class space    used 6723K, capacity 9280K, committed 9344K, reserved 1048576K
}

