# JRE version: OpenJDK Runtime Environment (8.0_242-b01) (build 1.8.0_242-release-1644-b01)
# Java VM: OpenJDK 64-Bit Server VM (25.242-b01 mixed mode windows-amd64 compressed oops)
Heap:
 PSYoungGen      total 1309696K, used 1061235K [0x000000076b100000, 0x00000007c0000000, 0x00000007c0000000)
  eden space 1227776K, 79% used [0x000000076b100000,0x00000007a6d5e298,0x00000007b6000000)
  from space 81920K, 99% used [0x00000007b6000000,0x00000007baffec68,0x00000007bb000000)
  to   space 81920K, 0% used [0x00000007bb000000,0x00000007bb000000,0x00000007c0000000)
 ParOldGen       total 641536K, used 542335K [0x00000006c1200000, 0x00000006e8480000, 0x000000076b100000)
  object space 641536K, 84% used [0x00000006c1200000,0x00000006e239fe80,0x00000006e8480000)
 Metaspace       used 58975K, capacity 69627K, committed 69888K, reserved 1110016K
  class space    used 6785K, capacity 9379K, committed 9472K, reserved 1048576K
GC Heap History (10 events):
Event: 60.402 GC heap before
{Heap before GC invocations=137 (full 4):
 PSYoungGen      total 1342976K, used 1315429K [0x000000076b100000, 0x00000007c0000000, 0x00000007c0000000)
  eden space 1296896K, 100% used [0x000000076b100000,0x00000007ba380000,0x00000007ba380000)
  from space 46080K, 40% used [0x00000007bd000000,0x00000007be219748,0x00000007bfd00000)
  to   space 45568K, 0% used [0x00000007ba380000,0x00000007ba380000,0x00000007bd000000)
 ParOldGen       total 641536K, used 286188K [0x00000006c1200000, 0x00000006e8480000, 0x000000076b100000)
  object space 641536K, 44% used [0x00000006c1200000,0x00000006d297b390,0x00000006e8480000)
 Metaspace       used 58347K, capacity 68885K, committed 68992K, reserved 1110016K
  class space    used 6754K, capacity 9338K, committed 9344K, reserved 1048576K
Event: 60.405 GC heap after
Heap after GC invocations=137 (full 4):
 PSYoungGen      total 1342464K, used 19537K [0x000000076b100000, 0x00000007bfe80000, 0x00000007c0000000)
  eden space 1296896K, 0% used [0x000000076b100000,0x000000076b100000,0x00000007ba380000)
  from space 45568K, 42% used [0x00000007ba380000,0x00000007bb6947a0,0x00000007bd000000)
  to   space 45056K, 0% used [0x00000007bd280000,0x00000007bd280000,0x00000007bfe80000)
 ParOldGen       total 641536K, used 286188K [0x00000006c1200000, 0x00000006e8480000, 0x000000076b100000)
  object space 641536K, 44% used [0x00000006c1200000,0x00000006d297b390,0x00000006e8480000)
 Metaspace       used 58347K, capacity 68885K, committed 68992K, reserved 1110016K
  class space    used 6754K, capacity 9338K, committed 9344K, reserved 1048576K
}
Event: 60.832 GC heap before
{Heap before GC invocations=138 (full 4):
 PSYoungGen      total 1342464K, used 1316433K [0x000000076b100000, 0x00000007bfe80000, 0x00000007c0000000)
  eden space 1296896K, 100% used [0x000000076b100000,0x00000007ba380000,0x00000007ba380000)
  from space 45568K, 42% used [0x00000007ba380000,0x00000007bb6947a0,0x00000007bd000000)
  to   space 45056K, 0% used [0x00000007bd280000,0x00000007bd280000,0x00000007bfe80000)
 ParOldGen       total 641536K, used 286188K [0x00000006c1200000, 0x00000006e8480000, 0x000000076b100000)
  object space 641536K, 44% used [0x00000006c1200000,0x00000006d297b390,0x00000006e8480000)
 Metaspace       used 58347K, capacity 68885K, committed 68992K, reserved 1110016K
  class space    used 6754K, capacity 9338K, committed 9344K, reserved 1048576K
Event: 60.835 GC heap after
Heap after GC invocations=138 (full 4):
 PSYoungGen      total 1344000K, used 7252K [0x000000076b100000, 0x00000007c0000000, 0x00000007c0000000)
  eden space 1298944K, 0% used [0x000000076b100000,0x000000076b100000,0x00000007ba580000)
  from space 45056K, 16% used [0x00000007bd280000,0x00000007bd995228,0x00000007bfe80000)
  to   space 46080K, 0% used [0x00000007ba580000,0x00000007ba580000,0x00000007bd280000)
 ParOldGen       total 641536K, used 289652K [0x00000006c1200000, 0x00000006e8480000, 0x000000076b100000)
  object space 641536K, 45% used [0x00000006c1200000,0x00000006d2cdd3a0,0x00000006e8480000)
 Metaspace       used 58347K, capacity 68885K, committed 68992K, reserved 1110016K
  class space    used 6754K, capacity 9338K, committed 9344K, reserved 1048576K
}
Event: 61.201 GC heap before
{Heap before GC invocations=139 (full 4):
 PSYoungGen      total 1344000K, used 1297158K [0x000000076b100000, 0x00000007c0000000, 0x00000007c0000000)
  eden space 1298944K, 99% used [0x000000076b100000,0x00000007b9cac750,0x00000007ba580000)
  from space 45056K, 16% used [0x00000007bd280000,0x00000007bd995228,0x00000007bfe80000)
  to   space 46080K, 0% used [0x00000007ba580000,0x00000007ba580000,0x00000007bd280000)
 ParOldGen       total 641536K, used 289652K [0x00000006c1200000, 0x00000006e8480000, 0x000000076b100000)
  object space 641536K, 45% used [0x00000006c1200000,0x00000006d2cdd3a0,0x00000006e8480000)
 Metaspace       used 58347K, capacity 68885K, committed 68992K, reserved 1110016K
  class space    used 6754K, capacity 9338K, committed 9344K, reserved 1048576K
Event: 61.232 GC heap after
Heap after GC invocations=139 (full 4):
 PSYoungGen      total 1334272K, used 35163K [0x000000076b100000, 0x00000007c0000000, 0x00000007c0000000)
  eden space 1298944K, 0% used [0x000000076b100000,0x000000076b100000,0x00000007ba580000)
  from space 35328K, 99% used [0x00000007ba580000,0x00000007bc7d6c68,0x00000007bc800000)
  to   space 48128K, 0% used [0x00000007bd100000,0x00000007bd100000,0x00000007c0000000)
 ParOldGen       total 641536K, used 439333K [0x00000006c1200000, 0x00000006e8480000, 0x000000076b100000)
  object space 641536K, 68% used [0x00000006c1200000,0x00000006dbf09720,0x00000006e8480000)
 Metaspace       used 58347K, capacity 68885K, committed 68992K, reserved 1110016K
  class space    used 6754K, capacity 9338K, committed 9344K, reserved 1048576K
}
Event: 62.606 GC heap before
{Heap before GC invocations=140 (full 4):
 PSYoungGen      total 1334272K, used 1334107K [0x000000076b100000, 0x00000007c0000000, 0x00000007c0000000)
  eden space 1298944K, 100% used [0x000000076b100000,0x00000007ba580000,0x00000007ba580000)
  from space 35328K, 99% used [0x00000007ba580000,0x00000007bc7d6c68,0x00000007bc800000)
  to   space 48128K, 0% used [0x00000007bd100000,0x00000007bd100000,0x00000007c0000000)
 ParOldGen       total 641536K, used 439333K [0x00000006c1200000, 0x00000006e8480000, 0x000000076b100000)
  object space 641536K, 68% used [0x00000006c1200000,0x00000006dbf09720,0x00000006e8480000)
 Metaspace       used 58698K, capacity 69301K, committed 69632K, reserved 1110016K
  class space    used 6784K, capacity 9378K, committed 9472K, reserved 1048576K
Event: 62.630 GC heap after
Heap after GC invocations=140 (full 4):
 PSYoungGen      total 1275904K, used 48123K [0x000000076b100000, 0x00000007c0000000, 0x00000007c0000000)
  eden space 1227776K, 0% used [0x000000076b100000,0x000000076b100000,0x00000007b6000000)
  from space 48128K, 99% used [0x00000007bd100000,0x00000007bfffec68,0x00000007c0000000)
  to   space 81920K, 0% used [0x00000007b6000000,0x00000007b6000000,0x00000007bb000000)
 ParOldGen       total 641536K, used 512962K [0x00000006c1200000, 0x00000006e8480000, 0x000000076b100000)
  object space 641536K, 79% used [0x00000006c1200000,0x00000006e06f0800,0x00000006e8480000)
 Metaspace       used 58698K, capacity 69301K, committed 69632K, reserved 1110016K
  class space    used 6784K, capacity 9378K, committed 9472K, reserved 1048576K
}
Event: 63.988 GC heap before
{Heap before GC invocations=141 (full 4):
 PSYoungGen      total 1275904K, used 1275899K [0x000000076b100000, 0x00000007c0000000, 0x00000007c0000000)
  eden space 1227776K, 100% used [0x000000076b100000,0x00000007b6000000,0x00000007b6000000)
  from space 48128K, 99% used [0x00000007bd100000,0x00000007bfffec68,0x00000007c0000000)
  to   space 81920K, 0% used [0x00000007b6000000,0x00000007b6000000,0x00000007bb000000)
 ParOldGen       total 641536K, used 512962K [0x00000006c1200000, 0x00000006e8480000, 0x000000076b100000)
  object space 641536K, 79% used [0x00000006c1200000,0x00000006e06f0800,0x00000006e8480000)
 Metaspace       used 58825K, capacity 69439K, committed 69632K, reserved 1110016K
  class space    used 6785K, capacity 9379K, committed 9472K, reserved 1048576K
Event: 64.012 GC heap after
Heap after GC invocations=141 (full 4):
 PSYoungGen      total 1309696K, used 81915K [0x000000076b100000, 0x00000007c0000000, 0x00000007c0000000)
  eden space 1227776K, 0% used [0x000000076b100000,0x000000076b100000,0x00000007b6000000)
  from space 81920K, 99% used [0x00000007b6000000,0x00000007baffec68,0x00000007bb000000)
  to   space 81920K, 0% used [0x00000007bb000000,0x00000007bb000000,0x00000007c0000000)
 ParOldGen       total 641536K, used 542335K [0x00000006c1200000, 0x00000006e8480000, 0x000000076b100000)
  object space 641536K, 84% used [0x00000006c1200000,0x00000006e239fe80,0x00000006e8480000)
 Metaspace       used 58825K, capacity 69439K, committed 69632K, reserved 1110016K
  class space    used 6785K, capacity 9379K, committed 9472K, reserved 1048576K
}

