# JRE version: OpenJDK Runtime Environment (8.0_242-b01) (build 1.8.0_242-release-1644-b01)
# Java VM: OpenJDK 64-Bit Server VM (25.242-b01 mixed mode windows-amd64 compressed oops)
Heap:
 PSYoungGen      total 1124352K, used 393742K [0x000000076b100000, 0x00000007c0000000, 0x00000007c0000000)
  eden space 986624K, 27% used [0x000000076b100000,0x000000077be3ba38,0x00000007a7480000)
  from space 137728K, 85% used [0x00000007a7480000,0x00000007ae7c8000,0x00000007afb00000)
  to   space 152576K, 0% used [0x00000007b6b00000,0x00000007b6b00000,0x00000007c0000000)
 ParOldGen       total 290816K, used 206234K [0x00000006c1200000, 0x00000006d2e00000, 0x000000076b100000)
  object space 290816K, 70% used [0x00000006c1200000,0x00000006cdb66b50,0x00000006d2e00000)
 Metaspace       used 63698K, capacity 75818K, committed 75992K, reserved 1116160K
  class space    used 7136K, capacity 10142K, committed 10240K, reserved 1048576K
GC Heap History (10 events):
Event: 14.264 GC heap before
{Heap before GC invocations=20 (full 3):
 PSYoungGen      total 831488K, used 810208K [0x000000076b100000, 0x00000007a3680000, 0x00000007c0000000)
  eden space 759296K, 100% used [0x000000076b100000,0x0000000799680000,0x0000000799680000)
  from space 72192K, 70% used [0x000000079e000000,0x00000007a11b8000,0x00000007a2680000)
  to   space 75264K, 0% used [0x0000000799680000,0x0000000799680000,0x000000079e000000)
 ParOldGen       total 290816K, used 142107K [0x00000006c1200000, 0x00000006d2e00000, 0x000000076b100000)
  object space 290816K, 48% used [0x00000006c1200000,0x00000006c9cc6f60,0x00000006d2e00000)
 Metaspace       used 63169K, capacity 75142K, committed 75480K, reserved 1114112K
  class space    used 7129K, capacity 10136K, committed 10240K, reserved 1048576K
Event: 14.296 GC heap after
Heap after GC invocations=20 (full 3):
 PSYoungGen      total 834560K, used 71892K [0x000000076b100000, 0x00000007aaa80000, 0x00000007c0000000)
  eden space 759296K, 0% used [0x000000076b100000,0x000000076b100000,0x0000000799680000)
  from space 75264K, 95% used [0x0000000799680000,0x000000079dcb5010,0x000000079e000000)
  to   space 85504K, 0% used [0x00000007a5700000,0x00000007a5700000,0x00000007aaa80000)
 ParOldGen       total 290816K, used 142123K [0x00000006c1200000, 0x00000006d2e00000, 0x000000076b100000)
  object space 290816K, 48% used [0x00000006c1200000,0x00000006c9ccaf60,0x00000006d2e00000)
 Metaspace       used 63169K, capacity 75142K, committed 75480K, reserved 1114112K
  class space    used 7129K, capacity 10136K, committed 10240K, reserved 1048576K
}
Event: 15.571 GC heap before
{Heap before GC invocations=21 (full 3):
 PSYoungGen      total 834560K, used 831188K [0x000000076b100000, 0x00000007aaa80000, 0x00000007c0000000)
  eden space 759296K, 100% used [0x000000076b100000,0x0000000799680000,0x0000000799680000)
  from space 75264K, 95% used [0x0000000799680000,0x000000079dcb5010,0x000000079e000000)
  to   space 85504K, 0% used [0x00000007a5700000,0x00000007a5700000,0x00000007aaa80000)
 ParOldGen       total 290816K, used 142123K [0x00000006c1200000, 0x00000006d2e00000, 0x000000076b100000)
  object space 290816K, 48% used [0x00000006c1200000,0x00000006c9ccaf60,0x00000006d2e00000)
 Metaspace       used 63333K, capacity 75376K, committed 75480K, reserved 1114112K
  class space    used 7130K, capacity 10137K, committed 10240K, reserved 1048576K
Event: 15.606 GC heap after
Heap after GC invocations=21 (full 3):
 PSYoungGen      total 940032K, used 85504K [0x000000076b100000, 0x00000007acc80000, 0x00000007c0000000)
  eden space 854528K, 0% used [0x000000076b100000,0x000000076b100000,0x000000079f380000)
  from space 85504K, 100% used [0x00000007a5700000,0x00000007aaa80000,0x00000007aaa80000)
  to   space 101888K, 0% used [0x000000079f380000,0x000000079f380000,0x00000007a5700000)
 ParOldGen       total 290816K, used 151632K [0x00000006c1200000, 0x00000006d2e00000, 0x000000076b100000)
  object space 290816K, 52% used [0x00000006c1200000,0x00000006ca614180,0x00000006d2e00000)
 Metaspace       used 63333K, capacity 75376K, committed 75480K, reserved 1114112K
  class space    used 7130K, capacity 10137K, committed 10240K, reserved 1048576K
}
Event: 16.537 GC heap before
{Heap before GC invocations=22 (full 3):
 PSYoungGen      total 940032K, used 940032K [0x000000076b100000, 0x00000007acc80000, 0x00000007c0000000)
  eden space 854528K, 100% used [0x000000076b100000,0x000000079f380000,0x000000079f380000)
  from space 85504K, 100% used [0x00000007a5700000,0x00000007aaa80000,0x00000007aaa80000)
  to   space 101888K, 0% used [0x000000079f380000,0x000000079f380000,0x00000007a5700000)
 ParOldGen       total 290816K, used 151632K [0x00000006c1200000, 0x00000006d2e00000, 0x000000076b100000)
  object space 290816K, 52% used [0x00000006c1200000,0x00000006ca614180,0x00000006d2e00000)
 Metaspace       used 63413K, capacity 75460K, committed 75736K, reserved 1114112K
  class space    used 7132K, capacity 10139K, committed 10240K, reserved 1048576K
Event: 16.598 GC heap after
Heap after GC invocations=22 (full 3):
 PSYoungGen      total 956416K, used 97792K [0x000000076b100000, 0x00000007b6c80000, 0x00000007c0000000)
  eden space 854528K, 0% used [0x000000076b100000,0x000000076b100000,0x000000079f380000)
  from space 101888K, 95% used [0x000000079f380000,0x00000007a5300000,0x00000007a5700000)
  to   space 116224K, 0% used [0x00000007afb00000,0x00000007afb00000,0x00000007b6c80000)
 ParOldGen       total 290816K, used 166130K [0x00000006c1200000, 0x00000006d2e00000, 0x000000076b100000)
  object space 290816K, 57% used [0x00000006c1200000,0x00000006cb43caa8,0x00000006d2e00000)
 Metaspace       used 63413K, capacity 75460K, committed 75736K, reserved 1114112K
  class space    used 7132K, capacity 10139K, committed 10240K, reserved 1048576K
}
Event: 17.504 GC heap before
{Heap before GC invocations=23 (full 3):
 PSYoungGen      total 956416K, used 952320K [0x000000076b100000, 0x00000007b6c80000, 0x00000007c0000000)
  eden space 854528K, 100% used [0x000000076b100000,0x000000079f380000,0x000000079f380000)
  from space 101888K, 95% used [0x000000079f380000,0x00000007a5300000,0x00000007a5700000)
  to   space 116224K, 0% used [0x00000007afb00000,0x00000007afb00000,0x00000007b6c80000)
 ParOldGen       total 290816K, used 166130K [0x00000006c1200000, 0x00000006d2e00000, 0x000000076b100000)
  object space 290816K, 57% used [0x00000006c1200000,0x00000006cb43caa8,0x00000006d2e00000)
 Metaspace       used 63546K, capacity 75638K, committed 75992K, reserved 1116160K
  class space    used 7134K, capacity 10140K, committed 10240K, reserved 1048576K
Event: 17.553 GC heap after
Heap after GC invocations=23 (full 3):
 PSYoungGen      total 1102848K, used 116224K [0x000000076b100000, 0x00000007ba080000, 0x00000007c0000000)
  eden space 986624K, 0% used [0x000000076b100000,0x000000076b100000,0x00000007a7480000)
  from space 116224K, 100% used [0x00000007afb00000,0x00000007b6c80000,0x00000007b6c80000)
  to   space 137728K, 0% used [0x00000007a7480000,0x00000007a7480000,0x00000007afb00000)
 ParOldGen       total 290816K, used 174283K [0x00000006c1200000, 0x00000006d2e00000, 0x000000076b100000)
  object space 290816K, 59% used [0x00000006c1200000,0x00000006cbc32c78,0x00000006d2e00000)
 Metaspace       used 63546K, capacity 75638K, committed 75992K, reserved 1116160K
  class space    used 7134K, capacity 10140K, committed 10240K, reserved 1048576K
}
Event: 18.537 GC heap before
{Heap before GC invocations=24 (full 3):
 PSYoungGen      total 1102848K, used 1102848K [0x000000076b100000, 0x00000007ba080000, 0x00000007c0000000)
  eden space 986624K, 100% used [0x000000076b100000,0x00000007a7480000,0x00000007a7480000)
  from space 116224K, 100% used [0x00000007afb00000,0x00000007b6c80000,0x00000007b6c80000)
  to   space 137728K, 0% used [0x00000007a7480000,0x00000007a7480000,0x00000007afb00000)
 ParOldGen       total 290816K, used 174283K [0x00000006c1200000, 0x00000006d2e00000, 0x000000076b100000)
  object space 290816K, 59% used [0x00000006c1200000,0x00000006cbc32c78,0x00000006d2e00000)
 Metaspace       used 63678K, capacity 75812K, committed 75992K, reserved 1116160K
  class space    used 7135K, capacity 10141K, committed 10240K, reserved 1048576K
Event: 18.584 GC heap after
Heap after GC invocations=24 (full 3):
 PSYoungGen      total 1124352K, used 118048K [0x000000076b100000, 0x00000007c0000000, 0x00000007c0000000)
  eden space 986624K, 0% used [0x000000076b100000,0x000000076b100000,0x00000007a7480000)
  from space 137728K, 85% used [0x00000007a7480000,0x00000007ae7c8000,0x00000007afb00000)
  to   space 152576K, 0% used [0x00000007b6b00000,0x00000007b6b00000,0x00000007c0000000)
 ParOldGen       total 290816K, used 206234K [0x00000006c1200000, 0x00000006d2e00000, 0x000000076b100000)
  object space 290816K, 70% used [0x00000006c1200000,0x00000006cdb66b50,0x00000006d2e00000)
 Metaspace       used 63678K, capacity 75812K, committed 75992K, reserved 1116160K
  class space    used 7135K, capacity 10141K, committed 10240K, reserved 1048576K
}

