# JRE version: OpenJDK Runtime Environment (8.0_242-b01) (build 1.8.0_242-release-1644-b01)
# Java VM: OpenJDK 64-Bit Server VM (25.242-b01 mixed mode windows-amd64 compressed oops)
Heap:
 PSYoungGen      total 904704K, used 357575K [0x000000076b100000, 0x00000007ae880000, 0x00000007c0000000)
  eden space 763904K, 29% used [0x000000076b100000,0x000000077909df60,0x0000000799b00000)
  from space 140800K, 91% used [0x00000007a3600000,0x00000007ab394010,0x00000007abf80000)
  to   space 158720K, 0% used [0x0000000799b00000,0x0000000799b00000,0x00000007a3600000)
 ParOldGen       total 461824K, used 198764K [0x00000006c1200000, 0x00000006dd500000, 0x000000076b100000)
  object space 461824K, 43% used [0x00000006c1200000,0x00000006cd41b228,0x00000006dd500000)
 Metaspace       used 63605K, capacity 75555K, committed 75648K, reserved 1114112K
  class space    used 7169K, capacity 10101K, committed 10112K, reserved 1048576K
GC Heap History (10 events):
Event: 16.261 GC heap before
{Heap before GC invocations=26 (full 4):
 PSYoungGen      total 641024K, used 630560K [0x000000076b100000, 0x000000079cc80000, 0x00000007c0000000)
  eden space 558592K, 100% used [0x000000076b100000,0x000000078d280000,0x000000078d280000)
  from space 82432K, 87% used [0x000000078d280000,0x00000007918c8000,0x0000000792300000)
  to   space 91136K, 0% used [0x0000000797380000,0x0000000797380000,0x000000079cc80000)
 ParOldGen       total 461824K, used 174452K [0x00000006c1200000, 0x00000006dd500000, 0x000000076b100000)
  object space 461824K, 37% used [0x00000006c1200000,0x00000006cbc5d1b0,0x00000006dd500000)
 Metaspace       used 62914K, capacity 74745K, committed 74880K, reserved 1114112K
  class space    used 7146K, capacity 10082K, committed 10112K, reserved 1048576K
Event: 16.283 GC heap after
Heap after GC invocations=26 (full 4):
 PSYoungGen      total 720896K, used 59552K [0x000000076b100000, 0x000000079d180000, 0x00000007c0000000)
  eden space 629760K, 0% used [0x000000076b100000,0x000000076b100000,0x0000000791800000)
  from space 91136K, 65% used [0x0000000797380000,0x000000079ada8000,0x000000079cc80000)
  to   space 93696K, 0% used [0x0000000791800000,0x0000000791800000,0x0000000797380000)
 ParOldGen       total 461824K, used 174460K [0x00000006c1200000, 0x00000006dd500000, 0x000000076b100000)
  object space 461824K, 37% used [0x00000006c1200000,0x00000006cbc5f1b0,0x00000006dd500000)
 Metaspace       used 62914K, capacity 74745K, committed 74880K, reserved 1114112K
  class space    used 7146K, capacity 10082K, committed 10112K, reserved 1048576K
}
Event: 17.069 GC heap before
{Heap before GC invocations=27 (full 4):
 PSYoungGen      total 720896K, used 689312K [0x000000076b100000, 0x000000079d180000, 0x00000007c0000000)
  eden space 629760K, 100% used [0x000000076b100000,0x0000000791800000,0x0000000791800000)
  from space 91136K, 65% used [0x0000000797380000,0x000000079ada8000,0x000000079cc80000)
  to   space 93696K, 0% used [0x0000000791800000,0x0000000791800000,0x0000000797380000)
 ParOldGen       total 461824K, used 174460K [0x00000006c1200000, 0x00000006dd500000, 0x000000076b100000)
  object space 461824K, 37% used [0x00000006c1200000,0x00000006cbc5f1b0,0x00000006dd500000)
 Metaspace       used 63112K, capacity 74945K, committed 75136K, reserved 1114112K
  class space    used 7151K, capacity 10086K, committed 10112K, reserved 1048576K
Event: 17.099 GC heap after
Heap after GC invocations=27 (full 4):
 PSYoungGen      total 723456K, used 81632K [0x000000076b100000, 0x00000007a3680000, 0x00000007c0000000)
  eden space 629760K, 0% used [0x000000076b100000,0x000000076b100000,0x0000000791800000)
  from space 93696K, 87% used [0x0000000791800000,0x00000007967b8000,0x0000000797380000)
  to   space 103424K, 0% used [0x000000079d180000,0x000000079d180000,0x00000007a3680000)
 ParOldGen       total 461824K, used 174468K [0x00000006c1200000, 0x00000006dd500000, 0x000000076b100000)
  object space 461824K, 37% used [0x00000006c1200000,0x00000006cbc611b0,0x00000006dd500000)
 Metaspace       used 63112K, capacity 74945K, committed 75136K, reserved 1114112K
  class space    used 7151K, capacity 10086K, committed 10112K, reserved 1048576K
}
Event: 17.894 GC heap before
{Heap before GC invocations=28 (full 4):
 PSYoungGen      total 723456K, used 711392K [0x000000076b100000, 0x00000007a3680000, 0x00000007c0000000)
  eden space 629760K, 100% used [0x000000076b100000,0x0000000791800000,0x0000000791800000)
  from space 93696K, 87% used [0x0000000791800000,0x00000007967b8000,0x0000000797380000)
  to   space 103424K, 0% used [0x000000079d180000,0x000000079d180000,0x00000007a3680000)
 ParOldGen       total 461824K, used 174468K [0x00000006c1200000, 0x00000006dd500000, 0x000000076b100000)
  object space 461824K, 37% used [0x00000006c1200000,0x00000006cbc611b0,0x00000006dd500000)
 Metaspace       used 63234K, capacity 75061K, committed 75136K, reserved 1114112K
  class space    used 7156K, capacity 10090K, committed 10112K, reserved 1048576K
Event: 17.933 GC heap after
Heap after GC invocations=28 (full 4):
 PSYoungGen      total 803840K, used 102528K [0x000000076b100000, 0x00000007a5d00000, 0x00000007c0000000)
  eden space 700416K, 0% used [0x000000076b100000,0x000000076b100000,0x0000000795d00000)
  from space 103424K, 99% used [0x000000079d180000,0x00000007a35a0000,0x00000007a3680000)
  to   space 119296K, 0% used [0x0000000795d00000,0x0000000795d00000,0x000000079d180000)
 ParOldGen       total 461824K, used 174476K [0x00000006c1200000, 0x00000006dd500000, 0x000000076b100000)
  object space 461824K, 37% used [0x00000006c1200000,0x00000006cbc631b0,0x00000006dd500000)
 Metaspace       used 63234K, capacity 75061K, committed 75136K, reserved 1114112K
  class space    used 7156K, capacity 10090K, committed 10112K, reserved 1048576K
}
Event: 18.758 GC heap before
{Heap before GC invocations=29 (full 4):
 PSYoungGen      total 803840K, used 802944K [0x000000076b100000, 0x00000007a5d00000, 0x00000007c0000000)
  eden space 700416K, 100% used [0x000000076b100000,0x0000000795d00000,0x0000000795d00000)
  from space 103424K, 99% used [0x000000079d180000,0x00000007a35a0000,0x00000007a3680000)
  to   space 119296K, 0% used [0x0000000795d00000,0x0000000795d00000,0x000000079d180000)
 ParOldGen       total 461824K, used 174476K [0x00000006c1200000, 0x00000006dd500000, 0x000000076b100000)
  object space 461824K, 37% used [0x00000006c1200000,0x00000006cbc631b0,0x00000006dd500000)
 Metaspace       used 63386K, capacity 75301K, committed 75392K, reserved 1114112K
  class space    used 7161K, capacity 10094K, committed 10112K, reserved 1048576K
Event: 18.794 GC heap after
Heap after GC invocations=29 (full 4):
 PSYoungGen      total 819712K, used 119296K [0x000000076b100000, 0x00000007abf80000, 0x00000007c0000000)
  eden space 700416K, 0% used [0x000000076b100000,0x000000076b100000,0x0000000795d00000)
  from space 119296K, 100% used [0x0000000795d00000,0x000000079d180000,0x000000079d180000)
  to   space 140800K, 0% used [0x00000007a3600000,0x00000007a3600000,0x00000007abf80000)
 ParOldGen       total 461824K, used 183422K [0x00000006c1200000, 0x00000006dd500000, 0x000000076b100000)
  object space 461824K, 39% used [0x00000006c1200000,0x00000006cc51fba8,0x00000006dd500000)
 Metaspace       used 63386K, capacity 75301K, committed 75392K, reserved 1114112K
  class space    used 7161K, capacity 10094K, committed 10112K, reserved 1048576K
}
Event: 19.579 GC heap before
{Heap before GC invocations=30 (full 4):
 PSYoungGen      total 819712K, used 819712K [0x000000076b100000, 0x00000007abf80000, 0x00000007c0000000)
  eden space 700416K, 100% used [0x000000076b100000,0x0000000795d00000,0x0000000795d00000)
  from space 119296K, 100% used [0x0000000795d00000,0x000000079d180000,0x000000079d180000)
  to   space 140800K, 0% used [0x00000007a3600000,0x00000007a3600000,0x00000007abf80000)
 ParOldGen       total 461824K, used 183422K [0x00000006c1200000, 0x00000006dd500000, 0x000000076b100000)
  object space 461824K, 39% used [0x00000006c1200000,0x00000006cc51fba8,0x00000006dd500000)
 Metaspace       used 63536K, capacity 75465K, committed 75648K, reserved 1114112K
  class space    used 7165K, capacity 10098K, committed 10112K, reserved 1048576K
Event: 19.625 GC heap after
Heap after GC invocations=30 (full 4):
 PSYoungGen      total 904704K, used 128592K [0x000000076b100000, 0x00000007ae880000, 0x00000007c0000000)
  eden space 763904K, 0% used [0x000000076b100000,0x000000076b100000,0x0000000799b00000)
  from space 140800K, 91% used [0x00000007a3600000,0x00000007ab394010,0x00000007abf80000)
  to   space 158720K, 0% used [0x0000000799b00000,0x0000000799b00000,0x00000007a3600000)
 ParOldGen       total 461824K, used 198764K [0x00000006c1200000, 0x00000006dd500000, 0x000000076b100000)
  object space 461824K, 43% used [0x00000006c1200000,0x00000006cd41b228,0x00000006dd500000)
 Metaspace       used 63536K, capacity 75465K, committed 75648K, reserved 1114112K
  class space    used 7165K, capacity 10098K, committed 10112K, reserved 1048576K
}

