# JRE version: OpenJDK Runtime Environment (8.0_242-b01) (build 1.8.0_242-release-1644-b01)
# Java VM: OpenJDK 64-Bit Server VM (25.242-b01 mixed mode windows-amd64 compressed oops)
Heap:
 PSYoungGen      total 956928K, used 337517K [0x000000076b100000, 0x00000007b3180000, 0x00000007c0000000)
  eden space 814592K, 23% used [0x000000076b100000,0x0000000776fa3598,0x000000079cc80000)
  from space 142336K, 99% used [0x00000007a6e80000,0x00000007af978020,0x00000007af980000)
  to   space 165888K, 0% used [0x000000079cc80000,0x000000079cc80000,0x00000007a6e80000)
 ParOldGen       total 436736K, used 208583K [0x00000006c1200000, 0x00000006dbc80000, 0x000000076b100000)
  object space 436736K, 47% used [0x00000006c1200000,0x00000006cddb1e30,0x00000006dbc80000)
 Metaspace       used 63409K, capacity 75358K, committed 75392K, reserved 1114112K
  class space    used 7158K, capacity 10092K, committed 10112K, reserved 1048576K
GC Heap History (10 events):
Event: 15.382 GC heap before
{Heap before GC invocations=24 (full 4):
 PSYoungGen      total 664576K, used 664576K [0x000000076b100000, 0x000000079e780000, 0x00000007c0000000)
  eden space 590336K, 100% used [0x000000076b100000,0x000000078f180000,0x000000078f180000)
  from space 74240K, 100% used [0x000000078f180000,0x0000000793a00000,0x0000000793a00000)
  to   space 88576K, 0% used [0x0000000799100000,0x0000000799100000,0x000000079e780000)
 ParOldGen       total 436736K, used 169484K [0x00000006c1200000, 0x00000006dbc80000, 0x000000076b100000)
  object space 436736K, 38% used [0x00000006c1200000,0x00000006cb783348,0x00000006dbc80000)
 Metaspace       used 62657K, capacity 74432K, committed 74624K, reserved 1114112K
  class space    used 7135K, capacity 10073K, committed 10112K, reserved 1048576K
Event: 15.410 GC heap after
Heap after GC invocations=24 (full 4):
 PSYoungGen      total 748544K, used 63712K [0x000000076b100000, 0x000000079f480000, 0x00000007c0000000)
  eden space 659968K, 0% used [0x000000076b100000,0x000000076b100000,0x0000000793580000)
  from space 88576K, 71% used [0x0000000799100000,0x000000079cf38000,0x000000079e780000)
  to   space 93696K, 0% used [0x0000000793580000,0x0000000793580000,0x0000000799100000)
 ParOldGen       total 436736K, used 190813K [0x00000006c1200000, 0x00000006dbc80000, 0x000000076b100000)
  object space 436736K, 43% used [0x00000006c1200000,0x00000006ccc57538,0x00000006dbc80000)
 Metaspace       used 62657K, capacity 74432K, committed 74624K, reserved 1114112K
  class space    used 7135K, capacity 10073K, committed 10112K, reserved 1048576K
}
Event: 16.335 GC heap before
{Heap before GC invocations=25 (full 4):
 PSYoungGen      total 748544K, used 723680K [0x000000076b100000, 0x000000079f480000, 0x00000007c0000000)
  eden space 659968K, 100% used [0x000000076b100000,0x0000000793580000,0x0000000793580000)
  from space 88576K, 71% used [0x0000000799100000,0x000000079cf38000,0x000000079e780000)
  to   space 93696K, 0% used [0x0000000793580000,0x0000000793580000,0x0000000799100000)
 ParOldGen       total 436736K, used 190813K [0x00000006c1200000, 0x00000006dbc80000, 0x000000076b100000)
  object space 436736K, 43% used [0x00000006c1200000,0x00000006ccc57538,0x00000006dbc80000)
 Metaspace       used 62834K, capacity 74592K, committed 74880K, reserved 1114112K
  class space    used 7139K, capacity 10077K, committed 10112K, reserved 1048576K
Event: 16.359 GC heap after
Heap after GC invocations=25 (full 4):
 PSYoungGen      total 753664K, used 85984K [0x000000076b100000, 0x00000007a5900000, 0x00000007c0000000)
  eden space 659968K, 0% used [0x000000076b100000,0x000000076b100000,0x0000000793580000)
  from space 93696K, 91% used [0x0000000793580000,0x0000000798978000,0x0000000799100000)
  to   space 105984K, 0% used [0x000000079f180000,0x000000079f180000,0x00000007a5900000)
 ParOldGen       total 436736K, used 190821K [0x00000006c1200000, 0x00000006dbc80000, 0x000000076b100000)
  object space 436736K, 43% used [0x00000006c1200000,0x00000006ccc59538,0x00000006dbc80000)
 Metaspace       used 62834K, capacity 74592K, committed 74880K, reserved 1114112K
  class space    used 7139K, capacity 10077K, committed 10112K, reserved 1048576K
}
Event: 17.182 GC heap before
{Heap before GC invocations=26 (full 4):
 PSYoungGen      total 753664K, used 745952K [0x000000076b100000, 0x00000007a5900000, 0x00000007c0000000)
  eden space 659968K, 100% used [0x000000076b100000,0x0000000793580000,0x0000000793580000)
  from space 93696K, 91% used [0x0000000793580000,0x0000000798978000,0x0000000799100000)
  to   space 105984K, 0% used [0x000000079f180000,0x000000079f180000,0x00000007a5900000)
 ParOldGen       total 436736K, used 190821K [0x00000006c1200000, 0x00000006dbc80000, 0x000000076b100000)
  object space 436736K, 43% used [0x00000006c1200000,0x00000006ccc59538,0x00000006dbc80000)
 Metaspace       used 63010K, capacity 74788K, committed 74880K, reserved 1114112K
  class space    used 7145K, capacity 10081K, committed 10112K, reserved 1048576K
Event: 17.218 GC heap after
Heap after GC invocations=26 (full 4):
 PSYoungGen      total 834560K, used 105984K [0x000000076b100000, 0x00000007a8400000, 0x00000007c0000000)
  eden space 728576K, 0% used [0x000000076b100000,0x000000076b100000,0x0000000797880000)
  from space 105984K, 100% used [0x000000079f180000,0x00000007a5900000,0x00000007a5900000)
  to   space 123904K, 0% used [0x0000000797880000,0x0000000797880000,0x000000079f180000)
 ParOldGen       total 436736K, used 194190K [0x00000006c1200000, 0x00000006dbc80000, 0x000000076b100000)
  object space 436736K, 44% used [0x00000006c1200000,0x00000006ccfa3818,0x00000006dbc80000)
 Metaspace       used 63010K, capacity 74788K, committed 74880K, reserved 1114112K
  class space    used 7145K, capacity 10081K, committed 10112K, reserved 1048576K
}
Event: 18.121 GC heap before
{Heap before GC invocations=27 (full 4):
 PSYoungGen      total 834560K, used 834560K [0x000000076b100000, 0x00000007a8400000, 0x00000007c0000000)
  eden space 728576K, 100% used [0x000000076b100000,0x0000000797880000,0x0000000797880000)
  from space 105984K, 100% used [0x000000079f180000,0x00000007a5900000,0x00000007a5900000)
  to   space 123904K, 0% used [0x0000000797880000,0x0000000797880000,0x000000079f180000)
 ParOldGen       total 436736K, used 194190K [0x00000006c1200000, 0x00000006dbc80000, 0x000000076b100000)
  object space 436736K, 44% used [0x00000006c1200000,0x00000006ccfa3818,0x00000006dbc80000)
 Metaspace       used 63149K, capacity 75052K, committed 75136K, reserved 1114112K
  class space    used 7150K, capacity 10085K, committed 10112K, reserved 1048576K
Event: 18.156 GC heap after
Heap after GC invocations=27 (full 4):
 PSYoungGen      total 852480K, used 119392K [0x000000076b100000, 0x00000007af980000, 0x00000007c0000000)
  eden space 728576K, 0% used [0x000000076b100000,0x000000076b100000,0x0000000797880000)
  from space 123904K, 96% used [0x0000000797880000,0x000000079ed18000,0x000000079f180000)
  to   space 142336K, 0% used [0x00000007a6e80000,0x00000007a6e80000,0x00000007af980000)
 ParOldGen       total 436736K, used 207484K [0x00000006c1200000, 0x00000006dbc80000, 0x000000076b100000)
  object space 436736K, 47% used [0x00000006c1200000,0x00000006cdc9f100,0x00000006dbc80000)
 Metaspace       used 63149K, capacity 75052K, committed 75136K, reserved 1114112K
  class space    used 7150K, capacity 10085K, committed 10112K, reserved 1048576K
}
Event: 18.998 GC heap before
{Heap before GC invocations=28 (full 4):
 PSYoungGen      total 852480K, used 847968K [0x000000076b100000, 0x00000007af980000, 0x00000007c0000000)
  eden space 728576K, 100% used [0x000000076b100000,0x0000000797880000,0x0000000797880000)
  from space 123904K, 96% used [0x0000000797880000,0x000000079ed18000,0x000000079f180000)
  to   space 142336K, 0% used [0x00000007a6e80000,0x00000007a6e80000,0x00000007af980000)
 ParOldGen       total 436736K, used 207484K [0x00000006c1200000, 0x00000006dbc80000, 0x000000076b100000)
  object space 436736K, 47% used [0x00000006c1200000,0x00000006cdc9f100,0x00000006dbc80000)
 Metaspace       used 63316K, capacity 75236K, committed 75392K, reserved 1114112K
  class space    used 7154K, capacity 10089K, committed 10112K, reserved 1048576K
Event: 19.044 GC heap after
Heap after GC invocations=28 (full 4):
 PSYoungGen      total 956928K, used 142304K [0x000000076b100000, 0x00000007b3180000, 0x00000007c0000000)
  eden space 814592K, 0% used [0x000000076b100000,0x000000076b100000,0x000000079cc80000)
  from space 142336K, 99% used [0x00000007a6e80000,0x00000007af978020,0x00000007af980000)
  to   space 165888K, 0% used [0x000000079cc80000,0x000000079cc80000,0x00000007a6e80000)
 ParOldGen       total 436736K, used 208583K [0x00000006c1200000, 0x00000006dbc80000, 0x000000076b100000)
  object space 436736K, 47% used [0x00000006c1200000,0x00000006cddb1e30,0x00000006dbc80000)
 Metaspace       used 63316K, capacity 75236K, committed 75392K, reserved 1114112K
  class space    used 7154K, capacity 10089K, committed 10112K, reserved 1048576K
}

