# JRE version: OpenJDK Runtime Environment (8.0_242-b01) (build 1.8.0_242-release-1644-b01)
# Java VM: OpenJDK 64-Bit Server VM (25.242-b01 mixed mode windows-amd64 compressed oops)
Heap:
 PSYoungGen      total 1056768K, used 523643K [0x000000076b100000, 0x00000007b4080000, 0x00000007c0000000)
  eden space 986624K, 45% used [0x000000076b100000,0x0000000786bdec18,0x00000007a7480000)
  from space 70144K, 100% used [0x00000007aca80000,0x00000007b0f00000,0x00000007b0f00000)
  to   space 88064K, 0% used [0x00000007a7480000,0x00000007a7480000,0x00000007aca80000)
 ParOldGen       total 563200K, used 284538K [0x00000006c1200000, 0x00000006e3800000, 0x000000076b100000)
  object space 563200K, 50% used [0x00000006c1200000,0x00000006d27debf8,0x00000006e3800000)
 Metaspace       used 58357K, capacity 68800K, committed 68952K, reserved 1110016K
  class space    used 6718K, capacity 9237K, committed 9344K, reserved 1048576K
GC Heap History (10 events):
Event: 14.080 GC heap before
{Heap before GC invocations=20 (full 3):
 PSYoungGen      total 829440K, used 813344K [0x000000076b100000, 0x00000007a1a80000, 0x00000007c0000000)
  eden space 777216K, 100% used [0x000000076b100000,0x000000079a800000,0x000000079a800000)
  from space 52224K, 69% used [0x000000079dd00000,0x00000007a0048000,0x00000007a1000000)
  to   space 54272K, 0% used [0x000000079a800000,0x000000079a800000,0x000000079dd00000)
 ParOldGen       total 284160K, used 196794K [0x00000006c1200000, 0x00000006d2780000, 0x000000076b100000)
  object space 284160K, 69% used [0x00000006c1200000,0x00000006cd22e940,0x00000006d2780000)
 Metaspace       used 57729K, capacity 68078K, committed 68440K, reserved 1107968K
  class space    used 6702K, capacity 9224K, committed 9344K, reserved 1048576K
Event: 14.102 GC heap after
Heap after GC invocations=20 (full 3):
 PSYoungGen      total 831488K, used 54272K [0x000000076b100000, 0x00000007a8c00000, 0x00000007c0000000)
  eden space 777216K, 0% used [0x000000076b100000,0x000000076b100000,0x000000079a800000)
  from space 54272K, 100% used [0x000000079a800000,0x000000079dd00000,0x000000079dd00000)
  to   space 66560K, 0% used [0x00000007a4b00000,0x00000007a4b00000,0x00000007a8c00000)
 ParOldGen       total 284160K, used 208046K [0x00000006c1200000, 0x00000006d2780000, 0x000000076b100000)
  object space 284160K, 73% used [0x00000006c1200000,0x00000006cdd2ba88,0x00000006d2780000)
 Metaspace       used 57729K, capacity 68078K, committed 68440K, reserved 1107968K
  class space    used 6702K, capacity 9224K, committed 9344K, reserved 1048576K
}
Event: 15.124 GC heap before
{Heap before GC invocations=21 (full 3):
 PSYoungGen      total 831488K, used 831488K [0x000000076b100000, 0x00000007a8c00000, 0x00000007c0000000)
  eden space 777216K, 100% used [0x000000076b100000,0x000000079a800000,0x000000079a800000)
  from space 54272K, 100% used [0x000000079a800000,0x000000079dd00000,0x000000079dd00000)
  to   space 66560K, 0% used [0x00000007a4b00000,0x00000007a4b00000,0x00000007a8c00000)
 ParOldGen       total 284160K, used 208046K [0x00000006c1200000, 0x00000006d2780000, 0x000000076b100000)
  object space 284160K, 73% used [0x00000006c1200000,0x00000006cdd2ba88,0x00000006d2780000)
 Metaspace       used 57835K, capacity 68156K, committed 68440K, reserved 1107968K
  class space    used 6704K, capacity 9225K, committed 9344K, reserved 1048576K
Event: 15.163 GC heap after
Heap after GC invocations=21 (full 3):
 PSYoungGen      total 943104K, used 42112K [0x000000076b100000, 0x00000007a9b00000, 0x00000007c0000000)
  eden space 876544K, 0% used [0x000000076b100000,0x000000076b100000,0x00000007a0900000)
  from space 66560K, 63% used [0x00000007a4b00000,0x00000007a7420000,0x00000007a8c00000)
  to   space 67584K, 0% used [0x00000007a0900000,0x00000007a0900000,0x00000007a4b00000)
 ParOldGen       total 284160K, used 265790K [0x00000006c1200000, 0x00000006d2780000, 0x000000076b100000)
  object space 284160K, 93% used [0x00000006c1200000,0x00000006d158fbf0,0x00000006d2780000)
 Metaspace       used 57835K, capacity 68156K, committed 68440K, reserved 1107968K
  class space    used 6704K, capacity 9225K, committed 9344K, reserved 1048576K
}
Event: 15.163 GC heap before
{Heap before GC invocations=22 (full 4):
 PSYoungGen      total 943104K, used 42112K [0x000000076b100000, 0x00000007a9b00000, 0x00000007c0000000)
  eden space 876544K, 0% used [0x000000076b100000,0x000000076b100000,0x00000007a0900000)
  from space 66560K, 63% used [0x00000007a4b00000,0x00000007a7420000,0x00000007a8c00000)
  to   space 67584K, 0% used [0x00000007a0900000,0x00000007a0900000,0x00000007a4b00000)
 ParOldGen       total 284160K, used 265790K [0x00000006c1200000, 0x00000006d2780000, 0x000000076b100000)
  object space 284160K, 93% used [0x00000006c1200000,0x00000006d158fbf0,0x00000006d2780000)
 Metaspace       used 57835K, capacity 68156K, committed 68440K, reserved 1107968K
  class space    used 6704K, capacity 9225K, committed 9344K, reserved 1048576K
Event: 15.407 GC heap after
Heap after GC invocations=22 (full 4):
 PSYoungGen      total 943104K, used 0K [0x000000076b100000, 0x00000007a9b00000, 0x00000007c0000000)
  eden space 876544K, 0% used [0x000000076b100000,0x000000076b100000,0x00000007a0900000)
  from space 66560K, 0% used [0x00000007a4b00000,0x00000007a4b00000,0x00000007a8c00000)
  to   space 67584K, 0% used [0x00000007a0900000,0x00000007a0900000,0x00000007a4b00000)
 ParOldGen       total 563200K, used 265013K [0x00000006c1200000, 0x00000006e3800000, 0x000000076b100000)
  object space 563200K, 47% used [0x00000006c1200000,0x00000006d14cd708,0x00000006e3800000)
 Metaspace       used 57835K, capacity 68156K, committed 68440K, reserved 1107968K
  class space    used 6704K, capacity 9225K, committed 9344K, reserved 1048576K
}
Event: 16.471 GC heap before
{Heap before GC invocations=23 (full 4):
 PSYoungGen      total 943104K, used 876544K [0x000000076b100000, 0x00000007a9b00000, 0x00000007c0000000)
  eden space 876544K, 100% used [0x000000076b100000,0x00000007a0900000,0x00000007a0900000)
  from space 66560K, 0% used [0x00000007a4b00000,0x00000007a4b00000,0x00000007a8c00000)
  to   space 67584K, 0% used [0x00000007a0900000,0x00000007a0900000,0x00000007a4b00000)
 ParOldGen       total 563200K, used 265013K [0x00000006c1200000, 0x00000006e3800000, 0x000000076b100000)
  object space 563200K, 47% used [0x00000006c1200000,0x00000006d14cd708,0x00000006e3800000)
 Metaspace       used 58035K, capacity 68488K, committed 68696K, reserved 1107968K
  class space    used 6708K, capacity 9229K, committed 9344K, reserved 1048576K
Event: 16.489 GC heap after
Heap after GC invocations=23 (full 4):
 PSYoungGen      total 944128K, used 47700K [0x000000076b100000, 0x00000007b0f00000, 0x00000007c0000000)
  eden space 876544K, 0% used [0x000000076b100000,0x000000076b100000,0x00000007a0900000)
  from space 67584K, 70% used [0x00000007a0900000,0x00000007a3795010,0x00000007a4b00000)
  to   space 70144K, 0% used [0x00000007aca80000,0x00000007aca80000,0x00000007b0f00000)
 ParOldGen       total 563200K, used 265021K [0x00000006c1200000, 0x00000006e3800000, 0x000000076b100000)
  object space 563200K, 47% used [0x00000006c1200000,0x00000006d14cf708,0x00000006e3800000)
 Metaspace       used 58035K, capacity 68488K, committed 68696K, reserved 1107968K
  class space    used 6708K, capacity 9229K, committed 9344K, reserved 1048576K
}
Event: 17.488 GC heap before
{Heap before GC invocations=24 (full 4):
 PSYoungGen      total 944128K, used 924244K [0x000000076b100000, 0x00000007b0f00000, 0x00000007c0000000)
  eden space 876544K, 100% used [0x000000076b100000,0x00000007a0900000,0x00000007a0900000)
  from space 67584K, 70% used [0x00000007a0900000,0x00000007a3795010,0x00000007a4b00000)
  to   space 70144K, 0% used [0x00000007aca80000,0x00000007aca80000,0x00000007b0f00000)
 ParOldGen       total 563200K, used 265021K [0x00000006c1200000, 0x00000006e3800000, 0x000000076b100000)
  object space 563200K, 47% used [0x00000006c1200000,0x00000006d14cf708,0x00000006e3800000)
 Metaspace       used 58178K, capacity 68620K, committed 68952K, reserved 1110016K
  class space    used 6713K, capacity 9233K, committed 9344K, reserved 1048576K
Event: 17.528 GC heap after
Heap after GC invocations=24 (full 4):
 PSYoungGen      total 1056768K, used 70144K [0x000000076b100000, 0x00000007b4080000, 0x00000007c0000000)
  eden space 986624K, 0% used [0x000000076b100000,0x000000076b100000,0x00000007a7480000)
  from space 70144K, 100% used [0x00000007aca80000,0x00000007b0f00000,0x00000007b0f00000)
  to   space 88064K, 0% used [0x00000007a7480000,0x00000007a7480000,0x00000007aca80000)
 ParOldGen       total 563200K, used 284538K [0x00000006c1200000, 0x00000006e3800000, 0x000000076b100000)
  object space 563200K, 50% used [0x00000006c1200000,0x00000006d27debf8,0x00000006e3800000)
 Metaspace       used 58178K, capacity 68620K, committed 68952K, reserved 1110016K
  class space    used 6713K, capacity 9233K, committed 9344K, reserved 1048576K
}

