# JRE version: OpenJDK Runtime Environment (8.0_242-b01) (build 1.8.0_242-release-1644-b01)
# Java VM: OpenJDK 64-Bit Server VM (25.242-b01 mixed mode windows-amd64 compressed oops)
Heap:
 PSYoungGen      total 854528K, used 193041K [0x000000076b100000, 0x00000007a4e80000, 0x00000007c0000000)
  eden space 788480K, 17% used [0x000000076b100000,0x0000000773b14508,0x000000079b300000)
  from space 66048K, 78% used [0x000000079f800000,0x00000007a2a70000,0x00000007a3880000)
  to   space 70656K, 0% used [0x000000079b300000,0x000000079b300000,0x000000079f800000)
 ParOldGen       total 276992K, used 172965K [0x00000006c1200000, 0x00000006d2080000, 0x000000076b100000)
  object space 276992K, 62% used [0x00000006c1200000,0x00000006cbae97d8,0x00000006d2080000)
 Metaspace       used 62718K, capacity 74533K, committed 74840K, reserved 1114112K
  class space    used 7096K, capacity 10033K, committed 10112K, reserved 1048576K
GC Heap History (10 events):
Event: 13.945 GC heap before
{Heap before GC invocations=17 (full 3):
 PSYoungGen      total 554496K, used 554484K [0x000000076b100000, 0x0000000795200000, 0x00000007c0000000)
  eden space 523264K, 100% used [0x000000076b100000,0x000000078b000000,0x000000078b000000)
  from space 31232K, 99% used [0x000000078b000000,0x000000078ce7d010,0x000000078ce80000)
  to   space 41472K, 0% used [0x0000000792980000,0x0000000792980000,0x0000000795200000)
 ParOldGen       total 276992K, used 106310K [0x00000006c1200000, 0x00000006d2080000, 0x000000076b100000)
  object space 276992K, 38% used [0x00000006c1200000,0x00000006c79d1a88,0x00000006d2080000)
 Metaspace       used 60356K, capacity 71091K, committed 71128K, reserved 1110016K
  class space    used 6990K, capacity 9703K, committed 9728K, reserved 1048576K
Event: 13.968 GC heap after
Heap after GC invocations=17 (full 3):
 PSYoungGen      total 645120K, used 33120K [0x000000076b100000, 0x0000000795980000, 0x00000007c0000000)
  eden space 603648K, 0% used [0x000000076b100000,0x000000076b100000,0x000000078fe80000)
  from space 41472K, 79% used [0x0000000792980000,0x00000007949d8000,0x0000000795200000)
  to   space 44032K, 0% used [0x000000078fe80000,0x000000078fe80000,0x0000000792980000)
 ParOldGen       total 276992K, used 126673K [0x00000006c1200000, 0x00000006d2080000, 0x000000076b100000)
  object space 276992K, 45% used [0x00000006c1200000,0x00000006c8db4548,0x00000006d2080000)
 Metaspace       used 60356K, capacity 71091K, committed 71128K, reserved 1110016K
  class space    used 6990K, capacity 9703K, committed 9728K, reserved 1048576K
}
Event: 15.235 GC heap before
{Heap before GC invocations=18 (full 3):
 PSYoungGen      total 645120K, used 636768K [0x000000076b100000, 0x0000000795980000, 0x00000007c0000000)
  eden space 603648K, 100% used [0x000000076b100000,0x000000078fe80000,0x000000078fe80000)
  from space 41472K, 79% used [0x0000000792980000,0x00000007949d8000,0x0000000795200000)
  to   space 44032K, 0% used [0x000000078fe80000,0x000000078fe80000,0x0000000792980000)
 ParOldGen       total 276992K, used 126673K [0x00000006c1200000, 0x00000006d2080000, 0x000000076b100000)
  object space 276992K, 45% used [0x00000006c1200000,0x00000006c8db4548,0x00000006d2080000)
 Metaspace       used 62237K, capacity 73863K, committed 74072K, reserved 1114112K
  class space    used 7091K, capacity 10028K, committed 10112K, reserved 1048576K
Event: 15.265 GC heap after
Heap after GC invocations=18 (full 3):
 PSYoungGen      total 647680K, used 44032K [0x000000076b100000, 0x000000079cf80000, 0x00000007c0000000)
  eden space 603648K, 0% used [0x000000076b100000,0x000000076b100000,0x000000078fe80000)
  from space 44032K, 100% used [0x000000078fe80000,0x0000000792980000,0x0000000792980000)
  to   space 53248K, 0% used [0x0000000799b80000,0x0000000799b80000,0x000000079cf80000)
 ParOldGen       total 276992K, used 134347K [0x00000006c1200000, 0x00000006d2080000, 0x000000076b100000)
  object space 276992K, 48% used [0x00000006c1200000,0x00000006c9532ca8,0x00000006d2080000)
 Metaspace       used 62237K, capacity 73863K, committed 74072K, reserved 1114112K
  class space    used 7091K, capacity 10028K, committed 10112K, reserved 1048576K
}
Event: 16.348 GC heap before
{Heap before GC invocations=19 (full 3):
 PSYoungGen      total 647680K, used 647680K [0x000000076b100000, 0x000000079cf80000, 0x00000007c0000000)
  eden space 603648K, 100% used [0x000000076b100000,0x000000078fe80000,0x000000078fe80000)
  from space 44032K, 100% used [0x000000078fe80000,0x0000000792980000,0x0000000792980000)
  to   space 53248K, 0% used [0x0000000799b80000,0x0000000799b80000,0x000000079cf80000)
 ParOldGen       total 276992K, used 134347K [0x00000006c1200000, 0x00000006d2080000, 0x000000076b100000)
  object space 276992K, 48% used [0x00000006c1200000,0x00000006c9532ca8,0x00000006d2080000)
 Metaspace       used 62389K, capacity 74057K, committed 74328K, reserved 1114112K
  class space    used 7092K, capacity 10029K, committed 10112K, reserved 1048576K
Event: 16.365 GC heap after
Heap after GC invocations=19 (full 3):
 PSYoungGen      total 761856K, used 39136K [0x000000076b100000, 0x000000079d280000, 0x00000007c0000000)
  eden space 708608K, 0% used [0x000000076b100000,0x000000076b100000,0x0000000796500000)
  from space 53248K, 73% used [0x0000000799b80000,0x000000079c1b8000,0x000000079cf80000)
  to   space 55808K, 0% used [0x0000000796500000,0x0000000796500000,0x0000000799b80000)
 ParOldGen       total 276992K, used 137583K [0x00000006c1200000, 0x00000006d2080000, 0x000000076b100000)
  object space 276992K, 49% used [0x00000006c1200000,0x00000006c985bcb8,0x00000006d2080000)
 Metaspace       used 62389K, capacity 74057K, committed 74328K, reserved 1114112K
  class space    used 7092K, capacity 10029K, committed 10112K, reserved 1048576K
}
Event: 17.557 GC heap before
{Heap before GC invocations=20 (full 3):
 PSYoungGen      total 761856K, used 747744K [0x000000076b100000, 0x000000079d280000, 0x00000007c0000000)
  eden space 708608K, 100% used [0x000000076b100000,0x0000000796500000,0x0000000796500000)
  from space 53248K, 73% used [0x0000000799b80000,0x000000079c1b8000,0x000000079cf80000)
  to   space 55808K, 0% used [0x0000000796500000,0x0000000796500000,0x0000000799b80000)
 ParOldGen       total 276992K, used 137583K [0x00000006c1200000, 0x00000006d2080000, 0x000000076b100000)
  object space 276992K, 49% used [0x00000006c1200000,0x00000006c985bcb8,0x00000006d2080000)
 Metaspace       used 62590K, capacity 74385K, committed 74584K, reserved 1114112K
  class space    used 7093K, capacity 10031K, committed 10112K, reserved 1048576K
Event: 17.580 GC heap after
Heap after GC invocations=20 (full 3):
 PSYoungGen      total 764416K, used 55808K [0x000000076b100000, 0x00000007a3880000, 0x00000007c0000000)
  eden space 708608K, 0% used [0x000000076b100000,0x000000076b100000,0x0000000796500000)
  from space 55808K, 100% used [0x0000000796500000,0x0000000799b80000,0x0000000799b80000)
  to   space 66048K, 0% used [0x000000079f800000,0x000000079f800000,0x00000007a3880000)
 ParOldGen       total 276992K, used 143286K [0x00000006c1200000, 0x00000006d2080000, 0x000000076b100000)
  object space 276992K, 51% used [0x00000006c1200000,0x00000006c9ded990,0x00000006d2080000)
 Metaspace       used 62590K, capacity 74385K, committed 74584K, reserved 1114112K
  class space    used 7093K, capacity 10031K, committed 10112K, reserved 1048576K
}
Event: 18.603 GC heap before
{Heap before GC invocations=21 (full 3):
 PSYoungGen      total 764416K, used 764416K [0x000000076b100000, 0x00000007a3880000, 0x00000007c0000000)
  eden space 708608K, 100% used [0x000000076b100000,0x0000000796500000,0x0000000796500000)
  from space 55808K, 100% used [0x0000000796500000,0x0000000799b80000,0x0000000799b80000)
  to   space 66048K, 0% used [0x000000079f800000,0x000000079f800000,0x00000007a3880000)
 ParOldGen       total 276992K, used 143286K [0x00000006c1200000, 0x00000006d2080000, 0x000000076b100000)
  object space 276992K, 51% used [0x00000006c1200000,0x00000006c9ded990,0x00000006d2080000)
 Metaspace       used 62693K, capacity 74515K, committed 74840K, reserved 1114112K
  class space    used 7094K, capacity 10032K, committed 10112K, reserved 1048576K
Event: 18.638 GC heap after
Heap after GC invocations=21 (full 3):
 PSYoungGen      total 854528K, used 51648K [0x000000076b100000, 0x00000007a4e80000, 0x00000007c0000000)
  eden space 788480K, 0% used [0x000000076b100000,0x000000076b100000,0x000000079b300000)
  from space 66048K, 78% used [0x000000079f800000,0x00000007a2a70000,0x00000007a3880000)
  to   space 70656K, 0% used [0x000000079b300000,0x000000079b300000,0x000000079f800000)
 ParOldGen       total 276992K, used 172965K [0x00000006c1200000, 0x00000006d2080000, 0x000000076b100000)
  object space 276992K, 62% used [0x00000006c1200000,0x00000006cbae97d8,0x00000006d2080000)
 Metaspace       used 62693K, capacity 74515K, committed 74840K, reserved 1114112K
  class space    used 7094K, capacity 10032K, committed 10112K, reserved 1048576K
}

