# JRE version: OpenJDK Runtime Environment (8.0_242-b01) (build 1.8.0_242-release-1644-b01)
# Java VM: OpenJDK 64-Bit Server VM (25.242-b01 mixed mode windows-amd64 compressed oops)
Heap:
 PSYoungGen      total 1263104K, used 151220K [0x000000076b100000, 0x00000007c0000000, 0x00000007c0000000)
  eden space 1134592K, 2% used [0x000000076b100000,0x000000076c735078,0x00000007b0500000)
  from space 128512K, 99% used [0x00000007b0500000,0x00000007b8278020,0x00000007b8280000)
  to   space 128512K, 0% used [0x00000007b8280000,0x00000007b8280000,0x00000007c0000000)
 ParOldGen       total 268800K, used 129117K [0x00000006c1200000, 0x00000006d1880000, 0x000000076b100000)
  object space 268800K, 48% used [0x00000006c1200000,0x00000006c9017558,0x00000006d1880000)
 Metaspace       used 65055K, capacity 77435K, committed 77696K, reserved 1116160K
  class space    used 7240K, capacity 10327K, committed 10368K, reserved 1048576K
GC Heap History (10 events):
Event: 14.665 GC heap before
{Heap before GC invocations=20 (full 3):
 PSYoungGen      total 964608K, used 964608K [0x000000076b100000, 0x00000007b0000000, 0x00000007c0000000)
  eden space 873984K, 100% used [0x000000076b100000,0x00000007a0680000,0x00000007a0680000)
  from space 90624K, 100% used [0x00000007a7000000,0x00000007ac880000,0x00000007ac880000)
  to   space 108032K, 0% used [0x00000007a0680000,0x00000007a0680000,0x00000007a7000000)
 ParOldGen       total 268800K, used 103711K [0x00000006c1200000, 0x00000006d1880000, 0x000000076b100000)
  object space 268800K, 38% used [0x00000006c1200000,0x00000006c7747eb8,0x00000006d1880000)
 Metaspace       used 63813K, capacity 75697K, committed 75776K, reserved 1114112K
  class space    used 7200K, capacity 10215K, committed 10240K, reserved 1048576K
Event: 14.696 GC heap after
Heap after GC invocations=20 (full 3):
 PSYoungGen      total 982016K, used 62496K [0x000000076b100000, 0x00000007b6880000, 0x00000007c0000000)
  eden space 873984K, 0% used [0x000000076b100000,0x000000076b100000,0x00000007a0680000)
  from space 108032K, 57% used [0x00000007a0680000,0x00000007a4388000,0x00000007a7000000)
  to   space 108544K, 0% used [0x00000007afe80000,0x00000007afe80000,0x00000007b6880000)
 ParOldGen       total 268800K, used 118559K [0x00000006c1200000, 0x00000006d1880000, 0x000000076b100000)
  object space 268800K, 44% used [0x00000006c1200000,0x00000006c85c7f50,0x00000006d1880000)
 Metaspace       used 63813K, capacity 75697K, committed 75776K, reserved 1114112K
  class space    used 7200K, capacity 10215K, committed 10240K, reserved 1048576K
}
Event: 15.677 GC heap before
{Heap before GC invocations=21 (full 3):
 PSYoungGen      total 982016K, used 936480K [0x000000076b100000, 0x00000007b6880000, 0x00000007c0000000)
  eden space 873984K, 100% used [0x000000076b100000,0x00000007a0680000,0x00000007a0680000)
  from space 108032K, 57% used [0x00000007a0680000,0x00000007a4388000,0x00000007a7000000)
  to   space 108544K, 0% used [0x00000007afe80000,0x00000007afe80000,0x00000007b6880000)
 ParOldGen       total 268800K, used 118559K [0x00000006c1200000, 0x00000006d1880000, 0x000000076b100000)
  object space 268800K, 44% used [0x00000006c1200000,0x00000006c85c7f50,0x00000006d1880000)
 Metaspace       used 64536K, capacity 76777K, committed 76928K, reserved 1116160K
  class space    used 7235K, capacity 10324K, committed 10368K, reserved 1048576K
Event: 15.708 GC heap after
Heap after GC invocations=21 (full 3):
 PSYoungGen      total 1124352K, used 71296K [0x000000076b100000, 0x00000007b7100000, 0x00000007c0000000)
  eden space 1015808K, 0% used [0x000000076b100000,0x000000076b100000,0x00000007a9100000)
  from space 108544K, 65% used [0x00000007afe80000,0x00000007b4420000,0x00000007b6880000)
  to   space 112128K, 0% used [0x00000007a9100000,0x00000007a9100000,0x00000007afe80000)
 ParOldGen       total 268800K, used 118567K [0x00000006c1200000, 0x00000006d1880000, 0x000000076b100000)
  object space 268800K, 44% used [0x00000006c1200000,0x00000006c85c9f50,0x00000006d1880000)
 Metaspace       used 64536K, capacity 76777K, committed 76928K, reserved 1116160K
  class space    used 7235K, capacity 10324K, committed 10368K, reserved 1048576K
}
Event: 16.789 GC heap before
{Heap before GC invocations=22 (full 3):
 PSYoungGen      total 1124352K, used 1087104K [0x000000076b100000, 0x00000007b7100000, 0x00000007c0000000)
  eden space 1015808K, 100% used [0x000000076b100000,0x00000007a9100000,0x00000007a9100000)
  from space 108544K, 65% used [0x00000007afe80000,0x00000007b4420000,0x00000007b6880000)
  to   space 112128K, 0% used [0x00000007a9100000,0x00000007a9100000,0x00000007afe80000)
 ParOldGen       total 268800K, used 118567K [0x00000006c1200000, 0x00000006d1880000, 0x000000076b100000)
  object space 268800K, 44% used [0x00000006c1200000,0x00000006c85c9f50,0x00000006d1880000)
 Metaspace       used 64705K, capacity 76911K, committed 77184K, reserved 1116160K
  class space    used 7236K, capacity 10325K, committed 10368K, reserved 1048576K
Event: 16.816 GC heap after
Heap after GC invocations=22 (full 3):
 PSYoungGen      total 1127936K, used 72160K [0x000000076b100000, 0x00000007c0000000, 0x00000007c0000000)
  eden space 1015808K, 0% used [0x000000076b100000,0x000000076b100000,0x00000007a9100000)
  from space 112128K, 64% used [0x00000007a9100000,0x00000007ad778000,0x00000007afe80000)
  to   space 115200K, 0% used [0x00000007b8f80000,0x00000007b8f80000,0x00000007c0000000)
 ParOldGen       total 268800K, used 118567K [0x00000006c1200000, 0x00000006d1880000, 0x000000076b100000)
  object space 268800K, 44% used [0x00000006c1200000,0x00000006c85c9f50,0x00000006d1880000)
 Metaspace       used 64705K, capacity 76911K, committed 77184K, reserved 1116160K
  class space    used 7236K, capacity 10325K, committed 10368K, reserved 1048576K
}
Event: 17.853 GC heap before
{Heap before GC invocations=23 (full 3):
 PSYoungGen      total 1127936K, used 1087968K [0x000000076b100000, 0x00000007c0000000, 0x00000007c0000000)
  eden space 1015808K, 100% used [0x000000076b100000,0x00000007a9100000,0x00000007a9100000)
  from space 112128K, 64% used [0x00000007a9100000,0x00000007ad778000,0x00000007afe80000)
  to   space 115200K, 0% used [0x00000007b8f80000,0x00000007b8f80000,0x00000007c0000000)
 ParOldGen       total 268800K, used 118567K [0x00000006c1200000, 0x00000006d1880000, 0x000000076b100000)
  object space 268800K, 44% used [0x00000006c1200000,0x00000006c85c9f50,0x00000006d1880000)
 Metaspace       used 64861K, capacity 77201K, committed 77440K, reserved 1116160K
  class space    used 7238K, capacity 10326K, committed 10368K, reserved 1048576K
Event: 17.901 GC heap after
Heap after GC invocations=23 (full 3):
 PSYoungGen      total 1249792K, used 103360K [0x000000076b100000, 0x00000007c0000000, 0x00000007c0000000)
  eden space 1134592K, 0% used [0x000000076b100000,0x000000076b100000,0x00000007b0500000)
  from space 115200K, 89% used [0x00000007b8f80000,0x00000007bf470000,0x00000007c0000000)
  to   space 128512K, 0% used [0x00000007b0500000,0x00000007b0500000,0x00000007b8280000)
 ParOldGen       total 268800K, used 118575K [0x00000006c1200000, 0x00000006d1880000, 0x000000076b100000)
  object space 268800K, 44% used [0x00000006c1200000,0x00000006c85cbf50,0x00000006d1880000)
 Metaspace       used 64861K, capacity 77201K, committed 77440K, reserved 1116160K
  class space    used 7238K, capacity 10326K, committed 10368K, reserved 1048576K
}
Event: 18.882 GC heap before
{Heap before GC invocations=24 (full 3):
 PSYoungGen      total 1249792K, used 1237952K [0x000000076b100000, 0x00000007c0000000, 0x00000007c0000000)
  eden space 1134592K, 100% used [0x000000076b100000,0x00000007b0500000,0x00000007b0500000)
  from space 115200K, 89% used [0x00000007b8f80000,0x00000007bf470000,0x00000007c0000000)
  to   space 128512K, 0% used [0x00000007b0500000,0x00000007b0500000,0x00000007b8280000)
 ParOldGen       total 268800K, used 118575K [0x00000006c1200000, 0x00000006d1880000, 0x000000076b100000)
  object space 268800K, 44% used [0x00000006c1200000,0x00000006c85cbf50,0x00000006d1880000)
 Metaspace       used 65045K, capacity 77435K, committed 77696K, reserved 1116160K
  class space    used 7239K, capacity 10327K, committed 10368K, reserved 1048576K
Event: 18.924 GC heap after
Heap after GC invocations=24 (full 3):
 PSYoungGen      total 1263104K, used 128480K [0x000000076b100000, 0x00000007c0000000, 0x00000007c0000000)
  eden space 1134592K, 0% used [0x000000076b100000,0x000000076b100000,0x00000007b0500000)
  from space 128512K, 99% used [0x00000007b0500000,0x00000007b8278020,0x00000007b8280000)
  to   space 128512K, 0% used [0x00000007b8280000,0x00000007b8280000,0x00000007c0000000)
 ParOldGen       total 268800K, used 129117K [0x00000006c1200000, 0x00000006d1880000, 0x000000076b100000)
  object space 268800K, 48% used [0x00000006c1200000,0x00000006c9017558,0x00000006d1880000)
 Metaspace       used 65045K, capacity 77435K, committed 77696K, reserved 1116160K
  class space    used 7239K, capacity 10327K, committed 10368K, reserved 1048576K
}

