# JRE version: OpenJDK Runtime Environment (8.0_242-b01) (build 1.8.0_242-release-1644-b01)
# Java VM: OpenJDK 64-Bit Server VM (25.242-b01 mixed mode windows-amd64 compressed oops)
Heap:
 PSYoungGen      total 902656K, used 168845K [0x000000076b100000, 0x00000007b1b80000, 0x00000007c0000000)
  eden space 768512K, 5% used [0x000000076b100000,0x000000076de07530,0x0000000799f80000)
  from space 134144K, 91% used [0x0000000799f80000,0x00000007a175c010,0x00000007a2280000)
  to   space 151040K, 0% used [0x00000007a8800000,0x00000007a8800000,0x00000007b1b80000)
 ParOldGen       total 442368K, used 210451K [0x00000006c1200000, 0x00000006dc200000, 0x000000076b100000)
  object space 442368K, 47% used [0x00000006c1200000,0x00000006cdf84f38,0x00000006dc200000)
 Metaspace       used 62992K, capacity 74562K, committed 74784K, reserved 1114112K
  class space    used 7102K, capacity 9929K, committed 10016K, reserved 1048576K
GC Heap History (10 events):
Event: 19.228 GC heap before
{Heap before GC invocations=25 (full 4):
 PSYoungGen      total 688640K, used 688640K [0x000000076b100000, 0x000000079b700000, 0x00000007c0000000)
  eden space 623104K, 100% used [0x000000076b100000,0x0000000791180000,0x0000000791180000)
  from space 65536K, 100% used [0x0000000795d80000,0x0000000799d80000,0x0000000799d80000)
  to   space 77824K, 0% used [0x0000000791180000,0x0000000791180000,0x0000000795d80000)
 ParOldGen       total 442368K, used 149210K [0x00000006c1200000, 0x00000006dc200000, 0x000000076b100000)
  object space 442368K, 33% used [0x00000006c1200000,0x00000006ca3b6b80,0x00000006dc200000)
 Metaspace       used 62360K, capacity 73768K, committed 74016K, reserved 1114112K
  class space    used 7080K, capacity 9912K, committed 10016K, reserved 1048576K
Event: 19.271 GC heap after
Heap after GC invocations=25 (full 4):
 PSYoungGen      total 700928K, used 77824K [0x000000076b100000, 0x00000007a1680000, 0x00000007c0000000)
  eden space 623104K, 0% used [0x000000076b100000,0x000000076b100000,0x0000000791180000)
  from space 77824K, 100% used [0x0000000791180000,0x0000000795d80000,0x0000000795d80000)
  to   space 93696K, 0% used [0x000000079bb00000,0x000000079bb00000,0x00000007a1680000)
 ParOldGen       total 442368K, used 159865K [0x00000006c1200000, 0x00000006dc200000, 0x000000076b100000)
  object space 442368K, 36% used [0x00000006c1200000,0x00000006cae1e590,0x00000006dc200000)
 Metaspace       used 62360K, capacity 73768K, committed 74016K, reserved 1114112K
  class space    used 7080K, capacity 9912K, committed 10016K, reserved 1048576K
}
Event: 20.608 GC heap before
{Heap before GC invocations=26 (full 4):
 PSYoungGen      total 700928K, used 700928K [0x000000076b100000, 0x00000007a1680000, 0x00000007c0000000)
  eden space 623104K, 100% used [0x000000076b100000,0x0000000791180000,0x0000000791180000)
  from space 77824K, 100% used [0x0000000791180000,0x0000000795d80000,0x0000000795d80000)
  to   space 93696K, 0% used [0x000000079bb00000,0x000000079bb00000,0x00000007a1680000)
 ParOldGen       total 442368K, used 159865K [0x00000006c1200000, 0x00000006dc200000, 0x000000076b100000)
  object space 442368K, 36% used [0x00000006c1200000,0x00000006cae1e590,0x00000006dc200000)
 Metaspace       used 62516K, capacity 74048K, committed 74272K, reserved 1114112K
  class space    used 7084K, capacity 9916K, committed 10016K, reserved 1048576K
Event: 20.642 GC heap after
Heap after GC invocations=26 (full 4):
 PSYoungGen      total 784384K, used 86080K [0x000000076b100000, 0x00000007a2e80000, 0x00000007c0000000)
  eden space 690688K, 0% used [0x000000076b100000,0x000000076b100000,0x0000000795380000)
  from space 93696K, 91% used [0x000000079bb00000,0x00000007a0f10000,0x00000007a1680000)
  to   space 105984K, 0% used [0x0000000795380000,0x0000000795380000,0x000000079bb00000)
 ParOldGen       total 442368K, used 173266K [0x00000006c1200000, 0x00000006dc200000, 0x000000076b100000)
  object space 442368K, 39% used [0x00000006c1200000,0x00000006cbb34a48,0x00000006dc200000)
 Metaspace       used 62516K, capacity 74048K, committed 74272K, reserved 1114112K
  class space    used 7084K, capacity 9916K, committed 10016K, reserved 1048576K
}
Event: 21.923 GC heap before
{Heap before GC invocations=27 (full 4):
 PSYoungGen      total 784384K, used 776768K [0x000000076b100000, 0x00000007a2e80000, 0x00000007c0000000)
  eden space 690688K, 100% used [0x000000076b100000,0x0000000795380000,0x0000000795380000)
  from space 93696K, 91% used [0x000000079bb00000,0x00000007a0f10000,0x00000007a1680000)
  to   space 105984K, 0% used [0x0000000795380000,0x0000000795380000,0x000000079bb00000)
 ParOldGen       total 442368K, used 173266K [0x00000006c1200000, 0x00000006dc200000, 0x000000076b100000)
  object space 442368K, 39% used [0x00000006c1200000,0x00000006cbb34a48,0x00000006dc200000)
 Metaspace       used 62680K, capacity 74172K, committed 74272K, reserved 1114112K
  class space    used 7089K, capacity 9920K, committed 10016K, reserved 1048576K
Event: 21.956 GC heap after
Heap after GC invocations=27 (full 4):
 PSYoungGen      total 796672K, used 105984K [0x000000076b100000, 0x00000007a9b00000, 0x00000007c0000000)
  eden space 690688K, 0% used [0x000000076b100000,0x000000076b100000,0x0000000795380000)
  from space 105984K, 100% used [0x0000000795380000,0x000000079bb00000,0x000000079bb00000)
  to   space 123392K, 0% used [0x00000007a2280000,0x00000007a2280000,0x00000007a9b00000)
 ParOldGen       total 442368K, used 175668K [0x00000006c1200000, 0x00000006dc200000, 0x000000076b100000)
  object space 442368K, 39% used [0x00000006c1200000,0x00000006cbd8d398,0x00000006dc200000)
 Metaspace       used 62680K, capacity 74172K, committed 74272K, reserved 1114112K
  class space    used 7089K, capacity 9920K, committed 10016K, reserved 1048576K
}
Event: 23.119 GC heap before
{Heap before GC invocations=28 (full 4):
 PSYoungGen      total 796672K, used 796672K [0x000000076b100000, 0x00000007a9b00000, 0x00000007c0000000)
  eden space 690688K, 100% used [0x000000076b100000,0x0000000795380000,0x0000000795380000)
  from space 105984K, 100% used [0x0000000795380000,0x000000079bb00000,0x000000079bb00000)
  to   space 123392K, 0% used [0x00000007a2280000,0x00000007a2280000,0x00000007a9b00000)
 ParOldGen       total 442368K, used 175668K [0x00000006c1200000, 0x00000006dc200000, 0x000000076b100000)
  object space 442368K, 39% used [0x00000006c1200000,0x00000006cbd8d398,0x00000006dc200000)
 Metaspace       used 62775K, capacity 74280K, committed 74528K, reserved 1114112K
  class space    used 7094K, capacity 9924K, committed 10016K, reserved 1048576K
Event: 23.186 GC heap after
Heap after GC invocations=28 (full 4):
 PSYoungGen      total 891904K, used 97632K [0x000000076b100000, 0x00000007ac000000, 0x00000007c0000000)
  eden space 768512K, 0% used [0x000000076b100000,0x000000076b100000,0x0000000799f80000)
  from space 123392K, 79% used [0x00000007a2280000,0x00000007a81d8000,0x00000007a9b00000)
  to   space 134144K, 0% used [0x0000000799f80000,0x0000000799f80000,0x00000007a2280000)
 ParOldGen       total 442368K, used 210443K [0x00000006c1200000, 0x00000006dc200000, 0x000000076b100000)
  object space 442368K, 47% used [0x00000006c1200000,0x00000006cdf82f38,0x00000006dc200000)
 Metaspace       used 62775K, capacity 74280K, committed 74528K, reserved 1114112K
  class space    used 7094K, capacity 9924K, committed 10016K, reserved 1048576K
}
Event: 24.306 GC heap before
{Heap before GC invocations=29 (full 4):
 PSYoungGen      total 891904K, used 866144K [0x000000076b100000, 0x00000007ac000000, 0x00000007c0000000)
  eden space 768512K, 100% used [0x000000076b100000,0x0000000799f80000,0x0000000799f80000)
  from space 123392K, 79% used [0x00000007a2280000,0x00000007a81d8000,0x00000007a9b00000)
  to   space 134144K, 0% used [0x0000000799f80000,0x0000000799f80000,0x00000007a2280000)
 ParOldGen       total 442368K, used 210443K [0x00000006c1200000, 0x00000006dc200000, 0x000000076b100000)
  object space 442368K, 47% used [0x00000006c1200000,0x00000006cdf82f38,0x00000006dc200000)
 Metaspace       used 62952K, capacity 74480K, committed 74784K, reserved 1114112K
  class space    used 7099K, capacity 9928K, committed 10016K, reserved 1048576K
Event: 24.342 GC heap after
Heap after GC invocations=29 (full 4):
 PSYoungGen      total 902656K, used 122736K [0x000000076b100000, 0x00000007b1b80000, 0x00000007c0000000)
  eden space 768512K, 0% used [0x000000076b100000,0x000000076b100000,0x0000000799f80000)
  from space 134144K, 91% used [0x0000000799f80000,0x00000007a175c010,0x00000007a2280000)
  to   space 151040K, 0% used [0x00000007a8800000,0x00000007a8800000,0x00000007b1b80000)
 ParOldGen       total 442368K, used 210451K [0x00000006c1200000, 0x00000006dc200000, 0x000000076b100000)
  object space 442368K, 47% used [0x00000006c1200000,0x00000006cdf84f38,0x00000006dc200000)
 Metaspace       used 62952K, capacity 74480K, committed 74784K, reserved 1114112K
  class space    used 7099K, capacity 9928K, committed 10016K, reserved 1048576K
}

