# JRE version: OpenJDK Runtime Environment (8.0_242-b01) (build 1.8.0_242-release-1644-b01)
# Java VM: OpenJDK 64-Bit Server VM (25.242-b01 mixed mode windows-amd64 compressed oops)
Heap:
 PSYoungGen      total 1058816K, used 300441K [0x000000076b100000, 0x00000007c0000000, 0x00000007c0000000)
  eden space 776192K, 9% used [0x000000076b100000,0x000000076fc964c0,0x000000079a700000)
  from space 282624K, 78% used [0x00000007aec00000,0x00000007bc5d0000,0x00000007c0000000)
  to   space 307712K, 0% used [0x000000079a700000,0x000000079a700000,0x00000007ad380000)
 ParOldGen       total 285696K, used 115972K [0x00000006c1200000, 0x00000006d2900000, 0x000000076b100000)
  object space 285696K, 40% used [0x00000006c1200000,0x00000006c83410b8,0x00000006d2900000)
 Metaspace       used 58756K, capacity 69373K, committed 69632K, reserved 1110016K
  class space    used 6763K, capacity 9346K, committed 9472K, reserved 1048576K
GC Heap History (10 events):
Event: 16.996 GC heap before
{Heap before GC invocations=23 (full 3):
 PSYoungGen      total 728064K, used 720480K [0x000000076b100000, 0x00000007a9400000, 0x00000007c0000000)
  eden space 580096K, 100% used [0x000000076b100000,0x000000078e780000,0x000000078e780000)
  from space 147968K, 94% used [0x000000078e780000,0x0000000797098000,0x0000000797800000)
  to   space 170496K, 0% used [0x000000079ed80000,0x000000079ed80000,0x00000007a9400000)
 ParOldGen       total 285696K, used 83421K [0x00000006c1200000, 0x00000006d2900000, 0x000000076b100000)
  object space 285696K, 29% used [0x00000006c1200000,0x00000006c63774d8,0x00000006d2900000)
 Metaspace       used 58261K, capacity 68773K, committed 68992K, reserved 1110016K
  class space    used 6750K, capacity 9336K, committed 9344K, reserved 1048576K
Event: 17.056 GC heap after
Heap after GC invocations=23 (full 3):
 PSYoungGen      total 824320K, used 158420K [0x000000076b100000, 0x00000007acd80000, 0x00000007c0000000)
  eden space 653824K, 0% used [0x000000076b100000,0x000000076b100000,0x0000000792f80000)
  from space 170496K, 92% used [0x000000079ed80000,0x00000007a8835010,0x00000007a9400000)
  to   space 194560K, 0% used [0x0000000792f80000,0x0000000792f80000,0x000000079ed80000)
 ParOldGen       total 285696K, used 83429K [0x00000006c1200000, 0x00000006d2900000, 0x000000076b100000)
  object space 285696K, 29% used [0x00000006c1200000,0x00000006c63794d8,0x00000006d2900000)
 Metaspace       used 58261K, capacity 68773K, committed 68992K, reserved 1110016K
  class space    used 6750K, capacity 9336K, committed 9344K, reserved 1048576K
}
Event: 18.111 GC heap before
{Heap before GC invocations=24 (full 3):
 PSYoungGen      total 824320K, used 812244K [0x000000076b100000, 0x00000007acd80000, 0x00000007c0000000)
  eden space 653824K, 100% used [0x000000076b100000,0x0000000792f80000,0x0000000792f80000)
  from space 170496K, 92% used [0x000000079ed80000,0x00000007a8835010,0x00000007a9400000)
  to   space 194560K, 0% used [0x0000000792f80000,0x0000000792f80000,0x000000079ed80000)
 ParOldGen       total 285696K, used 83429K [0x00000006c1200000, 0x00000006d2900000, 0x000000076b100000)
  object space 285696K, 29% used [0x00000006c1200000,0x00000006c63794d8,0x00000006d2900000)
 Metaspace       used 58378K, capacity 68937K, committed 68992K, reserved 1110016K
  class space    used 6753K, capacity 9338K, committed 9344K, reserved 1048576K
Event: 18.161 GC heap after
Heap after GC invocations=24 (full 3):
 PSYoungGen      total 848384K, used 182976K [0x000000076b100000, 0x00000007b5a80000, 0x00000007c0000000)
  eden space 653824K, 0% used [0x000000076b100000,0x000000076b100000,0x0000000792f80000)
  from space 194560K, 94% used [0x0000000792f80000,0x000000079e230000,0x000000079ed80000)
  to   space 223232K, 0% used [0x00000007a8080000,0x00000007a8080000,0x00000007b5a80000)
 ParOldGen       total 285696K, used 83437K [0x00000006c1200000, 0x00000006d2900000, 0x000000076b100000)
  object space 285696K, 29% used [0x00000006c1200000,0x00000006c637b4d8,0x00000006d2900000)
 Metaspace       used 58378K, capacity 68937K, committed 68992K, reserved 1110016K
  class space    used 6753K, capacity 9338K, committed 9344K, reserved 1048576K
}
Event: 19.013 GC heap before
{Heap before GC invocations=25 (full 3):
 PSYoungGen      total 848384K, used 836800K [0x000000076b100000, 0x00000007b5a80000, 0x00000007c0000000)
  eden space 653824K, 100% used [0x000000076b100000,0x0000000792f80000,0x0000000792f80000)
  from space 194560K, 94% used [0x0000000792f80000,0x000000079e230000,0x000000079ed80000)
  to   space 223232K, 0% used [0x00000007a8080000,0x00000007a8080000,0x00000007b5a80000)
 ParOldGen       total 285696K, used 83437K [0x00000006c1200000, 0x00000006d2900000, 0x000000076b100000)
  object space 285696K, 29% used [0x00000006c1200000,0x00000006c637b4d8,0x00000006d2900000)
 Metaspace       used 58495K, capacity 69061K, committed 69248K, reserved 1110016K
  class space    used 6756K, capacity 9340K, committed 9344K, reserved 1048576K
Event: 19.080 GC heap after
Heap after GC invocations=25 (full 3):
 PSYoungGen      total 968704K, used 202388K [0x000000076b100000, 0x00000007b9e80000, 0x00000007c0000000)
  eden space 745472K, 0% used [0x000000076b100000,0x000000076b100000,0x0000000798900000)
  from space 223232K, 90% used [0x00000007a8080000,0x00000007b4625010,0x00000007b5a80000)
  to   space 253440K, 0% used [0x0000000798900000,0x0000000798900000,0x00000007a8080000)
 ParOldGen       total 285696K, used 83469K [0x00000006c1200000, 0x00000006d2900000, 0x000000076b100000)
  object space 285696K, 29% used [0x00000006c1200000,0x00000006c63834d8,0x00000006d2900000)
 Metaspace       used 58495K, capacity 69061K, committed 69248K, reserved 1110016K
  class space    used 6756K, capacity 9340K, committed 9344K, reserved 1048576K
}
Event: 20.064 GC heap before
{Heap before GC invocations=26 (full 3):
 PSYoungGen      total 968704K, used 947860K [0x000000076b100000, 0x00000007b9e80000, 0x00000007c0000000)
  eden space 745472K, 100% used [0x000000076b100000,0x0000000798900000,0x0000000798900000)
  from space 223232K, 90% used [0x00000007a8080000,0x00000007b4625010,0x00000007b5a80000)
  to   space 253440K, 0% used [0x0000000798900000,0x0000000798900000,0x00000007a8080000)
 ParOldGen       total 285696K, used 83469K [0x00000006c1200000, 0x00000006d2900000, 0x000000076b100000)
  object space 285696K, 29% used [0x00000006c1200000,0x00000006c63834d8,0x00000006d2900000)
 Metaspace       used 58575K, capacity 69173K, committed 69248K, reserved 1110016K
  class space    used 6758K, capacity 9342K, committed 9344K, reserved 1048576K
Event: 20.146 GC heap after
Heap after GC invocations=26 (full 3):
 PSYoungGen      total 998912K, used 217408K [0x000000076b100000, 0x00000007c0000000, 0x00000007c0000000)
  eden space 745472K, 0% used [0x000000076b100000,0x000000076b100000,0x0000000798900000)
  from space 253440K, 85% used [0x0000000798900000,0x00000007a5d50000,0x00000007a8080000)
  to   space 282624K, 0% used [0x00000007aec00000,0x00000007aec00000,0x00000007c0000000)
 ParOldGen       total 285696K, used 96981K [0x00000006c1200000, 0x00000006d2900000, 0x000000076b100000)
  object space 285696K, 33% used [0x00000006c1200000,0x00000006c70b5658,0x00000006d2900000)
 Metaspace       used 58575K, capacity 69173K, committed 69248K, reserved 1110016K
  class space    used 6758K, capacity 9342K, committed 9344K, reserved 1048576K
}
Event: 21.177 GC heap before
{Heap before GC invocations=27 (full 3):
 PSYoungGen      total 998912K, used 962880K [0x000000076b100000, 0x00000007c0000000, 0x00000007c0000000)
  eden space 745472K, 100% used [0x000000076b100000,0x0000000798900000,0x0000000798900000)
  from space 253440K, 85% used [0x0000000798900000,0x00000007a5d50000,0x00000007a8080000)
  to   space 282624K, 0% used [0x00000007aec00000,0x00000007aec00000,0x00000007c0000000)
 ParOldGen       total 285696K, used 96981K [0x00000006c1200000, 0x00000006d2900000, 0x000000076b100000)
  object space 285696K, 33% used [0x00000006c1200000,0x00000006c70b5658,0x00000006d2900000)
 Metaspace       used 58735K, capacity 69303K, committed 69632K, reserved 1110016K
  class space    used 6761K, capacity 9345K, committed 9472K, reserved 1048576K
Event: 21.269 GC heap after
Heap after GC invocations=27 (full 3):
 PSYoungGen      total 1058816K, used 223040K [0x000000076b100000, 0x00000007c0000000, 0x00000007c0000000)
  eden space 776192K, 0% used [0x000000076b100000,0x000000076b100000,0x000000079a700000)
  from space 282624K, 78% used [0x00000007aec00000,0x00000007bc5d0000,0x00000007c0000000)
  to   space 307712K, 0% used [0x000000079a700000,0x000000079a700000,0x00000007ad380000)
 ParOldGen       total 285696K, used 115972K [0x00000006c1200000, 0x00000006d2900000, 0x000000076b100000)
  object space 285696K, 40% used [0x00000006c1200000,0x00000006c83410b8,0x00000006d2900000)
 Metaspace       used 58735K, capacity 69303K, committed 69632K, reserved 1110016K
  class space    used 6761K, capacity 9345K, committed 9472K, reserved 1048576K
}

