# JRE version: OpenJDK Runtime Environment (8.0_242-b01) (build 1.8.0_242-release-1644-b01)
# Java VM: OpenJDK 64-Bit Server VM (25.242-b01 mixed mode windows-amd64 compressed oops)
Heap:
 PSYoungGen      total 1173504K, used 972655K [0x000000076b100000, 0x00000007c0000000, 0x00000007c0000000)
  eden space 996864K, 79% used [0x000000076b100000,0x000000079baa3cd8,0x00000007a7e80000)
  from space 176640K, 99% used [0x00000007a7e80000,0x00000007b2ab8000,0x00000007b2b00000)
  to   space 218112K, 0% used [0x00000007b2b00000,0x00000007b2b00000,0x00000007c0000000)
 ParOldGen       total 314880K, used 154022K [0x00000006c1200000, 0x00000006d4580000, 0x000000076b100000)
  object space 314880K, 48% used [0x00000006c1200000,0x00000006ca869bc8,0x00000006d4580000)
 Metaspace       used 58484K, capacity 69074K, committed 69208K, reserved 1110016K
  class space    used 6742K, capacity 9296K, committed 9344K, reserved 1048576K
GC Heap History (10 events):
Event: 13.697 GC heap before
{Heap before GC invocations=18 (full 3):
 PSYoungGen      total 810496K, used 810484K [0x000000076b100000, 0x00000007a6180000, 0x00000007c0000000)
  eden space 721408K, 100% used [0x000000076b100000,0x0000000797180000,0x0000000797180000)
  from space 89088K, 99% used [0x000000079d880000,0x00000007a2f7d020,0x00000007a2f80000)
  to   space 105472K, 0% used [0x0000000797180000,0x0000000797180000,0x000000079d880000)
 ParOldGen       total 314880K, used 99625K [0x00000006c1200000, 0x00000006d4580000, 0x000000076b100000)
  object space 314880K, 31% used [0x00000006c1200000,0x00000006c734a5f8,0x00000006d4580000)
 Metaspace       used 57867K, capacity 68294K, committed 68440K, reserved 1107968K
  class space    used 6735K, capacity 9290K, committed 9344K, reserved 1048576K
Event: 13.743 GC heap after
Heap after GC invocations=18 (full 3):
 PSYoungGen      total 826880K, used 105460K [0x000000076b100000, 0x00000007b0f00000, 0x00000007c0000000)
  eden space 721408K, 0% used [0x000000076b100000,0x000000076b100000,0x0000000797180000)
  from space 105472K, 99% used [0x0000000797180000,0x000000079d87d020,0x000000079d880000)
  to   space 126464K, 0% used [0x00000007a9380000,0x00000007a9380000,0x00000007b0f00000)
 ParOldGen       total 314880K, used 109135K [0x00000006c1200000, 0x00000006d4580000, 0x000000076b100000)
  object space 314880K, 34% used [0x00000006c1200000,0x00000006c7c93d40,0x00000006d4580000)
 Metaspace       used 57867K, capacity 68294K, committed 68440K, reserved 1107968K
  class space    used 6735K, capacity 9290K, committed 9344K, reserved 1048576K
}
Event: 14.699 GC heap before
{Heap before GC invocations=19 (full 3):
 PSYoungGen      total 826880K, used 826868K [0x000000076b100000, 0x00000007b0f00000, 0x00000007c0000000)
  eden space 721408K, 100% used [0x000000076b100000,0x0000000797180000,0x0000000797180000)
  from space 105472K, 99% used [0x0000000797180000,0x000000079d87d020,0x000000079d880000)
  to   space 126464K, 0% used [0x00000007a9380000,0x00000007a9380000,0x00000007b0f00000)
 ParOldGen       total 314880K, used 109135K [0x00000006c1200000, 0x00000006d4580000, 0x000000076b100000)
  object space 314880K, 34% used [0x00000006c1200000,0x00000006c7c93d40,0x00000006d4580000)
 Metaspace       used 58003K, capacity 68476K, committed 68696K, reserved 1107968K
  class space    used 6736K, capacity 9291K, committed 9344K, reserved 1048576K
Event: 14.752 GC heap after
Heap after GC invocations=19 (full 3):
 PSYoungGen      total 1003008K, used 111552K [0x000000076b100000, 0x00000007b3a80000, 0x00000007c0000000)
  eden space 876544K, 0% used [0x000000076b100000,0x000000076b100000,0x00000007a0900000)
  from space 126464K, 88% used [0x00000007a9380000,0x00000007b0070000,0x00000007b0f00000)
  to   space 141824K, 0% used [0x00000007a0900000,0x00000007a0900000,0x00000007a9380000)
 ParOldGen       total 314880K, used 128342K [0x00000006c1200000, 0x00000006d4580000, 0x000000076b100000)
  object space 314880K, 40% used [0x00000006c1200000,0x00000006c8f55988,0x00000006d4580000)
 Metaspace       used 58003K, capacity 68476K, committed 68696K, reserved 1107968K
  class space    used 6736K, capacity 9291K, committed 9344K, reserved 1048576K
}
Event: 15.987 GC heap before
{Heap before GC invocations=20 (full 3):
 PSYoungGen      total 1003008K, used 988096K [0x000000076b100000, 0x00000007b3a80000, 0x00000007c0000000)
  eden space 876544K, 100% used [0x000000076b100000,0x00000007a0900000,0x00000007a0900000)
  from space 126464K, 88% used [0x00000007a9380000,0x00000007b0070000,0x00000007b0f00000)
  to   space 141824K, 0% used [0x00000007a0900000,0x00000007a0900000,0x00000007a9380000)
 ParOldGen       total 314880K, used 128342K [0x00000006c1200000, 0x00000006d4580000, 0x000000076b100000)
  object space 314880K, 40% used [0x00000006c1200000,0x00000006c8f55988,0x00000006d4580000)
 Metaspace       used 58104K, capacity 68598K, committed 68696K, reserved 1107968K
  class space    used 6737K, capacity 9292K, committed 9344K, reserved 1048576K
Event: 16.034 GC heap after
Heap after GC invocations=20 (full 3):
 PSYoungGen      total 1018368K, used 141024K [0x000000076b100000, 0x00000007bdd00000, 0x00000007c0000000)
  eden space 876544K, 0% used [0x000000076b100000,0x000000076b100000,0x00000007a0900000)
  from space 141824K, 99% used [0x00000007a0900000,0x00000007a92b8000,0x00000007a9380000)
  to   space 165376K, 0% used [0x00000007b3b80000,0x00000007b3b80000,0x00000007bdd00000)
 ParOldGen       total 314880K, used 128350K [0x00000006c1200000, 0x00000006d4580000, 0x000000076b100000)
  object space 314880K, 40% used [0x00000006c1200000,0x00000006c8f57988,0x00000006d4580000)
 Metaspace       used 58104K, capacity 68598K, committed 68696K, reserved 1107968K
  class space    used 6737K, capacity 9292K, committed 9344K, reserved 1048576K
}
Event: 17.053 GC heap before
{Heap before GC invocations=21 (full 3):
 PSYoungGen      total 1018368K, used 1017568K [0x000000076b100000, 0x00000007bdd00000, 0x00000007c0000000)
  eden space 876544K, 100% used [0x000000076b100000,0x00000007a0900000,0x00000007a0900000)
  from space 141824K, 99% used [0x00000007a0900000,0x00000007a92b8000,0x00000007a9380000)
  to   space 165376K, 0% used [0x00000007b3b80000,0x00000007b3b80000,0x00000007bdd00000)
 ParOldGen       total 314880K, used 128350K [0x00000006c1200000, 0x00000006d4580000, 0x000000076b100000)
  object space 314880K, 40% used [0x00000006c1200000,0x00000006c8f57988,0x00000006d4580000)
 Metaspace       used 58232K, capacity 68716K, committed 68952K, reserved 1110016K
  class space    used 6739K, capacity 9293K, committed 9344K, reserved 1048576K
Event: 17.127 GC heap after
Heap after GC invocations=21 (full 3):
 PSYoungGen      total 1162240K, used 165376K [0x000000076b100000, 0x00000007c0000000, 0x00000007c0000000)
  eden space 996864K, 0% used [0x000000076b100000,0x000000076b100000,0x00000007a7e80000)
  from space 165376K, 100% used [0x00000007b3b80000,0x00000007bdd00000,0x00000007bdd00000)
  to   space 193536K, 0% used [0x00000007a7e80000,0x00000007a7e80000,0x00000007b3b80000)
 ParOldGen       total 314880K, used 130715K [0x00000006c1200000, 0x00000006d4580000, 0x000000076b100000)
  object space 314880K, 41% used [0x00000006c1200000,0x00000006c91a6e08,0x00000006d4580000)
 Metaspace       used 58232K, capacity 68716K, committed 68952K, reserved 1110016K
  class space    used 6739K, capacity 9293K, committed 9344K, reserved 1048576K
}
Event: 18.600 GC heap before
{Heap before GC invocations=22 (full 3):
 PSYoungGen      total 1162240K, used 1162240K [0x000000076b100000, 0x00000007c0000000, 0x00000007c0000000)
  eden space 996864K, 100% used [0x000000076b100000,0x00000007a7e80000,0x00000007a7e80000)
  from space 165376K, 100% used [0x00000007b3b80000,0x00000007bdd00000,0x00000007bdd00000)
  to   space 193536K, 0% used [0x00000007a7e80000,0x00000007a7e80000,0x00000007b3b80000)
 ParOldGen       total 314880K, used 130715K [0x00000006c1200000, 0x00000006d4580000, 0x000000076b100000)
  object space 314880K, 41% used [0x00000006c1200000,0x00000006c91a6e08,0x00000006d4580000)
 Metaspace       used 58317K, capacity 68878K, committed 68952K, reserved 1110016K
  class space    used 6740K, capacity 9294K, committed 9344K, reserved 1048576K
Event: 18.710 GC heap after
Heap after GC invocations=22 (full 3):
 PSYoungGen      total 1173504K, used 176352K [0x000000076b100000, 0x00000007c0000000, 0x00000007c0000000)
  eden space 996864K, 0% used [0x000000076b100000,0x000000076b100000,0x00000007a7e80000)
  from space 176640K, 99% used [0x00000007a7e80000,0x00000007b2ab8000,0x00000007b2b00000)
  to   space 218112K, 0% used [0x00000007b2b00000,0x00000007b2b00000,0x00000007c0000000)
 ParOldGen       total 314880K, used 154022K [0x00000006c1200000, 0x00000006d4580000, 0x000000076b100000)
  object space 314880K, 48% used [0x00000006c1200000,0x00000006ca869bc8,0x00000006d4580000)
 Metaspace       used 58317K, capacity 68878K, committed 68952K, reserved 1110016K
  class space    used 6740K, capacity 9294K, committed 9344K, reserved 1048576K
}

