# JRE version: OpenJDK Runtime Environment (8.0_242-b01) (build 1.8.0_242-release-1644-b01)
# Java VM: OpenJDK 64-Bit Server VM (25.242-b01 mixed mode windows-amd64 compressed oops)
Heap:
 PSYoungGen      total 788480K, used 413261K [0x000000076b100000, 0x00000007aa000000, 0x00000007c0000000)
  eden space 629760K, 41% used [0x000000076b100000,0x000000077b3264e8,0x0000000791800000)
  from space 158720K, 93% used [0x000000079c980000,0x00000007a5aed020,0x00000007a6480000)
  to   space 181760K, 0% used [0x0000000791800000,0x0000000791800000,0x000000079c980000)
 ParOldGen       total 290304K, used 67843K [0x00000006c1200000, 0x00000006d2d80000, 0x000000076b100000)
  object space 290304K, 23% used [0x00000006c1200000,0x00000006c5440dd0,0x00000006d2d80000)
 Metaspace       used 58299K, capacity 68855K, committed 68992K, reserved 1110016K
  class space    used 6751K, capacity 9337K, committed 9344K, reserved 1048576K
GC Heap History (10 events):
Event: 14.491 GC heap before
{Heap before GC invocations=19 (full 3):
 PSYoungGen      total 517120K, used 517088K [0x000000076b100000, 0x0000000795600000, 0x00000007c0000000)
  eden space 444416K, 100% used [0x000000076b100000,0x0000000786300000,0x0000000786300000)
  from space 72704K, 99% used [0x0000000786300000,0x000000078a9f8010,0x000000078aa00000)
  to   space 85504K, 0% used [0x0000000790280000,0x0000000790280000,0x0000000795600000)
 ParOldGen       total 290304K, used 64706K [0x00000006c1200000, 0x00000006d2d80000, 0x000000076b100000)
  object space 290304K, 22% used [0x00000006c1200000,0x00000006c5130b90,0x00000006d2d80000)
 Metaspace       used 57725K, capacity 68047K, committed 68224K, reserved 1107968K
  class space    used 6737K, capacity 9291K, committed 9344K, reserved 1048576K
Event: 14.546 GC heap after
Heap after GC invocations=19 (full 3):
 PSYoungGen      total 592896K, used 85492K [0x000000076b100000, 0x0000000798480000, 0x00000007c0000000)
  eden space 507392K, 0% used [0x000000076b100000,0x000000076b100000,0x000000078a080000)
  from space 85504K, 99% used [0x0000000790280000,0x00000007955fd020,0x0000000795600000)
  to   space 100352K, 0% used [0x000000078a080000,0x000000078a080000,0x0000000790280000)
 ParOldGen       total 290304K, used 66516K [0x00000006c1200000, 0x00000006d2d80000, 0x000000076b100000)
  object space 290304K, 22% used [0x00000006c1200000,0x00000006c52f51a0,0x00000006d2d80000)
 Metaspace       used 57725K, capacity 68047K, committed 68224K, reserved 1107968K
  class space    used 6737K, capacity 9291K, committed 9344K, reserved 1048576K
}
Event: 15.802 GC heap before
{Heap before GC invocations=20 (full 3):
 PSYoungGen      total 592896K, used 592884K [0x000000076b100000, 0x0000000798480000, 0x00000007c0000000)
  eden space 507392K, 100% used [0x000000076b100000,0x000000078a080000,0x000000078a080000)
  from space 85504K, 99% used [0x0000000790280000,0x00000007955fd020,0x0000000795600000)
  to   space 100352K, 0% used [0x000000078a080000,0x000000078a080000,0x0000000790280000)
 ParOldGen       total 290304K, used 66516K [0x00000006c1200000, 0x00000006d2d80000, 0x000000076b100000)
  object space 290304K, 22% used [0x00000006c1200000,0x00000006c52f51a0,0x00000006d2d80000)
 Metaspace       used 57891K, capacity 68269K, committed 68480K, reserved 1107968K
  class space    used 6741K, capacity 9296K, committed 9344K, reserved 1048576K
Event: 15.844 GC heap after
Heap after GC invocations=20 (full 3):
 PSYoungGen      total 607744K, used 100340K [0x000000076b100000, 0x000000079ce80000, 0x00000007c0000000)
  eden space 507392K, 0% used [0x000000076b100000,0x000000076b100000,0x000000078a080000)
  from space 100352K, 99% used [0x000000078a080000,0x000000079027d020,0x0000000790280000)
  to   space 117760K, 0% used [0x0000000795b80000,0x0000000795b80000,0x000000079ce80000)
 ParOldGen       total 290304K, used 67803K [0x00000006c1200000, 0x00000006d2d80000, 0x000000076b100000)
  object space 290304K, 23% used [0x00000006c1200000,0x00000006c5436dd0,0x00000006d2d80000)
 Metaspace       used 57891K, capacity 68269K, committed 68480K, reserved 1107968K
  class space    used 6741K, capacity 9296K, committed 9344K, reserved 1048576K
}
Event: 16.749 GC heap before
{Heap before GC invocations=21 (full 3):
 PSYoungGen      total 607744K, used 607732K [0x000000076b100000, 0x000000079ce80000, 0x00000007c0000000)
  eden space 507392K, 100% used [0x000000076b100000,0x000000078a080000,0x000000078a080000)
  from space 100352K, 99% used [0x000000078a080000,0x000000079027d020,0x0000000790280000)
  to   space 117760K, 0% used [0x0000000795b80000,0x0000000795b80000,0x000000079ce80000)
 ParOldGen       total 290304K, used 67803K [0x00000006c1200000, 0x00000006d2d80000, 0x000000076b100000)
  object space 290304K, 23% used [0x00000006c1200000,0x00000006c5436dd0,0x00000006d2d80000)
 Metaspace       used 58003K, capacity 68415K, committed 68480K, reserved 1107968K
  class space    used 6743K, capacity 9299K, committed 9344K, reserved 1048576K
Event: 16.805 GC heap after
Heap after GC invocations=21 (full 3):
 PSYoungGen      total 679424K, used 115808K [0x000000076b100000, 0x000000079fe00000, 0x00000007c0000000)
  eden space 561664K, 0% used [0x000000076b100000,0x000000076b100000,0x000000078d580000)
  from space 117760K, 98% used [0x0000000795b80000,0x000000079cc98010,0x000000079ce80000)
  to   space 137216K, 0% used [0x000000078d580000,0x000000078d580000,0x0000000795b80000)
 ParOldGen       total 290304K, used 67819K [0x00000006c1200000, 0x00000006d2d80000, 0x000000076b100000)
  object space 290304K, 23% used [0x00000006c1200000,0x00000006c543add0,0x00000006d2d80000)
 Metaspace       used 58003K, capacity 68415K, committed 68480K, reserved 1107968K
  class space    used 6743K, capacity 9299K, committed 9344K, reserved 1048576K
}
Event: 18.107 GC heap before
{Heap before GC invocations=22 (full 3):
 PSYoungGen      total 679424K, used 677472K [0x000000076b100000, 0x000000079fe00000, 0x00000007c0000000)
  eden space 561664K, 100% used [0x000000076b100000,0x000000078d580000,0x000000078d580000)
  from space 117760K, 98% used [0x0000000795b80000,0x000000079cc98010,0x000000079ce80000)
  to   space 137216K, 0% used [0x000000078d580000,0x000000078d580000,0x0000000795b80000)
 ParOldGen       total 290304K, used 67819K [0x00000006c1200000, 0x00000006d2d80000, 0x000000076b100000)
  object space 290304K, 23% used [0x00000006c1200000,0x00000006c543add0,0x00000006d2d80000)
 Metaspace       used 58085K, capacity 68583K, committed 68736K, reserved 1107968K
  class space    used 6746K, capacity 9333K, committed 9344K, reserved 1048576K
Event: 18.155 GC heap after
Heap after GC invocations=22 (full 3):
 PSYoungGen      total 698880K, used 132756K [0x000000076b100000, 0x00000007a6480000, 0x00000007c0000000)
  eden space 561664K, 0% used [0x000000076b100000,0x000000076b100000,0x000000078d580000)
  from space 137216K, 96% used [0x000000078d580000,0x0000000795725020,0x0000000795b80000)
  to   space 158720K, 0% used [0x000000079c980000,0x000000079c980000,0x00000007a6480000)
 ParOldGen       total 290304K, used 67827K [0x00000006c1200000, 0x00000006d2d80000, 0x000000076b100000)
  object space 290304K, 23% used [0x00000006c1200000,0x00000006c543cdd0,0x00000006d2d80000)
 Metaspace       used 58085K, capacity 68583K, committed 68736K, reserved 1107968K
  class space    used 6746K, capacity 9333K, committed 9344K, reserved 1048576K
}
Event: 19.031 GC heap before
{Heap before GC invocations=23 (full 3):
 PSYoungGen      total 698880K, used 694420K [0x000000076b100000, 0x00000007a6480000, 0x00000007c0000000)
  eden space 561664K, 100% used [0x000000076b100000,0x000000078d580000,0x000000078d580000)
  from space 137216K, 96% used [0x000000078d580000,0x0000000795725020,0x0000000795b80000)
  to   space 158720K, 0% used [0x000000079c980000,0x000000079c980000,0x00000007a6480000)
 ParOldGen       total 290304K, used 67827K [0x00000006c1200000, 0x00000006d2d80000, 0x000000076b100000)
  object space 290304K, 23% used [0x00000006c1200000,0x00000006c543cdd0,0x00000006d2d80000)
 Metaspace       used 58237K, capacity 68759K, committed 68992K, reserved 1110016K
  class space    used 6748K, capacity 9335K, committed 9344K, reserved 1048576K
Event: 19.110 GC heap after
Heap after GC invocations=23 (full 3):
 PSYoungGen      total 788480K, used 148916K [0x000000076b100000, 0x00000007aa000000, 0x00000007c0000000)
  eden space 629760K, 0% used [0x000000076b100000,0x000000076b100000,0x0000000791800000)
  from space 158720K, 93% used [0x000000079c980000,0x00000007a5aed020,0x00000007a6480000)
  to   space 181760K, 0% used [0x0000000791800000,0x0000000791800000,0x000000079c980000)
 ParOldGen       total 290304K, used 67843K [0x00000006c1200000, 0x00000006d2d80000, 0x000000076b100000)
  object space 290304K, 23% used [0x00000006c1200000,0x00000006c5440dd0,0x00000006d2d80000)
 Metaspace       used 58237K, capacity 68759K, committed 68992K, reserved 1110016K
  class space    used 6748K, capacity 9335K, committed 9344K, reserved 1048576K
}

