# JRE version: OpenJDK Runtime Environment (8.0_242-b01) (build 1.8.0_242-release-1644-b01)
# Java VM: OpenJDK 64-Bit Server VM (25.242-b01 mixed mode windows-amd64 compressed oops)
Heap:
 PSYoungGen      total 1135616K, used 544891K [0x000000076b100000, 0x00000007c0000000, 0x00000007c0000000)
  eden space 937984K, 37% used [0x000000076b100000,0x0000000780c7ec60,0x00000007a4500000)
  from space 197632K, 95% used [0x00000007b3680000,0x00000007bef20020,0x00000007bf780000)
  to   space 226816K, 0% used [0x00000007a4500000,0x00000007a4500000,0x00000007b2280000)
 ParOldGen       total 393216K, used 118670K [0x00000006c1200000, 0x00000006d9200000, 0x000000076b100000)
  object space 393216K, 30% used [0x00000006c1200000,0x00000006c85e3970,0x00000006d9200000)
 Metaspace       used 62887K, capacity 74519K, committed 74784K, reserved 1114112K
  class space    used 7085K, capacity 9924K, committed 10016K, reserved 1048576K
GC Heap History (10 events):
Event: 18.133 GC heap before
{Heap before GC invocations=26 (full 4):
 PSYoungGen      total 762368K, used 756128K [0x000000076b100000, 0x00000007a8a80000, 0x00000007c0000000)
  eden space 655360K, 100% used [0x000000076b100000,0x0000000793100000,0x0000000793100000)
  from space 107008K, 94% used [0x0000000793100000,0x0000000799368000,0x0000000799980000)
  to   space 121856K, 0% used [0x00000007a1380000,0x00000007a1380000,0x00000007a8a80000)
 ParOldGen       total 393216K, used 118638K [0x00000006c1200000, 0x00000006d9200000, 0x000000076b100000)
  object space 393216K, 30% used [0x00000006c1200000,0x00000006c85db970,0x00000006d9200000)
 Metaspace       used 62216K, capacity 73645K, committed 73760K, reserved 1114112K
  class space    used 7067K, capacity 9909K, committed 10016K, reserved 1048576K
Event: 18.181 GC heap after
Heap after GC invocations=26 (full 4):
 PSYoungGen      total 867328K, used 121536K [0x000000076b100000, 0x00000007aba00000, 0x00000007c0000000)
  eden space 745472K, 0% used [0x000000076b100000,0x000000076b100000,0x0000000798900000)
  from space 121856K, 99% used [0x00000007a1380000,0x00000007a8a30000,0x00000007a8a80000)
  to   space 141824K, 0% used [0x0000000798900000,0x0000000798900000,0x00000007a1380000)
 ParOldGen       total 393216K, used 118646K [0x00000006c1200000, 0x00000006d9200000, 0x000000076b100000)
  object space 393216K, 30% used [0x00000006c1200000,0x00000006c85dd970,0x00000006d9200000)
 Metaspace       used 62216K, capacity 73645K, committed 73760K, reserved 1114112K
  class space    used 7067K, capacity 9909K, committed 10016K, reserved 1048576K
}
Event: 18.981 GC heap before
{Heap before GC invocations=27 (full 4):
 PSYoungGen      total 867328K, used 867008K [0x000000076b100000, 0x00000007aba00000, 0x00000007c0000000)
  eden space 745472K, 100% used [0x000000076b100000,0x0000000798900000,0x0000000798900000)
  from space 121856K, 99% used [0x00000007a1380000,0x00000007a8a30000,0x00000007a8a80000)
  to   space 141824K, 0% used [0x0000000798900000,0x0000000798900000,0x00000007a1380000)
 ParOldGen       total 393216K, used 118646K [0x00000006c1200000, 0x00000006d9200000, 0x000000076b100000)
  object space 393216K, 30% used [0x00000006c1200000,0x00000006c85dd970,0x00000006d9200000)
 Metaspace       used 62360K, capacity 73795K, committed 74016K, reserved 1114112K
  class space    used 7071K, capacity 9912K, committed 10016K, reserved 1048576K
Event: 19.011 GC heap after
Heap after GC invocations=27 (full 4):
 PSYoungGen      total 887296K, used 113376K [0x000000076b100000, 0x00000007b3780000, 0x00000007c0000000)
  eden space 745472K, 0% used [0x000000076b100000,0x000000076b100000,0x0000000798900000)
  from space 141824K, 79% used [0x0000000798900000,0x000000079f7b8000,0x00000007a1380000)
  to   space 154624K, 0% used [0x00000007aa080000,0x00000007aa080000,0x00000007b3780000)
 ParOldGen       total 393216K, used 118654K [0x00000006c1200000, 0x00000006d9200000, 0x000000076b100000)
  object space 393216K, 30% used [0x00000006c1200000,0x00000006c85df970,0x00000006d9200000)
 Metaspace       used 62360K, capacity 73795K, committed 74016K, reserved 1114112K
  class space    used 7071K, capacity 9912K, committed 10016K, reserved 1048576K
}
Event: 19.834 GC heap before
{Heap before GC invocations=28 (full 4):
 PSYoungGen      total 887296K, used 858848K [0x000000076b100000, 0x00000007b3780000, 0x00000007c0000000)
  eden space 745472K, 100% used [0x000000076b100000,0x0000000798900000,0x0000000798900000)
  from space 141824K, 79% used [0x0000000798900000,0x000000079f7b8000,0x00000007a1380000)
  to   space 154624K, 0% used [0x00000007aa080000,0x00000007aa080000,0x00000007b3780000)
 ParOldGen       total 393216K, used 118654K [0x00000006c1200000, 0x00000006d9200000, 0x000000076b100000)
  object space 393216K, 30% used [0x00000006c1200000,0x00000006c85df970,0x00000006d9200000)
 Metaspace       used 62518K, capacity 73969K, committed 74272K, reserved 1114112K
  class space    used 7074K, capacity 9915K, committed 10016K, reserved 1048576K
Event: 19.895 GC heap after
Heap after GC invocations=28 (full 4):
 PSYoungGen      total 1013248K, used 136672K [0x000000076b100000, 0x00000007b6700000, 0x00000007c0000000)
  eden space 858624K, 0% used [0x000000076b100000,0x000000076b100000,0x000000079f780000)
  from space 154624K, 88% used [0x00000007aa080000,0x00000007b25f8000,0x00000007b3780000)
  to   space 173056K, 0% used [0x000000079f780000,0x000000079f780000,0x00000007aa080000)
 ParOldGen       total 393216K, used 118662K [0x00000006c1200000, 0x00000006d9200000, 0x000000076b100000)
  object space 393216K, 30% used [0x00000006c1200000,0x00000006c85e1970,0x00000006d9200000)
 Metaspace       used 62518K, capacity 73969K, committed 74272K, reserved 1114112K
  class space    used 7074K, capacity 9915K, committed 10016K, reserved 1048576K
}
Event: 20.730 GC heap before
{Heap before GC invocations=29 (full 4):
 PSYoungGen      total 1013248K, used 995296K [0x000000076b100000, 0x00000007b6700000, 0x00000007c0000000)
  eden space 858624K, 100% used [0x000000076b100000,0x000000079f780000,0x000000079f780000)
  from space 154624K, 88% used [0x00000007aa080000,0x00000007b25f8000,0x00000007b3780000)
  to   space 173056K, 0% used [0x000000079f780000,0x000000079f780000,0x00000007aa080000)
 ParOldGen       total 393216K, used 118662K [0x00000006c1200000, 0x00000006d9200000, 0x000000076b100000)
  object space 393216K, 30% used [0x00000006c1200000,0x00000006c85e1970,0x00000006d9200000)
 Metaspace       used 62610K, capacity 74123K, committed 74272K, reserved 1114112K
  class space    used 7078K, capacity 9918K, committed 10016K, reserved 1048576K
Event: 20.788 GC heap after
Heap after GC invocations=29 (full 4):
 PSYoungGen      total 1031680K, used 163712K [0x000000076b100000, 0x00000007bf780000, 0x00000007c0000000)
  eden space 858624K, 0% used [0x000000076b100000,0x000000076b100000,0x000000079f780000)
  from space 173056K, 94% used [0x000000079f780000,0x00000007a9760000,0x00000007aa080000)
  to   space 197632K, 0% used [0x00000007b3680000,0x00000007b3680000,0x00000007bf780000)
 ParOldGen       total 393216K, used 118662K [0x00000006c1200000, 0x00000006d9200000, 0x000000076b100000)
  object space 393216K, 30% used [0x00000006c1200000,0x00000006c85e1970,0x00000006d9200000)
 Metaspace       used 62610K, capacity 74123K, committed 74272K, reserved 1114112K
  class space    used 7078K, capacity 9918K, committed 10016K, reserved 1048576K
}
Event: 21.607 GC heap before
{Heap before GC invocations=30 (full 4):
 PSYoungGen      total 1031680K, used 1022336K [0x000000076b100000, 0x00000007bf780000, 0x00000007c0000000)
  eden space 858624K, 100% used [0x000000076b100000,0x000000079f780000,0x000000079f780000)
  from space 173056K, 94% used [0x000000079f780000,0x00000007a9760000,0x00000007aa080000)
  to   space 197632K, 0% used [0x00000007b3680000,0x00000007b3680000,0x00000007bf780000)
 ParOldGen       total 393216K, used 118662K [0x00000006c1200000, 0x00000006d9200000, 0x000000076b100000)
  object space 393216K, 30% used [0x00000006c1200000,0x00000006c85e1970,0x00000006d9200000)
 Metaspace       used 62812K, capacity 74413K, committed 74528K, reserved 1114112K
  class space    used 7081K, capacity 9921K, committed 10016K, reserved 1048576K
Event: 21.698 GC heap after
Heap after GC invocations=30 (full 4):
 PSYoungGen      total 1135616K, used 189056K [0x000000076b100000, 0x00000007c0000000, 0x00000007c0000000)
  eden space 937984K, 0% used [0x000000076b100000,0x000000076b100000,0x00000007a4500000)
  from space 197632K, 95% used [0x00000007b3680000,0x00000007bef20020,0x00000007bf780000)
  to   space 226816K, 0% used [0x00000007a4500000,0x00000007a4500000,0x00000007b2280000)
 ParOldGen       total 393216K, used 118670K [0x00000006c1200000, 0x00000006d9200000, 0x000000076b100000)
  object space 393216K, 30% used [0x00000006c1200000,0x00000006c85e3970,0x00000006d9200000)
 Metaspace       used 62812K, capacity 74413K, committed 74528K, reserved 1114112K
  class space    used 7081K, capacity 9921K, committed 10016K, reserved 1048576K
}

