# JRE version: OpenJDK Runtime Environment (8.0_242-b01) (build 1.8.0_242-release-1644-b01)
# Java VM: OpenJDK 64-Bit Server VM (25.242-b01 mixed mode windows-amd64 compressed oops)
Heap:
 PSYoungGen      total 1031168K, used 423001K [0x000000076b100000, 0x00000007c0000000, 0x00000007c0000000)
  eden space 751616K, 25% used [0x000000076b100000,0x0000000776f365f8,0x0000000798f00000)
  from space 279552K, 81% used [0x00000007abb00000,0x00000007b99e0000,0x00000007bcc00000)
  to   space 307200K, 0% used [0x0000000798f00000,0x0000000798f00000,0x00000007abb00000)
 ParOldGen       total 317440K, used 105280K [0x00000006c1200000, 0x00000006d4800000, 0x000000076b100000)
  object space 317440K, 33% used [0x00000006c1200000,0x00000006c78d0070,0x00000006d4800000)
 Metaspace       used 58787K, capacity 69383K, committed 69632K, reserved 1110016K
  class space    used 6760K, capacity 9345K, committed 9472K, reserved 1048576K
GC Heap History (10 events):
Event: 13.967 GC heap before
{Heap before GC invocations=23 (full 3):
 PSYoungGen      total 667136K, used 658944K [0x000000076b100000, 0x00000007a4780000, 0x00000007c0000000)
  eden space 520192K, 100% used [0x000000076b100000,0x000000078ad00000,0x000000078ad00000)
  from space 146944K, 94% used [0x000000078ad00000,0x0000000793480000,0x0000000793c80000)
  to   space 168960K, 0% used [0x000000079a280000,0x000000079a280000,0x00000007a4780000)
 ParOldGen       total 317440K, used 82293K [0x00000006c1200000, 0x00000006d4800000, 0x000000076b100000)
  object space 317440K, 25% used [0x00000006c1200000,0x00000006c625d588,0x00000006d4800000)
 Metaspace       used 58230K, capacity 68745K, committed 68992K, reserved 1110016K
  class space    used 6748K, capacity 9334K, committed 9344K, reserved 1048576K
Event: 14.019 GC heap after
Heap after GC invocations=23 (full 3):
 PSYoungGen      total 747520K, used 157588K [0x000000076b100000, 0x00000007a7d80000, 0x00000007c0000000)
  eden space 578560K, 0% used [0x000000076b100000,0x000000076b100000,0x000000078e600000)
  from space 168960K, 93% used [0x000000079a280000,0x00000007a3c65010,0x00000007a4780000)
  to   space 193024K, 0% used [0x000000078e600000,0x000000078e600000,0x000000079a280000)
 ParOldGen       total 317440K, used 82309K [0x00000006c1200000, 0x00000006d4800000, 0x000000076b100000)
  object space 317440K, 25% used [0x00000006c1200000,0x00000006c6261588,0x00000006d4800000)
 Metaspace       used 58230K, capacity 68745K, committed 68992K, reserved 1110016K
  class space    used 6748K, capacity 9334K, committed 9344K, reserved 1048576K
}
Event: 14.774 GC heap before
{Heap before GC invocations=24 (full 3):
 PSYoungGen      total 747520K, used 736148K [0x000000076b100000, 0x00000007a7d80000, 0x00000007c0000000)
  eden space 578560K, 100% used [0x000000076b100000,0x000000078e600000,0x000000078e600000)
  from space 168960K, 93% used [0x000000079a280000,0x00000007a3c65010,0x00000007a4780000)
  to   space 193024K, 0% used [0x000000078e600000,0x000000078e600000,0x000000079a280000)
 ParOldGen       total 317440K, used 82309K [0x00000006c1200000, 0x00000006d4800000, 0x000000076b100000)
  object space 317440K, 25% used [0x00000006c1200000,0x00000006c6261588,0x00000006d4800000)
 Metaspace       used 58352K, capacity 68901K, committed 68992K, reserved 1110016K
  class space    used 6751K, capacity 9336K, committed 9344K, reserved 1048576K
Event: 14.824 GC heap after
Heap after GC invocations=24 (full 3):
 PSYoungGen      total 771584K, used 180436K [0x000000076b100000, 0x00000007afa00000, 0x00000007c0000000)
  eden space 578560K, 0% used [0x000000076b100000,0x000000076b100000,0x000000078e600000)
  from space 193024K, 93% used [0x000000078e600000,0x0000000799635010,0x000000079a280000)
  to   space 221184K, 0% used [0x00000007a2200000,0x00000007a2200000,0x00000007afa00000)
 ParOldGen       total 317440K, used 82325K [0x00000006c1200000, 0x00000006d4800000, 0x000000076b100000)
  object space 317440K, 25% used [0x00000006c1200000,0x00000006c6265588,0x00000006d4800000)
 Metaspace       used 58352K, capacity 68901K, committed 68992K, reserved 1110016K
  class space    used 6751K, capacity 9336K, committed 9344K, reserved 1048576K
}
Event: 15.518 GC heap before
{Heap before GC invocations=25 (full 3):
 PSYoungGen      total 771584K, used 758996K [0x000000076b100000, 0x00000007afa00000, 0x00000007c0000000)
  eden space 578560K, 100% used [0x000000076b100000,0x000000078e600000,0x000000078e600000)
  from space 193024K, 93% used [0x000000078e600000,0x0000000799635010,0x000000079a280000)
  to   space 221184K, 0% used [0x00000007a2200000,0x00000007a2200000,0x00000007afa00000)
 ParOldGen       total 317440K, used 82325K [0x00000006c1200000, 0x00000006d4800000, 0x000000076b100000)
  object space 317440K, 25% used [0x00000006c1200000,0x00000006c6265588,0x00000006d4800000)
 Metaspace       used 58482K, capacity 69069K, committed 69248K, reserved 1110016K
  class space    used 6753K, capacity 9338K, committed 9344K, reserved 1048576K
Event: 15.583 GC heap after
Heap after GC invocations=25 (full 3):
 PSYoungGen      total 872448K, used 200864K [0x000000076b100000, 0x00000007b3c00000, 0x00000007c0000000)
  eden space 651264K, 0% used [0x000000076b100000,0x000000076b100000,0x0000000792d00000)
  from space 221184K, 90% used [0x00000007a2200000,0x00000007ae628000,0x00000007afa00000)
  to   space 250880K, 0% used [0x0000000792d00000,0x0000000792d00000,0x00000007a2200000)
 ParOldGen       total 317440K, used 82341K [0x00000006c1200000, 0x00000006d4800000, 0x000000076b100000)
  object space 317440K, 25% used [0x00000006c1200000,0x00000006c6269588,0x00000006d4800000)
 Metaspace       used 58482K, capacity 69069K, committed 69248K, reserved 1110016K
  class space    used 6753K, capacity 9338K, committed 9344K, reserved 1048576K
}
Event: 16.309 GC heap before
{Heap before GC invocations=26 (full 3):
 PSYoungGen      total 872448K, used 852128K [0x000000076b100000, 0x00000007b3c00000, 0x00000007c0000000)
  eden space 651264K, 100% used [0x000000076b100000,0x0000000792d00000,0x0000000792d00000)
  from space 221184K, 90% used [0x00000007a2200000,0x00000007ae628000,0x00000007afa00000)
  to   space 250880K, 0% used [0x0000000792d00000,0x0000000792d00000,0x00000007a2200000)
 ParOldGen       total 317440K, used 82341K [0x00000006c1200000, 0x00000006d4800000, 0x000000076b100000)
  object space 317440K, 25% used [0x00000006c1200000,0x00000006c6269588,0x00000006d4800000)
 Metaspace       used 58573K, capacity 69161K, committed 69248K, reserved 1110016K
  class space    used 6755K, capacity 9340K, committed 9344K, reserved 1048576K
Event: 16.367 GC heap after
Heap after GC invocations=26 (full 3):
 PSYoungGen      total 902144K, used 214164K [0x000000076b100000, 0x00000007bcc00000, 0x00000007c0000000)
  eden space 651264K, 0% used [0x000000076b100000,0x000000076b100000,0x0000000792d00000)
  from space 250880K, 85% used [0x0000000792d00000,0x000000079fe25010,0x00000007a2200000)
  to   space 279552K, 0% used [0x00000007abb00000,0x00000007abb00000,0x00000007bcc00000)
 ParOldGen       total 317440K, used 94615K [0x00000006c1200000, 0x00000006d4800000, 0x000000076b100000)
  object space 317440K, 29% used [0x00000006c1200000,0x00000006c6e65f68,0x00000006d4800000)
 Metaspace       used 58573K, capacity 69161K, committed 69248K, reserved 1110016K
  class space    used 6755K, capacity 9340K, committed 9344K, reserved 1048576K
}
Event: 17.049 GC heap before
{Heap before GC invocations=27 (full 3):
 PSYoungGen      total 902144K, used 865428K [0x000000076b100000, 0x00000007bcc00000, 0x00000007c0000000)
  eden space 651264K, 100% used [0x000000076b100000,0x0000000792d00000,0x0000000792d00000)
  from space 250880K, 85% used [0x0000000792d00000,0x000000079fe25010,0x00000007a2200000)
  to   space 279552K, 0% used [0x00000007abb00000,0x00000007abb00000,0x00000007bcc00000)
 ParOldGen       total 317440K, used 94615K [0x00000006c1200000, 0x00000006d4800000, 0x000000076b100000)
  object space 317440K, 29% used [0x00000006c1200000,0x00000006c6e65f68,0x00000006d4800000)
 Metaspace       used 58736K, capacity 69355K, committed 69504K, reserved 1110016K
  class space    used 6758K, capacity 9343K, committed 9344K, reserved 1048576K
Event: 17.125 GC heap after
Heap after GC invocations=27 (full 3):
 PSYoungGen      total 1031168K, used 228224K [0x000000076b100000, 0x00000007c0000000, 0x00000007c0000000)
  eden space 751616K, 0% used [0x000000076b100000,0x000000076b100000,0x0000000798f00000)
  from space 279552K, 81% used [0x00000007abb00000,0x00000007b99e0000,0x00000007bcc00000)
  to   space 307200K, 0% used [0x0000000798f00000,0x0000000798f00000,0x00000007abb00000)
 ParOldGen       total 317440K, used 105280K [0x00000006c1200000, 0x00000006d4800000, 0x000000076b100000)
  object space 317440K, 33% used [0x00000006c1200000,0x00000006c78d0070,0x00000006d4800000)
 Metaspace       used 58736K, capacity 69355K, committed 69504K, reserved 1110016K
  class space    used 6758K, capacity 9343K, committed 9344K, reserved 1048576K
}

