# JRE version: OpenJDK Runtime Environment (8.0_242-b01) (build 1.8.0_242-release-1644-b01)
# Java VM: OpenJDK 64-Bit Server VM (25.242-b01 mixed mode windows-amd64 compressed oops)
Heap:
 PSYoungGen      total 1073664K, used 406904K [0x000000076b100000, 0x00000007c0000000, 0x00000007c0000000)
  eden space 821248K, 21% used [0x000000076b100000,0x0000000776106320,0x000000079d300000)
  from space 252416K, 89% used [0x00000007aea80000,0x00000007bc7d8020,0x00000007be100000)
  to   space 285184K, 0% used [0x000000079d300000,0x000000079d300000,0x00000007ae980000)
 ParOldGen       total 406016K, used 113667K [0x00000006c1200000, 0x00000006d9e80000, 0x000000076b100000)
  object space 406016K, 27% used [0x00000006c1200000,0x00000006c8100c38,0x00000006d9e80000)
 Metaspace       used 63534K, capacity 75460K, committed 75680K, reserved 1114112K
  class space    used 7140K, capacity 10077K, committed 10144K, reserved 1048576K
GC Heap History (10 events):
Event: 22.777 GC heap before
{Heap before GC invocations=26 (full 4):
 PSYoungGen      total 706560K, used 706560K [0x000000076b100000, 0x00000007a5b80000, 0x00000007c0000000)
  eden space 583168K, 100% used [0x000000076b100000,0x000000078ea80000,0x000000078ea80000)
  from space 123392K, 100% used [0x000000078ea80000,0x0000000796300000,0x0000000796300000)
  to   space 144384K, 0% used [0x000000079ce80000,0x000000079ce80000,0x00000007a5b80000)
 ParOldGen       total 406016K, used 113627K [0x00000006c1200000, 0x00000006d9e80000, 0x000000076b100000)
  object space 406016K, 27% used [0x00000006c1200000,0x00000006c80f6c38,0x00000006d9e80000)
 Metaspace       used 62356K, capacity 73824K, committed 74016K, reserved 1114112K
  class space    used 7083K, capacity 9920K, committed 10016K, reserved 1048576K
Event: 22.850 GC heap after
Heap after GC invocations=26 (full 4):
 PSYoungGen      total 793600K, used 142304K [0x000000076b100000, 0x00000007a9f00000, 0x00000007c0000000)
  eden space 649216K, 0% used [0x000000076b100000,0x000000076b100000,0x0000000792b00000)
  from space 144384K, 98% used [0x000000079ce80000,0x00000007a5978000,0x00000007a5b80000)
  to   space 167424K, 0% used [0x0000000792b00000,0x0000000792b00000,0x000000079ce80000)
 ParOldGen       total 406016K, used 113635K [0x00000006c1200000, 0x00000006d9e80000, 0x000000076b100000)
  object space 406016K, 27% used [0x00000006c1200000,0x00000006c80f8c38,0x00000006d9e80000)
 Metaspace       used 62356K, capacity 73824K, committed 74016K, reserved 1114112K
  class space    used 7083K, capacity 9920K, committed 10016K, reserved 1048576K
}
Event: 24.437 GC heap before
{Heap before GC invocations=27 (full 4):
 PSYoungGen      total 793600K, used 791520K [0x000000076b100000, 0x00000007a9f00000, 0x00000007c0000000)
  eden space 649216K, 100% used [0x000000076b100000,0x0000000792b00000,0x0000000792b00000)
  from space 144384K, 98% used [0x000000079ce80000,0x00000007a5978000,0x00000007a5b80000)
  to   space 167424K, 0% used [0x0000000792b00000,0x0000000792b00000,0x000000079ce80000)
 ParOldGen       total 406016K, used 113635K [0x00000006c1200000, 0x00000006d9e80000, 0x000000076b100000)
  object space 406016K, 27% used [0x00000006c1200000,0x00000006c80f8c38,0x00000006d9e80000)
 Metaspace       used 62527K, capacity 73956K, committed 74272K, reserved 1114112K
  class space    used 7088K, capacity 9924K, committed 10016K, reserved 1048576K
Event: 24.488 GC heap after
Heap after GC invocations=27 (full 4):
 PSYoungGen      total 816640K, used 163008K [0x000000076b100000, 0x00000007b1980000, 0x00000007c0000000)
  eden space 649216K, 0% used [0x000000076b100000,0x000000076b100000,0x0000000792b00000)
  from space 167424K, 97% used [0x0000000792b00000,0x000000079ca30000,0x000000079ce80000)
  to   space 193536K, 0% used [0x00000007a5c80000,0x00000007a5c80000,0x00000007b1980000)
 ParOldGen       total 406016K, used 113643K [0x00000006c1200000, 0x00000006d9e80000, 0x000000076b100000)
  object space 406016K, 27% used [0x00000006c1200000,0x00000006c80fac38,0x00000006d9e80000)
 Metaspace       used 62527K, capacity 73956K, committed 74272K, reserved 1114112K
  class space    used 7088K, capacity 9924K, committed 10016K, reserved 1048576K
}
Event: 25.613 GC heap before
{Heap before GC invocations=28 (full 4):
 PSYoungGen      total 816640K, used 812224K [0x000000076b100000, 0x00000007b1980000, 0x00000007c0000000)
  eden space 649216K, 100% used [0x000000076b100000,0x0000000792b00000,0x0000000792b00000)
  from space 167424K, 97% used [0x0000000792b00000,0x000000079ca30000,0x000000079ce80000)
  to   space 193536K, 0% used [0x00000007a5c80000,0x00000007a5c80000,0x00000007b1980000)
 ParOldGen       total 406016K, used 113643K [0x00000006c1200000, 0x00000006d9e80000, 0x000000076b100000)
  object space 406016K, 27% used [0x00000006c1200000,0x00000006c80fac38,0x00000006d9e80000)
 Metaspace       used 62652K, capacity 74160K, committed 74272K, reserved 1114112K
  class space    used 7092K, capacity 9928K, committed 10016K, reserved 1048576K
Event: 25.694 GC heap after
Heap after GC invocations=28 (full 4):
 PSYoungGen      total 934400K, used 181056K [0x000000076b100000, 0x00000007b5700000, 0x00000007c0000000)
  eden space 740864K, 0% used [0x000000076b100000,0x000000076b100000,0x0000000798480000)
  from space 193536K, 93% used [0x00000007a5c80000,0x00000007b0d50000,0x00000007b1980000)
  to   space 221184K, 0% used [0x0000000798480000,0x0000000798480000,0x00000007a5c80000)
 ParOldGen       total 406016K, used 113651K [0x00000006c1200000, 0x00000006d9e80000, 0x000000076b100000)
  object space 406016K, 27% used [0x00000006c1200000,0x00000006c80fcc38,0x00000006d9e80000)
 Metaspace       used 62652K, capacity 74160K, committed 74272K, reserved 1114112K
  class space    used 7092K, capacity 9928K, committed 10016K, reserved 1048576K
}
Event: 26.680 GC heap before
{Heap before GC invocations=29 (full 4):
 PSYoungGen      total 934400K, used 921920K [0x000000076b100000, 0x00000007b5700000, 0x00000007c0000000)
  eden space 740864K, 100% used [0x000000076b100000,0x0000000798480000,0x0000000798480000)
  from space 193536K, 93% used [0x00000007a5c80000,0x00000007b0d50000,0x00000007b1980000)
  to   space 221184K, 0% used [0x0000000798480000,0x0000000798480000,0x00000007a5c80000)
 ParOldGen       total 406016K, used 113651K [0x00000006c1200000, 0x00000006d9e80000, 0x000000076b100000)
  object space 406016K, 27% used [0x00000006c1200000,0x00000006c80fcc38,0x00000006d9e80000)
 Metaspace       used 62737K, capacity 74260K, committed 74528K, reserved 1114112K
  class space    used 7097K, capacity 9932K, committed 10016K, reserved 1048576K
Event: 26.754 GC heap after
Heap after GC invocations=29 (full 4):
 PSYoungGen      total 962048K, used 206080K [0x000000076b100000, 0x00000007be100000, 0x00000007c0000000)
  eden space 740864K, 0% used [0x000000076b100000,0x000000076b100000,0x0000000798480000)
  from space 221184K, 93% used [0x0000000798480000,0x00000007a4dc0000,0x00000007a5c80000)
  to   space 252416K, 0% used [0x00000007aea80000,0x00000007aea80000,0x00000007be100000)
 ParOldGen       total 406016K, used 113659K [0x00000006c1200000, 0x00000006d9e80000, 0x000000076b100000)
  object space 406016K, 27% used [0x00000006c1200000,0x00000006c80fec38,0x00000006d9e80000)
 Metaspace       used 62737K, capacity 74260K, committed 74528K, reserved 1114112K
  class space    used 7097K, capacity 9932K, committed 10016K, reserved 1048576K
}
Event: 27.809 GC heap before
{Heap before GC invocations=30 (full 4):
 PSYoungGen      total 962048K, used 946944K [0x000000076b100000, 0x00000007be100000, 0x00000007c0000000)
  eden space 740864K, 100% used [0x000000076b100000,0x0000000798480000,0x0000000798480000)
  from space 221184K, 93% used [0x0000000798480000,0x00000007a4dc0000,0x00000007a5c80000)
  to   space 252416K, 0% used [0x00000007aea80000,0x00000007aea80000,0x00000007be100000)
 ParOldGen       total 406016K, used 113659K [0x00000006c1200000, 0x00000006d9e80000, 0x000000076b100000)
  object space 406016K, 27% used [0x00000006c1200000,0x00000006c80fec38,0x00000006d9e80000)
 Metaspace       used 63475K, capacity 75378K, committed 75680K, reserved 1114112K
  class space    used 7135K, capacity 10074K, committed 10144K, reserved 1048576K
Event: 27.920 GC heap after
Heap after GC invocations=30 (full 4):
 PSYoungGen      total 1073664K, used 226656K [0x000000076b100000, 0x00000007c0000000, 0x00000007c0000000)
  eden space 821248K, 0% used [0x000000076b100000,0x000000076b100000,0x000000079d300000)
  from space 252416K, 89% used [0x00000007aea80000,0x00000007bc7d8020,0x00000007be100000)
  to   space 285184K, 0% used [0x000000079d300000,0x000000079d300000,0x00000007ae980000)
 ParOldGen       total 406016K, used 113667K [0x00000006c1200000, 0x00000006d9e80000, 0x000000076b100000)
  object space 406016K, 27% used [0x00000006c1200000,0x00000006c8100c38,0x00000006d9e80000)
 Metaspace       used 63475K, capacity 75378K, committed 75680K, reserved 1114112K
  class space    used 7135K, capacity 10074K, committed 10144K, reserved 1048576K
}

